\BOOKMARK [1][-]{section.1}{\376\377\000L\000i\000m\000p\000i\000e\000z\000a\000\040\000d\000e\000\040\000c\000\341\000m\000a\000r\000a\000s\000\040\000d\000e\000\040\000r\000e\000f\000r\000i\000g\000e\000r\000a\000c\000i\000\363\000n}{}% 1
\BOOKMARK [2][-]{subsection.1.1}{\376\377\000O\000b\000j\000e\000t\000i\000v\000o}{section.1}% 2
\BOOKMARK [2][-]{subsection.1.2}{\376\377\000A\000l\000c\000a\000n\000c\000e}{section.1}% 3
\BOOKMARK [2][-]{subsection.1.3}{\376\377\000T\000e\000r\000m\000i\000n\000o\000l\000o\000g\000\355\000a\000\040\000y\000\040\000d\000e\000f\000i\000n\000i\000c\000i\000o\000n\000e\000s}{section.1}% 4
\BOOKMARK [2][-]{subsection.1.4}{\376\377\000P\000r\000o\000c\000e\000d\000i\000m\000i\000e\000n\000t\000o}{section.1}% 5
\BOOKMARK [3][-]{subsubsection.1.4.1}{\376\377\000M\000a\000t\000e\000r\000i\000a\000l\000e\000s}{subsection.1.4}% 6
\BOOKMARK [3][-]{subsubsection.1.4.2}{\376\377\000I\000n\000s\000t\000r\000u\000c\000c\000i\000o\000n\000e\000s}{subsection.1.4}% 7
\BOOKMARK [4][-]{paragraph.1.4.2.1}{\376\377\000L\000i\000m\000p\000i\000e\000z\000a\000\040\000p\000r\000e\000o\000p\000e\000r\000a\000t\000i\000v\000a}{subsubsection.1.4.2}% 8
\BOOKMARK [4][-]{paragraph.1.4.2.2}{\376\377\000L\000i\000m\000p\000i\000e\000z\000a\000\040\000o\000p\000e\000r\000a\000t\000i\000v\000a}{subsubsection.1.4.2}% 9
\BOOKMARK [2][-]{subsection.1.5}{\376\377\000R\000e\000s\000p\000o\000n\000s\000a\000b\000l\000e\000s\000\040\000d\000e\000\040\000l\000a\000\040\000a\000c\000t\000i\000v\000i\000d\000a\000d}{section.1}% 10
\BOOKMARK [2][-]{subsection.1.6}{\376\377\000A\000c\000c\000i\000o\000n\000e\000s\000\040\000p\000r\000e\000v\000e\000n\000t\000i\000v\000a\000s}{section.1}% 11
\BOOKMARK [2][-]{subsection.1.7}{\376\377\000A\000c\000c\000i\000o\000n\000e\000s\000\040\000c\000o\000r\000r\000e\000c\000t\000i\000v\000a\000s}{section.1}% 12
\BOOKMARK [2][-]{subsection.1.8}{\376\377\000F\000r\000e\000c\000u\000e\000n\000c\000i\000a}{section.1}% 13
\BOOKMARK [1][-]{section.2}{\376\377\000L\000i\000m\000p\000i\000e\000z\000a\000\040\000d\000e\000\040\000c\000\341\000m\000a\000r\000a\000\040\000d\000e\000\040\000s\000e\000c\000o\000s}{}% 14
\BOOKMARK [2][-]{subsection.2.1}{\376\377\000O\000b\000j\000e\000t\000i\000v\000o}{section.2}% 15
\BOOKMARK [2][-]{subsection.2.2}{\376\377\000A\000l\000c\000a\000n\000c\000e}{section.2}% 16
\BOOKMARK [2][-]{subsection.2.3}{\376\377\000T\000e\000r\000m\000i\000n\000o\000l\000o\000g\000\355\000a\000\040\000y\000\040\000d\000e\000f\000i\000n\000i\000c\000i\000o\000n\000e\000s}{section.2}% 17
\BOOKMARK [2][-]{subsection.2.4}{\376\377\000P\000r\000o\000c\000e\000d\000i\000m\000i\000e\000n\000t\000o}{section.2}% 18
\BOOKMARK [3][-]{subsubsection.2.4.1}{\376\377\000M\000a\000t\000e\000r\000i\000a\000l\000e\000s}{subsection.2.4}% 19
\BOOKMARK [3][-]{subsubsection.2.4.2}{\376\377\000I\000n\000s\000t\000r\000u\000c\000c\000i\000o\000n\000e\000s}{subsection.2.4}% 20
\BOOKMARK [4][-]{paragraph.2.4.2.1}{\376\377\000L\000i\000m\000p\000i\000e\000z\000a}{subsubsection.2.4.2}% 21
\BOOKMARK [2][-]{subsection.2.5}{\376\377\000R\000e\000s\000p\000o\000n\000s\000a\000b\000l\000e\000s\000\040\000d\000e\000\040\000l\000a\000\040\000a\000c\000t\000i\000v\000i\000d\000a\000d}{section.2}% 22
\BOOKMARK [2][-]{subsection.2.6}{\376\377\000A\000c\000c\000i\000o\000n\000e\000s\000\040\000p\000r\000e\000v\000e\000n\000t\000i\000v\000a\000s}{section.2}% 23
\BOOKMARK [2][-]{subsection.2.7}{\376\377\000F\000r\000e\000c\000u\000e\000n\000c\000i\000a}{section.2}% 24
\BOOKMARK [1][-]{section.3}{\376\377\000L\000i\000m\000p\000i\000e\000z\000a\000\040\000d\000e\000\040\000a\000n\000d\000\351\000n\000\040\000y\000\040\000c\000\341\000m\000a\000r\000a\000s\000\040\000d\000e\000s\000o\000c\000u\000p\000a\000d\000a\000s}{}% 25
\BOOKMARK [2][-]{subsection.3.1}{\376\377\000O\000b\000j\000e\000t\000i\000v\000o}{section.3}% 26
\BOOKMARK [2][-]{subsection.3.2}{\376\377\000A\000l\000c\000a\000n\000c\000e}{section.3}% 27
\BOOKMARK [2][-]{subsection.3.3}{\376\377\000T\000e\000r\000m\000i\000n\000o\000l\000o\000g\000\355\000a\000\040\000y\000\040\000d\000e\000f\000i\000n\000i\000c\000i\000o\000n\000e\000s}{section.3}% 28
\BOOKMARK [2][-]{subsection.3.4}{\376\377\000P\000r\000o\000c\000e\000d\000i\000m\000i\000e\000n\000t\000o}{section.3}% 29
\BOOKMARK [3][-]{subsubsection.3.4.1}{\376\377\000M\000a\000t\000e\000r\000i\000a\000l\000e\000s}{subsection.3.4}% 30
\BOOKMARK [3][-]{subsubsection.3.4.2}{\376\377\000I\000n\000s\000t\000r\000u\000c\000c\000i\000o\000n\000e\000s}{subsection.3.4}% 31
\BOOKMARK [4][-]{paragraph.3.4.2.1}{\376\377\000P\000r\000e\000o\000p\000e\000r\000a\000t\000i\000v\000o}{subsubsection.3.4.2}% 32
\BOOKMARK [2][-]{subsection.3.5}{\376\377\000R\000e\000s\000p\000o\000n\000s\000a\000b\000l\000e\000s\000\040\000d\000e\000\040\000l\000a\000\040\000a\000c\000t\000i\000v\000i\000d\000a\000d}{section.3}% 33
\BOOKMARK [2][-]{subsection.3.6}{\376\377\000A\000c\000c\000i\000o\000n\000e\000s\000\040\000p\000r\000e\000v\000e\000n\000t\000i\000v\000a\000s}{section.3}% 34
\BOOKMARK [2][-]{subsection.3.7}{\376\377\000A\000c\000c\000i\000o\000n\000e\000s\000\040\000c\000o\000r\000r\000e\000c\000t\000i\000v\000a\000s}{section.3}% 35
\BOOKMARK [2][-]{subsection.3.8}{\376\377\000F\000r\000e\000c\000u\000e\000n\000c\000i\000a}{section.3}% 36
\BOOKMARK [1][-]{section.4}{\376\377\000L\000i\000m\000p\000i\000e\000z\000a\000\040\000d\000e\000\040\000r\000a\000m\000p\000a\000s\000\040\000m\000e\000c\000\341\000n\000i\000c\000a\000s}{}% 37
\BOOKMARK [2][-]{subsection.4.1}{\376\377\000O\000b\000j\000e\000t\000i\000v\000o}{section.4}% 38
\BOOKMARK [2][-]{subsection.4.2}{\376\377\000A\000l\000c\000a\000n\000c\000e}{section.4}% 39
\BOOKMARK [2][-]{subsection.4.3}{\376\377\000T\000e\000r\000m\000i\000n\000o\000l\000o\000g\000\355\000a\000\040\000y\000\040\000d\000e\000f\000i\000n\000i\000c\000i\000o\000n\000e\000s}{section.4}% 40
\BOOKMARK [2][-]{subsection.4.4}{\376\377\000P\000r\000o\000c\000e\000d\000i\000m\000i\000e\000n\000t\000o}{section.4}% 41
\BOOKMARK [3][-]{subsubsection.4.4.1}{\376\377\000M\000a\000t\000e\000r\000i\000a\000l\000e\000s}{subsection.4.4}% 42
\BOOKMARK [3][-]{subsubsection.4.4.2}{\376\377\000I\000n\000s\000t\000r\000u\000c\000c\000i\000o\000n\000e\000s}{subsection.4.4}% 43
\BOOKMARK [4][-]{paragraph.4.4.2.1}{\376\377\000P\000r\000e\000o\000p\000e\000r\000a\000t\000i\000v\000o}{subsubsection.4.4.2}% 44
\BOOKMARK [4][-]{paragraph.4.4.2.2}{\376\377\000O\000p\000e\000r\000a\000t\000i\000v\000o}{subsubsection.4.4.2}% 45
\BOOKMARK [2][-]{subsection.4.5}{\376\377\000R\000e\000s\000p\000o\000n\000s\000a\000b\000l\000e\000s\000\040\000d\000e\000\040\000l\000a\000\040\000a\000c\000t\000i\000v\000i\000d\000a\000d}{section.4}% 46
\BOOKMARK [2][-]{subsection.4.6}{\376\377\000A\000c\000c\000i\000o\000n\000e\000s\000\040\000p\000r\000e\000v\000e\000n\000t\000i\000v\000a\000s}{section.4}% 47
\BOOKMARK [2][-]{subsection.4.7}{\376\377\000A\000c\000c\000i\000o\000n\000e\000s\000\040\000c\000o\000r\000r\000e\000c\000t\000i\000v\000a\000s}{section.4}% 48
\BOOKMARK [2][-]{subsection.4.8}{\376\377\000F\000r\000e\000c\000u\000e\000n\000c\000i\000a}{section.4}% 49
\BOOKMARK [1][-]{section.5}{\376\377\000L\000i\000m\000p\000i\000e\000z\000a\000\040\000d\000e\000\040\000m\000o\000n\000t\000a\000c\000a\000r\000g\000a\000s\000\040\000y\000\040\000p\000a\000t\000i\000n\000e\000s}{}% 50
\BOOKMARK [2][-]{subsection.5.1}{\376\377\000O\000b\000j\000e\000t\000i\000v\000o}{section.5}% 51
\BOOKMARK [2][-]{subsection.5.2}{\376\377\000A\000l\000c\000a\000n\000c\000e}{section.5}% 52
\BOOKMARK [2][-]{subsection.5.3}{\376\377\000T\000e\000r\000m\000i\000n\000o\000l\000o\000g\000\355\000a\000\040\000y\000\040\000d\000e\000f\000i\000n\000i\000c\000i\000o\000n\000e\000s}{section.5}% 53
\BOOKMARK [2][-]{subsection.5.4}{\376\377\000P\000r\000o\000c\000e\000d\000i\000m\000i\000e\000n\000t\000o}{section.5}% 54
\BOOKMARK [3][-]{subsubsection.5.4.1}{\376\377\000M\000a\000t\000e\000r\000i\000a\000l\000e\000s}{subsection.5.4}% 55
\BOOKMARK [3][-]{subsubsection.5.4.2}{\376\377\000I\000n\000s\000t\000r\000u\000c\000c\000i\000o\000n\000e\000s}{subsection.5.4}% 56
\BOOKMARK [4][-]{paragraph.5.4.2.1}{\376\377\000L\000i\000m\000p\000i\000e\000z\000a\000\040\000d\000e\000\040\000m\000o\000n\000t\000a\000c\000a\000r\000g\000a\000s\000\040\000y\000\040\000p\000a\000t\000i\000n\000e\000s\000\040\000d\000i\000a\000r\000i\000o}{subsubsection.5.4.2}% 57
\BOOKMARK [2][-]{subsection.5.5}{\376\377\000R\000e\000s\000p\000o\000n\000s\000a\000b\000l\000e\000s\000\040\000d\000e\000\040\000l\000a\000\040\000a\000c\000t\000i\000v\000i\000d\000a\000d}{section.5}% 58
\BOOKMARK [2][-]{subsection.5.6}{\376\377\000A\000c\000c\000i\000o\000n\000e\000s\000\040\000p\000r\000e\000v\000e\000n\000t\000i\000v\000a\000s}{section.5}% 59
\BOOKMARK [2][-]{subsection.5.7}{\376\377\000A\000c\000c\000i\000o\000n\000e\000s\000\040\000c\000o\000r\000r\000e\000c\000t\000i\000v\000a\000s}{section.5}% 60
\BOOKMARK [2][-]{subsection.5.8}{\376\377\000F\000r\000e\000c\000u\000e\000n\000c\000i\000a}{section.5}% 61
\BOOKMARK [1][-]{section.6}{\376\377\000L\000i\000m\000p\000i\000e\000z\000a\000\040\000d\000e\000\040\000a\000r\000t\000\355\000c\000u\000l\000o\000s\000\040\000d\000e\000\040\000a\000n\000d\000\351\000n}{}% 62
\BOOKMARK [2][-]{subsection.6.1}{\376\377\000O\000b\000j\000e\000t\000i\000v\000o}{section.6}% 63
\BOOKMARK [2][-]{subsection.6.2}{\376\377\000A\000l\000c\000a\000n\000c\000e}{section.6}% 64
\BOOKMARK [2][-]{subsection.6.3}{\376\377\000T\000e\000r\000m\000i\000n\000o\000l\000o\000g\000\355\000a\000\040\000y\000\040\000d\000e\000f\000i\000n\000i\000c\000i\000o\000n\000e\000s}{section.6}% 65
\BOOKMARK [2][-]{subsection.6.4}{\376\377\000P\000r\000o\000c\000e\000d\000i\000m\000i\000e\000n\000t\000o}{section.6}% 66
\BOOKMARK [3][-]{subsubsection.6.4.1}{\376\377\000M\000a\000t\000e\000r\000i\000a\000l\000e\000s}{subsection.6.4}% 67
\BOOKMARK [3][-]{subsubsection.6.4.2}{\376\377\000I\000n\000s\000t\000r\000u\000c\000c\000i\000o\000n\000e\000s}{subsection.6.4}% 68
\BOOKMARK [4][-]{paragraph.6.4.2.1}{\376\377\000M\000e\000s\000a\000\040\000d\000e\000\040\000t\000r\000a\000b\000a\000j\000o}{subsubsection.6.4.2}% 69
\BOOKMARK [2][-]{subsection.6.5}{\376\377\000M\000e\000s\000a\000\040\000d\000e\000s\000p\000u\000\351\000s\000\040\000d\000e\000\040\000i\000n\000s\000p\000e\000c\000c\000i\000\363\000n}{section.6}% 70
\BOOKMARK [2][-]{subsection.6.6}{\376\377\000R\000e\000s\000p\000o\000n\000s\000a\000b\000l\000e\000s\000\040\000d\000e\000\040\000l\000a\000\040\000a\000c\000t\000i\000v\000i\000d\000a\000d}{section.6}% 71
\BOOKMARK [2][-]{subsection.6.7}{\376\377\000A\000c\000c\000i\000o\000n\000e\000s\000\040\000p\000r\000e\000v\000e\000n\000t\000i\000v\000a\000s}{section.6}% 72
\BOOKMARK [2][-]{subsection.6.8}{\376\377\000A\000c\000c\000i\000o\000n\000e\000s\000\040\000c\000o\000r\000r\000e\000c\000t\000i\000v\000a\000s}{section.6}% 73
\BOOKMARK [2][-]{subsection.6.9}{\376\377\000F\000r\000e\000c\000u\000e\000n\000c\000i\000a}{section.6}% 74
\BOOKMARK [1][-]{section.7}{\376\377\000L\000i\000m\000p\000i\000e\000z\000a\000\040\000d\000e\000\040\000a\000d\000u\000a\000n\000a\000\040\000s\000a\000n\000i\000t\000a\000r\000i\000a}{}% 75
\BOOKMARK [2][-]{subsection.7.1}{\376\377\000O\000b\000j\000e\000t\000i\000v\000o\000s}{section.7}% 76
\BOOKMARK [2][-]{subsection.7.2}{\376\377\000A\000l\000c\000a\000n\000c\000e}{section.7}% 77
\BOOKMARK [2][-]{subsection.7.3}{\376\377\000T\000e\000r\000m\000i\000n\000o\000l\000o\000g\000\355\000a\000\040\000y\000\040\000d\000e\000f\000i\000n\000i\000c\000i\000o\000n\000e\000s}{section.7}% 78
\BOOKMARK [2][-]{subsection.7.4}{\376\377\000P\000r\000o\000c\000e\000d\000i\000m\000i\000e\000n\000t\000o}{section.7}% 79
\BOOKMARK [3][-]{subsubsection.7.4.1}{\376\377\000M\000a\000t\000e\000r\000i\000a\000l\000e\000s}{subsection.7.4}% 80
\BOOKMARK [3][-]{subsubsection.7.4.2}{\376\377\000I\000n\000s\000t\000r\000u\000c\000c\000i\000o\000n\000e\000s}{subsection.7.4}% 81
\BOOKMARK [4][-]{paragraph.7.4.2.1}{\376\377\000P\000r\000e\000o\000p\000e\000r\000a\000t\000i\000v\000o}{subsubsection.7.4.2}% 82
\BOOKMARK [4][-]{paragraph.7.4.2.2}{\376\377\000L\000i\000m\000p\000i\000e\000z\000a\000\040\000d\000e\000\040\000t\000a\000p\000e\000t\000e\000\040\000s\000a\000n\000i\000t\000a\000r\000i\000o\000,\000\040\000t\000a\000r\000j\000a\000\040\000y\000\040\000p\000i\000s\000o\000s}{subsubsection.7.4.2}% 83
\BOOKMARK [2][-]{subsection.7.5}{\376\377\000R\000e\000s\000p\000o\000n\000s\000a\000b\000l\000e\000s\000\040\000d\000e\000\040\000l\000a\000\040\000a\000c\000t\000i\000v\000i\000d\000a\000d}{section.7}% 84
\BOOKMARK [2][-]{subsection.7.6}{\376\377\000A\000c\000c\000i\000o\000n\000e\000s\000\040\000p\000r\000e\000v\000e\000n\000t\000i\000v\000a\000s}{section.7}% 85
\BOOKMARK [2][-]{subsection.7.7}{\376\377\000A\000c\000c\000i\000o\000n\000e\000s\000\040\000c\000o\000r\000r\000e\000c\000t\000i\000v\000a\000s}{section.7}% 86
\BOOKMARK [2][-]{subsection.7.8}{\376\377\000F\000r\000e\000c\000u\000e\000n\000c\000i\000a}{section.7}% 87
\BOOKMARK [1][-]{section.8}{\376\377\000P\000r\000e\000p\000a\000r\000a\000c\000i\000\363\000n\000\040\000y\000\040\000a\000p\000l\000i\000c\000a\000c\000i\000\363\000n\000\040\000d\000e\000\040\000s\000o\000l\000u\000c\000i\000\363\000n\000\040\000d\000e\000s\000i\000n\000f\000e\000c\000t\000a\000n\000t\000e\000\040\000p\000a\000r\000a\000\040\000u\000n\000i\000d\000a\000d\000e\000s\000\040\000d\000e\000\040\000t\000r\000a\000n\000s\000p\000o\000r\000t\000e}{}% 88
\BOOKMARK [2][-]{subsection.8.1}{\376\377\000O\000b\000j\000e\000t\000i\000v\000o}{section.8}% 89
\BOOKMARK [2][-]{subsection.8.2}{\376\377\000A\000l\000c\000a\000n\000c\000e}{section.8}% 90
\BOOKMARK [2][-]{subsection.8.3}{\376\377\000T\000e\000r\000m\000i\000n\000o\000l\000o\000g\000\355\000a\000\040\000y\000\040\000d\000e\000f\000i\000n\000i\000c\000i\000o\000n\000e\000s}{section.8}% 91
\BOOKMARK [2][-]{subsection.8.4}{\376\377\000P\000r\000o\000c\000e\000d\000i\000m\000i\000e\000n\000t\000o}{section.8}% 92
\BOOKMARK [3][-]{subsubsection.8.4.1}{\376\377\000M\000a\000t\000e\000r\000i\000a\000l\000e\000s}{subsection.8.4}% 93
\BOOKMARK [3][-]{subsubsection.8.4.2}{\376\377\000I\000n\000s\000t\000r\000u\000c\000c\000i\000o\000n\000e\000s}{subsection.8.4}% 94
\BOOKMARK [4][-]{paragraph.8.4.2.1}{\376\377\000D\000e\000s\000i\000n\000f\000e\000c\000c\000i\000\363\000n}{subsubsection.8.4.2}% 95
\BOOKMARK [2][-]{subsection.8.5}{\376\377\000R\000e\000s\000p\000o\000n\000s\000a\000b\000l\000e\000s\000\040\000d\000e\000\040\000l\000a\000\040\000a\000c\000t\000i\000v\000i\000d\000a\000d}{section.8}% 96
\BOOKMARK [2][-]{subsection.8.6}{\376\377\000A\000c\000c\000i\000o\000n\000e\000s\000\040\000c\000o\000r\000r\000e\000c\000t\000i\000v\000a\000s}{section.8}% 97
\BOOKMARK [2][-]{subsection.8.7}{\376\377\000F\000r\000e\000c\000u\000e\000n\000c\000i\000a}{section.8}% 98
\BOOKMARK [1][-]{section.9}{\376\377\000P\000r\000e\000p\000a\000r\000a\000c\000i\000\363\000n\000\040\000d\000e\000\040\000s\000o\000l\000u\000c\000i\000\363\000n\000\040\000d\000e\000s\000i\000n\000f\000e\000c\000t\000a\000n\000t\000e}{}% 99
\BOOKMARK [2][-]{subsection.9.1}{\376\377\000O\000b\000j\000e\000t\000i\000v\000o}{section.9}% 100
\BOOKMARK [2][-]{subsection.9.2}{\376\377\000A\000l\000c\000a\000n\000c\000e}{section.9}% 101
\BOOKMARK [2][-]{subsection.9.3}{\376\377\000T\000e\000r\000m\000i\000n\000o\000l\000o\000g\000\355\000a\000\040\000y\000\040\000d\000e\000f\000i\000n\000i\000c\000i\000o\000n\000e\000s}{section.9}% 102
\BOOKMARK [2][-]{subsection.9.4}{\376\377\000P\000r\000o\000c\000e\000d\000i\000m\000i\000e\000n\000t\000o}{section.9}% 103
\BOOKMARK [3][-]{subsubsection.9.4.1}{\376\377\000M\000a\000t\000e\000r\000i\000a\000l\000e\000s}{subsection.9.4}% 104
\BOOKMARK [3][-]{subsubsection.9.4.2}{\376\377\000I\000n\000s\000t\000r\000u\000c\000c\000i\000o\000n\000e\000s}{subsection.9.4}% 105
\BOOKMARK [4][-]{paragraph.9.4.2.1}{\376\377\000L\000i\000m\000p\000i\000e\000z\000a\000\040\000y\000\040\000d\000e\000s\000i\000n\000f\000e\000c\000c\000i\000\363\000n}{subsubsection.9.4.2}% 106
\BOOKMARK [2][-]{subsection.9.5}{\376\377\000A\000c\000c\000i\000o\000n\000e\000s\000\040\000p\000r\000e\000v\000e\000n\000t\000i\000v\000a\000s}{section.9}% 107
\BOOKMARK [2][-]{subsection.9.6}{\376\377\000A\000c\000c\000i\000o\000n\000e\000s\000\040\000c\000o\000r\000r\000e\000c\000t\000i\000v\000a\000s}{section.9}% 108
\BOOKMARK [2][-]{subsection.9.7}{\376\377\000F\000r\000e\000c\000u\000e\000n\000c\000i\000a}{section.9}% 109
\BOOKMARK [1][-]{section.10}{\376\377\000L\000i\000m\000p\000i\000e\000z\000a\000\040\000d\000e\000\040\000p\000a\000t\000i\000o\000s\000\040\000d\000e\000\040\000c\000a\000r\000g\000a\000\040\000y\000\040\000c\000o\000l\000c\000h\000o\000n\000e\000t\000a\000s}{}% 110
\BOOKMARK [2][-]{subsection.10.1}{\376\377\000O\000b\000j\000e\000t\000i\000v\000o}{section.10}% 111
\BOOKMARK [2][-]{subsection.10.2}{\376\377\000A\000l\000c\000a\000n\000c\000e}{section.10}% 112
\BOOKMARK [2][-]{subsection.10.3}{\376\377\000T\000e\000r\000m\000i\000n\000o\000l\000o\000g\000\355\000a\000\040\000y\000\040\000d\000e\000f\000i\000n\000i\000c\000i\000o\000n\000e\000s}{section.10}% 113
\BOOKMARK [2][-]{subsection.10.4}{\376\377\000P\000r\000o\000c\000e\000d\000i\000m\000i\000e\000n\000t\000o}{section.10}% 114
\BOOKMARK [3][-]{subsubsection.10.4.1}{\376\377\000M\000a\000t\000e\000r\000i\000a\000l\000e\000s}{subsection.10.4}% 115
\BOOKMARK [3][-]{subsubsection.10.4.2}{\376\377\000I\000n\000s\000t\000r\000u\000c\000c\000i\000o\000n\000e\000s}{subsection.10.4}% 116
\BOOKMARK [4][-]{paragraph.10.4.2.1}{\376\377\000P\000r\000e\000o\000p\000e\000r\000a\000t\000i\000v\000o}{subsubsection.10.4.2}% 117
\BOOKMARK [4][-]{paragraph.10.4.2.2}{\376\377\000O\000p\000e\000r\000a\000t\000i\000v\000o}{subsubsection.10.4.2}% 118
\BOOKMARK [2][-]{subsection.10.5}{\376\377\000R\000e\000s\000p\000o\000n\000s\000a\000b\000l\000e\000s\000\040\000d\000e\000\040\000l\000a\000\040\000a\000c\000t\000i\000v\000i\000d\000a\000d}{section.10}% 119
\BOOKMARK [2][-]{subsection.10.6}{\376\377\000A\000c\000c\000i\000o\000n\000e\000s\000\040\000p\000r\000e\000v\000e\000n\000t\000i\000v\000a\000s}{section.10}% 120
\BOOKMARK [2][-]{subsection.10.7}{\376\377\000A\000c\000c\000i\000o\000n\000e\000s\000\040\000c\000o\000r\000r\000e\000c\000t\000i\000v\000a\000s}{section.10}% 121
\BOOKMARK [2][-]{subsection.10.8}{\376\377\000F\000r\000e\000c\000u\000e\000n\000c\000i\000a}{section.10}% 122
\BOOKMARK [1][-]{section.11}{\376\377\000L\000i\000m\000p\000i\000e\000z\000a\000\040\000d\000e\000\040\000p\000a\000t\000i\000o\000\040\000d\000e\000\040\000m\000o\000n\000t\000a\000c\000a\000r\000g\000a\000s}{}% 123
\BOOKMARK [2][-]{subsection.11.1}{\376\377\000O\000b\000j\000e\000t\000i\000v\000o}{section.11}% 124
\BOOKMARK [2][-]{subsection.11.2}{\376\377\000A\000l\000c\000a\000n\000c\000e}{section.11}% 125
\BOOKMARK [2][-]{subsection.11.3}{\376\377\000T\000e\000r\000m\000i\000n\000o\000l\000o\000g\000\355\000a\000\040\000y\000\040\000d\000e\000f\000i\000n\000i\000c\000i\000o\000n\000e\000s}{section.11}% 126
\BOOKMARK [2][-]{subsection.11.4}{\376\377\000P\000r\000o\000c\000e\000d\000i\000m\000i\000e\000n\000t\000o}{section.11}% 127
\BOOKMARK [3][-]{subsubsection.11.4.1}{\376\377\000M\000a\000t\000e\000r\000i\000a\000l\000e\000s}{subsection.11.4}% 128
\BOOKMARK [3][-]{subsubsection.11.4.2}{\376\377\000I\000n\000s\000t\000r\000u\000c\000c\000i\000o\000n\000e\000s}{subsection.11.4}% 129
\BOOKMARK [4][-]{paragraph.11.4.2.1}{\376\377\000P\000r\000e\000o\000p\000e\000r\000a\000t\000i\000v\000o}{subsubsection.11.4.2}% 130
\BOOKMARK [2][-]{subsection.11.5}{\376\377\000R\000e\000s\000p\000o\000n\000s\000a\000b\000l\000e\000s\000\040\000d\000e\000\040\000l\000a\000\040\000a\000c\000t\000i\000v\000i\000d\000a\000d}{section.11}% 131
\BOOKMARK [2][-]{subsection.11.6}{\376\377\000A\000c\000c\000i\000o\000n\000e\000s\000\040\000p\000r\000e\000v\000e\000n\000t\000i\000v\000a\000s}{section.11}% 132
\BOOKMARK [2][-]{subsection.11.7}{\376\377\000A\000c\000c\000i\000o\000n\000e\000s\000\040\000c\000o\000r\000r\000e\000c\000t\000i\000v\000a\000s}{section.11}% 133
\BOOKMARK [2][-]{subsection.11.8}{\376\377\000F\000r\000e\000c\000u\000e\000n\000c\000i\000a}{section.11}% 134
\BOOKMARK [1][-]{section.12}{\376\377\000L\000i\000m\000p\000i\000e\000z\000a\000\040\000d\000e\000\040\000a\000c\000c\000e\000s\000o\000r\000i\000o\000s\000\040\000d\000e\000\040\000l\000i\000m\000p\000i\000e\000z\000a}{}% 135
\BOOKMARK [2][-]{subsection.12.1}{\376\377\000O\000b\000j\000e\000t\000i\000v\000o}{section.12}% 136
\BOOKMARK [2][-]{subsection.12.2}{\376\377\000A\000l\000c\000a\000n\000c\000e}{section.12}% 137
\BOOKMARK [2][-]{subsection.12.3}{\376\377\000T\000e\000r\000m\000i\000n\000o\000l\000o\000g\000\355\000a\000\040\000y\000\040\000d\000e\000f\000i\000n\000i\000c\000i\000o\000n\000e\000s}{section.12}% 138
\BOOKMARK [2][-]{subsection.12.4}{\376\377\000P\000r\000o\000c\000e\000d\000i\000m\000i\000e\000n\000t\000o}{section.12}% 139
\BOOKMARK [3][-]{subsubsection.12.4.1}{\376\377\000M\000a\000t\000e\000r\000i\000a\000l\000e\000s}{subsection.12.4}% 140
\BOOKMARK [3][-]{subsubsection.12.4.2}{\376\377\000I\000n\000s\000t\000r\000u\000c\000c\000i\000o\000n\000e\000s}{subsection.12.4}% 141
\BOOKMARK [4][-]{paragraph.12.4.2.1}{\376\377\000O\000p\000e\000r\000a\000t\000i\000v\000o}{subsubsection.12.4.2}% 142
\BOOKMARK [2][-]{subsection.12.5}{\376\377\000R\000e\000s\000p\000o\000n\000s\000a\000b\000l\000e\000s\000\040\000d\000e\000\040\000l\000a\000\040\000a\000c\000t\000i\000v\000i\000d\000a\000d}{section.12}% 143
\BOOKMARK [2][-]{subsection.12.6}{\376\377\000A\000c\000c\000i\000o\000n\000e\000s\000\040\000p\000r\000e\000v\000e\000n\000t\000i\000v\000a\000s}{section.12}% 144
\BOOKMARK [2][-]{subsection.12.7}{\376\377\000A\000c\000c\000i\000o\000n\000e\000s\000\040\000c\000o\000r\000r\000e\000c\000t\000i\000v\000a\000s}{section.12}% 145
\BOOKMARK [2][-]{subsection.12.8}{\376\377\000F\000r\000e\000c\000u\000e\000n\000c\000i\000a}{section.12}% 146
\BOOKMARK [1][-]{section.13}{\376\377\000L\000i\000m\000p\000i\000e\000z\000a\000\040\000d\000e\000\040\000u\000t\000e\000n\000s\000i\000l\000i\000o\000s\000\040\000d\000e\000\040\000l\000i\000m\000p\000i\000e\000z\000a\000\040\000d\000e\000\040\000a\000l\000\351\000r\000g\000e\000n\000o\000s}{}% 147
\BOOKMARK [2][-]{subsection.13.1}{\376\377\000O\000b\000j\000e\000t\000i\000v\000o}{section.13}% 148
\BOOKMARK [2][-]{subsection.13.2}{\376\377\000A\000l\000c\000a\000n\000c\000e}{section.13}% 149
\BOOKMARK [2][-]{subsection.13.3}{\376\377\000T\000e\000r\000m\000i\000n\000o\000l\000o\000g\000\355\000a\000\040\000y\000\040\000d\000e\000f\000i\000n\000i\000c\000i\000o\000n\000e\000s}{section.13}% 150
\BOOKMARK [2][-]{subsection.13.4}{\376\377\000P\000r\000o\000c\000e\000d\000i\000m\000i\000e\000n\000t\000o}{section.13}% 151
\BOOKMARK [3][-]{subsubsection.13.4.1}{\376\377\000M\000a\000t\000e\000r\000i\000a\000l\000e\000s}{subsection.13.4}% 152
\BOOKMARK [3][-]{subsubsection.13.4.2}{\376\377\000I\000n\000s\000t\000r\000u\000c\000c\000i\000o\000n\000e\000s}{subsection.13.4}% 153
\BOOKMARK [4][-]{paragraph.13.4.2.1}{\376\377\000D\000e\000r\000r\000a\000m\000e\000\040\000d\000e\000\040\000a\000l\000\351\000r\000g\000e\000n\000o\000s\000\040\000e\000n\000\040\000e\000l\000\040\000p\000i\000s\000o\000\040\000d\000e\000\040\000a\000l\000m\000a\000c\000\351\000n\000,\000\040\000c\000\341\000m\000a\000r\000a\000s\000\040\000f\000r\000\355\000a\000s\000\040\000y\000\040\000a\000n\000d\000e\000n\000e\000s}{subsubsection.13.4.2}% 154
\BOOKMARK [2][-]{subsection.13.5}{\376\377\000R\000e\000s\000p\000o\000n\000s\000a\000b\000l\000e\000s\000\040\000d\000e\000\040\000l\000a\000\040\000a\000c\000t\000i\000v\000i\000d\000a\000d}{section.13}% 155
\BOOKMARK [2][-]{subsection.13.6}{\376\377\000A\000c\000c\000i\000o\000n\000e\000s\000\040\000p\000r\000e\000v\000e\000n\000t\000i\000v\000a\000s}{section.13}% 156
\BOOKMARK [2][-]{subsection.13.7}{\376\377\000A\000c\000c\000i\000o\000n\000e\000s\000\040\000c\000o\000r\000r\000e\000c\000t\000i\000v\000a\000s}{section.13}% 157
\BOOKMARK [2][-]{subsection.13.8}{\376\377\000F\000r\000e\000c\000u\000e\000n\000c\000i\000a}{section.13}% 158
\BOOKMARK [1][-]{section.14}{\376\377\000L\000i\000m\000p\000i\000e\000z\000a\000\040\000d\000e\000\040\000o\000f\000i\000c\000i\000n\000a\000s}{}% 159
\BOOKMARK [2][-]{subsection.14.1}{\376\377\000O\000b\000j\000e\000t\000i\000v\000o}{section.14}% 160
\BOOKMARK [2][-]{subsection.14.2}{\376\377\000A\000l\000c\000a\000n\000c\000e}{section.14}% 161
\BOOKMARK [2][-]{subsection.14.3}{\376\377\000T\000e\000r\000m\000i\000n\000o\000l\000o\000g\000\355\000a\000\040\000y\000\040\000d\000e\000f\000i\000n\000i\000c\000i\000o\000n\000e\000s}{section.14}% 162
\BOOKMARK [2][-]{subsection.14.4}{\376\377\000P\000r\000o\000c\000e\000d\000i\000m\000i\000e\000n\000t\000o}{section.14}% 163
\BOOKMARK [3][-]{subsubsection.14.4.1}{\376\377\000M\000a\000t\000e\000r\000i\000a\000l\000e\000s}{subsection.14.4}% 164
\BOOKMARK [3][-]{subsubsection.14.4.2}{\376\377\000I\000n\000s\000t\000r\000u\000c\000c\000i\000o\000n\000e\000s}{subsection.14.4}% 165
\BOOKMARK [4][-]{paragraph.14.4.2.1}{\376\377\000L\000i\000m\000p\000i\000e\000z\000a\000\040\000d\000e\000\040\000p\000i\000s\000o\000s}{subsubsection.14.4.2}% 166
\BOOKMARK [4][-]{paragraph.14.4.2.2}{\376\377\000L\000i\000m\000p\000i\000e\000z\000a\000\040\000d\000e\000\040\000e\000s\000c\000r\000i\000t\000o\000r\000i\000o\000s}{subsubsection.14.4.2}% 167
\BOOKMARK [4][-]{paragraph.14.4.2.3}{\376\377\000L\000i\000m\000p\000i\000e\000z\000a\000\040\000d\000e\000\040\000v\000e\000n\000t\000a\000n\000a\000s\000:}{subsubsection.14.4.2}% 168
\BOOKMARK [2][-]{subsection.14.5}{\376\377\000R\000e\000s\000p\000o\000n\000s\000a\000b\000l\000e\000s\000\040\000d\000e\000\040\000l\000a\000\040\000a\000c\000t\000i\000v\000i\000d\000a\000d}{section.14}% 169
\BOOKMARK [2][-]{subsection.14.6}{\376\377\000A\000c\000c\000i\000o\000n\000e\000s\000\040\000p\000r\000e\000v\000e\000n\000t\000i\000v\000a\000s}{section.14}% 170
\BOOKMARK [2][-]{subsection.14.7}{\376\377\000A\000c\000c\000i\000o\000n\000e\000s\000\040\000c\000o\000r\000r\000e\000c\000t\000i\000v\000a\000s}{section.14}% 171
\BOOKMARK [2][-]{subsection.14.8}{\376\377\000F\000r\000e\000c\000u\000e\000n\000c\000i\000a}{section.14}% 172
\BOOKMARK [1][-]{section.15}{\376\377\000L\000i\000m\000p\000i\000e\000z\000a\000\040\000d\000e\000\040\000c\000o\000n\000t\000e\000n\000e\000d\000o\000r\000e\000s\000\040\000d\000e\000\040\000b\000a\000s\000u\000r\000a}{}% 173
\BOOKMARK [2][-]{subsection.15.1}{\376\377\000O\000b\000j\000e\000t\000i\000v\000o}{section.15}% 174
\BOOKMARK [2][-]{subsection.15.2}{\376\377\000A\000l\000c\000a\000n\000c\000e}{section.15}% 175
\BOOKMARK [2][-]{subsection.15.3}{\376\377\000T\000e\000r\000m\000i\000n\000o\000l\000o\000g\000\355\000a\000\040\000y\000\040\000d\000e\000f\000i\000n\000i\000c\000i\000o\000n\000e\000s}{section.15}% 176
\BOOKMARK [2][-]{subsection.15.4}{\376\377\000P\000r\000o\000c\000e\000d\000i\000m\000i\000e\000n\000t\000o}{section.15}% 177
\BOOKMARK [3][-]{subsubsection.15.4.1}{\376\377\000M\000a\000t\000e\000r\000i\000a\000l\000e\000s}{subsection.15.4}% 178
\BOOKMARK [3][-]{subsubsection.15.4.2}{\376\377\000I\000n\000s\000t\000r\000u\000c\000c\000i\000o\000n\000e\000s}{subsection.15.4}% 179
\BOOKMARK [2][-]{subsection.15.5}{\376\377\000R\000e\000s\000p\000o\000n\000s\000a\000b\000l\000e\000s\000\040\000d\000e\000\040\000l\000a\000\040\000a\000c\000t\000i\000v\000i\000d\000a\000d}{section.15}% 180
\BOOKMARK [2][-]{subsection.15.6}{\376\377\000A\000c\000c\000i\000o\000n\000e\000s\000\040\000p\000r\000e\000v\000e\000n\000t\000i\000v\000a\000s}{section.15}% 181
\BOOKMARK [2][-]{subsection.15.7}{\376\377\000A\000c\000c\000i\000o\000n\000e\000s\000\040\000c\000o\000r\000r\000e\000c\000t\000i\000v\000a\000s}{section.15}% 182
\BOOKMARK [2][-]{subsection.15.8}{\376\377\000F\000r\000e\000c\000u\000e\000n\000c\000i\000a}{section.15}% 183
\BOOKMARK [1][-]{section.16}{\376\377\000L\000i\000m\000p\000i\000e\000z\000a\000\040\000d\000e\000\040\000b\000a\000\361\000o\000s\000\040\000d\000e\000\040\000e\000m\000p\000l\000e\000a\000d\000o\000s}{}% 184
\BOOKMARK [2][-]{subsection.16.1}{\376\377\000O\000b\000j\000e\000t\000i\000v\000o}{section.16}% 185
\BOOKMARK [2][-]{subsection.16.2}{\376\377\000A\000l\000c\000a\000n\000c\000e}{section.16}% 186
\BOOKMARK [2][-]{subsection.16.3}{\376\377\000T\000e\000r\000m\000i\000n\000o\000l\000o\000g\000\355\000a\000\040\000y\000\040\000d\000e\000f\000i\000n\000i\000c\000i\000o\000n\000e\000s}{section.16}% 187
\BOOKMARK [2][-]{subsection.16.4}{\376\377\000P\000r\000o\000c\000e\000d\000i\000m\000i\000e\000n\000t\000o}{section.16}% 188
\BOOKMARK [3][-]{subsubsection.16.4.1}{\376\377\000M\000a\000t\000e\000r\000i\000a\000l\000e\000s}{subsection.16.4}% 189
\BOOKMARK [3][-]{subsubsection.16.4.2}{\376\377\000I\000n\000s\000t\000r\000u\000c\000c\000i\000o\000n\000e\000s}{subsection.16.4}% 190
\BOOKMARK [4][-]{paragraph.16.4.2.1}{\376\377\000O\000p\000e\000r\000a\000t\000i\000v\000o}{subsubsection.16.4.2}% 191
\BOOKMARK [2][-]{subsection.16.5}{\376\377\000R\000e\000s\000p\000o\000n\000s\000a\000b\000l\000e\000s\000\040\000d\000e\000\040\000l\000a\000\040\000a\000c\000t\000i\000v\000i\000d\000a\000d}{section.16}% 192
\BOOKMARK [2][-]{subsection.16.6}{\376\377\000A\000c\000c\000i\000o\000n\000e\000s\000\040\000p\000r\000e\000v\000e\000n\000t\000i\000v\000a\000s}{section.16}% 193
\BOOKMARK [2][-]{subsection.16.7}{\376\377\000A\000c\000c\000i\000o\000n\000e\000s\000\040\000c\000o\000r\000r\000e\000c\000t\000i\000v\000a\000s}{section.16}% 194
\BOOKMARK [2][-]{subsection.16.8}{\376\377\000F\000r\000e\000c\000u\000e\000n\000c\000i\000a}{section.16}% 195
\BOOKMARK [1][-]{section.17}{\376\377\000L\000a\000v\000a\000d\000o\000\040\000d\000e\000l\000\040\000c\000o\000m\000e\000d\000o\000r}{}% 196
\BOOKMARK [2][-]{subsection.17.1}{\376\377\000O\000b\000j\000e\000t\000i\000v\000o}{section.17}% 197
\BOOKMARK [2][-]{subsection.17.2}{\376\377\000A\000l\000c\000a\000n\000c\000e}{section.17}% 198
\BOOKMARK [2][-]{subsection.17.3}{\376\377\000T\000e\000r\000m\000i\000n\000o\000l\000o\000g\000\355\000a\000\040\000y\000\040\000d\000e\000f\000i\000n\000i\000c\000i\000o\000n\000e\000s}{section.17}% 199
\BOOKMARK [2][-]{subsection.17.4}{\376\377\000P\000r\000o\000c\000e\000d\000i\000m\000i\000e\000n\000t\000o}{section.17}% 200
\BOOKMARK [3][-]{subsubsection.17.4.1}{\376\377\000M\000a\000t\000e\000r\000i\000a\000l\000e\000s}{subsection.17.4}% 201
\BOOKMARK [3][-]{subsubsection.17.4.2}{\376\377\000I\000n\000s\000t\000r\000u\000c\000c\000i\000o\000n\000e\000s}{subsection.17.4}% 202
\BOOKMARK [4][-]{paragraph.17.4.2.1}{\376\377\000O\000p\000e\000r\000a\000t\000i\000v\000o}{subsubsection.17.4.2}% 203
\BOOKMARK [2][-]{subsection.17.5}{\376\377\000R\000e\000s\000p\000o\000n\000s\000a\000b\000l\000e\000s\000\040\000d\000e\000\040\000l\000a\000\040\000a\000c\000t\000i\000v\000i\000d\000a\000d}{section.17}% 204
\BOOKMARK [2][-]{subsection.17.6}{\376\377\000A\000c\000c\000i\000o\000n\000e\000s\000\040\000p\000r\000e\000v\000e\000n\000t\000i\000v\000a\000s}{section.17}% 205
\BOOKMARK [2][-]{subsection.17.7}{\376\377\000A\000c\000c\000i\000o\000n\000e\000s\000\040\000c\000o\000r\000r\000e\000c\000t\000i\000v\000a\000s}{section.17}% 206
\BOOKMARK [2][-]{subsection.17.8}{\376\377\000F\000r\000e\000c\000u\000e\000n\000c\000i\000a}{section.17}% 207
\BOOKMARK [1][-]{section.18}{\376\377\000L\000i\000m\000p\000i\000e\000z\000a\000\040\000d\000e\000\040\000u\000n\000i\000f\000o\000r\000m\000e\000s}{}% 208
\BOOKMARK [2][-]{subsection.18.1}{\376\377\000O\000b\000j\000e\000t\000i\000v\000o}{section.18}% 209
\BOOKMARK [2][-]{subsection.18.2}{\376\377\000A\000l\000c\000a\000n\000c\000e}{section.18}% 210
\BOOKMARK [2][-]{subsection.18.3}{\376\377\000T\000e\000r\000m\000i\000n\000o\000l\000o\000g\000\355\000a\000\040\000y\000\040\000d\000e\000f\000i\000n\000i\000c\000i\000o\000n\000e\000s}{section.18}% 211
\BOOKMARK [2][-]{subsection.18.4}{\376\377\000P\000r\000o\000c\000e\000d\000i\000m\000i\000e\000n\000t\000o}{section.18}% 212
\BOOKMARK [3][-]{subsubsection.18.4.1}{\376\377\000M\000a\000t\000e\000r\000i\000a\000l\000e\000s}{subsection.18.4}% 213
\BOOKMARK [3][-]{subsubsection.18.4.2}{\376\377\000I\000n\000s\000t\000r\000u\000c\000c\000i\000o\000n\000e\000s}{subsection.18.4}% 214
\BOOKMARK [4][-]{paragraph.18.4.2.1}{\376\377\000L\000i\000m\000p\000i\000e\000z\000a\000\040\000d\000e\000\040\000u\000n\000i\000f\000o\000r\000m\000e\000s}{subsubsection.18.4.2}% 215
\BOOKMARK [2][-]{subsection.18.5}{\376\377\000R\000e\000s\000p\000o\000n\000s\000a\000b\000l\000e\000s\000\040\000d\000e\000\040\000l\000a\000\040\000a\000c\000t\000i\000v\000i\000d\000a\000d}{section.18}% 216
\BOOKMARK [2][-]{subsection.18.6}{\376\377\000A\000c\000c\000i\000o\000n\000e\000s\000\040\000p\000r\000e\000v\000e\000n\000t\000i\000v\000a\000s}{section.18}% 217
\BOOKMARK [2][-]{subsection.18.7}{\376\377\000A\000c\000c\000i\000o\000n\000e\000s\000\040\000c\000o\000r\000r\000e\000c\000t\000i\000v\000a\000s}{section.18}% 218
\BOOKMARK [2][-]{subsection.18.8}{\376\377\000F\000r\000e\000c\000u\000e\000n\000c\000i\000a}{section.18}% 219
\BOOKMARK [1][-]{section.19}{\376\377\000V\000e\000r\000i\000f\000i\000c\000a\000c\000i\000\363\000n\000\040\000d\000e\000\040\000l\000a\000\040\000e\000f\000i\000c\000a\000c\000i\000a\000\040\000d\000e\000\040\000P\000O\000E\000S}{}% 220
\BOOKMARK [2][-]{subsection.19.1}{\376\377\000O\000b\000j\000e\000t\000i\000v\000o}{section.19}% 221
\BOOKMARK [2][-]{subsection.19.2}{\376\377\000A\000l\000c\000a\000n\000c\000e}{section.19}% 222
\BOOKMARK [2][-]{subsection.19.3}{\376\377\000T\000e\000r\000m\000i\000n\000o\000l\000o\000g\000\355\000a\000\040\000y\000\040\000d\000e\000f\000i\000n\000i\000c\000i\000o\000n\000e\000s}{section.19}% 223
\BOOKMARK [2][-]{subsection.19.4}{\376\377\000P\000r\000o\000c\000e\000d\000i\000m\000i\000e\000n\000t\000o}{section.19}% 224
\BOOKMARK [3][-]{subsubsection.19.4.1}{\376\377\000M\000a\000t\000e\000r\000i\000a\000l\000e\000s}{subsection.19.4}% 225
\BOOKMARK [3][-]{subsubsection.19.4.2}{\376\377\000I\000n\000s\000t\000r\000u\000c\000c\000i\000o\000n\000e\000s}{subsection.19.4}% 226
\BOOKMARK [4][-]{paragraph.19.4.2.1}{\376\377\000R\000e\000v\000i\000s\000i\000\363\000n\000\040\000v\000i\000s\000u\000a\000l\000\040\000d\000e\000\040\000l\000o\000s\000\040\000e\000q\000u\000i\000p\000o\000s\000\040\000y\000\040\000\341\000r\000e\000a\000s\000\040\000p\000o\000s\000t\000e\000r\000i\000o\000r\000\040\000a\000\040\000l\000a\000\040\000r\000e\000a\000l\000i\000z\000a\000c\000i\000\363\000n\000\040\000d\000e\000\040\000l\000o\000s\000\040\000p\000r\000o\000c\000e\000d\000i\000m\000i\000e\000n\000t\000o\000s\000\040\000d\000e\000\040\000o\000p\000e\000r\000a\000c\000i\000\363\000n\000\040\000e\000s\000t\000\341\000n\000d\000a\000r\000\040\000d\000e\000\040\000s\000a\000n\000i\000t\000i\000z\000a\000c\000i\000\363\000n}{subsubsection.19.4.2}% 227
\BOOKMARK [2][-]{subsection.19.5}{\376\377\000R\000e\000s\000p\000o\000n\000s\000a\000b\000l\000e\000s\000\040\000d\000e\000\040\000l\000a\000\040\000a\000c\000t\000i\000v\000i\000d\000a\000d}{section.19}% 228
\BOOKMARK [2][-]{subsection.19.6}{\376\377\000A\000c\000c\000i\000o\000n\000e\000s\000\040\000p\000r\000e\000v\000e\000n\000t\000i\000v\000a\000s}{section.19}% 229
\BOOKMARK [2][-]{subsection.19.7}{\376\377\000A\000c\000c\000i\000o\000n\000e\000s\000\040\000c\000o\000r\000r\000e\000c\000t\000i\000v\000a\000s}{section.19}% 230
\BOOKMARK [2][-]{subsection.19.8}{\376\377\000F\000r\000e\000c\000u\000e\000n\000c\000i\000a}{section.19}% 231
\BOOKMARK [1][-]{section.20}{\376\377\000L\000i\000m\000p\000i\000e\000z\000a\000\040\000d\000e\000\040\000m\000a\000n\000o\000s}{}% 232
\BOOKMARK [2][-]{subsection.20.1}{\376\377\000O\000b\000j\000e\000t\000i\000v\000o}{section.20}% 233
\BOOKMARK [2][-]{subsection.20.2}{\376\377\000A\000l\000c\000a\000n\000c\000e}{section.20}% 234
\BOOKMARK [2][-]{subsection.20.3}{\376\377\000T\000e\000r\000m\000i\000n\000o\000l\000o\000g\000\355\000a\000\040\000y\000\040\000d\000e\000f\000i\000n\000i\000c\000i\000o\000n\000e\000s}{section.20}% 235
\BOOKMARK [2][-]{subsection.20.4}{\376\377\000P\000r\000o\000c\000e\000d\000i\000m\000i\000e\000n\000t\000o}{section.20}% 236
\BOOKMARK [3][-]{subsubsection.20.4.1}{\376\377\000M\000a\000t\000e\000r\000i\000a\000l\000e\000s}{subsection.20.4}% 237
\BOOKMARK [3][-]{subsubsection.20.4.2}{\376\377\000I\000n\000s\000t\000r\000u\000c\000c\000i\000o\000n\000e\000s}{subsection.20.4}% 238
\BOOKMARK [2][-]{subsection.20.5}{\376\377\000R\000e\000s\000p\000o\000n\000s\000a\000b\000l\000e\000s\000\040\000d\000e\000\040\000l\000a\000\040\000a\000c\000t\000i\000v\000i\000d\000a\000d}{section.20}% 239
\BOOKMARK [2][-]{subsection.20.6}{\376\377\000A\000c\000c\000i\000o\000n\000e\000s\000\040\000p\000r\000e\000v\000e\000n\000t\000i\000v\000a\000s}{section.20}% 240
\BOOKMARK [2][-]{subsection.20.7}{\376\377\000A\000c\000c\000i\000o\000n\000e\000s\000\040\000c\000o\000r\000r\000e\000c\000t\000i\000v\000a\000s}{section.20}% 241
\BOOKMARK [2][-]{subsection.20.8}{\376\377\000F\000r\000e\000c\000u\000e\000n\000c\000i\000a}{section.20}% 242
\BOOKMARK [1][-]{section.21}{\376\377\000D\000e\000t\000e\000r\000m\000i\000n\000a\000c\000i\000\363\000n\000\040\000d\000e\000\040\000c\000l\000o\000r\000u\000r\000o\000\040\000e\000n\000\040\000a\000g\000u\000a}{}% 243
\BOOKMARK [2][-]{subsection.21.1}{\376\377\000O\000b\000j\000e\000t\000i\000v\000o}{section.21}% 244
\BOOKMARK [2][-]{subsection.21.2}{\376\377\000A\000l\000c\000a\000n\000c\000e}{section.21}% 245
\BOOKMARK [2][-]{subsection.21.3}{\376\377\000T\000e\000r\000m\000i\000n\000o\000l\000o\000g\000\355\000a\000\040\000y\000\040\000d\000e\000f\000i\000n\000i\000c\000i\000o\000n\000e\000s}{section.21}% 246
\BOOKMARK [2][-]{subsection.21.4}{\376\377\000P\000r\000o\000c\000e\000d\000i\000m\000i\000e\000n\000t\000o}{section.21}% 247
\BOOKMARK [3][-]{subsubsection.21.4.1}{\376\377\000P\000r\000e\000c\000a\000u\000c\000i\000o\000n\000e\000s\000\040\000d\000e\000\040\000s\000e\000g\000u\000r\000i\000d\000a\000d}{subsection.21.4}% 248
\BOOKMARK [3][-]{subsubsection.21.4.2}{\376\377\000M\000a\000t\000e\000r\000i\000a\000l\000e\000s}{subsection.21.4}% 249
\BOOKMARK [3][-]{subsubsection.21.4.3}{\376\377\000I\000n\000s\000t\000r\000u\000c\000c\000i\000o\000n\000e\000s}{subsection.21.4}% 250
\BOOKMARK [2][-]{subsection.21.5}{\376\377\000R\000e\000s\000p\000o\000n\000s\000a\000b\000l\000e\000s\000\040\000d\000e\000\040\000l\000a\000\040\000a\000c\000t\000i\000v\000i\000d\000a\000d}{section.21}% 251
\BOOKMARK [2][-]{subsection.21.6}{\376\377\000A\000c\000c\000i\000o\000n\000e\000s\000\040\000p\000r\000e\000v\000e\000n\000t\000i\000v\000a\000s}{section.21}% 252
\BOOKMARK [2][-]{subsection.21.7}{\376\377\000A\000c\000c\000i\000o\000n\000e\000s\000\040\000c\000o\000r\000r\000e\000c\000t\000i\000v\000a\000s}{section.21}% 253
\BOOKMARK [2][-]{subsection.21.8}{\376\377\000F\000r\000e\000c\000u\000e\000n\000c\000i\000a}{section.21}% 254
\BOOKMARK [1][-]{section.22}{\376\377\000L\000i\000m\000p\000i\000e\000z\000a\000\040\000e\000n\000\040\000c\000a\000s\000o\000\040\000d\000e\000\040\000d\000e\000r\000r\000a\000m\000e\000\040\000d\000e\000\040\000q\000u\000\355\000m\000i\000c\000o\000s}{}% 255
\BOOKMARK [2][-]{subsection.22.1}{\376\377\000O\000b\000j\000e\000t\000i\000v\000o}{section.22}% 256
\BOOKMARK [2][-]{subsection.22.2}{\376\377\000A\000l\000c\000a\000n\000c\000e}{section.22}% 257
\BOOKMARK [2][-]{subsection.22.3}{\376\377\000T\000e\000r\000m\000i\000n\000o\000l\000o\000g\000\355\000a\000\040\000y\000\040\000d\000e\000f\000i\000n\000i\000c\000i\000o\000n\000e\000s}{section.22}% 258
\BOOKMARK [2][-]{subsection.22.4}{\376\377\000D\000o\000c\000u\000m\000e\000n\000t\000o\000s\000\040\000y\000/\000o\000\040\000n\000o\000r\000m\000a\000s\000\040\000r\000e\000l\000a\000c\000i\000o\000n\000a\000d\000a\000s}{section.22}% 259
\BOOKMARK [2][-]{subsection.22.5}{\376\377\000P\000r\000o\000c\000e\000d\000i\000m\000i\000e\000n\000t\000o}{section.22}% 260
\BOOKMARK [3][-]{subsubsection.22.5.1}{\376\377\000I\000n\000s\000t\000r\000u\000c\000c\000i\000o\000n\000e\000s}{subsection.22.5}% 261
\BOOKMARK [2][-]{subsection.22.6}{\376\377\000R\000e\000s\000p\000o\000n\000s\000a\000b\000l\000e\000s\000\040\000d\000e\000\040\000l\000a\000\040\000a\000c\000t\000i\000v\000i\000d\000a\000d}{section.22}% 262
\BOOKMARK [2][-]{subsection.22.7}{\376\377\000A\000c\000c\000i\000o\000n\000e\000s\000\040\000c\000o\000r\000r\000e\000c\000t\000i\000v\000a\000s}{section.22}% 263
\BOOKMARK [2][-]{subsection.22.8}{\376\377\000F\000r\000e\000c\000u\000e\000n\000c\000i\000a}{section.22}% 264
\BOOKMARK [1][-]{section.23}{\376\377\000L\000i\000m\000p\000i\000e\000z\000a\000\040\000y\000\040\000d\000e\000s\000i\000n\000f\000e\000c\000c\000i\000\363\000n\000\040\000d\000e\000\040\000c\000i\000s\000t\000e\000r\000n\000a}{}% 265
\BOOKMARK [2][-]{subsection.23.1}{\376\377\000O\000b\000j\000e\000t\000i\000v\000o}{section.23}% 266
\BOOKMARK [2][-]{subsection.23.2}{\376\377\000A\000l\000c\000a\000n\000c\000e}{section.23}% 267
\BOOKMARK [2][-]{subsection.23.3}{\376\377\000T\000e\000r\000m\000i\000n\000o\000l\000o\000g\000\355\000a\000\040\000y\000\040\000d\000e\000f\000i\000n\000i\000c\000i\000o\000n\000e\000s}{section.23}% 268
\BOOKMARK [2][-]{subsection.23.4}{\376\377\000P\000r\000o\000c\000e\000d\000i\000m\000i\000e\000n\000t\000o}{section.23}% 269
\BOOKMARK [1][-]{section.24}{\376\377\000C\000l\000o\000r\000a\000c\000i\000\363\000n\000\040\000d\000e\000\040\000a\000g\000u\000a\000\040\000p\000o\000t\000a\000b\000l\000e}{}% 270
\BOOKMARK [2][-]{subsection.24.1}{\376\377\000O\000b\000j\000e\000t\000i\000v\000o}{section.24}% 271
\BOOKMARK [2][-]{subsection.24.2}{\376\377\000A\000l\000c\000a\000n\000c\000e}{section.24}% 272
\BOOKMARK [2][-]{subsection.24.3}{\376\377\000T\000e\000r\000m\000i\000n\000o\000l\000o\000g\000\355\000a\000\040\000y\000\040\000d\000e\000f\000i\000n\000i\000c\000i\000o\000n\000e\000s}{section.24}% 273
\BOOKMARK [2][-]{subsection.24.4}{\376\377\000D\000o\000c\000u\000m\000e\000n\000t\000o\000s\000\040\000y\000/\000o\000\040\000n\000o\000r\000m\000a\000s\000\040\000r\000e\000l\000a\000c\000i\000o\000n\000a\000d\000a\000s}{section.24}% 274
\BOOKMARK [2][-]{subsection.24.5}{\376\377\000P\000r\000o\000c\000e\000d\000i\000m\000i\000e\000n\000t\000o}{section.24}% 275
\BOOKMARK [3][-]{subsubsection.24.5.1}{\376\377\000P\000r\000e\000c\000a\000u\000c\000i\000o\000n\000e\000s\000\040\000d\000e\000\040\000s\000e\000g\000u\000r\000i\000d\000a\000d}{subsection.24.5}% 276
\BOOKMARK [3][-]{subsubsection.24.5.2}{\376\377\000M\000a\000t\000e\000r\000i\000a\000l\000e\000s}{subsection.24.5}% 277
\BOOKMARK [3][-]{subsubsection.24.5.3}{\376\377\000I\000n\000s\000t\000r\000u\000c\000c\000i\000o\000n\000e\000s}{subsection.24.5}% 278
\BOOKMARK [2][-]{subsection.24.6}{\376\377\000R\000e\000s\000p\000o\000n\000s\000a\000b\000l\000e\000s\000\040\000d\000e\000\040\000l\000a\000\040\000a\000c\000t\000i\000v\000i\000d\000a\000d}{section.24}% 279
\BOOKMARK [2][-]{subsection.24.7}{\376\377\000A\000c\000c\000i\000o\000n\000e\000s\000\040\000p\000r\000e\000v\000e\000n\000t\000i\000v\000a\000s}{section.24}% 280
\BOOKMARK [2][-]{subsection.24.8}{\376\377\000A\000c\000c\000i\000o\000n\000e\000s\000\040\000c\000o\000r\000r\000e\000c\000t\000i\000v\000a\000s}{section.24}% 281
\BOOKMARK [2][-]{subsection.24.9}{\376\377\000F\000r\000e\000c\000u\000e\000n\000c\000i\000a}{section.24}% 282
\BOOKMARK [2][-]{subsection.24.10}{\376\377\000H\000i\000s\000t\000o\000r\000i\000a\000l\000\040\000d\000e\000\040\000m\000o\000d\000i\000f\000i\000c\000a\000c\000i\000o\000n\000e\000s}{section.24}% 283
\BOOKMARK [1][-]{section.25}{\376\377\000L\000i\000s\000t\000a\000\040\000m\000a\000e\000s\000t\000r\000a\000\040\000d\000e\000\040\000p\000r\000o\000d\000u\000c\000t\000o\000s\000\040\000q\000u\000\355\000m\000i\000c\000o\000s}{}% 284
\BOOKMARK [2][-]{subsection.25.1}{\376\377\000S\000a\000n\000i\000d\000a\000d}{section.25}% 285
\BOOKMARK [2][-]{subsection.25.2}{\376\377\000M\000o\000n\000t\000a\000c\000a\000r\000g\000a\000s}{section.25}% 286
\BOOKMARK [1][-]{section*.25}{\376\377\000S\000i\000g\000l\000a\000s}{}% 287
\BOOKMARK [1][-]{section*.27}{\376\377\000G\000l\000o\000s\000a\000r\000i\000o}{}% 288
