09 May 2023 12:23:05.556 INFO  - 
Welcome to arara 7.0.5!
-----------------------------------------------------------------
09 May 2023 12:23:05.573 DEBUG - 
::: arara @ C:\Program Files\MiKTeX\scripts\arara
::: Java 19, Eclipse Adoptium
::: C:\Program Files\Eclipse Adoptium\jdk-19.0.0.36-hotspot
::: Windows 10, amd64, 10.0
::: user.home @ C:\Users\Usuario
::: CF @ [none]
-----------------------------------------------------------------
09 May 2023 12:23:05.607 INFO  - Processing "3 - HyS.tex" (size: 13.1 kB, last modified: 2023-05-09 17:22:56), please wait.
09 May 2023 12:23:05.763 INFO  - I found a potential pattern in line 10: lualatex: {
09 May 2023 12:23:05.763 INFO  - I found a potential pattern in line 11: --> interaction: nonstopmode,
09 May 2023 12:23:05.764 INFO  - I found a potential pattern in line 12: --> options: ['-file-line-error'],
09 May 2023 12:23:05.764 INFO  - I found a potential pattern in line 13: --> shell: yes,
09 May 2023 12:23:05.765 INFO  - I found a potential pattern in line 14: --> synctex: yes,
09 May 2023 12:23:05.773 INFO  - I found a potential pattern in line 15: --> }
09 May 2023 12:23:05.773 INFO  - I found a potential pattern in line 16: bib2gls if found("aux", "glsxtr@resource")
09 May 2023 12:23:05.774 INFO  - I found a potential pattern in line 17: makeglossaries if found("aux", "@istfilename")
09 May 2023 12:23:07.586 INFO  -                     All directives were validated. We are good to go.
                    -------------------------- DIRECTIVES ---------------------------
                    Directive(identifier='lualatex', parameters={interaction=nonstopmode, options=[-file-line-error], shell=yes, synctex=yes, reference=c:\Users\Usuario\Documents\SISTEMA DE GESTION DE CALIDAD\2023-SGC-2\3 - HyS\3 - HyS.tex},conditional={ NONE }, lineNumbers=[10, 11, 12, 13, 14, 15])
Directive(identifier='bib2gls', parameters={reference=c:\Users\Usuario\Documents\SISTEMA DE GESTION DE CALIDAD\2023-SGC-2\3 - HyS\3 - HyS.tex},conditional={ IF, expression: found("aux", "glsxtr@resource"), lineNumbers=[16])
Directive(identifier='makeglossaries', parameters={reference=c:\Users\Usuario\Documents\SISTEMA DE GESTION DE CALIDAD\2023-SGC-2\3 - HyS\3 - HyS.tex},conditional={ IF, expression: found("aux", "@istfilename"), lineNumbers=[17])
                    -----------------------------------------------------------------
09 May 2023 12:23:07.595 INFO  - I am ready to interpret rule "lualatex".
09 May 2023 12:23:07.604 INFO  - Rule location: "C:\Program Files\MiKTeX\scripts\arara\rules"
09 May 2023 12:23:08.541 INFO  - I am ready to interpret task "LuaLaTeX engine" from rule "LuaLaTeX".
09 May 2023 12:23:08.675 INFO  - System command: [lualatex, --interaction=nonstopmode, --shell-escape, --synctex=1, -file-line-error, 3 - HyS.tex] @ c:\Users\Usuario\Documents\SISTEMA DE GESTION DE CALIDAD\2023-SGC-2\3 - HyS
09 May 2023 12:26:34.388 INFO  -                 ---------------------- BEGIN OUTPUT BUFFER ----------------------
                This is LuaHBTeX, Version 1.16.1 (MiKTeX 23.4)
 system commands enabled.
("./3 - HyS.tex"
LaTeX2e <2022-11-01> patch level 1
 L3 programming layer <2023-04-20>
("C:/Program Files/MiKTeX/tex/latex/base/article.cls"
Document Class: article 2022/07/02 v1.4n Standard LaTeX document class
("C:/Program Files/MiKTeX/tex/latex/base/size10.clo"))
(../VariablesEstaticas.tex)
("C:/Program Files/MiKTeX/tex/latex/carlito/carlito.sty"
("C:/Program Files/MiKTeX/tex/generic/iftex/ifxetex.sty"
("C:/Program Files/MiKTeX/tex/generic/iftex/iftex.sty"))
("C:/Program Files/MiKTeX/tex/generic/iftex/ifluatex.sty")
("C:/Program Files/MiKTeX/tex/latex/xkeyval/xkeyval.sty"
("C:/Program Files/MiKTeX/tex/generic/xkeyval/xkeyval.tex"
("C:/Program Files/MiKTeX/tex/generic/xkeyval/xkvutils.tex"
("C:/Program Files/MiKTeX/tex/generic/xkeyval/keyval.tex"))))
("C:/Program Files/MiKTeX/tex/latex/base/textcomp.sty")
("C:/Program Files/MiKTeX/tex/latex/fontspec/fontspec.sty"
("C:/Program Files/MiKTeX/tex/latex/l3packages/xparse/xparse.sty"
("C:/Program Files/MiKTeX/tex/latex/l3kernel/expl3.sty"
("C:/Program Files/MiKTeX/tex/latex/l3backend/l3backend-luatex.def")))
("C:/Program Files/MiKTeX/tex/latex/fontspec/fontspec-luatex.sty"
("C:/Program Files/MiKTeX/tex/latex/base/fontenc.sty")
("C:/Program Files/MiKTeX/tex/latex/fontspec/fontspec.cfg"))))
(C:/Users/Usuario/AppData/Roaming/MiKTeX/tex/latex/polyglossia/polyglossia.sty
("C:/Program Files/MiKTeX/tex/latex/etoolbox/etoolbox.sty")
(C:/Users/Usuario/AppData/Roaming/MiKTeX/tex/latex/makecmds/makecmds.sty)
("C:/Program Files/MiKTeX/tex/latex/l3packages/l3keys2e/l3keys2e.sty")
(C:/Users/Usuario/AppData/Roaming/MiKTeX/tex/luatex/luatexbase/luatexbase.sty
(C:/Users/Usuario/AppData/Roaming/MiKTeX/tex/luatex/ctablestack/ctablestack.sty
))
(C:/Users/Usuario/AppData/Roaming/MiKTeX/tex/latex/polyglossia/gloss-latex.lde)
)
(C:/Users/Usuario/AppData/Roaming/MiKTeX/tex/latex/polyglossia/gloss-spanish.ld
f)
(C:/Users/Usuario/AppData/Roaming/MiKTeX/tex/latex/translations/translations.st
y ("C:/Program Files/MiKTeX/tex/generic/pdftexcmds/pdftexcmds.sty"
(C:/Users/Usuario/AppData/Roaming/MiKTeX/tex/generic/infwarerr/infwarerr.sty)
(C:/Users/Usuario/AppData/Roaming/MiKTeX/tex/generic/ltxcmds/ltxcmds.sty)))
(C:/Users/Usuario/AppData/Roaming/MiKTeX/tex/latex/changelog/changelog.sty)
(C:/Users/Usuario/AppData/Roaming/MiKTeX/tex/latex/float/float.sty)
(C:/Users/Usuario/AppData/Roaming/MiKTeX/tex/latex/pdflscape/pdflscape.sty
(C:/Users/Usuario/AppData/Roaming/MiKTeX/tex/latex/pdflscape/pdflscape-nometada
ta.sty ("C:/Program Files/MiKTeX/tex/latex/graphics/lscape.sty"
("C:/Program Files/MiKTeX/tex/latex/graphics/graphics.sty"
("C:/Program Files/MiKTeX/tex/latex/graphics/trig.sty")
("C:/Program Files/MiKTeX/tex/latex/graphics-cfg/graphics.cfg")
("C:/Program Files/MiKTeX/tex/latex/graphics-def/luatex.def")))))
(C:/Users/Usuario/AppData/Roaming/MiKTeX/tex/latex/psnfss/pifont.sty
(C:/Users/Usuario/AppData/Roaming/MiKTeX/tex/latex/psnfss/upzd.fd)
(C:/Users/Usuario/AppData/Roaming/MiKTeX/tex/latex/psnfss/upsy.fd))
("C:/Program Files/MiKTeX/tex/latex/glossaries-extra/glossaries-extra.sty"
("C:/Program Files/MiKTeX/tex/latex/glossaries/base/glossaries.sty"
("C:/Program Files/MiKTeX/tex/latex/base/ifthen.sty")
("C:/Program Files/MiKTeX/tex/latex/mfirstuc/mfirstuc.sty")
("C:/Program Files/MiKTeX/tex/latex/xfor/xfor.sty")
("C:/Program Files/MiKTeX/tex/latex/datatool/datatool-base.sty"
("C:/Program Files/MiKTeX/tex/latex/amsmath/amsmath.sty"
For additional information on amsmath, use the `?' option.
("C:/Program Files/MiKTeX/tex/latex/amsmath/amstext.sty"
("C:/Program Files/MiKTeX/tex/latex/amsmath/amsgen.sty"))
("C:/Program Files/MiKTeX/tex/latex/amsmath/amsbsy.sty")
("C:/Program Files/MiKTeX/tex/latex/amsmath/amsopn.sty"))
("C:/Program Files/MiKTeX/tex/latex/substr/substr.sty")
("C:/Program Files/MiKTeX/tex/latex/datatool/datatool-fp.sty"
("C:/Program Files/MiKTeX/tex/latex/fp/fp.sty"
`Fixed Point Package', Version 0.8, April 2, 1995 (C) Michael Mehlich
("C:/Program Files/MiKTeX/tex/latex/fp/defpattern.sty")
("C:/Program Files/MiKTeX/tex/latex/fp/fp-basic.sty")
("C:/Program Files/MiKTeX/tex/latex/fp/fp-addons.sty")
("C:/Program Files/MiKTeX/tex/latex/fp/fp-snap.sty")
("C:/Program Files/MiKTeX/tex/latex/fp/fp-exp.sty")
("C:/Program Files/MiKTeX/tex/latex/fp/fp-trigo.sty")
("C:/Program Files/MiKTeX/tex/latex/fp/fp-pas.sty")
("C:/Program Files/MiKTeX/tex/latex/fp/fp-random.sty")
("C:/Program Files/MiKTeX/tex/latex/fp/fp-eqn.sty")
("C:/Program Files/MiKTeX/tex/latex/fp/fp-upn.sty")
("C:/Program Files/MiKTeX/tex/latex/fp/fp-eval.sty"))))
(C:/Users/Usuario/AppData/Roaming/MiKTeX/tex/latex/tracklang/tracklang.sty
(C:/Users/Usuario/AppData/Roaming/MiKTeX/tex/generic/tracklang/tracklang.tex))
("C:/Program Files/MiKTeX/tex/latex/glossaries-spanish/glossaries-spanish.ldf"
("C:/Program Files/MiKTeX/tex/latex/glossaries-spanish/glossaries-spanish-noenc
.ldf"))
("C:/Program Files/MiKTeX/tex/latex/glossaries/styles/glossary-hypernav.sty")
("C:/Program Files/MiKTeX/tex/latex/glossaries/styles/glossary-list.sty")
("C:/Program Files/MiKTeX/tex/latex/glossaries/styles/glossary-long.sty"
("C:/Program Files/MiKTeX/tex/latex/tools/longtable.sty"))
("C:/Program Files/MiKTeX/tex/latex/glossaries/styles/glossary-super.sty"
("C:/Program Files/MiKTeX/tex/latex/supertabular/supertabular.sty"))
("C:/Program Files/MiKTeX/tex/latex/glossaries/styles/glossary-tree.sty"))
("C:/Program Files/MiKTeX/tex/latex/glossaries-extra/glossaries-extra-bib2gls.s
ty")
("C:/Program Files/MiKTeX/tex/latex/glossaries-extra/glossaries-extra-abbrstyle
s.def")
("C:/Program Files/MiKTeX/tex/latex/glossaries-extra/glossaries-extra-stylemods
.sty")) ("./3 - HyS.glstex")
("C:/Program Files/MiKTeX/tex/latex/imakeidx/imakeidx.sty"
("C:/Program Files/MiKTeX/tex/latex/tools/multicol.sty"))
Writing index file "3 - HyS".idx
(C:/Users/Usuario/AppData/Roaming/MiKTeX/tex/latex/footmisc/footmisc.sty)
(C:/Users/Usuario/AppData/Roaming/MiKTeX/tex/latex/microtype/microtype.sty
(C:/Users/Usuario/AppData/Roaming/MiKTeX/tex/latex/microtype/microtype-luatex.d
ef) (C:/Users/Usuario/AppData/Roaming/MiKTeX/tex/latex/microtype/microtype.cfg)
) ("C:/Program Files/MiKTeX/tex/latex/graphics/graphicx.sty")
("C:/Program Files/MiKTeX/tex/latex/hyperref/hyperref.sty"
(C:/Users/Usuario/AppData/Roaming/MiKTeX/tex/latex/kvsetkeys/kvsetkeys.sty)
(C:/Users/Usuario/AppData/Roaming/MiKTeX/tex/generic/kvdefinekeys/kvdefinekeys.
sty)
(C:/Users/Usuario/AppData/Roaming/MiKTeX/tex/generic/pdfescape/pdfescape.sty)
(C:/Users/Usuario/AppData/Roaming/MiKTeX/tex/latex/hycolor/hycolor.sty)
(C:/Users/Usuario/AppData/Roaming/MiKTeX/tex/latex/letltxmacro/letltxmacro.sty)
 (C:/Users/Usuario/AppData/Roaming/MiKTeX/tex/latex/auxhook/auxhook.sty)
("C:/Program Files/MiKTeX/tex/latex/hyperref/nameref.sty"
(C:/Users/Usuario/AppData/Roaming/MiKTeX/tex/latex/refcount/refcount.sty)
(C:/Users/Usuario/AppData/Roaming/MiKTeX/tex/generic/gettitlestring/gettitlestr
ing.sty
(C:/Users/Usuario/AppData/Roaming/MiKTeX/tex/latex/kvoptions/kvoptions.sty)))
("C:/Program Files/MiKTeX/tex/latex/hyperref/pd1enc.def")
(C:/Users/Usuario/AppData/Roaming/MiKTeX/tex/generic/intcalc/intcalc.sty)
("C:/Program Files/MiKTeX/tex/latex/hyperref/puenc.def")
("C:/Program Files/MiKTeX/tex/latex/url/url.sty")
(C:/Users/Usuario/AppData/Roaming/MiKTeX/tex/generic/bitset/bitset.sty
(C:/Users/Usuario/AppData/Roaming/MiKTeX/tex/generic/bigintcalc/bigintcalc.sty)
) ("C:/Program Files/MiKTeX/tex/latex/base/atbegshi-ltx.sty"))
("C:/Program Files/MiKTeX/tex/latex/hyperref/hluatex.def"
(C:/Users/Usuario/AppData/Roaming/MiKTeX/tex/generic/stringenc/stringenc.sty)
("C:/Program Files/MiKTeX/tex/latex/base/atveryend-ltx.sty")
(C:/Users/Usuario/AppData/Roaming/MiKTeX/tex/latex/rerunfilecheck/rerunfilechec
k.sty
(C:/Users/Usuario/AppData/Roaming/MiKTeX/tex/generic/uniquecounter/uniquecounte
r.sty)))
(C:/Users/Usuario/AppData/Roaming/MiKTeX/tex/latex/cleveref/cleveref.sty)
(C:/Users/Usuario/AppData/Roaming/MiKTeX/tex/latex/lastpage/lastpage.sty)
(C:/Users/Usuario/AppData/Roaming/MiKTeX/tex/latex/siunitx/siunitx.sty
("C:/Program Files/MiKTeX/tex/latex/tools/array.sty"))
("C:/Program Files/MiKTeX/tex/latex/graphics/color.sty"
("C:/Program Files/MiKTeX/tex/latex/graphics-cfg/color.cfg")
("C:/Program Files/MiKTeX/tex/latex/graphics/mathcolor.ltx"))
(C:/Users/Usuario/AppData/Roaming/MiKTeX/tex/latex/tabularray/tabularray.sty)
(C:/Users/Usuario/AppData/Roaming/MiKTeX/tex/latex/booktabs/booktabs.sty)
(C:/Users/Usuario/AppData/Roaming/MiKTeX/tex/latex/geometry/geometry.sty
("C:/Program Files/MiKTeX/tex/generic/iftex/ifvtex.sty")
(C:/Users/Usuario/AppData/Roaming/MiKTeX/tex/latex/geometry/geometry.cfg))
(C:/Users/Usuario/AppData/Roaming/MiKTeX/tex/latex/adjustbox/adjustbox.sty
(C:/Users/Usuario/AppData/Roaming/MiKTeX/tex/latex/adjustbox/adjcalc.sty)
(C:/Users/Usuario/AppData/Roaming/MiKTeX/tex/latex/adjustbox/trimclip.sty
(C:/Users/Usuario/AppData/Roaming/MiKTeX/tex/latex/collectbox/collectbox.sty)
(C:/Users/Usuario/AppData/Roaming/MiKTeX/tex/latex/adjustbox/tc-pgf.def
("C:/Program Files/MiKTeX/tex/latex/pgf/basiclayer/pgf.sty"
("C:/Program Files/MiKTeX/tex/latex/pgf/utilities/pgfrcs.sty"
("C:/Program Files/MiKTeX/tex/generic/pgf/utilities/pgfutil-common.tex")
("C:/Program Files/MiKTeX/tex/generic/pgf/utilities/pgfutil-latex.def")
("C:/Program Files/MiKTeX/tex/generic/pgf/utilities/pgfrcs.code.tex"
("C:/Program Files/MiKTeX/tex/generic/pgf/pgf.revision.tex")))
("C:/Program Files/MiKTeX/tex/latex/pgf/basiclayer/pgfcore.sty"
("C:/Program Files/MiKTeX/tex/latex/pgf/systemlayer/pgfsys.sty"
("C:/Program Files/MiKTeX/tex/generic/pgf/systemlayer/pgfsys.code.tex"
("C:/Program Files/MiKTeX/tex/generic/pgf/utilities/pgfkeys.code.tex"
("C:/Program Files/MiKTeX/tex/generic/pgf/utilities/pgfkeyslibraryfiltered.code
.tex")) ("C:/Program Files/MiKTeX/tex/generic/pgf/systemlayer/pgf.cfg")
("C:/Program Files/MiKTeX/tex/generic/pgf/systemlayer/pgfsys-luatex.def"
("C:/Program Files/MiKTeX/tex/generic/pgf/systemlayer/pgfsys-common-pdf.def")))
 ("C:/Program Files/MiKTeX/tex/generic/pgf/systemlayer/pgfsyssoftpath.code.tex"
) ("C:/Program Files/MiKTeX/tex/generic/pgf/systemlayer/pgfsysprotocol.code.tex
")) ("C:/Program Files/MiKTeX/tex/latex/xcolor/xcolor.sty"
("C:/Program Files/MiKTeX/tex/latex/graphics-cfg/color.cfg")
("C:/Program Files/MiKTeX/tex/latex/graphics/mathcolor.ltx"))
("C:/Program Files/MiKTeX/tex/generic/pgf/basiclayer/pgfcore.code.tex"
("C:/Program Files/MiKTeX/tex/generic/pgf/math/pgfmath.code.tex"
("C:/Program Files/MiKTeX/tex/generic/pgf/math/pgfmathutil.code.tex")
("C:/Program Files/MiKTeX/tex/generic/pgf/math/pgfmathparser.code.tex")
("C:/Program Files/MiKTeX/tex/generic/pgf/math/pgfmathfunctions.code.tex")
("C:/Program Files/MiKTeX/tex/generic/pgf/math/pgfmathfunctions.basic.code.tex"
)
("C:/Program Files/MiKTeX/tex/generic/pgf/math/pgfmathfunctions.trigonometric.c
ode.tex")
("C:/Program Files/MiKTeX/tex/generic/pgf/math/pgfmathfunctions.random.code.tex
")
("C:/Program Files/MiKTeX/tex/generic/pgf/math/pgfmathfunctions.comparison.code
.tex")
("C:/Program Files/MiKTeX/tex/generic/pgf/math/pgfmathfunctions.base.code.tex")
 ("C:/Program Files/MiKTeX/tex/generic/pgf/math/pgfmathfunctions.round.code.tex
") ("C:/Program Files/MiKTeX/tex/generic/pgf/math/pgfmathfunctions.misc.code.te
x")
("C:/Program Files/MiKTeX/tex/generic/pgf/math/pgfmathfunctions.integerarithmet
ics.code.tex")
("C:/Program Files/MiKTeX/tex/generic/pgf/math/pgfmathcalc.code.tex")
("C:/Program Files/MiKTeX/tex/generic/pgf/math/pgfmathfloat.code.tex"))
("C:/Program Files/MiKTeX/tex/generic/pgf/math/pgfint.code.tex")
("C:/Program Files/MiKTeX/tex/generic/pgf/basiclayer/pgfcorepoints.code.tex")
("C:/Program Files/MiKTeX/tex/generic/pgf/basiclayer/pgfcorepathconstruct.code.
tex")
("C:/Program Files/MiKTeX/tex/generic/pgf/basiclayer/pgfcorepathusage.code.tex"
) ("C:/Program Files/MiKTeX/tex/generic/pgf/basiclayer/pgfcorescopes.code.tex")

("C:/Program Files/MiKTeX/tex/generic/pgf/basiclayer/pgfcoregraphicstate.code.t
ex")
("C:/Program Files/MiKTeX/tex/generic/pgf/basiclayer/pgfcoretransformations.cod
e.tex")
("C:/Program Files/MiKTeX/tex/generic/pgf/basiclayer/pgfcorequick.code.tex")
("C:/Program Files/MiKTeX/tex/generic/pgf/basiclayer/pgfcoreobjects.code.tex")
("C:/Program Files/MiKTeX/tex/generic/pgf/basiclayer/pgfcorepathprocessing.code
.tex")
("C:/Program Files/MiKTeX/tex/generic/pgf/basiclayer/pgfcorearrows.code.tex")
("C:/Program Files/MiKTeX/tex/generic/pgf/basiclayer/pgfcoreshade.code.tex")
("C:/Program Files/MiKTeX/tex/generic/pgf/basiclayer/pgfcoreimage.code.tex")
("C:/Program Files/MiKTeX/tex/generic/pgf/basiclayer/pgfcoreexternal.code.tex")
 ("C:/Program Files/MiKTeX/tex/generic/pgf/basiclayer/pgfcorelayers.code.tex")
("C:/Program Files/MiKTeX/tex/generic/pgf/basiclayer/pgfcoretransparency.code.t
ex")
("C:/Program Files/MiKTeX/tex/generic/pgf/basiclayer/pgfcorepatterns.code.tex")
 ("C:/Program Files/MiKTeX/tex/generic/pgf/basiclayer/pgfcorerdf.code.tex")))
("C:/Program Files/MiKTeX/tex/generic/pgf/modules/pgfmoduleshapes.code.tex")
("C:/Program Files/MiKTeX/tex/generic/pgf/modules/pgfmoduleplot.code.tex")
("C:/Program Files/MiKTeX/tex/latex/pgf/compatibility/pgfcomp-version-0-65.sty"
) ("C:/Program Files/MiKTeX/tex/latex/pgf/compatibility/pgfcomp-version-1-18.st
y"))))
(C:/Users/Usuario/AppData/Roaming/MiKTeX/tex/latex/ifoddpage/ifoddpage.sty)
(C:/Users/Usuario/AppData/Roaming/MiKTeX/tex/latex/varwidth/varwidth.sty))
(C:/Users/Usuario/AppData/Roaming/MiKTeX/tex/latex/enumitem/enumitem.sty)
(C:/Users/Usuario/AppData/Roaming/MiKTeX/tex/latex/fancyhdr/fancyhdr.sty)
("./3 - HyS.aux" (./src/HyS-ToC.aux) (./src/HyS-3.1.aux) (./src/HyS-3.2.aux)
(./src/HyS-3.3.aux) (./src/HyS-3.4.aux) (./src/HyS-3.5.aux) (./src/HyS-3.6.aux)
 (./src/HyS-3.7.aux) (./src/HyS-3.8.aux) (./src/HyS-3.9.aux)
(./src/HyS-3.10.aux) (./src/HyS-3.11.aux) (./src/HyS-3.12.aux)
(./src/HyS-3.13.aux) (./src/HyS-3.14.aux) (./src/HyS-3.15.aux)
(./src/HyS-3.16.aux) (./src/HyS-3.17.aux) (./src/HyS-3.18.aux)
(./src/HyS-3.19.aux) (./src/HyS-3.20.aux) (./src/HyS-3.21.aux)
(./src/HyS-3.22.aux) (./src/HyS-3.23.aux) (./src/HyS-3.24.aux)
(./src/HyS-3.25.aux) (./src/HyS-G.aux) (./src/HyS-I.aux))
("C:/Program Files/MiKTeX/tex/latex/base/ts1cmr.fd")
(C:/Users/Usuario/AppData/Roaming/MiKTeX/tex/latex/translations/dicts/translati
ons-basic-dictionary-spanish.trsl)
("C:/Program Files/MiKTeX/tex/context/base/mkii/supp-pdf.mkii"
[Loading MPS to PDF converter (version 2006.09.02).]
) ("C:/Program Files/MiKTeX/tex/latex/epstopdf-pkg/epstopdf-base.sty"
("C:/Program Files/MiKTeX/tex/latex/00miktex/epstopdf-sys.cfg")) ("./3 - HyS.ou
t") ("./3 - HyS.out")
("C:/Program Files/MiKTeX/tex/latex/ninecolors/ninecolors.sty")
*geometry* driver: auto-detecting
*geometry* detected driver: luatex
(./src/HyS-ToC.tex ("./3 - HyS.toc"
(C:/Users/Usuario/AppData/Roaming/MiKTeX/tex/latex/microtype/mt-LatinModernRoma
n.cfg) (C:/Users/Usuario/AppData/Roaming/MiKTeX/tex/latex/microtype/mt-cmr.cfg)
[1{C:/Users/Usuario/AppData/Local/MiKTeX/fonts/map/pdftex/pdftex.map}<./RDF_Log
o.png>] [2] [3] [4] [5] [6] [7])) [8] (./src/HyS-3.1.tex [9] [10]) [11]
(./src/HyS-3.2.tex [12] [13]) [14] (./src/HyS-3.3.tex [15] [16]) [17]
(./src/HyS-3.4.tex [18]) [19] (./src/HyS-3.5.tex [20]) [21] (./src/HyS-3.6.tex
[22]) [23] (./src/HyS-3.7.tex [24] [25]) [26] (./src/HyS-3.8.tex [27]) [28]
(./src/HyS-3.9.tex [29]) [30] (./src/HyS-3.10.tex [31] [32]) [33]
(./src/HyS-3.11.tex [34]) [35] (./src/HyS-3.12.tex [36]) [37]
(./src/HyS-3.13.tex [38]) [39] (./src/HyS-3.14.tex [40] [41]) [42]
(./src/HyS-3.15.tex [43]) [44] (./src/HyS-3.16.tex [45]) [46]
(./src/HyS-3.17.tex [47] [48]) [49] (./src/HyS-3.18.tex [50]) [51]
(./src/HyS-3.19.tex [52]) [53] (./src/HyS-3.20.tex [54]) [55]
(./src/HyS-3.21.tex [56]) [57] (./src/HyS-3.22.tex [58]) [59]
(./src/HyS-3.23.tex) [60] (./src/HyS-3.24.tex [61]) [62] (./src/HyS-3.25.tex)
[63] (./src/HyS-G.tex

Package hyperref Warning: Token not allowed in a PDF string (Unicode):
(hyperref)                removing `\textspanish' on input line 8.



Package hyperref Warning: Token not allowed in a PDF string (Unicode):
(hyperref)                removing `\textspanish' on input line 9.

[64] [65] [66] [67] [68] [69]) [70] (./src/HyS-I.tex)tex2xindy: major issue: User/administrator updates are out-of-sync.
Opening logfile "nul" (done)
Reading indexstyle...
Loading module "C:\\Users\\Usuario\\Documents\\SISTEMA DE GESTION DE CALIDAD\\2023-SGC-2\\3 - HyS\\JnfzBKtDDJ"...
Loading module "lang/general/latin9-lang.xdy"...
Loading module "lang/general/latin9.xdy"...
Finished loading module "lang/general/latin9.xdy".
Finished loading module "lang/general/latin9-lang.xdy".
Loading module "tex/inputenc/latin.xdy"...
Finished loading module "tex/inputenc/latin.xdy".
Loading module "texindy.xdy"...
Loading module "numeric-sort.xdy"...
Finished loading module "numeric-sort.xdy".
Loading module "latex.xdy"...
Loading module "tex.xdy"...
Finished loading module "tex.xdy".
Finished loading module "latex.xdy".
Loading module "latex-loc-fmts.xdy"...
Finished loading module "latex-loc-fmts.xdy".
Loading module "makeindex.xdy"...
Finished loading module "makeindex.xdy".
Loading module "latin-lettergroups.xdy"...
Finished loading module "latin-lettergroups.xdy".
Finished loading module "texindy.xdy".
Loading module "page-ranges.xdy"...
Finished loading module "page-ranges.xdy".
Loading module "word-order.xdy"...
Finished loading module "word-order.xdy".
Finished loading module "C:\\Users\\Usuario\\Documents\\SISTEMA DE GESTION DE CALIDAD\\2023-SGC-2\\3 - HyS\\JnfzBKtDDJ".
Finished reading indexstyle.
Finalizing indexstyle... (done)

Reading raw-index "C:\\Users\\Usuario\\Documents\\SISTEMA DE GESTION DE CALIDAD\\2023-SGC-2\\3 - HyS\\AQGVfvjqW6"...
Finished reading raw-index.

Processing index... [10%] [20%] [30%] [40%] [50%] [60%] [70%] [80%] [90%] [100%]
Finished processing index.

Writing markup... [10%] [20%] [30%] [40%] [50%] [60%] [70%] [80%] [90%] [100%]
Markup written into file "3 - HyS.ind".
texindy: major issue: User/administrator updates are out-of-sync.
 ("./3 - HyS.ind")
[71] 
AED: lastpage setting LastPage
("./3 - HyS.aux" (./src/HyS-ToC.aux) (./src/HyS-3.1.aux) (./src/HyS-3.2.aux)
(./src/HyS-3.3.aux) (./src/HyS-3.4.aux) (./src/HyS-3.5.aux) (./src/HyS-3.6.aux)
 (./src/HyS-3.7.aux) (./src/HyS-3.8.aux) (./src/HyS-3.9.aux)
(./src/HyS-3.10.aux) (./src/HyS-3.11.aux) (./src/HyS-3.12.aux)
(./src/HyS-3.13.aux) (./src/HyS-3.14.aux) (./src/HyS-3.15.aux)
(./src/HyS-3.16.aux) (./src/HyS-3.17.aux) (./src/HyS-3.18.aux)
(./src/HyS-3.19.aux) (./src/HyS-3.20.aux) (./src/HyS-3.21.aux)
(./src/HyS-3.22.aux) (./src/HyS-3.23.aux) (./src/HyS-3.24.aux)
(./src/HyS-3.25.aux) (./src/HyS-G.aux) (./src/HyS-I.aux)))
 687 words of node memory still in use:
   8 hlist, 2 vlist, 2 rule, 1 local_par, 5 glue, 4 kern, 1 penalty, 3 glyph, 1
6 attribute, 68 glue_spec, 16 attribute_list, 6 write, 1 pdf_action nodes
   avail lists: 1:2,2:1637,3:749,4:241,5:1379,6:200,7:8531,8:2,9:1818,10:10,11:
1049
<//?/c:/users/usuario/appdata/local/microsoft/windows/fonts/carlito-italic.ttf>
<//?/c:/users/usuario/appdata/local/microsoft/windows/fonts/carlito-bold.ttf></
/?/c:/users/usuario/appdata/local/microsoft/windows/fonts/carlito-regular.ttf>
Output written on 3 - HyS.pdf (71 pages, 506049 bytes).
SyncTeX written on 3 - HyS.synctex.gz.
Transcript written on "3 - HyS.log".
lualatex: major issue: User/administrator updates are out-of-sync.

                ----------------------- END OUTPUT BUFFER -----------------------
09 May 2023 12:26:34.418 INFO  - Task result: SUCCESS
09 May 2023 12:26:34.420 INFO  - I am ready to interpret rule "bib2gls".
09 May 2023 12:26:34.432 INFO  - Rule location: "C:\Program Files\MiKTeX\scripts\arara\rules"
09 May 2023 12:26:34.724 INFO  - I am ready to interpret task "The Bib2Gls software" from rule "Bib2Gls".
09 May 2023 12:26:34.732 INFO  - System command: [bib2gls, 3 - HyS] @ c:\Users\Usuario\Documents\SISTEMA DE GESTION DE CALIDAD\2023-SGC-2\3 - HyS
09 May 2023 12:26:47.513 INFO  -                 ---------------------- BEGIN OUTPUT BUFFER ----------------------
                Picked up _JAVA_OPTIONS: -Xmx1024M
bib2gls 3.3 (2023-04-24)
Reading 3 - HyS.aux
Reading src\HyS-ToC.aux
Reading src\HyS-3.1.aux
Reading src\HyS-3.2.aux
Reading src\HyS-3.3.aux
Reading src\HyS-3.4.aux
Reading src\HyS-3.5.aux
Reading src\HyS-3.6.aux
Reading src\HyS-3.7.aux
Reading src\HyS-3.8.aux
Reading src\HyS-3.9.aux
Reading src\HyS-3.10.aux
Reading src\HyS-3.11.aux
Reading src\HyS-3.12.aux
Reading src\HyS-3.13.aux
Reading src\HyS-3.14.aux
Reading src\HyS-3.15.aux
Reading src\HyS-3.16.aux
Reading src\HyS-3.17.aux
Reading src\HyS-3.18.aux
Reading src\HyS-3.19.aux
Reading src\HyS-3.20.aux
Reading src\HyS-3.21.aux
Reading src\HyS-3.22.aux
Reading src\HyS-3.23.aux
Reading src\HyS-3.24.aux
Reading src\HyS-3.25.aux
Reading src\HyS-G.aux
Reading src\HyS-I.aux
Reading ..\glosario.bib
Encoding: UTF-8
Writing c:\Users\Usuario\Documents\SISTEMA DE GESTION DE CALIDAD\2023-SGC-2\3 - HyS\3 - HyS.glstex
69 entries written to c:\Users\Usuario\Documents\SISTEMA DE GESTION DE CALIDAD\2023-SGC-2\3 - HyS\3 - HyS.glstex.
Transcript written to 3 - HyS.glg.
bib2gls: major issue: User/administrator updates are out-of-sync.

                ----------------------- END OUTPUT BUFFER -----------------------
09 May 2023 12:26:47.520 INFO  - Task result: SUCCESS
09 May 2023 12:26:47.521 INFO  - I am ready to interpret rule "makeglossaries".
09 May 2023 12:26:47.526 INFO  - Rule location: "C:\Program Files\MiKTeX\scripts\arara\rules"
09 May 2023 12:26:47.775 INFO  - Total: 223.28 seconds
