\BOOKMARK [1][-]{section.1}{\376\377\000P\000r\000o\000g\000r\000a\000m\000a\000\040\000d\000e\000\040\000v\000e\000r\000i\000f\000i\000c\000a\000c\000i\000\363\000n\000\040\000y\000\040\000a\000c\000t\000u\000a\000l\000i\000z\000a\000c\000i\000\363\000n\000\040\000d\000e\000\040\000i\000n\000f\000o\000r\000m\000a\000c\000i\000\363\000n\000\040\000d\000o\000c\000u\000m\000e\000n\000t\000a\000d\000a}{}% 1
\BOOKMARK [2][-]{subsection.1.1}{\376\377\000O\000b\000j\000e\000t\000i\000v\000o\000s}{section.1}% 2
\BOOKMARK [2][-]{subsection.1.2}{\376\377\000A\000l\000c\000a\000n\000c\000e}{section.1}% 3
\BOOKMARK [2][-]{subsection.1.3}{\376\377\000T\000e\000r\000m\000i\000n\000o\000l\000o\000g\000\355\000a\000\040\000y\000\040\000d\000e\000f\000i\000n\000i\000c\000i\000o\000n\000e\000s}{section.1}% 4
\BOOKMARK [2][-]{subsection.1.4}{\376\377\000P\000r\000o\000c\000e\000d\000i\000m\000i\000e\000n\000t\000o}{section.1}% 5
\BOOKMARK [3][-]{subsubsection.1.4.1}{\376\377\000R\000e\000v\000i\000s\000i\000\363\000n\000\040\000d\000e\000\040\000l\000a\000\040\000i\000n\000f\000o\000r\000m\000a\000c\000i\000\363\000n\000\040\000d\000o\000c\000u\000m\000e\000n\000t\000a\000d\000a}{subsection.1.4}% 6
\BOOKMARK [3][-]{subsubsection.1.4.2}{\376\377\000V\000a\000l\000i\000d\000a\000c\000i\000\363\000n\000\040\000d\000e\000\040\000l\000a\000\040\000i\000n\000f\000o\000r\000m\000a\000c\000i\000\363\000n\000\040\000d\000o\000c\000u\000m\000e\000n\000t\000a\000l}{subsection.1.4}% 7
\BOOKMARK [3][-]{subsubsection.1.4.3}{\376\377\000F\000o\000r\000m\000a\000c\000i\000\363\000n\000\040\000d\000e\000l\000\040\000e\000q\000u\000i\000p\000o\000\040\000m\000u\000l\000t\000i\000d\000i\000s\000c\000i\000p\000l\000i\000n\000a\000r}{subsection.1.4}% 8
\BOOKMARK [2][-]{subsection.1.5}{\376\377\000F\000r\000e\000c\000u\000e\000n\000c\000i\000a}{section.1}% 9
\BOOKMARK [2][-]{subsection.1.6}{\376\377\000R\000e\000s\000p\000o\000n\000s\000a\000b\000i\000l\000i\000d\000a\000d\000e\000s}{section.1}% 10
\BOOKMARK [2][-]{subsection.1.7}{\376\377\000A\000c\000c\000i\000o\000n\000e\000s\000\040\000p\000r\000e\000v\000e\000n\000t\000i\000v\000a\000s}{section.1}% 11
\BOOKMARK [2][-]{subsection.1.8}{\376\377\000A\000c\000c\000i\000o\000n\000e\000s\000\040\000i\000n\000m\000e\000d\000i\000a\000t\000a\000s}{section.1}% 12
\BOOKMARK [1][-]{section.2}{\376\377\000P\000o\000l\000i\000t\000i\000c\000a\000\040\000d\000e\000\040\000c\000a\000l\000i\000d\000a\000d}{}% 13
\BOOKMARK [1][-]{section.3}{\376\377\000P\000r\000o\000g\000r\000a\000m\000a\000\040\000d\000e\000\040\000b\000u\000e\000n\000a\000s\000\040\000p\000r\000\341\000c\000t\000i\000c\000a\000s\000\040\000d\000e\000\040\000d\000i\000s\000t\000r\000i\000b\000u\000c\000i\000\363\000n\000\040\000\050\000B\000P\000D\000\051}{}% 14
\BOOKMARK [2][-]{subsection.3.1}{\376\377\000O\000b\000j\000e\000t\000i\000v\000o}{section.3}% 15
\BOOKMARK [2][-]{subsection.3.2}{\376\377\000A\000l\000c\000a\000n\000c\000e}{section.3}% 16
\BOOKMARK [2][-]{subsection.3.3}{\376\377\000R\000e\000s\000p\000o\000n\000s\000a\000b\000l\000e\000s}{section.3}% 17
\BOOKMARK [2][-]{subsection.3.4}{\376\377\000M\000e\000t\000o\000d\000o\000l\000o\000g\000\355\000a}{section.3}% 18
\BOOKMARK [3][-]{subsubsection.3.4.1}{\376\377\000I\000n\000t\000r\000o\000d\000u\000c\000c\000i\000\363\000n}{subsection.3.4}% 19
\BOOKMARK [3][-]{subsubsection.3.4.2}{\376\377\000P\000r\000o\000g\000r\000a\000m\000a\000s}{subsection.3.4}% 20
\BOOKMARK [1][-]{section.4}{\376\377\000M\000a\000n\000u\000a\000l\000\040\000d\000e\000\040\000c\000a\000l\000i\000d\000a\000d\000\040\000y\000\040\000B\000u\000e\000n\000a\000s\000\040\000P\000r\000\341\000c\000t\000i\000c\000a\000s\000\040\000d\000e\000\040\000D\000i\000s\000t\000r\000i\000b\000u\000c\000i\000\363\000n}{}% 21
\BOOKMARK [2][-]{subsection.4.1}{\376\377\000O\000b\000j\000e\000t\000i\000v\000o\000s}{section.4}% 22
\BOOKMARK [2][-]{subsection.4.2}{\376\377\000A\000l\000c\000a\000n\000c\000e}{section.4}% 23
\BOOKMARK [2][-]{subsection.4.3}{\376\377\000P\000r\000o\000p\000\363\000s\000i\000t\000o\000\040\000d\000e\000l\000\040\000m\000a\000n\000u\000a\000l\000\040\000d\000e\000\040\000b\000u\000e\000n\000a\000s\000\040\000p\000r\000\341\000c\000t\000i\000c\000a\000s\000\040\000d\000e\000\040\000d\000i\000s\000t\000r\000i\000b\000u\000c\000i\000\363\000n}{section.4}% 24
\BOOKMARK [2][-]{subsection.4.4}{\376\377\000I\000n\000t\000r\000o\000d\000u\000c\000c\000i\000\363\000n}{section.4}% 25
\BOOKMARK [2][-]{subsection.4.5}{\376\377\000P\000r\000o\000t\000e\000c\000c\000i\000\363\000n\000\040\000a\000l\000\040\000p\000r\000o\000d\000u\000c\000t\000o}{section.4}% 26
\BOOKMARK [2][-]{subsection.4.6}{\376\377\000C\000o\000n\000t\000r\000o\000l\000\040\000d\000e\000\040\000p\000l\000a\000g\000a\000s}{section.4}% 27
\BOOKMARK [2][-]{subsection.4.7}{\376\377\000P\000r\000\341\000c\000t\000i\000c\000a\000\040\000d\000e\000\040\000e\000m\000p\000l\000e\000a\000d\000o\000s}{section.4}% 28
\BOOKMARK [2][-]{subsection.4.8}{\376\377\000L\000i\000m\000p\000i\000e\000z\000a\000\040\000d\000e\000\040\000e\000q\000u\000i\000p\000o\000s}{section.4}% 29
\BOOKMARK [2][-]{subsection.4.9}{\376\377\000M\000a\000n\000t\000e\000n\000i\000m\000i\000e\000n\000t\000o\000\040\000d\000e\000\040\000e\000q\000u\000i\000p\000o\000s\000\040\000y\000\040\000e\000d\000i\000f\000i\000c\000i\000o}{section.4}% 30
\BOOKMARK [2][-]{subsection.4.10}{\376\377\000H\000i\000g\000i\000e\000n\000e\000\040\000y\000\040\000s\000a\000n\000i\000d\000a\000d}{section.4}% 31
\BOOKMARK [2][-]{subsection.4.11}{\376\377\000D\000i\000s\000e\000\361\000o\000,\000\040\000c\000o\000n\000s\000t\000r\000u\000c\000c\000i\000\363\000n\000\040\000y\000\040\000m\000a\000n\000t\000e\000n\000i\000m\000i\000e\000n\000t\000o}{section.4}% 32
\BOOKMARK [2][-]{subsection.4.12}{\376\377\000E\000x\000t\000e\000r\000i\000o\000r\000e\000s}{section.4}% 33
\BOOKMARK [3][-]{subsubsection.4.12.1}{\376\377\000I\000n\000t\000e\000r\000i\000o\000r\000e\000s}{subsection.4.12}% 34
\BOOKMARK [3][-]{subsubsection.4.12.2}{\376\377\000I\000l\000u\000m\000i\000n\000a\000c\000i\000\363\000n}{subsection.4.12}% 35
\BOOKMARK [3][-]{subsubsection.4.12.3}{\376\377\000V\000e\000n\000t\000i\000l\000a\000c\000i\000\363\000n}{subsection.4.12}% 36
\BOOKMARK [3][-]{subsubsection.4.12.4}{\376\377\000B\000a\000s\000u\000r\000a}{subsection.4.12}% 37
\BOOKMARK [2][-]{subsection.4.13}{\376\377\000I\000n\000s\000t\000a\000l\000a\000c\000i\000o\000n\000e\000s\000\040\000s\000a\000n\000i\000t\000a\000r\000i\000a\000s}{section.4}% 38
\BOOKMARK [3][-]{subsubsection.4.13.1}{\376\377\000I\000n\000s\000t\000a\000l\000a\000c\000i\000o\000n\000e\000s\000\040\000p\000a\000r\000a\000\040\000e\000l\000\040\000p\000e\000r\000s\000o\000n\000a\000l}{subsection.4.13}% 39
\BOOKMARK [2][-]{subsection.4.14}{\376\377\000L\000a\000v\000a\000d\000o\000\040\000d\000e\000\040\000e\000q\000u\000i\000p\000o\000\040\000e\000\040\000i\000n\000s\000t\000a\000l\000a\000c\000i\000o\000n\000e\000s\000\040\000s\000a\000n\000i\000t\000a\000r\000i\000a\000s\000:}{section.4}% 40
\BOOKMARK [2][-]{subsection.4.15}{\376\377\000O\000p\000e\000r\000a\000c\000i\000o\000n\000e\000s\000\040\000s\000a\000n\000i\000t\000a\000r\000i\000a\000s}{section.4}% 41
\BOOKMARK [2][-]{subsection.4.16}{\376\377\000C\000a\000l\000i\000d\000a\000d\000\040\000y\000\040\000a\000b\000a\000s\000t\000e\000c\000i\000m\000i\000e\000n\000t\000o\000\040\000d\000e\000\040\000a\000g\000u\000a}{section.4}% 42
\BOOKMARK [3][-]{subsubsection.4.16.1}{\376\377\000C\000o\000n\000t\000r\000o\000l\000e\000s}{subsection.4.16}% 43
\BOOKMARK [2][-]{subsection.4.17}{\376\377\000T\000r\000a\000n\000s\000p\000o\000r\000t\000e}{section.4}% 44
\BOOKMARK [2][-]{subsection.4.18}{\376\377\000A\000l\000m\000a\000c\000e\000n\000a\000m\000i\000e\000n\000t\000o}{section.4}% 45
\BOOKMARK [2][-]{subsection.4.19}{\376\377\000R\000e\000c\000e\000p\000c\000i\000\363\000n\000\040\000y\000\040\000a\000l\000m\000a\000c\000e\000n\000a\000m\000i\000e\000n\000t\000o\000\040\000d\000e\000\040\000p\000r\000o\000d\000u\000c\000t\000o\000s}{section.4}% 46
\BOOKMARK [2][-]{subsection.4.20}{\376\377\000R\000e\000c\000e\000p\000c\000i\000\363\000n\000\040\000y\000\040\000a\000l\000m\000a\000c\000e\000n\000a\000m\000i\000e\000n\000t\000o\000\040\000d\000e\000\040\000p\000r\000o\000d\000u\000c\000t\000o\000s\000\040\000n\000o\000-\000c\000o\000m\000e\000s\000t\000i\000b\000l\000e\000s}{section.4}% 47
\BOOKMARK [2][-]{subsection.4.21}{\376\377\000E\000q\000u\000i\000p\000o}{section.4}% 48
\BOOKMARK [3][-]{subsubsection.4.21.1}{\376\377\000D\000i\000s\000e\000\361\000o\000\040\000e\000\040\000i\000n\000s\000t\000a\000l\000a\000c\000i\000\363\000n}{subsection.4.21}% 49
\BOOKMARK [3][-]{subsubsection.4.21.2}{\376\377\000S\000u\000p\000e\000r\000f\000i\000c\000i\000e\000s\000\040\000e\000n\000\040\000c\000o\000n\000t\000a\000c\000t\000o\000\040\000c\000o\000n\000\040\000a\000l\000i\000e\000m\000e\000n\000t\000o\000s}{subsection.4.21}% 50
\BOOKMARK [3][-]{subsubsection.4.21.3}{\376\377\000C\000a\000l\000i\000b\000r\000a\000c\000i\000\363\000n\000\040\000y\000\040\000m\000a\000n\000t\000e\000n\000i\000m\000i\000e\000n\000t\000o\000\040\000d\000e\000\040\000e\000q\000u\000i\000p\000o\000s}{subsection.4.21}% 51
\BOOKMARK [2][-]{subsection.4.22}{\376\377\000C\000o\000n\000t\000r\000o\000l\000e\000s\000\040\000e\000s\000c\000r\000i\000t\000o\000s\000\040\000d\000e\000\040\000m\000a\000n\000t\000e\000n\000i\000m\000i\000e\000n\000t\000o}{section.4}% 52
\BOOKMARK [2][-]{subsection.4.23}{\376\377\000C\000o\000n\000t\000r\000o\000l\000\040\000d\000e\000\040\000c\000a\000l\000i\000b\000r\000a\000c\000i\000\363\000n}{section.4}% 53
\BOOKMARK [2][-]{subsection.4.24}{\376\377\000P\000e\000r\000s\000o\000n\000a\000l}{section.4}% 54
\BOOKMARK [3][-]{subsubsection.4.24.1}{\376\377\000C\000a\000p\000a\000c\000i\000t\000a\000c\000i\000o\000n\000e\000s}{subsection.4.24}% 55
\BOOKMARK [4][-]{paragraph.4.24.1.1}{\376\377\000E\000n\000t\000r\000e\000n\000a\000m\000i\000e\000n\000t\000o\000\040\000e\000n\000\040\000h\000i\000g\000i\000e\000n\000e\000\040\000a\000l\000i\000m\000e\000n\000t\000a\000r\000i\000a}{subsubsection.4.24.1}% 56
\BOOKMARK [4][-]{paragraph.4.24.1.2}{\376\377\000E\000n\000t\000r\000e\000n\000a\000m\000i\000e\000n\000t\000o\000\040\000t\000\351\000c\000n\000i\000c\000o}{subsubsection.4.24.1}% 57
\BOOKMARK [3][-]{subsubsection.4.24.2}{\376\377\000R\000e\000q\000u\000i\000s\000i\000t\000o\000s\000\040\000d\000e\000\040\000s\000e\000g\000u\000r\000i\000d\000a\000d\000\040\000e\000\040\000h\000i\000g\000i\000e\000n\000e}{subsection.4.24}% 58
\BOOKMARK [3][-]{subsubsection.4.24.3}{\376\377\000E\000n\000f\000e\000r\000m\000e\000d\000a\000d\000e\000s\000\040\000c\000o\000n\000t\000a\000g\000i\000o\000s\000a\000s\000\040\000y\000\040\000h\000e\000r\000i\000d\000a\000s}{subsection.4.24}% 59
\BOOKMARK [2][-]{subsection.4.25}{\376\377\000V\000i\000s\000i\000t\000a\000n\000t\000e\000s}{section.4}% 60
\BOOKMARK [2][-]{subsection.4.26}{\376\377\000P\000r\000e\000v\000e\000n\000c\000i\000\363\000n\000\040\000d\000e\000\040\000l\000a\000\040\000c\000o\000n\000t\000a\000m\000i\000n\000a\000c\000i\000\363\000n\000\040\000c\000r\000u\000z\000a\000d\000a}{section.4}% 61
\BOOKMARK [2][-]{subsection.4.27}{\376\377\000P\000r\000o\000g\000r\000a\000m\000a\000\040\000d\000e\000\040\000l\000i\000m\000p\000i\000e\000z\000a}{section.4}% 62
\BOOKMARK [2][-]{subsection.4.28}{\376\377\000C\000o\000n\000t\000r\000o\000l\000e\000s\000\040\000s\000a\000n\000i\000t\000a\000r\000i\000o\000s}{section.4}% 63
\BOOKMARK [2][-]{subsection.4.29}{\376\377\000P\000r\000o\000g\000r\000a\000m\000a\000\040\000d\000e\000\040\000c\000o\000n\000t\000r\000o\000l\000\040\000d\000e\000\040\000p\000l\000a\000g\000a\000s}{section.4}% 64
\BOOKMARK [2][-]{subsection.4.30}{\376\377\000C\000o\000n\000t\000r\000o\000l\000e\000s\000\040\000d\000e\000l\000\040\000p\000r\000o\000g\000r\000a\000m\000a\000\040\000d\000e\000\040\000c\000o\000n\000t\000r\000o\000l\000\040\000d\000e\000\040\000p\000l\000a\000g\000a\000s}{section.4}% 65
\BOOKMARK [2][-]{subsection.4.31}{\376\377\000R\000a\000s\000t\000r\000e\000o}{section.4}% 66
\BOOKMARK [2][-]{subsection.4.32}{\376\377\000C\000o\000d\000i\000f\000i\000c\000a\000c\000i\000\363\000n\000\040\000d\000e\000\040\000p\000r\000o\000d\000u\000c\000t\000o\000s}{section.4}% 67
\BOOKMARK [2][-]{subsection.4.33}{\376\377\000R\000e\000g\000i\000s\000t\000r\000o\000s}{section.4}% 68
\BOOKMARK [1][-]{section.5}{\376\377\000R\000e\000g\000l\000a\000m\000e\000n\000t\000o\000\040\000d\000e\000\040\000i\000n\000g\000r\000e\000s\000o\000\040\000a\000\040\000l\000a\000s\000\040\000i\000n\000s\000t\000a\000l\000a\000c\000i\000o\000n\000e\000s}{}% 69
\BOOKMARK [2][-]{subsection.5.1}{\376\377\000O\000b\000j\000e\000t\000i\000v\000o\000s}{section.5}% 70
\BOOKMARK [2][-]{subsection.5.2}{\376\377\000A\000l\000c\000a\000n\000c\000e}{section.5}% 71
\BOOKMARK [2][-]{subsection.5.3}{\376\377\000T\000e\000r\000m\000i\000n\000o\000l\000o\000g\000\355\000a\000\040\000y\000\040\000d\000e\000f\000i\000n\000i\000c\000i\000o\000n\000e\000s}{section.5}% 72
\BOOKMARK [2][-]{subsection.5.4}{\376\377\000D\000o\000c\000u\000m\000e\000n\000t\000o\000s\000\040\000y\000/\000o\000\040\000n\000o\000r\000m\000a\000s\000\040\000r\000e\000l\000a\000c\000i\000o\000n\000a\000d\000o\000s}{section.5}% 73
\BOOKMARK [2][-]{subsection.5.5}{\376\377\000R\000e\000g\000l\000a\000m\000e\000n\000t\000o\000\040\000d\000e\000\040\000i\000n\000g\000r\000e\000s\000o\000\040\000a\000l\000\040\000a\000l\000m\000a\000c\000\351\000n}{section.5}% 74
\BOOKMARK [3][-]{subsubsection.5.5.1}{\376\377\000D\000i\000s\000p\000o\000s\000i\000c\000i\000o\000n\000e\000s\000\040\000g\000e\000n\000e\000r\000a\000l\000e\000s}{subsection.5.5}% 75
\BOOKMARK [3][-]{subsubsection.5.5.2}{\376\377\000I\000n\000g\000r\000e\000s\000o\000\040\000d\000e\000\040\000p\000e\000r\000s\000o\000n\000a\000l\000\040\000i\000n\000t\000e\000r\000n\000o}{subsection.5.5}% 76
\BOOKMARK [3][-]{subsubsection.5.5.3}{\376\377\000I\000n\000g\000r\000e\000s\000o\000\040\000d\000e\000\040\000v\000i\000s\000i\000t\000a\000n\000t\000e\000s\000\040\000o\000\040\000p\000e\000r\000s\000o\000n\000a\000l\000\040\000c\000o\000n\000t\000r\000a\000t\000a\000d\000o\000\040\000p\000o\000r\000\040\000c\000l\000i\000e\000n\000t\000e\000s\000\040\000d\000e\000\040\000R\000D\000F\000\040\000\050\000P\000C\000P\000C\000\051}{subsection.5.5}% 77
\BOOKMARK [2][-]{subsection.5.6}{\376\377\000R\000e\000s\000p\000o\000n\000s\000a\000b\000l\000e\000\050\000s\000\051\000\040\000d\000e\000\040\000l\000a\000\040\000a\000c\000t\000i\000v\000i\000d\000a\000d}{section.5}% 78
\BOOKMARK [2][-]{subsection.5.7}{\376\377\000A\000c\000c\000i\000o\000n\000e\000s\000\040\000p\000r\000e\000v\000e\000n\000t\000i\000v\000a\000s}{section.5}% 79
\BOOKMARK [2][-]{subsection.5.8}{\376\377\000A\000c\000c\000i\000o\000n\000e\000s\000\040\000c\000o\000r\000r\000e\000c\000t\000i\000v\000a\000s}{section.5}% 80
\BOOKMARK [1][-]{section.6}{\376\377\000R\000e\000g\000l\000a\000m\000e\000n\000t\000o\000\040\000d\000e\000\040\000a\000l\000m\000a\000c\000\351\000n}{}% 81
\BOOKMARK [1][-]{section.7}{\376\377\000S\000a\000n\000c\000i\000\363\000n\000\040\000p\000o\000r\000\040\000n\000o\000\040\000c\000u\000m\000p\000l\000i\000r\000\040\000e\000l\000\040\000r\000e\000g\000l\000a\000m\000e\000n\000t\000o\000\040\000d\000e\000\040\000B\000P\000D}{}% 82
\BOOKMARK [2][-]{subsection.7.1}{\376\377\000O\000b\000j\000e\000t\000i\000v\000o}{section.7}% 83
\BOOKMARK [2][-]{subsection.7.2}{\376\377\000A\000l\000c\000a\000n\000c\000e}{section.7}% 84
\BOOKMARK [2][-]{subsection.7.3}{\376\377\000D\000o\000c\000u\000m\000e\000n\000t\000o\000s\000\040\000y\000/\000o\000\040\000n\000o\000r\000m\000a\000s\000\040\000r\000e\000l\000a\000c\000i\000o\000n\000a\000d\000o\000s}{section.7}% 85
\BOOKMARK [2][-]{subsection.7.4}{\376\377\000P\000r\000o\000c\000e\000d\000i\000m\000i\000e\000n\000t\000o}{section.7}% 86
\BOOKMARK [3][-]{subsubsection.7.4.1}{\376\377\000I\000n\000s\000t\000r\000u\000c\000c\000i\000o\000n\000e\000s}{subsection.7.4}% 87
\BOOKMARK [2][-]{subsection.7.5}{\376\377\000R\000e\000s\000p\000o\000n\000s\000a\000b\000l\000e\000\040\000d\000e\000\040\000l\000a\000\040\000a\000c\000t\000i\000v\000i\000d\000a\000d}{section.7}% 88
\BOOKMARK [2][-]{subsection.7.6}{\376\377\000A\000c\000c\000i\000o\000n\000e\000s\000\040\000p\000r\000e\000v\000e\000n\000t\000i\000v\000a\000s}{section.7}% 89
\BOOKMARK [2][-]{subsection.7.7}{\376\377\000A\000c\000c\000i\000o\000n\000e\000s\000\040\000c\000o\000r\000r\000e\000c\000t\000i\000v\000a\000s}{section.7}% 90
\BOOKMARK [2][-]{subsection.7.8}{\376\377\000F\000r\000e\000c\000u\000e\000n\000c\000i\000a}{section.7}% 91
\BOOKMARK [1][-]{section.8}{\376\377\000A\000n\000\341\000l\000i\000s\000i\000s\000\040\000c\000l\000\355\000n\000i\000c\000o\000s\000\040\000d\000e\000l\000\040\000p\000e\000r\000s\000o\000n\000a\000l}{}% 92
\BOOKMARK [2][-]{subsection.8.1}{\376\377\000O\000b\000j\000e\000t\000i\000v\000o}{section.8}% 93
\BOOKMARK [2][-]{subsection.8.2}{\376\377\000A\000l\000c\000a\000n\000c\000e}{section.8}% 94
\BOOKMARK [2][-]{subsection.8.3}{\376\377\000T\000e\000r\000m\000i\000n\000o\000l\000o\000g\000\355\000a\000\040\000y\000\040\000d\000e\000f\000i\000n\000i\000c\000i\000o\000n\000e\000s}{section.8}% 95
\BOOKMARK [2][-]{subsection.8.4}{\376\377\000D\000o\000c\000u\000m\000e\000n\000t\000o\000s\000\040\000y\000/\000o\000\040\000n\000o\000r\000m\000a\000s\000\040\000r\000e\000l\000a\000c\000i\000o\000n\000a\000d\000o\000s}{section.8}% 96
\BOOKMARK [2][-]{subsection.8.5}{\376\377\000P\000r\000o\000c\000e\000d\000i\000m\000i\000e\000n\000t\000o}{section.8}% 97
\BOOKMARK [3][-]{subsubsection.8.5.1}{\376\377\000P\000r\000o\000g\000r\000a\000m\000a\000\040\000d\000e\000\040\000a\000n\000\341\000l\000i\000s\000i\000s\000\040\000c\000l\000\355\000n\000i\000c\000o\000\040\000e\000x\000t\000e\000r\000n\000o}{subsection.8.5}% 98
\BOOKMARK [2][-]{subsection.8.6}{\376\377\000R\000e\000s\000p\000o\000n\000s\000a\000b\000l\000e\000\040\000d\000e\000\040\000l\000a\000\040\000a\000c\000t\000i\000v\000i\000d\000a\000d}{section.8}% 99
\BOOKMARK [2][-]{subsection.8.7}{\376\377\000A\000c\000c\000i\000o\000n\000e\000s\000\040\000c\000o\000r\000r\000e\000c\000t\000i\000v\000a\000s}{section.8}% 100
\BOOKMARK [2][-]{subsection.8.8}{\376\377\000F\000r\000e\000c\000u\000e\000n\000c\000i\000a}{section.8}% 101
\BOOKMARK [2][-]{subsection.8.9}{\376\377\000H\000i\000s\000t\000o\000r\000i\000a\000l\000\040\000d\000e\000\040\000m\000o\000d\000i\000f\000i\000c\000a\000c\000i\000o\000n\000e\000s}{section.8}% 102
\BOOKMARK [2][-]{subsection.8.10}{\376\377\000O\000b\000j\000e\000t\000i\000v\000o}{section.8}% 103
\BOOKMARK [2][-]{subsection.8.11}{\376\377\000A\000l\000c\000a\000n\000c\000e}{section.8}% 104
\BOOKMARK [2][-]{subsection.8.12}{\376\377\000P\000r\000o\000c\000e\000d\000i\000m\000i\000e\000n\000t\000o}{section.8}% 105
\BOOKMARK [3][-]{subsubsection.8.12.1}{\376\377\000P\000e\000r\000s\000o\000n\000a\000l\000\040\000c\000o\000n\000\040\000h\000e\000r\000i\000d\000a\000s}{subsection.8.12}% 106
\BOOKMARK [3][-]{subsubsection.8.12.2}{\376\377\000P\000e\000r\000s\000o\000n\000a\000l\000\040\000c\000o\000n\000\040\000e\000n\000f\000e\000r\000m\000e\000d\000a\000d\000e\000s\000\040\000i\000n\000f\000e\000c\000t\000o\000-\000c\000o\000n\000t\000a\000g\000i\000o\000s\000a\000s\000\040\000o\000\040\000a\000f\000e\000c\000c\000i\000o\000n\000e\000s\000\040\000e\000n\000\040\000l\000a\000\040\000p\000i\000e\000l}{subsection.8.12}% 107
\BOOKMARK [2][-]{subsection.8.13}{\376\377\000F\000r\000e\000c\000u\000e\000n\000c\000i\000a}{section.8}% 108
\BOOKMARK [2][-]{subsection.8.14}{\376\377\000R\000e\000s\000p\000o\000n\000s\000a\000b\000l\000e\000s}{section.8}% 109
\BOOKMARK [2][-]{subsection.8.15}{\376\377\000A\000c\000c\000i\000o\000n\000e\000s\000\040\000p\000r\000e\000v\000e\000n\000t\000i\000v\000a\000s}{section.8}% 110
\BOOKMARK [2][-]{subsection.8.16}{\376\377\000A\000c\000c\000i\000o\000n\000e\000s\000\040\000c\000o\000r\000r\000e\000c\000t\000i\000v\000a\000s}{section.8}% 111
\BOOKMARK [1][-]{section.9}{\376\377\000P\000o\000l\000\355\000t\000i\000c\000a\000\040\000d\000e\000\040\000i\000g\000u\000a\000l\000d\000a\000d\000\040\000l\000a\000b\000o\000r\000a\000l}{}% 112
\BOOKMARK [2][-]{subsection.9.1}{\376\377\000O\000b\000j\000e\000t\000i\000v\000o}{section.9}% 113
\BOOKMARK [2][-]{subsection.9.2}{\376\377\000A\000l\000c\000a\000n\000c\000e}{section.9}% 114
\BOOKMARK [2][-]{subsection.9.3}{\376\377\000D\000o\000c\000u\000m\000e\000n\000t\000o\000s\000\040\000y\000/\000o\000\040\000n\000o\000r\000m\000a\000s\000\040\000r\000e\000l\000a\000c\000i\000o\000n\000a\000d\000a\000s}{section.9}% 115
\BOOKMARK [2][-]{subsection.9.4}{\376\377\000P\000o\000l\000\355\000t\000i\000c\000a\000\040\000d\000e\000\040\000i\000g\000u\000a\000l\000d\000a\000d\000\040\000l\000a\000b\000o\000r\000a\000l}{section.9}% 116
\BOOKMARK [1][-]{section.10}{\376\377\000A\000d\000q\000u\000i\000s\000i\000c\000i\000\363\000n\000\040\000d\000e\000\040\000r\000e\000c\000u\000r\000s\000o\000s}{}% 117
\BOOKMARK [2][-]{subsection.10.1}{\376\377\000O\000b\000j\000e\000t\000i\000v\000o}{section.10}% 118
\BOOKMARK [2][-]{subsection.10.2}{\376\377\000A\000l\000c\000a\000n\000c\000e}{section.10}% 119
\BOOKMARK [2][-]{subsection.10.3}{\376\377\000T\000e\000r\000m\000i\000n\000o\000l\000o\000g\000\355\000a\000\040\000y\000\040\000d\000e\000f\000i\000n\000i\000c\000i\000o\000n\000e\000s}{section.10}% 120
\BOOKMARK [2][-]{subsection.10.4}{\376\377\000D\000o\000c\000u\000m\000e\000n\000t\000o\000s\000\040\000y\000/\000o\000\040\000n\000o\000r\000m\000a\000s\000\040\000r\000e\000l\000a\000c\000i\000o\000n\000a\000d\000a\000s}{section.10}% 121
\BOOKMARK [2][-]{subsection.10.5}{\376\377\000P\000r\000o\000c\000e\000d\000i\000m\000i\000e\000n\000t\000o}{section.10}% 122
\BOOKMARK [3][-]{subsubsection.10.5.1}{\376\377\000C\000o\000m\000p\000r\000a\000\040\000d\000e\000\040\000i\000n\000s\000u\000m\000o\000s\000\040\000f\000r\000e\000c\000u\000e\000n\000t\000e\000s}{subsection.10.5}% 123
\BOOKMARK [3][-]{subsubsection.10.5.2}{\376\377\000C\000o\000m\000p\000r\000a\000\040\000d\000e\000\040\000r\000e\000c\000u\000r\000s\000o\000s\000\040\000f\000u\000e\000r\000a\000\040\000d\000e\000\040\000l\000a\000\040\000l\000i\000s\000t\000a\000\040\000d\000e\000\040\000p\000r\000o\000v\000e\000e\000d\000o\000r\000e\000s\000\040\000a\000u\000t\000o\000r\000i\000z\000a\000d\000o\000s}{subsection.10.5}% 124
\BOOKMARK [2][-]{subsection.10.6}{\376\377\000F\000r\000e\000c\000u\000e\000n\000c\000i\000a}{section.10}% 125
\BOOKMARK [1][-]{section.11}{\376\377\000L\000l\000e\000n\000a\000d\000o\000\040\000d\000e\000\040\000f\000o\000r\000m\000u\000l\000a\000r\000i\000o\000s\000\040\000d\000e\000\040\000o\000r\000d\000e\000n\000\040\000d\000e\000\040\000s\000a\000l\000i\000d\000a}{}% 126
\BOOKMARK [2][-]{subsection.11.1}{\376\377\000O\000b\000j\000e\000t\000i\000v\000o}{section.11}% 127
\BOOKMARK [2][-]{subsection.11.2}{\376\377\000A\000l\000c\000a\000n\000c\000e}{section.11}% 128
\BOOKMARK [2][-]{subsection.11.3}{\376\377\000T\000e\000r\000m\000i\000n\000o\000l\000o\000g\000\355\000a\000\040\000y\000\040\000d\000e\000f\000i\000n\000i\000c\000i\000o\000n\000e\000s}{section.11}% 129
\BOOKMARK [2][-]{subsection.11.4}{\376\377\000D\000o\000c\000u\000m\000e\000n\000t\000o\000s\000\040\000y\000/\000o\000\040\000n\000o\000r\000m\000a\000s\000\040\000r\000e\000l\000a\000c\000i\000o\000n\000a\000d\000a\000s}{section.11}% 130
\BOOKMARK [2][-]{subsection.11.5}{\376\377\000I\000n\000s\000t\000r\000u\000c\000c\000i\000o\000n\000e\000s}{section.11}% 131
\BOOKMARK [3][-]{subsubsection.11.5.1}{\376\377\000M\000a\000t\000e\000r\000i\000a\000l\000e\000s}{subsection.11.5}% 132
\BOOKMARK [3][-]{subsubsection.11.5.2}{\376\377\000I\000n\000s\000t\000r\000u\000c\000c\000i\000o\000n\000e\000s}{subsection.11.5}% 133
\BOOKMARK [4][-]{paragraph.11.5.2.1}{\376\377\000\247\000A\000\040\000-\000\040\000D\000a\000t\000o\000s\000\040\000d\000e\000\040\000i\000d\000e\000n\000t\000i\000f\000i\000c\000a\000c\000i\000\363\000n}{subsubsection.11.5.2}% 134
\BOOKMARK [4][-]{paragraph.11.5.2.2}{\376\377\000\247\000B\000\040\000-\000\040\000C\000o\000n\000d\000i\000c\000i\000o\000n\000e\000s\000\040\000d\000e\000l\000\040\000p\000r\000o\000d\000u\000c\000t\000o}{subsubsection.11.5.2}% 135
\BOOKMARK [4][-]{paragraph.11.5.2.3}{\376\377\000\247\000C\000\040\000-\000\040\000S\000e\000r\000v\000i\000c\000i\000o\000s}{subsubsection.11.5.2}% 136
\BOOKMARK [4][-]{paragraph.11.5.2.4}{\376\377\000\247\000D\000\040\000-\000\040\000O\000b\000s\000e\000r\000v\000a\000c\000i\000o\000n\000e\000s}{subsubsection.11.5.2}% 137
\BOOKMARK [2][-]{subsection.11.6}{\376\377\000R\000e\000s\000p\000o\000n\000s\000a\000b\000l\000e\000s\000\040\000d\000e\000\040\000l\000a\000\040\000a\000c\000t\000i\000v\000i\000d\000a\000d}{section.11}% 138
\BOOKMARK [2][-]{subsection.11.7}{\376\377\000A\000c\000c\000i\000o\000n\000e\000s\000\040\000p\000r\000e\000v\000e\000n\000t\000i\000v\000a\000s}{section.11}% 139
\BOOKMARK [2][-]{subsection.11.8}{\376\377\000A\000c\000c\000i\000o\000n\000e\000s\000\040\000c\000o\000r\000r\000e\000c\000t\000i\000v\000a\000s}{section.11}% 140
\BOOKMARK [2][-]{subsection.11.9}{\376\377\000F\000r\000e\000c\000u\000e\000n\000c\000i\000a}{section.11}% 141
\BOOKMARK [1][-]{appendix.A}{\376\377\000B\000P\000D\000\040\040\024\000\040\000A\000p\000\351\000n\000d\000i\000c\000e\000\040\0001}{}% 142
\BOOKMARK [1][-]{appendix.B}{\376\377\000C\000a\000r\000t\000a\000\040\000c\000o\000m\000p\000r\000o\000m\000i\000s\000o\000\040\000d\000e\000\040\000c\000u\000m\000p\000l\000i\000m\000i\000e\000n\000t\000o\000\040\000d\000e\000l\000\040\000r\000e\000g\000l\000a\000m\000e\000n\000t\000o\000\040\000i\000n\000t\000e\000r\000n\000o}{}% 143
\BOOKMARK [1][-]{appendix.C}{\376\377\000C\000a\000r\000t\000a\000\040\000d\000e\000\040\000v\000a\000l\000i\000d\000a\000c\000i\000\363\000n\000\040\000d\000e\000\040\000i\000n\000f\000o\000r\000m\000a\000c\000i\000\363\000n\000\040\000d\000o\000c\000u\000m\000e\000n\000t\000a\000d\000a}{}% 144
\BOOKMARK [1][-]{section*.17}{\376\377\000G\000l\000o\000s\000a\000r\000i\000o}{}% 145
