This is XeTeX, Version 3.141592653-2.6-0.999994 (MiKTeX 22.12) (preloaded format=xelatex 2023.1.24)  31 JAN 2023 11:17
entering extended mode
 \write18 enabled.
 file:line:error style messages enabled.
 %&-line parsing enabled.
**./1-BPM-2023.tex
(1-BPM-2023.tex
LaTeX2e <2022-11-01> patch level 1
L3 programming layer <2022-12-17> (C:\Program Files\MiKTeX\tex/latex/base\article.cls
Document Class: article 2022/07/02 v1.4n Standard LaTeX document class
(C:\Program Files\MiKTeX\tex/latex/base\size10.clo
File: size10.clo 2022/07/02 v1.4n Standard LaTeX file (size option)
)
\c@part=\count181
\c@section=\count182
\c@subsection=\count183
\c@subsubsection=\count184
\c@paragraph=\count185
\c@subparagraph=\count186
\c@figure=\count187
\c@table=\count188
\abovecaptionskip=\skip48
\belowcaptionskip=\skip49
\bibindent=\dimen140
) (C:\Users\Usuario\AppData\Roaming\MiKTeX\tex/latex/changelog\changelog.sty
Package: changelog 2020/08/26 2.4.0 Typesetting changelogs
 (C:\Program Files\MiKTeX\tex/latex/l3packages/xparse\xparse.sty
(C:\Program Files\MiKTeX\tex/latex/l3kernel\expl3.sty
Package: expl3 2022-12-17 L3 programming layer (loader) 
 (C:\Program Files\MiKTeX\tex/latex/l3backend\l3backend-xetex.def
File: l3backend-xetex.def 2022-10-26 L3 backend support: XeTeX
\g__graphics_track_int=\count189
\l__pdf_internal_box=\box51
\g__pdf_backend_object_int=\count190
\g__pdf_backend_annotation_int=\count191
\g__pdf_backend_link_int=\count192
))
Package: xparse 2022-12-17 L3 Experimental document command parser
) (C:\Program Files\MiKTeX\tex/latex/xkeyval\xkeyval.sty
Package: xkeyval 2022/06/16 v2.9 package option processing (HA)

(C:\Program Files\MiKTeX\tex/generic/xkeyval\xkeyval.tex (C:\Program Files\MiKTeX\tex/generic/xkeyval\xkvutils.tex
\XKV@toks=\toks16
\XKV@tempa@toks=\toks17
 (C:\Program Files\MiKTeX\tex/generic/xkeyval\keyval.tex))
\XKV@depth=\count193
File: xkeyval.tex 2014/12/03 v2.7a key=value parser (HA)
))
(C:\Users\Usuario\AppData\Roaming\MiKTeX\tex/latex/translations\translations.sty
Package: translations 2022/02/05 v1.12 internationalization of LaTeX2e packages (CN)
 (C:\Program Files\MiKTeX\tex/latex/etoolbox\etoolbox.sty
Package: etoolbox 2020/10/05 v2.5k e-TeX tools for LaTeX (JAW)
\etb@tempcnta=\count194
)
(C:\Program Files\MiKTeX\tex/generic/pdftexcmds\pdftexcmds.sty
Package: pdftexcmds 2020-06-27 v0.33 Utility functions of pdfTeX for LuaTeX (HO)
 (C:\Users\Usuario\AppData\Roaming\MiKTeX\tex/generic/infwarerr\infwarerr.sty
Package: infwarerr 2019/12/03 v1.5 Providing info/warning/error messages (HO)
) (C:\Program Files\MiKTeX\tex/generic/iftex\iftex.sty
Package: iftex 2022/02/03 v1.0f TeX engine tests
)
(C:\Users\Usuario\AppData\Roaming\MiKTeX\tex/generic/ltxcmds\ltxcmds.sty
Package: ltxcmds 2020-05-10 v1.25 LaTeX kernel commands for general use (HO)
)
Package pdftexcmds Info: \pdf@primitive is available.
Package pdftexcmds Info: \pdf@ifprimitive is available.
Package pdftexcmds Info: \pdfdraftmode not found.
))) (C:\Program Files\MiKTeX\tex/latex/fontspec\fontspec.sty
Package: fontspec 2022/01/15 v2.8a Font selection for XeLaTeX and LuaLaTeX
 (C:\Program Files\MiKTeX\tex/latex/fontspec\fontspec-xetex.sty
Package: fontspec-xetex 2022/01/15 v2.8a Font selection for XeLaTeX and LuaLaTeX
\l__fontspec_script_int=\count195
\l__fontspec_language_int=\count196
\l__fontspec_strnum_int=\count197
\l__fontspec_tmp_int=\count198
\l__fontspec_tmpa_int=\count199
\l__fontspec_tmpb_int=\count266
\l__fontspec_tmpc_int=\count267
\l__fontspec_em_int=\count268
\l__fontspec_emdef_int=\count269
\l__fontspec_strong_int=\count270
\l__fontspec_strongdef_int=\count271
\l__fontspec_tmpa_dim=\dimen141
\l__fontspec_tmpb_dim=\dimen142
\l__fontspec_tmpc_dim=\dimen143

(C:\Program Files\MiKTeX\tex/latex/base\fontenc.sty
Package: fontenc 2021/04/29 v2.0v Standard LaTeX package
) (C:\Program Files\MiKTeX\tex/latex/fontspec\fontspec.cfg)))

Package fontspec Info: Font family 'Carlito(0)' created for font 'Carlito'
(fontspec)             with options [Ligatures=TeX].
(fontspec)              
(fontspec)              This font family consists of the following NFSS
(fontspec)             series/shapes:
(fontspec)              
(fontspec)             - 'normal' (m/n) with NFSS spec.:
(fontspec)             <->"Carlito/OT:script=latn;language=dflt;mapping=tex-text;"
(fontspec)             - 'small caps'  (m/sc) with NFSS spec.: 
(fontspec)             - 'bold' (b/n) with NFSS spec.:
(fontspec)             <->"Carlito/B/OT:script=latn;language=dflt;mapping=tex-text;"
(fontspec)             - 'bold small caps'  (b/sc) with NFSS spec.: 
(fontspec)             - 'italic' (m/it) with NFSS spec.:
(fontspec)             <->"Carlito/I/OT:script=latn;language=dflt;mapping=tex-text;"
(fontspec)             - 'italic small caps'  (m/scit) with NFSS spec.: 
(fontspec)             - 'bold italic' (b/it) with NFSS spec.:
(fontspec)             <->"Carlito/BI/OT:script=latn;language=dflt;mapping=tex-text;"
(fontspec)             - 'bold italic small caps'  (b/scit) with NFSS spec.: 

 (C:\Users\Usuario\AppData\Roaming\MiKTeX\tex/latex/polyglossia\polyglossia.sty
Package: polyglossia 2022/11/29 v1.59 Modern multilingual typesetting with XeLaTeX and LuaLaTeX

(C:\Users\Usuario\AppData\Roaming\MiKTeX\tex/latex/makecmds\makecmds.sty
Package: makecmds 2009/09/03 v1.0a extra command making commands
) (C:\Program Files\MiKTeX\tex/latex/l3packages/l3keys2e\l3keys2e.sty
Package: l3keys2e 2022-12-17 LaTeX2e option processing using LaTeX3 keys
)
\xpg@normalclass=\XeTeXcharclass1

(C:\Users\Usuario\AppData\Roaming\MiKTeX\tex/latex/polyglossia\gloss-latex.lde
Package: gloss-latex 2022/11/29 vv1.59 polyglossia: module for default language
The property list \polyglossia@langsetup contains the pairs (without outer
braces):
>  {latex/script}  =>  {latin}
>  {latex/lcscript}  =>  {latin}
>  {latex/scripttag}  =>  {}
>  {latex/language}  =>  {Latex}
>  {latex/langtag}  =>  {ENG}
>  {latex/bcp47}  =>  {}
>  {latex/hyphennames}  =>  {english}
>  {latex/direction}  =>  {LR}
>  {latex/hyphenmins}  =>  {2,3}
>  {latex/frenchspacing}  =>  {false}
>  {latex/indentfirst}  =>  {false}
>  {latex/fontsetup}  =>  {true}
>  {latex/envname}  =>  {latex}
>  {latex/babelname}  =>  {latex}
>  {latex/localnumeral}  =>  {polyglossia@C@localnumeral}
>  {latex/Localnumeral}  =>  {polyglossia@C@localnumeral}
>  {latex/DefineCommandsCmd}  =>  {use_none:n}.
)
Package polyglossia Info: Default language is latex.
) (C:\Users\Usuario\AppData\Roaming\MiKTeX\tex/latex/polyglossia\gloss-spanish.ldf
File: gloss-spanish.ldf polyglossia: module for Spanish
The property list \polyglossia@langsetup contains the pairs (without outer
braces):
>  {latex/script}  =>  {latin}
>  {latex/lcscript}  =>  {latin}
>  {latex/scripttag}  =>  {}
>  {latex/language}  =>  {Latex}
>  {latex/langtag}  =>  {ENG}
>  {latex/bcp47}  =>  {}
>  {latex/hyphennames}  =>  {english}
>  {latex/direction}  =>  {LR}
>  {latex/hyphenmins}  =>  {2,3}
>  {latex/frenchspacing}  =>  {false}
>  {latex/indentfirst}  =>  {false}
>  {latex/fontsetup}  =>  {true}
>  {latex/envname}  =>  {latex}
>  {latex/babelname}  =>  {latex}
>  {latex/localnumeral}  =>  {polyglossia@C@localnumeral}
>  {latex/Localnumeral}  =>  {polyglossia@C@localnumeral}
>  {latex/DefineCommandsCmd}  =>  {use_none:n}
>  {spanish/script}  =>  {latin}
>  {spanish/lcscript}  =>  {latin}
>  {spanish/scripttag}  =>  {}
>  {spanish/language}  =>  {Spanish}
>  {spanish/langtag}  =>  {ESP}
>  {spanish/bcp47}  =>  {es-ES}
>  {spanish/hyphennames}  =>  {spanish}
>  {spanish/direction}  =>  {LR}
>  {spanish/hyphenmins}  =>  {2,2}
>  {spanish/frenchspacing}  =>  {true}
>  {spanish/indentfirst}  =>  {true}
>  {spanish/fontsetup}  =>  {true}
>  {spanish/envname}  =>  {spanish}
>  {spanish/babelname}  =>  {spanish}
>  {spanish/localnumeral}  =>  {polyglossia@C@localnumeral}
>  {spanish/Localnumeral}  =>  {polyglossia@C@localnumeral}
>  {spanish/DefineCommandsCmd}  =>  {xpg_define_language_commands:e}
>  {spanish/totalhyphenmin}  =>  {5}.
Package polyglossia Info: Option: spanish, variant=spanish.
Package polyglossia Info: Option: Spanish, spanishoperators=none.
)
Package polyglossia Info: Option: spanish, variant=mexican.
Package polyglossia Info: Option: Spanish, spanishoperators=all.
Package polyglossia Info: Option: spanish, variant=mexican.
Package polyglossia Info: Option: Spanish, spanishoperators=all.
Package polyglossia Info: Default language is spanish.
Package polyglossia Info: Option: spanish, variant=mexican.
Package polyglossia Info: Option: Spanish, spanishoperators=all.

(C:\Users\Usuario\AppData\Roaming\MiKTeX\tex/latex/tracklang\tracklang.sty
Package: tracklang 2022/12/13 v1.6.1 (NLCT) Track Languages
 (C:\Users\Usuario\AppData\Roaming\MiKTeX\tex/generic/tracklang\tracklang.tex))

Package tracklang Warning: Unknown dialect label `hdialecti' passed to \SetCurrentTrackedDialect on input line 26.

(C:\Program Files\MiKTeX\tex/latex/glossaries-extra\glossaries-extra.sty
Package: glossaries-extra 2022/11/08 v1.50 (NLCT)
 (C:\Program Files\MiKTeX\tex/latex/glossaries/base\glossaries.sty
Package: glossaries 2022/11/03 v4.52 (NLCT)
 (C:\Program Files\MiKTeX\tex/latex/base\ifthen.sty
Package: ifthen 2022/04/13 v1.1d Standard LaTeX ifthen package (DPC)
)
(C:\Program Files\MiKTeX\tex/latex/mfirstuc\mfirstuc.sty
Package: mfirstuc 2022/10/14 v2.08 (NLCT)
\@glsmfirst=\toks18
\@glsmrest=\toks19
) (C:\Program Files\MiKTeX\tex/latex/xfor\xfor.sty
Package: xfor 2009/02/05 v1.05 (NLCT)
) (C:\Program Files\MiKTeX\tex/latex/datatool\datatool-base.sty
Package: datatool-base 2019/09/27 v2.32 (NLCT)

(C:\Program Files\MiKTeX\tex/latex/amsmath\amsmath.sty
Package: amsmath 2022/04/08 v2.17n AMS math features
\@mathmargin=\skip50

For additional information on amsmath, use the `?' option.
(C:\Program Files\MiKTeX\tex/latex/amsmath\amstext.sty
Package: amstext 2021/08/26 v2.01 AMS text
 (C:\Program Files\MiKTeX\tex/latex/amsmath\amsgen.sty
File: amsgen.sty 1999/11/30 v2.0 generic functions
\@emptytoks=\toks20
\ex@=\dimen144
)) (C:\Program Files\MiKTeX\tex/latex/amsmath\amsbsy.sty
Package: amsbsy 1999/11/29 v1.2d Bold Symbols
\pmbraise@=\dimen145
)
(C:\Program Files\MiKTeX\tex/latex/amsmath\amsopn.sty
Package: amsopn 2022/04/08 v2.04 operator names
)
\inf@bad=\count272
LaTeX Info: Redefining \frac on input line 234.
\uproot@=\count273
\leftroot@=\count274
LaTeX Info: Redefining \overline on input line 399.
LaTeX Info: Redefining \colon on input line 410.
\classnum@=\count275
\DOTSCASE@=\count276
LaTeX Info: Redefining \ldots on input line 496.
LaTeX Info: Redefining \dots on input line 499.
LaTeX Info: Redefining \cdots on input line 620.
\Mathstrutbox@=\box52
\strutbox@=\box53
LaTeX Info: Redefining \big on input line 722.
LaTeX Info: Redefining \Big on input line 723.
LaTeX Info: Redefining \bigg on input line 724.
LaTeX Info: Redefining \Bigg on input line 725.
\big@size=\dimen146
LaTeX Font Info:    Redeclaring font encoding OML on input line 743.
LaTeX Font Info:    Redeclaring font encoding OMS on input line 744.
\macc@depth=\count277
LaTeX Info: Redefining \bmod on input line 905.
LaTeX Info: Redefining \pmod on input line 910.
LaTeX Info: Redefining \smash on input line 940.
LaTeX Info: Redefining \relbar on input line 970.
LaTeX Info: Redefining \Relbar on input line 971.
\c@MaxMatrixCols=\count278
\dotsspace@=\muskip16
\c@parentequation=\count279
\dspbrk@lvl=\count280
\tag@help=\toks21
\row@=\count281
\column@=\count282
\maxfields@=\count283
\andhelp@=\toks22
\eqnshift@=\dimen147
\alignsep@=\dimen148
\tagshift@=\dimen149
\tagwidth@=\dimen150
\totwidth@=\dimen151
\lineht@=\dimen152
\@envbody=\toks23
\multlinegap=\skip51
\multlinetaggap=\skip52
\mathdisplay@stack=\toks24
LaTeX Info: Redefining \[ on input line 2953.
LaTeX Info: Redefining \] on input line 2954.
) (C:\Program Files\MiKTeX\tex/latex/substr\substr.sty
Package: substr 2009/10/20 v1.2 Handle substrings
\c@su@anzahl=\count284
) (C:\Program Files\MiKTeX\tex/latex/datatool\datatool-fp.sty
Package: datatool-fp 2019/09/27 v2.32 (NLCT)

(C:\Program Files\MiKTeX\tex/latex/fp\fp.sty
Package: fp 1995/04/02
 `Fixed Point Package', Version 0.8, April 2, 1995 (C) Michael Mehlich (C:\Program Files\MiKTeX\tex/latex/fp\defpattern.sty
Package: defpattern 1994/10/12
\actioncount=\count285
)
(C:\Program Files\MiKTeX\tex/latex/fp\fp-basic.sty
Package: fp-basic 1996/05/13
\FP@xs=\count286
\FP@xia=\count287
\FP@xib=\count288
\FP@xfa=\count289
\FP@xfb=\count290
\FP@rega=\count291
\FP@regb=\count292
\FP@regs=\count293
\FP@times=\count294
) (C:\Program Files\MiKTeX\tex/latex/fp\fp-addons.sty
Package: fp-addons 1995/03/15
) (C:\Program Files\MiKTeX\tex/latex/fp\fp-snap.sty
Package: fp-snap 1995/04/05
)
(C:\Program Files\MiKTeX\tex/latex/fp\fp-exp.sty
Package: fp-exp 1995/04/03
) (C:\Program Files\MiKTeX\tex/latex/fp\fp-trigo.sty
Package: fp-trigo 1995/04/14
) (C:\Program Files\MiKTeX\tex/latex/fp\fp-pas.sty
Package: fp-pas 1994/08/29
)
(C:\Program Files\MiKTeX\tex/latex/fp\fp-random.sty
Package: fp-random 1995/02/23
\FPseed=\count295
) (C:\Program Files\MiKTeX\tex/latex/fp\fp-eqn.sty
Package: fp-eqn 1995/04/03
) (C:\Program Files\MiKTeX\tex/latex/fp\fp-upn.sty
Package: fp-upn 1996/10/21
)
(C:\Program Files\MiKTeX\tex/latex/fp\fp-eval.sty
Package: fp-eval 1995/04/03
)))
\@dtl@toks=\toks25
\@dtl@tmpcount=\count296
\dtl@tmplength=\skip53
\dtl@sortresult=\count297
\@dtl@numgrpsepcount=\count298
\@dtl@datatype=\count299
\dtl@codeA=\count300
\dtl@codeB=\count301
\@dtl@foreach@level=\count302
)
Package glossaries Info: debug mode ON (nowarn option disabled) on input line 1181.
 (C:\Program Files\MiKTeX\tex/latex/glossaries-spanish\glossaries-spanish.ldf
File: glossaries-spanish.ldf 2014/11/23 v1.0

(C:\Program Files\MiKTeX\tex/latex/glossaries-spanish\glossaries-spanish-utf8.ldf))
\gls@level=\count303
\@gls@tmpb=\toks26
\gls@tmplen=\skip54
\glskeylisttok=\toks27
\glslabeltok=\toks28
\glsshorttok=\toks29
\glslongtok=\toks30
 (C:\Program Files\MiKTeX\tex/latex/glossaries/styles\glossary-hypernav.sty
Package: glossary-hypernav 2022/11/03 v4.52 (NLCT)
)
(C:\Program Files\MiKTeX\tex/latex/glossaries/styles\glossary-list.sty
Package: glossary-list 2022/11/03 v4.52 (NLCT)
\glslistdottedwidth=\skip55
) (C:\Program Files\MiKTeX\tex/latex/glossaries/styles\glossary-long.sty
Package: glossary-long 2022/11/03 v4.52 (NLCT)
 (C:\Program Files\MiKTeX\tex/latex/tools\longtable.sty
Package: longtable 2021-09-01 v4.17 Multi-page Table package (DPC)
\LTleft=\skip56
\LTright=\skip57
\LTpre=\skip58
\LTpost=\skip59
\LTchunksize=\count304
\LTcapwidth=\dimen153
\LT@head=\box54
\LT@firsthead=\box55
\LT@foot=\box56
\LT@lastfoot=\box57
\LT@gbox=\box58
\LT@cols=\count305
\LT@rows=\count306
\c@LT@tables=\count307
\c@LT@chunks=\count308
\LT@p@ftn=\toks31
)
\glsdescwidth=\skip60
\glspagelistwidth=\skip61
)
(C:\Program Files\MiKTeX\tex/latex/glossaries/styles\glossary-super.sty
Package: glossary-super 2022/11/03 v4.52 (NLCT)
 (C:\Program Files\MiKTeX\tex/latex/supertabular\supertabular.sty
Package: supertabular 2020/02/02 v4.1g the supertabular environment
\c@tracingst=\count309
\ST@wd=\dimen154
\ST@rightskip=\skip62
\ST@leftskip=\skip63
\ST@parfillskip=\skip64
\ST@pageleft=\dimen155
\ST@headht=\dimen156
\ST@tailht=\dimen157
\ST@pagesofar=\dimen158
\ST@pboxht=\dimen159
\ST@lineht=\dimen160
\ST@prevht=\dimen161
\ST@toadd=\dimen162
\ST@dimen=\dimen163
\ST@pbox=\box59
))
(C:\Program Files\MiKTeX\tex/latex/glossaries/styles\glossary-tree.sty
Package: glossary-tree 2022/11/03 v4.52 (NLCT)
\glstreeindent=\skip65
))
\@glsxtr@leveloffset=\count310
\glsxtrresourcecount=\count311
\@glsxtrnewgls@inner=\count312
\glsshortpltok=\toks32
\glslongpltok=\toks33
 (C:\Program Files\MiKTeX\tex/latex/glossaries-extra\glossaries-extra-abbrstyles.def
File: glossaries-extra-abbrstyles.def 2022/06/16 v1.48b (NLCT)
)
\mglselementindex=\count313
)
\glswrite=\write3
\glo@main@file=\write4
\openout4 = `1-BPM-2023.glo'.

Package glossaries Info: Writing glossary file 1-BPM-2023.glo on input line 31.
 (glosario-def.tex)
(C:\Program Files\MiKTeX\tex/latex/imakeidx\imakeidx.sty
Package: imakeidx 2016/10/15 v1.3e Package for typesetting indices in a synchronous mode
 (C:\Program Files\MiKTeX\tex/generic/iftex\ifxetex.sty
Package: ifxetex 2019/10/25 v0.7 ifxetex legacy package. Use iftex instead.
) (C:\Program Files\MiKTeX\tex/generic/iftex\ifluatex.sty
Package: ifluatex 2019/10/25 v1.5 ifluatex legacy package. Use iftex instead.
)
(C:\Program Files\MiKTeX\tex/latex/tools\multicol.sty
Package: multicol 2021/11/30 v1.9d multicolumn formatting (FMi)
\c@tracingmulticols=\count314
\mult@box=\box60
\multicol@leftmargin=\dimen164
\c@unbalance=\count315
\c@collectmore=\count316
\doublecol@number=\count317
\multicoltolerance=\count318
\multicolpretolerance=\count319
\full@width=\dimen165
\page@free=\dimen166
\premulticols=\dimen167
\postmulticols=\dimen168
\multicolsep=\skip66
\multicolbaselineskip=\skip67
\partial@page=\box61
\last@line=\box62
\maxbalancingoverflow=\dimen169
\mult@rightbox=\box63
\mult@grightbox=\box64
\mult@firstbox=\box65
\mult@gfirstbox=\box66
\@tempa=\box67
\@tempa=\box68
\@tempa=\box69
\@tempa=\box70
\@tempa=\box71
\@tempa=\box72
\@tempa=\box73
\@tempa=\box74
\@tempa=\box75
\@tempa=\box76
\@tempa=\box77
\@tempa=\box78
\@tempa=\box79
\@tempa=\box80
\@tempa=\box81
\@tempa=\box82
\@tempa=\box83
\@tempa=\box84
\@tempa=\box85
\@tempa=\box86
\@tempa=\box87
\@tempa=\box88
\@tempa=\box89
\@tempa=\box90
\@tempa=\box91
\@tempa=\box92
\@tempa=\box93
\@tempa=\box94
\@tempa=\box95
\@tempa=\box96
\@tempa=\box97
\@tempa=\box98
\@tempa=\box99
\@tempa=\box100
\@tempa=\box101
\@tempa=\box102
\c@minrows=\count320
\c@columnbadness=\count321
\c@finalcolumnbadness=\count322
\last@try=\dimen170
\multicolovershoot=\dimen171
\multicolundershoot=\dimen172
\mult@nat@firstbox=\box103
\colbreak@box=\box104
\mc@col@check@num=\count323
))
\1-BPM-2023@idxfile=\write5
\openout5 = `1-BPM-2023.idx'.


Writing index file 1-BPM-2023.idx
(C:\Users\Usuario\AppData\Roaming\MiKTeX\tex/latex/footmisc\footmisc.sty
Package: footmisc 2022/03/08 v6.0d a miscellany of footnote facilities
\FN@temptoken=\toks34
\footnotemargin=\dimen173
\@outputbox@depth=\dimen174
Package footmisc Info: Declaring symbol style bringhurst on input line 695.
Package footmisc Info: Declaring symbol style chicago on input line 703.
Package footmisc Info: Declaring symbol style wiley on input line 712.
Package footmisc Info: Declaring symbol style lamport-robust on input line 723.
Package footmisc Info: Declaring symbol style lamport* on input line 743.
Package footmisc Info: Declaring symbol style lamport*-robust on input line 764.
) (C:\Users\Usuario\AppData\Roaming\MiKTeX\tex/latex/microtype\microtype.sty
Package: microtype 2022/06/23 v3.0f Micro-typographical refinements (RS)
\MT@toks=\toks35
\MT@tempbox=\box105
\MT@count=\count324
LaTeX Info: Redefining \noprotrusionifhmode on input line 1045.
LaTeX Info: Redefining \leftprotrusion on input line 1046.
LaTeX Info: Redefining \rightprotrusion on input line 1056.
LaTeX Info: Redefining \textls on input line 1234.
\MT@outer@kern=\dimen175
LaTeX Info: Redefining \textmicrotypecontext on input line 1858.
\MT@listname@count=\count325

(C:\Users\Usuario\AppData\Roaming\MiKTeX\tex/latex/microtype\microtype-xetex.def
File: microtype-xetex.def 2022/06/23 v3.0f Definitions specific to xetex (RS)
LaTeX Info: Redefining \lsstyle on input line 236.
)
Package microtype Info: Loading configuration file microtype.cfg.
 (C:\Users\Usuario\AppData\Roaming\MiKTeX\tex/latex/microtype\microtype.cfg
File: microtype.cfg 2022/06/23 v3.0f microtype main configuration file (RS)
))
(C:\Users\Usuario\AppData\Roaming\MiKTeX\tex/latex/tabularray\tabularray.sty
Package: tabularray 2022-11-01 v2022D Typeset tabulars and arrays with LaTeX3
\l__tblr_a_int=\count326
\l__tblr_c_int=\count327
\l__tblr_r_int=\count328
\l__tblr_d_dim=\dimen176
\l__tblr_h_dim=\dimen177
\l__tblr_o_dim=\dimen178
\l__tblr_p_dim=\dimen179
\l__tblr_q_dim=\dimen180
\l__tblr_r_dim=\dimen181
\l__tblr_s_dim=\dimen182
\l__tblr_t_dim=\dimen183
\l__tblr_v_dim=\dimen184
\l__tblr_w_dim=\dimen185
\l__tblr_a_box=\box106
\l__tblr_b_box=\box107
\l__tblr_c_box=\box108
\l__tblr_d_box=\box109
\g__tblr_table_count_int=\count329
\c@rownum=\count330
\c@colnum=\count331
\c@rowcount=\count332
\c@colcount=\count333
\abovesep=\dimen186
\belowsep=\dimen187
\leftsep=\dimen188
\rightsep=\dimen189
\g_tblr_level_int=\count334
\g__tblr_data_row_key_count_int=\count335
\g__tblr_data_column_key_count_int=\count336
\g__tblr_data_cell_key_count_int=\count337
\g__tblr_array_int=\count338
\l__tblr_key_count_int=\count339
\l__tblr_key_quotient_int=\count340
\l__tblr_key_quotient_two_int=\count341
\l__tblr_key_remainder_int=\count342
\g__tblr_data_str_value_count_int=\count343
\rulewidth=\dimen190
\l__tblr_strut_dp_dim=\dimen191
\l__tblr_strut_ht_dim=\dimen192
\g__tblr_cell_wd_dim=\dimen193
\g__tblr_cell_ht_dim=\dimen194
\g__tblr_cell_head_dim=\dimen195
\g__tblr_cell_foot_dim=\dimen196
\l__column_target_dim=\dimen197
\l__tblr_caption_box=\box110
\l__tblr_caption_left_box=\box111
\l__tblr_row_head_box=\box112
\l__tblr_row_foot_box=\box113
\l__tblr_row_head_foot_dim=\dimen198
\tablewidth=\dimen199
\l__tblr_table_firsthead_box=\box114
\l__tblr_table_middlehead_box=\box115
\l__tblr_table_lasthead_box=\box116
\l__tblr_table_firstfoot_box=\box117
\l__tblr_table_middlefoot_box=\box118
\l__tblr_table_lastfoot_box=\box119
\l__tblr_remain_height_dim=\dimen256
\l__tblr_long_from_int=\count344
\l__tblr_long_to_int=\count345
\l__tblr_curr_i_int=\count346
\l__tblr_prev_i_int=\count347
\l__tblr_table_page_int=\count348
\l__tblr_table_head_box=\box120
\l__tblr_table_foot_box=\box121
\l__tblr_table_head_foot_dim=\dimen257
\l__tblr_table_head_body_foot_dim=\dimen258
\l__tblr_table_box=\box122
\l__tblr_table_hlines_box=\box123
\l__tblr_hline_box=\box124
\l__tblr_row_box=\box125
\l__tblr_col_o_wd_dim=\dimen259
\l__tblr_col_b_wd_dim=\dimen260
\l__tblr_hline_leftskip_dim=\dimen261
\l__tblr_hline_rightskip_dim=\dimen262
\l__tblr_row_ht_dim=\dimen263
\l__tblr_row_dp_dim=\dimen264
\l__tblr_row_abovesep_dim=\dimen265
\l__tblr_row_belowsep_dim=\dimen266
\l__tblr_row_vlines_box=\box126
\l__tblr_vline_box=\box127
\l__tblr_cell_box=\box128
\l__row_upper_dim=\dimen267
\l__row_lower_dim=\dimen268
\l__row_vpace_dim=\dimen269
\l__tblr_vline_aboveskip_dim=\dimen270
\l__tblr_vline_belowskip_dim=\dimen271
\l__tblr_cell_wd_dim=\dimen272
\l__tblr_cell_ht_dim=\dimen273
\l__tblr_diag_box=\box129
) (C:\Program Files\MiKTeX\tex/latex/graphics\graphicx.sty
Package: graphicx 2021/09/16 v1.2d Enhanced LaTeX Graphics (DPC,SPQR)
 (C:\Program Files\MiKTeX\tex/latex/graphics\graphics.sty
Package: graphics 2022/03/10 v1.4e Standard LaTeX Graphics (DPC,SPQR)

(C:\Program Files\MiKTeX\tex/latex/graphics\trig.sty
Package: trig 2021/08/11 v1.11 sin cos tan (DPC)
) (C:\Program Files\MiKTeX\tex/latex/graphics-cfg\graphics.cfg
File: graphics.cfg 2016/06/04 v1.11 sample graphics configuration
)
Package graphics Info: Driver file: xetex.def on input line 107.
 (C:\Program Files\MiKTeX\tex/latex/graphics-def\xetex.def
File: xetex.def 2022/09/22 v5.0n Graphics/color driver for xetex
))
\Gin@req@height=\dimen274
\Gin@req@width=\dimen275
)
(C:\Program Files\MiKTeX\tex/latex/hyperref\hyperref.sty
Package: hyperref 2022-11-13 v7.00u Hypertext links for LaTeX
 (C:\Users\Usuario\AppData\Roaming\MiKTeX\tex/latex/kvsetkeys\kvsetkeys.sty
Package: kvsetkeys 2022-10-05 v1.19 Key value parser (HO)
)
(C:\Users\Usuario\AppData\Roaming\MiKTeX\tex/generic/kvdefinekeys\kvdefinekeys.sty
Package: kvdefinekeys 2019-12-19 v1.6 Define keys (HO)
) (C:\Users\Usuario\AppData\Roaming\MiKTeX\tex/generic/pdfescape\pdfescape.sty
Package: pdfescape 2019/12/09 v1.15 Implements pdfTeX's escape features (HO)
)
(C:\Users\Usuario\AppData\Roaming\MiKTeX\tex/latex/hycolor\hycolor.sty
Package: hycolor 2020-01-27 v1.10 Color options for hyperref/bookmark (HO)
) (C:\Users\Usuario\AppData\Roaming\MiKTeX\tex/latex/letltxmacro\letltxmacro.sty
Package: letltxmacro 2019/12/03 v1.6 Let assignment for LaTeX macros (HO)
)
(C:\Users\Usuario\AppData\Roaming\MiKTeX\tex/latex/auxhook\auxhook.sty
Package: auxhook 2019-12-17 v1.6 Hooks for auxiliary files (HO)
) (C:\Program Files\MiKTeX\tex/latex/hyperref\nameref.sty
Package: nameref 2022-05-17 v2.50 Cross-referencing by name of section
 (C:\Users\Usuario\AppData\Roaming\MiKTeX\tex/latex/refcount\refcount.sty
Package: refcount 2019/12/15 v3.6 Data extraction from label references (HO)
) (C:\Users\Usuario\AppData\Roaming\MiKTeX\tex/generic/gettitlestring\gettitlestring.sty
Package: gettitlestring 2019/12/15 v1.6 Cleanup title references (HO)
 (C:\Users\Usuario\AppData\Roaming\MiKTeX\tex/latex/kvoptions\kvoptions.sty
Package: kvoptions 2022-06-15 v3.15 Key value format for package options (HO)
))
\c@section@level=\count349
)
\@linkdim=\dimen276
\Hy@linkcounter=\count350
\Hy@pagecounter=\count351

(C:\Program Files\MiKTeX\tex/latex/hyperref\pd1enc.def
File: pd1enc.def 2022-11-13 v7.00u Hyperref: PDFDocEncoding definition (HO)
) (C:\Users\Usuario\AppData\Roaming\MiKTeX\tex/generic/intcalc\intcalc.sty
Package: intcalc 2019/12/15 v1.3 Expandable calculations with integers (HO)
)
(C:\Users\Usuario\AppData\Roaming\MiKTeX\tex/generic/etexcmds\etexcmds.sty
Package: etexcmds 2019/12/15 v1.7 Avoid name clashes with e-TeX commands (HO)
)
\Hy@SavedSpaceFactor=\count352
 (C:\Program Files\MiKTeX\tex/latex/hyperref\puenc.def
File: puenc.def 2022-11-13 v7.00u Hyperref: PDF Unicode definition (HO)
)
Package hyperref Info: Option `final' set `true' on input line 4045.
Package hyperref Info: Hyper figures OFF on input line 4162.
Package hyperref Info: Link nesting OFF on input line 4167.
Package hyperref Info: Hyper index ON on input line 4170.
Package hyperref Info: Plain pages OFF on input line 4177.
Package hyperref Info: Backreferencing OFF on input line 4182.
Package hyperref Info: Implicit mode ON; LaTeX internals redefined.
Package hyperref Info: Bookmarks ON on input line 4410.
\c@Hy@tempcnt=\count353
 (C:\Program Files\MiKTeX\tex/latex/url\url.sty
\Urlmuskip=\muskip17
Package: url 2013/09/16  ver 3.4  Verb mode for urls, etc.
)
LaTeX Info: Redefining \url on input line 4748.
\XeTeXLinkMargin=\dimen277

(C:\Users\Usuario\AppData\Roaming\MiKTeX\tex/generic/bitset\bitset.sty
Package: bitset 2019/12/09 v1.3 Handle bit-vector datatype (HO)
 (C:\Users\Usuario\AppData\Roaming\MiKTeX\tex/generic/bigintcalc\bigintcalc.sty
Package: bigintcalc 2019/12/15 v1.5 Expandable calculations on big integers (HO)
))
\Fld@menulength=\count354
\Field@Width=\dimen278
\Fld@charsize=\dimen279
Package hyperref Info: Hyper figures OFF on input line 6027.
Package hyperref Info: Link nesting OFF on input line 6032.
Package hyperref Info: Hyper index ON on input line 6035.
Package hyperref Info: backreferencing OFF on input line 6042.
Package hyperref Info: Link coloring OFF on input line 6047.
Package hyperref Info: Link coloring with OCG OFF on input line 6052.
Package hyperref Info: PDF/A mode OFF on input line 6057.

(C:\Program Files\MiKTeX\tex/latex/base\atbegshi-ltx.sty
Package: atbegshi-ltx 2021/01/10 v1.0c Emulation of the original atbegshi
package with kernel methods
)
\Hy@abspage=\count355
\c@Item=\count356
\c@Hfootnote=\count357
)
Package hyperref Info: Driver (autodetected): hxetex.
 (C:\Program Files\MiKTeX\tex/latex/hyperref\hxetex.def
File: hxetex.def 2022-11-13 v7.00u Hyperref driver for XeTeX
 (C:\Users\Usuario\AppData\Roaming\MiKTeX\tex/generic/stringenc\stringenc.sty
Package: stringenc 2019/11/29 v1.12 Convert strings between diff. encodings (HO)
)
\pdfm@box=\box130
\c@Hy@AnnotLevel=\count358
\HyField@AnnotCount=\count359
\Fld@listcount=\count360
\c@bookmark@seq@number=\count361

(C:\Users\Usuario\AppData\Roaming\MiKTeX\tex/latex/rerunfilecheck\rerunfilecheck.sty
Package: rerunfilecheck 2022-07-10 v1.10 Rerun checks for auxiliary files (HO)
 (C:\Program Files\MiKTeX\tex/latex/base\atveryend-ltx.sty
Package: atveryend-ltx 2020/08/19 v1.0a Emulation of the original atveryend package
with kernel methods
)
(C:\Users\Usuario\AppData\Roaming\MiKTeX\tex/generic/uniquecounter\uniquecounter.sty
Package: uniquecounter 2019/12/15 v1.4 Provide unlimited unique counter (HO)
)
Package uniquecounter Info: New unique counter `rerunfilecheck' on input line 285.
)
\Hy@SectionHShift=\skip68
) (C:\Users\Usuario\AppData\Roaming\MiKTeX\tex/latex/cleveref\cleveref.sty
Package: cleveref 2018/03/27 v0.21.4 Intelligent cross-referencing
Package cleveref Info: `hyperref' support loaded on input line 2370.
LaTeX Info: Redefining \cref on input line 2370.
LaTeX Info: Redefining \Cref on input line 2370.
LaTeX Info: Redefining \crefrange on input line 2370.
LaTeX Info: Redefining \Crefrange on input line 2370.
LaTeX Info: Redefining \cpageref on input line 2370.
LaTeX Info: Redefining \Cpageref on input line 2370.
LaTeX Info: Redefining \cpagerefrange on input line 2370.
LaTeX Info: Redefining \Cpagerefrange on input line 2370.
LaTeX Info: Redefining \labelcref on input line 2370.
LaTeX Info: Redefining \labelcpageref on input line 2370.
)
(C:\Program Files\MiKTeX\tex/latex/tools\array.sty
Package: array 2022/03/10 v2.5f Tabular extension package (FMi)
\col@sep=\dimen280
\ar@mcellbox=\box131
\extrarowheight=\dimen281
\NC@list=\toks36
\extratabsurround=\skip69
\backup@length=\skip70
\ar@cellbox=\box132
) (C:\Users\Usuario\AppData\Roaming\MiKTeX\tex/latex/lastpage\lastpage.sty
Package: lastpage 2021/09/03 v1.2n Refers to last page's name (HMM; JPG)
) (C:\Users\Usuario\AppData\Roaming\MiKTeX\tex/latex/siunitx\siunitx.sty
Package: siunitx 2023-01-03 v3.2.0 A comprehensive (SI) units package
\l__siunitx_angle_tmp_dim=\dimen282
\l__siunitx_angle_marker_box=\box133
\l__siunitx_angle_unit_box=\box134
\l__siunitx_compound_count_int=\count362
\l__siunitx_number_exponent_fixed_int=\count363
\l__siunitx_number_min_decimal_int=\count364
\l__siunitx_number_min_integer_int=\count365
\l__siunitx_number_round_precision_int=\count366
\l__siunitx_number_lower_threshold_int=\count367
\l__siunitx_number_upper_threshold_int=\count368
\l__siunitx_number_group_first_int=\count369
\l__siunitx_number_group_size_int=\count370
\l__siunitx_number_group_minimum_int=\count371
\l__siunitx_table_tmp_box=\box135
\l__siunitx_table_tmp_dim=\dimen283
\l__siunitx_table_column_width_dim=\dimen284
\l__siunitx_table_integer_box=\box136
\l__siunitx_table_decimal_box=\box137
\l__siunitx_table_uncert_box=\box138
\l__siunitx_table_before_box=\box139
\l__siunitx_table_after_box=\box140
\l__siunitx_table_before_dim=\dimen285
\l__siunitx_table_carry_dim=\dimen286
\l__siunitx_unit_tmp_int=\count372
\l__siunitx_unit_position_int=\count373
\l__siunitx_unit_total_int=\count374
)

Package siunitx Info: Option "detect-all" has been deprecated in this release.
(siunitx)             
(siunitx)             Use "mode = match, propagate-math-font = true,
(siunitx)             reset-math-version = false, reset-text-family = false,
(siunitx)             reset-text-series = false, reset-text-shape = false,
(siunitx)             text-family-to-math = true, text-series-to-math = true"
(siunitx)             as a replacement.


(C:\Program Files\MiKTeX\tex/latex/graphics\color.sty
Package: color 2022/01/06 v1.3d Standard LaTeX Color (DPC)
 (C:\Program Files\MiKTeX\tex/latex/graphics-cfg\color.cfg
File: color.cfg 2016/01/02 v1.6 sample color configuration
)
Package color Info: Driver file: xetex.def on input line 149.
 (C:\Program Files\MiKTeX\tex/latex/graphics\mathcolor.ltx))
(C:\Users\Usuario\AppData\Roaming\MiKTeX\tex/latex/booktabs\booktabs.sty
Package: booktabs 2020/01/12 v1.61803398 Publication quality tables
\heavyrulewidth=\dimen287
\lightrulewidth=\dimen288
\cmidrulewidth=\dimen289
\belowrulesep=\dimen290
\belowbottomsep=\dimen291
\aboverulesep=\dimen292
\abovetopsep=\dimen293
\cmidrulesep=\dimen294
\cmidrulekern=\dimen295
\defaultaddspace=\dimen296
\@cmidla=\count375
\@cmidlb=\count376
\@aboverulesep=\dimen297
\@belowrulesep=\dimen298
\@thisruleclass=\count377
\@lastruleclass=\count378
\@thisrulewidth=\dimen299
) (C:\Users\Usuario\AppData\Roaming\MiKTeX\tex/latex/geometry\geometry.sty
Package: geometry 2020/01/02 v5.9 Page Geometry
 (C:\Program Files\MiKTeX\tex/generic/iftex\ifvtex.sty
Package: ifvtex 2019/10/25 v1.7 ifvtex legacy package. Use iftex instead.
)
\Gm@cnth=\count379
\Gm@cntv=\count380
\c@Gm@tempcnt=\count381
\Gm@bindingoffset=\dimen300
\Gm@wd@mp=\dimen301
\Gm@odd@mp=\dimen302
\Gm@even@mp=\dimen303
\Gm@layoutwidth=\dimen304
\Gm@layoutheight=\dimen305
\Gm@layouthoffset=\dimen306
\Gm@layoutvoffset=\dimen307
\Gm@dimlist=\toks37
 (C:\Users\Usuario\AppData\Roaming\MiKTeX\tex/latex/geometry\geometry.cfg)) (C:\Users\Usuario\AppData\Roaming\MiKTeX\tex/latex/enumitem\enumitem.sty
Package: enumitem 2019/06/20 v3.9 Customized lists
\enitkv@toks@=\toks38
\labelindent=\skip71
\enit@outerparindent=\dimen308
\enit@toks=\toks39
\enit@inbox=\box141
\enit@count@id=\count382
\enitdp@description=\count383
)
(C:\Users\Usuario\AppData\Roaming\MiKTeX\tex/latex/fancyhdr\fancyhdr.sty
Package: fancyhdr 2022/11/09 v4.1 Extensive control of page headers and footers
\f@nch@headwidth=\skip72
\f@nch@O@elh=\skip73
\f@nch@O@erh=\skip74
\f@nch@O@olh=\skip75
\f@nch@O@orh=\skip76
\f@nch@O@elf=\skip77
\f@nch@O@erf=\skip78
\f@nch@O@olf=\skip79
\f@nch@O@orf=\skip80
) (1-BPM-2023.aux (src/ToC.aux)
Package polyglossia Info: Option: spanish, variant=mexican.
Package polyglossia Info: Option: Spanish, spanishoperators=all.
Package polyglossia Info: Option: spanish, variant=mexican.
Package polyglossia Info: Option: Spanish, spanishoperators=all.
LaTeX Info: Redefining \rmfamily on input line 25.
LaTeX Info: Redefining \sffamily on input line 25.
LaTeX Info: Redefining \ttfamily on input line 25.
Package polyglossia Info: Option: spanish, variant=mexican.
Package polyglossia Info: Option: Spanish, spanishoperators=all.
LaTeX Info: Redefining \lim on input line 25.
LaTeX Info: Redefining \limsup on input line 25.
LaTeX Info: Redefining \liminf on input line 25.
LaTeX Info: Redefining \max on input line 25.
LaTeX Info: Redefining \min on input line 25.
LaTeX Info: Redefining \inf on input line 25.
LaTeX Info: Redefining \bmod on input line 25.
LaTeX Info: Redefining \pmod on input line 25.
LaTeX Info: Redefining \arccos on input line 25.
LaTeX Info: Redefining \arcsin on input line 25.
LaTeX Info: Redefining \arctan on input line 25.
LaTeX Info: Redefining \sin on input line 25.
LaTeX Info: Redefining \tan on input line 25.
LaTeX Info: Redefining \sinh on input line 25.
LaTeX Info: Redefining \tanh on input line 25.
Package polyglossia Info: Option: spanish, variant=mexican.
Package polyglossia Info: Option: Spanish, spanishoperators=all.
 (src/G-1.aux) (src/BPM-1.1.aux) (src/BPM-1.2.aux) (src/BPM-1.3.aux) (src/BPM-1.4.aux)
(src/BPM-1.5.aux) (src/BPM-1.6.aux) (src/BPM-1.7.aux) (src/BPM-1.8.aux) (src/BPM-1.9.aux) (src/BPM-1.10.aux) (src/BPM-1.11.aux) (src/BPM-A.1.aux) (src/BPM-A.2.aux))
\openout1 = `1-BPM-2023.aux'.

LaTeX Font Info:    Checking defaults for OML/cmm/m/it on input line 100.
LaTeX Font Info:    ... okay on input line 100.
LaTeX Font Info:    Checking defaults for OMS/cmsy/m/n on input line 100.
LaTeX Font Info:    ... okay on input line 100.
LaTeX Font Info:    Checking defaults for OT1/cmr/m/n on input line 100.
LaTeX Font Info:    ... okay on input line 100.
LaTeX Font Info:    Checking defaults for T1/cmr/m/n on input line 100.
LaTeX Font Info:    ... okay on input line 100.
LaTeX Font Info:    Checking defaults for TS1/cmr/m/n on input line 100.
LaTeX Font Info:    Trying to load font information for TS1+cmr on input line 100.

(C:\Program Files\MiKTeX\tex/latex/base\ts1cmr.fd
File: ts1cmr.fd 2022/07/10 v2.5l Standard LaTeX font definitions
)
LaTeX Font Info:    ... okay on input line 100.
LaTeX Font Info:    Checking defaults for TU/lmr/m/n on input line 100.
LaTeX Font Info:    ... okay on input line 100.
LaTeX Font Info:    Checking defaults for OMX/cmex/m/n on input line 100.
LaTeX Font Info:    ... okay on input line 100.
LaTeX Font Info:    Checking defaults for U/cmr/m/n on input line 100.
LaTeX Font Info:    ... okay on input line 100.
LaTeX Font Info:    Checking defaults for PD1/pdf/m/n on input line 100.
LaTeX Font Info:    ... okay on input line 100.
LaTeX Font Info:    Checking defaults for PU/pdf/m/n on input line 100.
LaTeX Font Info:    ... okay on input line 100.
 (C:\Users\Usuario\AppData\Roaming\MiKTeX\tex/latex/translations/dicts\translations-basic-dictionary-spanish.trsl
File: translations-basic-dictionary-spanish.trsl (spanish translation file `translations-basic-dictionary')
)
Package translations Info: loading dictionary `translations-basic-dictionary' for `spanish'. on input line 100.

Package fontspec Info: Adjusting the maths setup (use [no-math] to avoid
(fontspec)             this).

\symlegacymaths=\mathgroup4
LaTeX Font Info:    Overwriting symbol font `legacymaths' in version `bold'
(Font)                  OT1/cmr/m/n --> OT1/cmr/bx/n on input line 100.
LaTeX Font Info:    Redeclaring math accent \acute on input line 100.
LaTeX Font Info:    Redeclaring math accent \grave on input line 100.
LaTeX Font Info:    Redeclaring math accent \ddot on input line 100.
LaTeX Font Info:    Redeclaring math accent \tilde on input line 100.
LaTeX Font Info:    Redeclaring math accent \bar on input line 100.
LaTeX Font Info:    Redeclaring math accent \breve on input line 100.
LaTeX Font Info:    Redeclaring math accent \check on input line 100.
LaTeX Font Info:    Redeclaring math accent \hat on input line 100.
LaTeX Font Info:    Redeclaring math accent \dot on input line 100.
LaTeX Font Info:    Redeclaring math accent \mathring on input line 100.
LaTeX Font Info:    Redeclaring math symbol \Gamma on input line 100.
LaTeX Font Info:    Redeclaring math symbol \Delta on input line 100.
LaTeX Font Info:    Redeclaring math symbol \Theta on input line 100.
LaTeX Font Info:    Redeclaring math symbol \Lambda on input line 100.
LaTeX Font Info:    Redeclaring math symbol \Xi on input line 100.
LaTeX Font Info:    Redeclaring math symbol \Pi on input line 100.
LaTeX Font Info:    Redeclaring math symbol \Sigma on input line 100.
LaTeX Font Info:    Redeclaring math symbol \Upsilon on input line 100.
LaTeX Font Info:    Redeclaring math symbol \Phi on input line 100.
LaTeX Font Info:    Redeclaring math symbol \Psi on input line 100.
LaTeX Font Info:    Redeclaring math symbol \Omega on input line 100.
LaTeX Font Info:    Redeclaring math symbol \mathdollar on input line 100.
LaTeX Font Info:    Redeclaring symbol font `operators' on input line 100.
LaTeX Font Info:    Encoding `OT1' has changed to `TU' for symbol font
(Font)              `operators' in the math version `normal' on input line 100.
LaTeX Font Info:    Overwriting symbol font `operators' in version `normal'
(Font)                  OT1/cmr/m/n --> TU/Carlito(0)/m/n on input line 100.
LaTeX Font Info:    Encoding `OT1' has changed to `TU' for symbol font
(Font)              `operators' in the math version `bold' on input line 100.
LaTeX Font Info:    Overwriting symbol font `operators' in version `bold'
(Font)                  OT1/cmr/bx/n --> TU/Carlito(0)/m/n on input line 100.
LaTeX Font Info:    Overwriting symbol font `operators' in version `normal'
(Font)                  TU/Carlito(0)/m/n --> TU/Carlito(0)/m/n on input line 100.
LaTeX Font Info:    Overwriting math alphabet `\mathit' in version `normal'
(Font)                  OT1/cmr/m/it --> TU/Carlito(0)/m/it on input line 100.
LaTeX Font Info:    Overwriting math alphabet `\mathbf' in version `normal'
(Font)                  OT1/cmr/bx/n --> TU/Carlito(0)/b/n on input line 100.
LaTeX Font Info:    Overwriting math alphabet `\mathsf' in version `normal'
(Font)                  OT1/cmss/m/n --> TU/lmss/m/n on input line 100.
LaTeX Font Info:    Overwriting math alphabet `\mathtt' in version `normal'
(Font)                  OT1/cmtt/m/n --> TU/lmtt/m/n on input line 100.
LaTeX Font Info:    Overwriting symbol font `operators' in version `bold'
(Font)                  TU/Carlito(0)/m/n --> TU/Carlito(0)/b/n on input line 100.
LaTeX Font Info:    Overwriting math alphabet `\mathit' in version `bold'
(Font)                  OT1/cmr/bx/it --> TU/Carlito(0)/b/it on input line 100.
LaTeX Font Info:    Overwriting math alphabet `\mathsf' in version `bold'
(Font)                  OT1/cmss/bx/n --> TU/lmss/b/n on input line 100.
LaTeX Font Info:    Overwriting math alphabet `\mathtt' in version `bold'
(Font)                  OT1/cmtt/m/n --> TU/lmtt/b/n on input line 100.
The property list \__xpg_alias contains the pairs (without outer braces):
>  {latex/target}  =>  {latex}
>  {spanish/target}  =>  {spanish}
>  {es/target}  =>  {spanish}
>  {es-MX/target}  =>  {spanish}
>  {es-MX/variant}  =>  {mexican}
>  {es-MX/options}  =>  {variant=mexican}
>  {es-ES/target}  =>  {spanish}
>  {es-ES/variant}  =>  {spanish}
>  {es-ES/options}  =>  {variant=spanish}
>  {spanishmx/target}  =>  {spanish}
>  {spanishmx/variant}  =>  {mexican}
>  {spanishmx/options}  =>  {variant=mexican}.
LaTeX Info: Redefining \microtypecontext on input line 100.
Package microtype Info: Applying patch `item' on input line 100.
Package microtype Info: Applying patch `toc' on input line 100.
Package microtype Info: Applying patch `eqnum' on input line 100.
Package microtype Info: Applying patch `footnote' on input line 100.
Package microtype Info: Character protrusion enabled (level 2).
Package microtype Info: Using default protrusion set `alltext'.
Package microtype Info: No adjustment of tracking.
Package microtype Info: No adjustment of spacing.
Package microtype Info: No adjustment of kerning.
Package microtype Info: Loading generic protrusion settings for font family
(microtype)             `Carlito' (encoding: TU).
(microtype)             For optimal results, create family-specific settings.
(microtype)             See the microtype manual for details.
Package hyperref Info: Link coloring OFF on input line 100.
 (1-BPM-2023.out) (1-BPM-2023.out)
\@outlinefile=\write6
\openout6 = `1-BPM-2023.out'.

Package lastpage Info: Please have a look at the pageslts package at
(lastpage)             https://www.ctan.org/pkg/pageslts
(lastpage)             ! on input line 100.

*geometry* driver: auto-detecting
*geometry* detected driver: xetex
*geometry* verbose mode - [ preamble ] result:
* driver: xetex
* paper: letterpaper
* layout: <same size as paper>
* layoutoffset:(h,v)=(0.0pt,0.0pt)
* modes: twoside 
* h-part:(L,W,R)=(56.9055pt, 500.484pt, 56.9055pt)
* v-part:(T,H,B)=(142.26378pt, 595.8007pt, 56.9055pt)
* \paperwidth=614.295pt
* \paperheight=794.96999pt
* \textwidth=500.484pt
* \textheight=595.8007pt
* \oddsidemargin=-15.36449pt
* \evensidemargin=-15.36449pt
* \topmargin=-52.00621pt
* \headheight=97.0pt
* \headsep=25.0pt
* \topskip=10.0pt
* \footskip=30.0pt
* \marginparwidth=121.0pt
* \marginparsep=11.0pt
* \columnsep=10.0pt
* \skip\footins=9.0pt plus 4.0pt minus 2.0pt
* \hoffset=0.0pt
* \voffset=0.0pt
* \mag=1000
* \@twocolumnfalse
* \@twosidetrue
* \@mparswitchtrue
* \@reversemarginfalse
* (1in=72.27pt=25.4mm, 1cm=28.453pt)

Package polyglossia Info: Option: spanish, variant=mexican.
Package polyglossia Info: Option: Spanish, spanishoperators=all.
Package polyglossia Info: Option: spanish, variant=mexican.
Package polyglossia Info: Option: Spanish, spanishoperators=all.
LaTeX Info: Redefining \rmfamily on input line 100.
LaTeX Info: Redefining \sffamily on input line 100.
LaTeX Info: Redefining \ttfamily on input line 100.
Package polyglossia Info: Option: spanish, variant=mexican.
Package polyglossia Info: Option: Spanish, spanishoperators=all.
LaTeX Info: Redefining \lim on input line 100.
LaTeX Info: Redefining \limsup on input line 100.
LaTeX Info: Redefining \liminf on input line 100.
LaTeX Info: Redefining \max on input line 100.
LaTeX Info: Redefining \min on input line 100.
LaTeX Info: Redefining \inf on input line 100.
LaTeX Info: Redefining \bmod on input line 100.
LaTeX Info: Redefining \pmod on input line 100.
LaTeX Info: Redefining \arccos on input line 100.
LaTeX Info: Redefining \arcsin on input line 100.
LaTeX Info: Redefining \arctan on input line 100.
LaTeX Info: Redefining \sin on input line 100.
LaTeX Info: Redefining \tan on input line 100.
LaTeX Info: Redefining \sinh on input line 100.
LaTeX Info: Redefining \tanh on input line 100.
Package polyglossia Info: Option: spanish, variant=mexican.
Package polyglossia Info: Option: Spanish, spanishoperators=all.
\openout2 = `src/ToC.aux'.

(src/ToC.tex (1-BPM-2023.toc
Package polyglossia Info: Option: spanish, variant=mexican.
Package polyglossia Info: Option: Spanish, spanishoperators=all.
Package polyglossia Info: Option: spanish, variant=mexican.
Package polyglossia Info: Option: Spanish, spanishoperators=all.
LaTeX Info: Redefining \rmfamily on input line 1.
LaTeX Info: Redefining \sffamily on input line 1.
LaTeX Info: Redefining \ttfamily on input line 1.
Package polyglossia Info: Option: spanish, variant=mexican.
Package polyglossia Info: Option: Spanish, spanishoperators=all.
LaTeX Info: Redefining \lim on input line 1.
LaTeX Info: Redefining \limsup on input line 1.
LaTeX Info: Redefining \liminf on input line 1.
LaTeX Info: Redefining \max on input line 1.
LaTeX Info: Redefining \min on input line 1.
LaTeX Info: Redefining \inf on input line 1.
LaTeX Info: Redefining \bmod on input line 1.
LaTeX Info: Redefining \pmod on input line 1.
LaTeX Info: Redefining \arccos on input line 1.
LaTeX Info: Redefining \arcsin on input line 1.
LaTeX Info: Redefining \arctan on input line 1.
LaTeX Info: Redefining \sin on input line 1.
LaTeX Info: Redefining \tan on input line 1.
LaTeX Info: Redefining \sinh on input line 1.
LaTeX Info: Redefining \tanh on input line 1.
Package polyglossia Info: Option: spanish, variant=mexican.
Package polyglossia Info: Option: Spanish, spanishoperators=all.
 (C:\Users\Usuario\AppData\Roaming\MiKTeX\tex/latex/microtype\mt-cmr.cfg
File: mt-cmr.cfg 2013/05/19 v2.2 microtype config. file: Computer Modern Roman (RS)
)
> Step: init table outer spec.
> Step: parse table options.
> Step: split table.
> Step: init table inner spec.
> Step: parse table inner spec.
> Step: execute table commands.
> Step: calculate cell and line sizes.
File: ./RDF_Logo.eps Graphic file (type eps)
<./RDF_Logo.eps>
File: ./RDF_Logo.eps Graphic file (type eps)
<./RDF_Logo.eps>
File: ./RDF_Logo.eps Graphic file (type eps)
<./RDF_Logo.eps>
File: ./RDF_Logo.eps Graphic file (type eps)
<./RDF_Logo.eps>
File: ./RDF_Logo.eps Graphic file (type eps)
<./RDF_Logo.eps>
File: ./RDF_Logo.eps Graphic file (type eps)
<./RDF_Logo.eps>
> Step: build the whole table.
File: ./RDF_Logo.eps Graphic file (type eps)
<./RDF_Logo.eps>
File: ./RDF_Logo.eps Graphic file (type eps)
<./RDF_Logo.eps>
 [1

\openout3 = `1-BPM-2023.xdy'.


]
> Step: init table outer spec.
> Step: parse table options.
> Step: split table.
> Step: init table inner spec.
> Step: parse table inner spec.
> Step: execute table commands.
> Step: calculate cell and line sizes.
File: ./RDF_Logo.eps Graphic file (type eps)
<./RDF_Logo.eps>
File: ./RDF_Logo.eps Graphic file (type eps)
<./RDF_Logo.eps>
File: ./RDF_Logo.eps Graphic file (type eps)
<./RDF_Logo.eps>
File: ./RDF_Logo.eps Graphic file (type eps)
<./RDF_Logo.eps>
File: ./RDF_Logo.eps Graphic file (type eps)
<./RDF_Logo.eps>
File: ./RDF_Logo.eps Graphic file (type eps)
<./RDF_Logo.eps>
> Step: build the whole table.
File: ./RDF_Logo.eps Graphic file (type eps)
<./RDF_Logo.eps>
File: ./RDF_Logo.eps Graphic file (type eps)
<./RDF_Logo.eps>
 [2]
> Step: init table outer spec.
> Step: parse table options.
> Step: split table.
> Step: init table inner spec.
> Step: parse table inner spec.
> Step: execute table commands.
> Step: calculate cell and line sizes.
File: ./RDF_Logo.eps Graphic file (type eps)
<./RDF_Logo.eps>
File: ./RDF_Logo.eps Graphic file (type eps)
<./RDF_Logo.eps>
File: ./RDF_Logo.eps Graphic file (type eps)
<./RDF_Logo.eps>
File: ./RDF_Logo.eps Graphic file (type eps)
<./RDF_Logo.eps>
File: ./RDF_Logo.eps Graphic file (type eps)
<./RDF_Logo.eps>
File: ./RDF_Logo.eps Graphic file (type eps)
<./RDF_Logo.eps>
> Step: build the whole table.
File: ./RDF_Logo.eps Graphic file (type eps)
<./RDF_Logo.eps>
File: ./RDF_Logo.eps Graphic file (type eps)
<./RDF_Logo.eps>
 [3]
LaTeX Info: Redefining \rmfamily on input line 145.
LaTeX Info: Redefining \sffamily on input line 145.
LaTeX Info: Redefining \ttfamily on input line 145.
LaTeX Info: Redefining \lim on input line 145.
LaTeX Info: Redefining \limsup on input line 145.
LaTeX Info: Redefining \liminf on input line 145.
LaTeX Info: Redefining \max on input line 145.
LaTeX Info: Redefining \min on input line 145.
LaTeX Info: Redefining \inf on input line 145.
LaTeX Info: Redefining \bmod on input line 145.
LaTeX Info: Redefining \pmod on input line 145.
LaTeX Info: Redefining \arccos on input line 145.
LaTeX Info: Redefining \arcsin on input line 145.
LaTeX Info: Redefining \arctan on input line 145.
LaTeX Info: Redefining \sin on input line 145.
LaTeX Info: Redefining \tan on input line 145.
LaTeX Info: Redefining \sinh on input line 145.
LaTeX Info: Redefining \tanh on input line 145.
)
\tf@toc=\write7
\openout7 = `1-BPM-2023.toc'.

> Step: init table outer spec.
> Step: parse table options.
> Step: split table.
> Step: init table inner spec.
> Step: parse table inner spec.
> Step: execute table commands.
> Step: calculate cell and line sizes.
File: ./RDF_Logo.eps Graphic file (type eps)
<./RDF_Logo.eps>
File: ./RDF_Logo.eps Graphic file (type eps)
<./RDF_Logo.eps>
File: ./RDF_Logo.eps Graphic file (type eps)
<./RDF_Logo.eps>
File: ./RDF_Logo.eps Graphic file (type eps)
<./RDF_Logo.eps>
File: ./RDF_Logo.eps Graphic file (type eps)
<./RDF_Logo.eps>
File: ./RDF_Logo.eps Graphic file (type eps)
<./RDF_Logo.eps>
> Step: build the whole table.
File: ./RDF_Logo.eps Graphic file (type eps)
<./RDF_Logo.eps>
File: ./RDF_Logo.eps Graphic file (type eps)
<./RDF_Logo.eps>
 [4])
\openout2 = `src/G-1.aux'.

 (src/G-1.tex

Package hyperref Warning: Token not allowed in a PDF string (Unicode):
(hyperref)                removing `\gls' on input line 7.

File: src/diagramas/G1_AV1.eps Graphic file (type eps)
<src/diagramas/G1_AV1.eps>
> Step: init table outer spec.
> Step: parse table options.
> Step: split table.
> Step: init table inner spec.
> Step: parse table inner spec.
> Step: execute table commands.
> Step: calculate cell and line sizes.
File: ./RDF_Logo.eps Graphic file (type eps)
<./RDF_Logo.eps>
File: ./RDF_Logo.eps Graphic file (type eps)
<./RDF_Logo.eps>
File: ./RDF_Logo.eps Graphic file (type eps)
<./RDF_Logo.eps>
File: ./RDF_Logo.eps Graphic file (type eps)
<./RDF_Logo.eps>
File: ./RDF_Logo.eps Graphic file (type eps)
<./RDF_Logo.eps>
File: ./RDF_Logo.eps Graphic file (type eps)
<./RDF_Logo.eps>
> Step: build the whole table.
File: ./RDF_Logo.eps Graphic file (type eps)
<./RDF_Logo.eps>
File: ./RDF_Logo.eps Graphic file (type eps)
<./RDF_Logo.eps>
[5



]

Package hyperref Warning: Token not allowed in a PDF string (Unicode):
(hyperref)                removing `\gls' on input line 57.

> Step: init table outer spec.
> Step: parse table options.
> Step: split table.
> Step: init table inner spec.
> Step: parse table inner spec.
> Step: execute table commands.
> Step: calculate cell and line sizes.
File: ./RDF_Logo.eps Graphic file (type eps)
<./RDF_Logo.eps>
File: ./RDF_Logo.eps Graphic file (type eps)
<./RDF_Logo.eps>
File: ./RDF_Logo.eps Graphic file (type eps)
<./RDF_Logo.eps>
File: ./RDF_Logo.eps Graphic file (type eps)
<./RDF_Logo.eps>
File: ./RDF_Logo.eps Graphic file (type eps)
<./RDF_Logo.eps>
File: ./RDF_Logo.eps Graphic file (type eps)
<./RDF_Logo.eps>
> Step: build the whole table.
File: ./RDF_Logo.eps Graphic file (type eps)
<./RDF_Logo.eps>
File: ./RDF_Logo.eps Graphic file (type eps)
<./RDF_Logo.eps>
[6]
> Step: init table outer spec.
> Step: parse table options.
> Step: split table.
> Step: init table inner spec.
> Step: parse table inner spec.
> Step: execute table commands.
> Step: calculate cell and line sizes.
Package microtype Info: Loading generic protrusion settings for font family
(microtype)             `lmss' (encoding: TU).
(microtype)             For optimal results, create family-specific settings.
(microtype)             See the microtype manual for details.
> Step: build the whole table.
> Step: init table outer spec.
> Step: parse table options.
> Step: split table.
> Step: init table inner spec.
> Step: parse table inner spec.
> Step: execute table commands.
> Step: calculate cell and line sizes.
File: ./RDF_Logo.eps Graphic file (type eps)
<./RDF_Logo.eps>
File: ./RDF_Logo.eps Graphic file (type eps)
<./RDF_Logo.eps>
File: ./RDF_Logo.eps Graphic file (type eps)
<./RDF_Logo.eps>
File: ./RDF_Logo.eps Graphic file (type eps)
<./RDF_Logo.eps>
File: ./RDF_Logo.eps Graphic file (type eps)
<./RDF_Logo.eps>
File: ./RDF_Logo.eps Graphic file (type eps)
<./RDF_Logo.eps>
> Step: build the whole table.
File: ./RDF_Logo.eps Graphic file (type eps)
<./RDF_Logo.eps>
File: ./RDF_Logo.eps Graphic file (type eps)
<./RDF_Logo.eps>
 [7])
> Step: init table outer spec.
> Step: parse table options.
> Step: split table.
> Step: init table inner spec.
> Step: parse table inner spec.
> Step: execute table commands.
> Step: calculate cell and line sizes.
File: ./RDF_Logo.eps Graphic file (type eps)
<./RDF_Logo.eps>
File: ./RDF_Logo.eps Graphic file (type eps)
<./RDF_Logo.eps>
File: ./RDF_Logo.eps Graphic file (type eps)
<./RDF_Logo.eps>
File: ./RDF_Logo.eps Graphic file (type eps)
<./RDF_Logo.eps>
File: ./RDF_Logo.eps Graphic file (type eps)
<./RDF_Logo.eps>
File: ./RDF_Logo.eps Graphic file (type eps)
<./RDF_Logo.eps>
> Step: build the whole table.
File: ./RDF_Logo.eps Graphic file (type eps)
<./RDF_Logo.eps>
File: ./RDF_Logo.eps Graphic file (type eps)
<./RDF_Logo.eps>
 [8]
\openout2 = `src/BPM-1.1.aux'.

 (src/BPM-1.1.tex)
> Step: init table outer spec.
> Step: parse table options.
> Step: split table.
> Step: init table inner spec.
> Step: parse table inner spec.
> Step: execute table commands.
> Step: calculate cell and line sizes.
File: ./RDF_Logo.eps Graphic file (type eps)
<./RDF_Logo.eps>
File: ./RDF_Logo.eps Graphic file (type eps)
<./RDF_Logo.eps>
File: ./RDF_Logo.eps Graphic file (type eps)
<./RDF_Logo.eps>
File: ./RDF_Logo.eps Graphic file (type eps)
<./RDF_Logo.eps>
File: ./RDF_Logo.eps Graphic file (type eps)
<./RDF_Logo.eps>
File: ./RDF_Logo.eps Graphic file (type eps)
<./RDF_Logo.eps>
> Step: build the whole table.
File: ./RDF_Logo.eps Graphic file (type eps)
<./RDF_Logo.eps>
File: ./RDF_Logo.eps Graphic file (type eps)
<./RDF_Logo.eps>
 [9



]
\openout2 = `src/BPM-1.2.aux'.

 (src/BPM-1.2.tex
> Step: init table outer spec.
> Step: parse table options.
> Step: split table.
> Step: init table inner spec.
> Step: parse table inner spec.
> Step: execute table commands.
> Step: calculate cell and line sizes.
File: ./RDF_Logo.eps Graphic file (type eps)
<./RDF_Logo.eps>
File: ./RDF_Logo.eps Graphic file (type eps)
<./RDF_Logo.eps>
File: ./RDF_Logo.eps Graphic file (type eps)
<./RDF_Logo.eps>
File: ./RDF_Logo.eps Graphic file (type eps)
<./RDF_Logo.eps>
File: ./RDF_Logo.eps Graphic file (type eps)
<./RDF_Logo.eps>
File: ./RDF_Logo.eps Graphic file (type eps)
<./RDF_Logo.eps>
> Step: build the whole table.
File: ./RDF_Logo.eps Graphic file (type eps)
<./RDF_Logo.eps>
File: ./RDF_Logo.eps Graphic file (type eps)
<./RDF_Logo.eps>
 [10



])
> Step: init table outer spec.
> Step: parse table options.
> Step: split table.
> Step: init table inner spec.
> Step: parse table inner spec.
> Step: execute table commands.
> Step: calculate cell and line sizes.
File: ./RDF_Logo.eps Graphic file (type eps)
<./RDF_Logo.eps>
File: ./RDF_Logo.eps Graphic file (type eps)
<./RDF_Logo.eps>
File: ./RDF_Logo.eps Graphic file (type eps)
<./RDF_Logo.eps>
File: ./RDF_Logo.eps Graphic file (type eps)
<./RDF_Logo.eps>
File: ./RDF_Logo.eps Graphic file (type eps)
<./RDF_Logo.eps>
File: ./RDF_Logo.eps Graphic file (type eps)
<./RDF_Logo.eps>
> Step: build the whole table.
File: ./RDF_Logo.eps Graphic file (type eps)
<./RDF_Logo.eps>
File: ./RDF_Logo.eps Graphic file (type eps)
<./RDF_Logo.eps>
 [11]
\openout2 = `src/BPM-1.3.aux'.

 (src/BPM-1.3.tex
> Step: init table outer spec.
> Step: parse table options.
> Step: split table.
> Step: init table inner spec.
> Step: parse table inner spec.
> Step: execute table commands.
> Step: calculate cell and line sizes.
File: ./RDF_Logo.eps Graphic file (type eps)
<./RDF_Logo.eps>
File: ./RDF_Logo.eps Graphic file (type eps)
<./RDF_Logo.eps>
File: ./RDF_Logo.eps Graphic file (type eps)
<./RDF_Logo.eps>
File: ./RDF_Logo.eps Graphic file (type eps)
<./RDF_Logo.eps>
File: ./RDF_Logo.eps Graphic file (type eps)
<./RDF_Logo.eps>
File: ./RDF_Logo.eps Graphic file (type eps)
<./RDF_Logo.eps>
> Step: build the whole table.
File: ./RDF_Logo.eps Graphic file (type eps)
<./RDF_Logo.eps>
File: ./RDF_Logo.eps Graphic file (type eps)
<./RDF_Logo.eps>
 [12



]
> Step: init table outer spec.
> Step: parse table options.
> Step: split table.
> Step: init table inner spec.
> Step: parse table inner spec.
> Step: execute table commands.
> Step: calculate cell and line sizes.
File: ./RDF_Logo.eps Graphic file (type eps)
<./RDF_Logo.eps>
File: ./RDF_Logo.eps Graphic file (type eps)
<./RDF_Logo.eps>
File: ./RDF_Logo.eps Graphic file (type eps)
<./RDF_Logo.eps>
File: ./RDF_Logo.eps Graphic file (type eps)
<./RDF_Logo.eps>
File: ./RDF_Logo.eps Graphic file (type eps)
<./RDF_Logo.eps>
File: ./RDF_Logo.eps Graphic file (type eps)
<./RDF_Logo.eps>
> Step: build the whole table.
File: ./RDF_Logo.eps Graphic file (type eps)
<./RDF_Logo.eps>
File: ./RDF_Logo.eps Graphic file (type eps)
<./RDF_Logo.eps>
 [13]
> Step: init table outer spec.
> Step: parse table options.
> Step: split table.
> Step: init table inner spec.
> Step: parse table inner spec.
> Step: execute table commands.
> Step: calculate cell and line sizes.
File: ./RDF_Logo.eps Graphic file (type eps)
<./RDF_Logo.eps>
File: ./RDF_Logo.eps Graphic file (type eps)
<./RDF_Logo.eps>
File: ./RDF_Logo.eps Graphic file (type eps)
<./RDF_Logo.eps>
File: ./RDF_Logo.eps Graphic file (type eps)
<./RDF_Logo.eps>
File: ./RDF_Logo.eps Graphic file (type eps)
<./RDF_Logo.eps>
File: ./RDF_Logo.eps Graphic file (type eps)
<./RDF_Logo.eps>
> Step: build the whole table.
File: ./RDF_Logo.eps Graphic file (type eps)
<./RDF_Logo.eps>
File: ./RDF_Logo.eps Graphic file (type eps)
<./RDF_Logo.eps>
 [14]
> Step: init table outer spec.
> Step: parse table options.
> Step: split table.
> Step: init table inner spec.
> Step: parse table inner spec.
> Step: execute table commands.
> Step: calculate cell and line sizes.
File: ./RDF_Logo.eps Graphic file (type eps)
<./RDF_Logo.eps>
File: ./RDF_Logo.eps Graphic file (type eps)
<./RDF_Logo.eps>
File: ./RDF_Logo.eps Graphic file (type eps)
<./RDF_Logo.eps>
File: ./RDF_Logo.eps Graphic file (type eps)
<./RDF_Logo.eps>
File: ./RDF_Logo.eps Graphic file (type eps)
<./RDF_Logo.eps>
File: ./RDF_Logo.eps Graphic file (type eps)
<./RDF_Logo.eps>
> Step: build the whole table.
File: ./RDF_Logo.eps Graphic file (type eps)
<./RDF_Logo.eps>
File: ./RDF_Logo.eps Graphic file (type eps)
<./RDF_Logo.eps>
 [15]
> Step: init table outer spec.
> Step: parse table options.
> Step: split table.
> Step: init table inner spec.
> Step: parse table inner spec.
> Step: execute table commands.
> Step: calculate cell and line sizes.
File: ./RDF_Logo.eps Graphic file (type eps)
<./RDF_Logo.eps>
File: ./RDF_Logo.eps Graphic file (type eps)
<./RDF_Logo.eps>
File: ./RDF_Logo.eps Graphic file (type eps)
<./RDF_Logo.eps>
File: ./RDF_Logo.eps Graphic file (type eps)
<./RDF_Logo.eps>
File: ./RDF_Logo.eps Graphic file (type eps)
<./RDF_Logo.eps>
File: ./RDF_Logo.eps Graphic file (type eps)
<./RDF_Logo.eps>
> Step: build the whole table.
File: ./RDF_Logo.eps Graphic file (type eps)
<./RDF_Logo.eps>
File: ./RDF_Logo.eps Graphic file (type eps)
<./RDF_Logo.eps>
 [16]
> Step: init table outer spec.
> Step: parse table options.
> Step: split table.
> Step: init table inner spec.
> Step: parse table inner spec.
> Step: execute table commands.
> Step: calculate cell and line sizes.
File: ./RDF_Logo.eps Graphic file (type eps)
<./RDF_Logo.eps>
File: ./RDF_Logo.eps Graphic file (type eps)
<./RDF_Logo.eps>
File: ./RDF_Logo.eps Graphic file (type eps)
<./RDF_Logo.eps>
File: ./RDF_Logo.eps Graphic file (type eps)
<./RDF_Logo.eps>
File: ./RDF_Logo.eps Graphic file (type eps)
<./RDF_Logo.eps>
File: ./RDF_Logo.eps Graphic file (type eps)
<./RDF_Logo.eps>
> Step: build the whole table.
File: ./RDF_Logo.eps Graphic file (type eps)
<./RDF_Logo.eps>
File: ./RDF_Logo.eps Graphic file (type eps)
<./RDF_Logo.eps>
 [17]
> Step: init table outer spec.
> Step: parse table options.
> Step: split table.
> Step: init table inner spec.
> Step: parse table inner spec.
> Step: execute table commands.
> Step: calculate cell and line sizes.
> Step: build the whole table.
> Step: init table outer spec.
> Step: parse table options.
> Step: split table.
> Step: init table inner spec.
> Step: parse table inner spec.
> Step: execute table commands.
> Step: calculate cell and line sizes.
File: ./RDF_Logo.eps Graphic file (type eps)
<./RDF_Logo.eps>
File: ./RDF_Logo.eps Graphic file (type eps)
<./RDF_Logo.eps>
File: ./RDF_Logo.eps Graphic file (type eps)
<./RDF_Logo.eps>
File: ./RDF_Logo.eps Graphic file (type eps)
<./RDF_Logo.eps>
File: ./RDF_Logo.eps Graphic file (type eps)
<./RDF_Logo.eps>
File: ./RDF_Logo.eps Graphic file (type eps)
<./RDF_Logo.eps>
> Step: build the whole table.
File: ./RDF_Logo.eps Graphic file (type eps)
<./RDF_Logo.eps>
File: ./RDF_Logo.eps Graphic file (type eps)
<./RDF_Logo.eps>
 [18]
> Step: init table outer spec.
> Step: parse table options.
> Step: split table.
> Step: init table inner spec.
> Step: parse table inner spec.
> Step: execute table commands.
> Step: calculate cell and line sizes.
File: ./RDF_Logo.eps Graphic file (type eps)
<./RDF_Logo.eps>
File: ./RDF_Logo.eps Graphic file (type eps)
<./RDF_Logo.eps>
File: ./RDF_Logo.eps Graphic file (type eps)
<./RDF_Logo.eps>
File: ./RDF_Logo.eps Graphic file (type eps)
<./RDF_Logo.eps>
File: ./RDF_Logo.eps Graphic file (type eps)
<./RDF_Logo.eps>
File: ./RDF_Logo.eps Graphic file (type eps)
<./RDF_Logo.eps>
> Step: build the whole table.
File: ./RDF_Logo.eps Graphic file (type eps)
<./RDF_Logo.eps>
File: ./RDF_Logo.eps Graphic file (type eps)
<./RDF_Logo.eps>
 [19]
> Step: init table outer spec.
> Step: parse table options.
> Step: split table.
> Step: init table inner spec.
> Step: parse table inner spec.
> Step: execute table commands.
> Step: calculate cell and line sizes.
File: ./RDF_Logo.eps Graphic file (type eps)
<./RDF_Logo.eps>
File: ./RDF_Logo.eps Graphic file (type eps)
<./RDF_Logo.eps>
File: ./RDF_Logo.eps Graphic file (type eps)
<./RDF_Logo.eps>
File: ./RDF_Logo.eps Graphic file (type eps)
<./RDF_Logo.eps>
File: ./RDF_Logo.eps Graphic file (type eps)
<./RDF_Logo.eps>
File: ./RDF_Logo.eps Graphic file (type eps)
<./RDF_Logo.eps>
> Step: build the whole table.
File: ./RDF_Logo.eps Graphic file (type eps)
<./RDF_Logo.eps>
File: ./RDF_Logo.eps Graphic file (type eps)
<./RDF_Logo.eps>
 [20]
> Step: init table outer spec.
> Step: parse table options.
> Step: split table.
> Step: init table inner spec.
> Step: parse table inner spec.
> Step: execute table commands.
> Step: calculate cell and line sizes.
File: ./RDF_Logo.eps Graphic file (type eps)
<./RDF_Logo.eps>
File: ./RDF_Logo.eps Graphic file (type eps)
<./RDF_Logo.eps>
File: ./RDF_Logo.eps Graphic file (type eps)
<./RDF_Logo.eps>
File: ./RDF_Logo.eps Graphic file (type eps)
<./RDF_Logo.eps>
File: ./RDF_Logo.eps Graphic file (type eps)
<./RDF_Logo.eps>
File: ./RDF_Logo.eps Graphic file (type eps)
<./RDF_Logo.eps>
> Step: build the whole table.
File: ./RDF_Logo.eps Graphic file (type eps)
<./RDF_Logo.eps>
File: ./RDF_Logo.eps Graphic file (type eps)
<./RDF_Logo.eps>
 [21]
> Step: init table outer spec.
> Step: parse table options.
> Step: split table.
> Step: init table inner spec.
> Step: parse table inner spec.
> Step: execute table commands.
> Step: calculate cell and line sizes.
File: ./RDF_Logo.eps Graphic file (type eps)
<./RDF_Logo.eps>
File: ./RDF_Logo.eps Graphic file (type eps)
<./RDF_Logo.eps>
File: ./RDF_Logo.eps Graphic file (type eps)
<./RDF_Logo.eps>
File: ./RDF_Logo.eps Graphic file (type eps)
<./RDF_Logo.eps>
File: ./RDF_Logo.eps Graphic file (type eps)
<./RDF_Logo.eps>
File: ./RDF_Logo.eps Graphic file (type eps)
<./RDF_Logo.eps>
> Step: build the whole table.
File: ./RDF_Logo.eps Graphic file (type eps)
<./RDF_Logo.eps>
File: ./RDF_Logo.eps Graphic file (type eps)
<./RDF_Logo.eps>
 [22]
> Step: init table outer spec.
> Step: parse table options.
> Step: split table.
> Step: init table inner spec.
> Step: parse table inner spec.
> Step: execute table commands.
> Step: calculate cell and line sizes.
File: ./RDF_Logo.eps Graphic file (type eps)
<./RDF_Logo.eps>
File: ./RDF_Logo.eps Graphic file (type eps)
<./RDF_Logo.eps>
File: ./RDF_Logo.eps Graphic file (type eps)
<./RDF_Logo.eps>
File: ./RDF_Logo.eps Graphic file (type eps)
<./RDF_Logo.eps>
File: ./RDF_Logo.eps Graphic file (type eps)
<./RDF_Logo.eps>
File: ./RDF_Logo.eps Graphic file (type eps)
<./RDF_Logo.eps>
> Step: build the whole table.
File: ./RDF_Logo.eps Graphic file (type eps)
<./RDF_Logo.eps>
File: ./RDF_Logo.eps Graphic file (type eps)
<./RDF_Logo.eps>
 [23])
> Step: init table outer spec.
> Step: parse table options.
> Step: split table.
> Step: init table inner spec.
> Step: parse table inner spec.
> Step: execute table commands.
> Step: calculate cell and line sizes.
File: ./RDF_Logo.eps Graphic file (type eps)
<./RDF_Logo.eps>
File: ./RDF_Logo.eps Graphic file (type eps)
<./RDF_Logo.eps>
File: ./RDF_Logo.eps Graphic file (type eps)
<./RDF_Logo.eps>
File: ./RDF_Logo.eps Graphic file (type eps)
<./RDF_Logo.eps>
File: ./RDF_Logo.eps Graphic file (type eps)
<./RDF_Logo.eps>
File: ./RDF_Logo.eps Graphic file (type eps)
<./RDF_Logo.eps>
> Step: build the whole table.
File: ./RDF_Logo.eps Graphic file (type eps)
<./RDF_Logo.eps>
File: ./RDF_Logo.eps Graphic file (type eps)
<./RDF_Logo.eps>
 [24]
\openout2 = `src/BPM-1.4.aux'.

 (src/BPM-1.4.tex
> Step: init table outer spec.
> Step: parse table options.
> Step: split table.
> Step: init table inner spec.
> Step: parse table inner spec.
> Step: execute table commands.
> Step: calculate cell and line sizes.
File: ./RDF_Logo.eps Graphic file (type eps)
<./RDF_Logo.eps>
File: ./RDF_Logo.eps Graphic file (type eps)
<./RDF_Logo.eps>
File: ./RDF_Logo.eps Graphic file (type eps)
<./RDF_Logo.eps>
File: ./RDF_Logo.eps Graphic file (type eps)
<./RDF_Logo.eps>
File: ./RDF_Logo.eps Graphic file (type eps)
<./RDF_Logo.eps>
File: ./RDF_Logo.eps Graphic file (type eps)
<./RDF_Logo.eps>
> Step: build the whole table.
File: ./RDF_Logo.eps Graphic file (type eps)
<./RDF_Logo.eps>
File: ./RDF_Logo.eps Graphic file (type eps)
<./RDF_Logo.eps>
 [25



]
> Step: init table outer spec.
> Step: parse table options.
> Step: split table.
> Step: init table inner spec.
> Step: parse table inner spec.
> Step: execute table commands.
> Step: calculate cell and line sizes.
File: ./RDF_Logo.eps Graphic file (type eps)
<./RDF_Logo.eps>
File: ./RDF_Logo.eps Graphic file (type eps)
<./RDF_Logo.eps>
File: ./RDF_Logo.eps Graphic file (type eps)
<./RDF_Logo.eps>
File: ./RDF_Logo.eps Graphic file (type eps)
<./RDF_Logo.eps>
File: ./RDF_Logo.eps Graphic file (type eps)
<./RDF_Logo.eps>
File: ./RDF_Logo.eps Graphic file (type eps)
<./RDF_Logo.eps>
> Step: build the whole table.
File: ./RDF_Logo.eps Graphic file (type eps)
<./RDF_Logo.eps>
File: ./RDF_Logo.eps Graphic file (type eps)
<./RDF_Logo.eps>
 [26])
> Step: init table outer spec.
> Step: parse table options.
> Step: split table.
> Step: init table inner spec.
> Step: parse table inner spec.
> Step: execute table commands.
> Step: calculate cell and line sizes.
File: ./RDF_Logo.eps Graphic file (type eps)
<./RDF_Logo.eps>
File: ./RDF_Logo.eps Graphic file (type eps)
<./RDF_Logo.eps>
File: ./RDF_Logo.eps Graphic file (type eps)
<./RDF_Logo.eps>
File: ./RDF_Logo.eps Graphic file (type eps)
<./RDF_Logo.eps>
File: ./RDF_Logo.eps Graphic file (type eps)
<./RDF_Logo.eps>
File: ./RDF_Logo.eps Graphic file (type eps)
<./RDF_Logo.eps>
> Step: build the whole table.
File: ./RDF_Logo.eps Graphic file (type eps)
<./RDF_Logo.eps>
File: ./RDF_Logo.eps Graphic file (type eps)
<./RDF_Logo.eps>
 [27]
\openout2 = `src/BPM-1.5.aux'.

 (src/BPM-1.5.tex)
> Step: init table outer spec.
> Step: parse table options.
> Step: split table.
> Step: init table inner spec.
> Step: parse table inner spec.
> Step: execute table commands.
> Step: calculate cell and line sizes.
File: ./RDF_Logo.eps Graphic file (type eps)
<./RDF_Logo.eps>
File: ./RDF_Logo.eps Graphic file (type eps)
<./RDF_Logo.eps>
File: ./RDF_Logo.eps Graphic file (type eps)
<./RDF_Logo.eps>
File: ./RDF_Logo.eps Graphic file (type eps)
<./RDF_Logo.eps>
File: ./RDF_Logo.eps Graphic file (type eps)
<./RDF_Logo.eps>
File: ./RDF_Logo.eps Graphic file (type eps)
<./RDF_Logo.eps>
> Step: build the whole table.
File: ./RDF_Logo.eps Graphic file (type eps)
<./RDF_Logo.eps>
File: ./RDF_Logo.eps Graphic file (type eps)
<./RDF_Logo.eps>

[28



]
\openout2 = `src/BPM-1.6.aux'.

 (src/BPM-1.6.tex
> Step: init table outer spec.
> Step: parse table options.
> Step: split table.
> Step: init table inner spec.
> Step: parse table inner spec.
> Step: execute table commands.
> Step: calculate cell and line sizes.
File: ./RDF_Logo.eps Graphic file (type eps)
<./RDF_Logo.eps>
File: ./RDF_Logo.eps Graphic file (type eps)
<./RDF_Logo.eps>
File: ./RDF_Logo.eps Graphic file (type eps)
<./RDF_Logo.eps>
File: ./RDF_Logo.eps Graphic file (type eps)
<./RDF_Logo.eps>
File: ./RDF_Logo.eps Graphic file (type eps)
<./RDF_Logo.eps>
File: ./RDF_Logo.eps Graphic file (type eps)
<./RDF_Logo.eps>
> Step: build the whole table.
File: ./RDF_Logo.eps Graphic file (type eps)
<./RDF_Logo.eps>
File: ./RDF_Logo.eps Graphic file (type eps)
<./RDF_Logo.eps>
 [29



])
> Step: init table outer spec.
> Step: parse table options.
> Step: split table.
> Step: init table inner spec.
> Step: parse table inner spec.
> Step: execute table commands.
> Step: calculate cell and line sizes.
File: ./RDF_Logo.eps Graphic file (type eps)
<./RDF_Logo.eps>
File: ./RDF_Logo.eps Graphic file (type eps)
<./RDF_Logo.eps>
File: ./RDF_Logo.eps Graphic file (type eps)
<./RDF_Logo.eps>
File: ./RDF_Logo.eps Graphic file (type eps)
<./RDF_Logo.eps>
File: ./RDF_Logo.eps Graphic file (type eps)
<./RDF_Logo.eps>
File: ./RDF_Logo.eps Graphic file (type eps)
<./RDF_Logo.eps>
> Step: build the whole table.
File: ./RDF_Logo.eps Graphic file (type eps)
<./RDF_Logo.eps>
File: ./RDF_Logo.eps Graphic file (type eps)
<./RDF_Logo.eps>
 [30]
\openout2 = `src/BPM-1.7.aux'.

 (src/BPM-1.7.tex
> Step: init table outer spec.
> Step: parse table options.
> Step: split table.
> Step: init table inner spec.
> Step: parse table inner spec.
> Step: execute table commands.
> Step: calculate cell and line sizes.
File: ./RDF_Logo.eps Graphic file (type eps)
<./RDF_Logo.eps>
File: ./RDF_Logo.eps Graphic file (type eps)
<./RDF_Logo.eps>
File: ./RDF_Logo.eps Graphic file (type eps)
<./RDF_Logo.eps>
File: ./RDF_Logo.eps Graphic file (type eps)
<./RDF_Logo.eps>
File: ./RDF_Logo.eps Graphic file (type eps)
<./RDF_Logo.eps>
File: ./RDF_Logo.eps Graphic file (type eps)
<./RDF_Logo.eps>
> Step: build the whole table.
File: ./RDF_Logo.eps Graphic file (type eps)
<./RDF_Logo.eps>
File: ./RDF_Logo.eps Graphic file (type eps)
<./RDF_Logo.eps>
 [31



])
> Step: init table outer spec.
> Step: parse table options.
> Step: split table.
> Step: init table inner spec.
> Step: parse table inner spec.
> Step: execute table commands.
> Step: calculate cell and line sizes.
File: ./RDF_Logo.eps Graphic file (type eps)
<./RDF_Logo.eps>
File: ./RDF_Logo.eps Graphic file (type eps)
<./RDF_Logo.eps>
File: ./RDF_Logo.eps Graphic file (type eps)
<./RDF_Logo.eps>
File: ./RDF_Logo.eps Graphic file (type eps)
<./RDF_Logo.eps>
File: ./RDF_Logo.eps Graphic file (type eps)
<./RDF_Logo.eps>
File: ./RDF_Logo.eps Graphic file (type eps)
<./RDF_Logo.eps>
> Step: build the whole table.
File: ./RDF_Logo.eps Graphic file (type eps)
<./RDF_Logo.eps>
File: ./RDF_Logo.eps Graphic file (type eps)
<./RDF_Logo.eps>
 [32]
\openout2 = `src/BPM-1.8.aux'.

 (src/BPM-1.8.tex
> Step: init table outer spec.
> Step: parse table options.
> Step: split table.
> Step: init table inner spec.
> Step: parse table inner spec.
> Step: execute table commands.
> Step: calculate cell and line sizes.
File: ./RDF_Logo.eps Graphic file (type eps)
<./RDF_Logo.eps>
File: ./RDF_Logo.eps Graphic file (type eps)
<./RDF_Logo.eps>
File: ./RDF_Logo.eps Graphic file (type eps)
<./RDF_Logo.eps>
File: ./RDF_Logo.eps Graphic file (type eps)
<./RDF_Logo.eps>
File: ./RDF_Logo.eps Graphic file (type eps)
<./RDF_Logo.eps>
File: ./RDF_Logo.eps Graphic file (type eps)
<./RDF_Logo.eps>
> Step: build the whole table.
File: ./RDF_Logo.eps Graphic file (type eps)
<./RDF_Logo.eps>
File: ./RDF_Logo.eps Graphic file (type eps)
<./RDF_Logo.eps>
 [33



])
> Step: init table outer spec.
> Step: parse table options.
> Step: split table.
> Step: init table inner spec.
> Step: parse table inner spec.
> Step: execute table commands.
> Step: calculate cell and line sizes.
File: ./RDF_Logo.eps Graphic file (type eps)
<./RDF_Logo.eps>
File: ./RDF_Logo.eps Graphic file (type eps)
<./RDF_Logo.eps>
File: ./RDF_Logo.eps Graphic file (type eps)
<./RDF_Logo.eps>
File: ./RDF_Logo.eps Graphic file (type eps)
<./RDF_Logo.eps>
File: ./RDF_Logo.eps Graphic file (type eps)
<./RDF_Logo.eps>
File: ./RDF_Logo.eps Graphic file (type eps)
<./RDF_Logo.eps>
> Step: build the whole table.
File: ./RDF_Logo.eps Graphic file (type eps)
<./RDF_Logo.eps>
File: ./RDF_Logo.eps Graphic file (type eps)
<./RDF_Logo.eps>
 [34]
\openout2 = `src/BPM-1.9.aux'.

 (src/BPM-1.9.tex)
> Step: init table outer spec.
> Step: parse table options.
> Step: split table.
> Step: init table inner spec.
> Step: parse table inner spec.
> Step: execute table commands.
> Step: calculate cell and line sizes.
File: ./RDF_Logo.eps Graphic file (type eps)
<./RDF_Logo.eps>
File: ./RDF_Logo.eps Graphic file (type eps)
<./RDF_Logo.eps>
File: ./RDF_Logo.eps Graphic file (type eps)
<./RDF_Logo.eps>
File: ./RDF_Logo.eps Graphic file (type eps)
<./RDF_Logo.eps>
File: ./RDF_Logo.eps Graphic file (type eps)
<./RDF_Logo.eps>
File: ./RDF_Logo.eps Graphic file (type eps)
<./RDF_Logo.eps>
> Step: build the whole table.
File: ./RDF_Logo.eps Graphic file (type eps)
<./RDF_Logo.eps>
File: ./RDF_Logo.eps Graphic file (type eps)
<./RDF_Logo.eps>
 [35



]
\openout2 = `src/BPM-1.10.aux'.

 (src/BPM-1.10.tex
> Step: init table outer spec.
> Step: parse table options.
> Step: split table.
> Step: init table inner spec.
> Step: parse table inner spec.
> Step: execute table commands.
> Step: calculate cell and line sizes.
File: ./RDF_Logo.eps Graphic file (type eps)
<./RDF_Logo.eps>
File: ./RDF_Logo.eps Graphic file (type eps)
<./RDF_Logo.eps>
File: ./RDF_Logo.eps Graphic file (type eps)
<./RDF_Logo.eps>
File: ./RDF_Logo.eps Graphic file (type eps)
<./RDF_Logo.eps>
File: ./RDF_Logo.eps Graphic file (type eps)
<./RDF_Logo.eps>
File: ./RDF_Logo.eps Graphic file (type eps)
<./RDF_Logo.eps>
> Step: build the whole table.
File: ./RDF_Logo.eps Graphic file (type eps)
<./RDF_Logo.eps>
File: ./RDF_Logo.eps Graphic file (type eps)
<./RDF_Logo.eps>
 [36



])
> Step: init table outer spec.
> Step: parse table options.
> Step: split table.
> Step: init table inner spec.
> Step: parse table inner spec.
> Step: execute table commands.
> Step: calculate cell and line sizes.
File: ./RDF_Logo.eps Graphic file (type eps)
<./RDF_Logo.eps>
File: ./RDF_Logo.eps Graphic file (type eps)
<./RDF_Logo.eps>
File: ./RDF_Logo.eps Graphic file (type eps)
<./RDF_Logo.eps>
File: ./RDF_Logo.eps Graphic file (type eps)
<./RDF_Logo.eps>
File: ./RDF_Logo.eps Graphic file (type eps)
<./RDF_Logo.eps>
File: ./RDF_Logo.eps Graphic file (type eps)
<./RDF_Logo.eps>
> Step: build the whole table.
File: ./RDF_Logo.eps Graphic file (type eps)
<./RDF_Logo.eps>
File: ./RDF_Logo.eps Graphic file (type eps)
<./RDF_Logo.eps>
 [37]
\openout2 = `src/BPM-1.11.aux'.

 (src/BPM-1.11.tex
> Step: init table outer spec.
> Step: parse table options.
> Step: split table.
> Step: init table inner spec.
> Step: parse table inner spec.
> Step: execute table commands.
> Step: calculate cell and line sizes.
File: ./RDF_Logo.eps Graphic file (type eps)
<./RDF_Logo.eps>
File: ./RDF_Logo.eps Graphic file (type eps)
<./RDF_Logo.eps>
File: ./RDF_Logo.eps Graphic file (type eps)
<./RDF_Logo.eps>
File: ./RDF_Logo.eps Graphic file (type eps)
<./RDF_Logo.eps>
File: ./RDF_Logo.eps Graphic file (type eps)
<./RDF_Logo.eps>
File: ./RDF_Logo.eps Graphic file (type eps)
<./RDF_Logo.eps>
> Step: build the whole table.
File: ./RDF_Logo.eps Graphic file (type eps)
<./RDF_Logo.eps>
File: ./RDF_Logo.eps Graphic file (type eps)
<./RDF_Logo.eps>
 [38



])
> Step: init table outer spec.
> Step: parse table options.
> Step: split table.
> Step: init table inner spec.
> Step: parse table inner spec.
> Step: execute table commands.
> Step: calculate cell and line sizes.
File: ./RDF_Logo.eps Graphic file (type eps)
<./RDF_Logo.eps>
File: ./RDF_Logo.eps Graphic file (type eps)
<./RDF_Logo.eps>
File: ./RDF_Logo.eps Graphic file (type eps)
<./RDF_Logo.eps>
File: ./RDF_Logo.eps Graphic file (type eps)
<./RDF_Logo.eps>
File: ./RDF_Logo.eps Graphic file (type eps)
<./RDF_Logo.eps>
File: ./RDF_Logo.eps Graphic file (type eps)
<./RDF_Logo.eps>
> Step: build the whole table.
File: ./RDF_Logo.eps Graphic file (type eps)
<./RDF_Logo.eps>
File: ./RDF_Logo.eps Graphic file (type eps)
<./RDF_Logo.eps>
 [39]
\openout2 = `src/BPM-A.1.aux'.

 (src/BPM-A.1.tex
File: ref/EXP-Amonestaci.pdf Graphic file (type pdf)
<use ref/EXP-Amonestaci.pdf>
)
> Step: init table outer spec.
> Step: parse table options.
> Step: split table.
> Step: init table inner spec.
> Step: parse table inner spec.
> Step: execute table commands.
> Step: calculate cell and line sizes.
File: ./RDF_Logo.eps Graphic file (type eps)
<./RDF_Logo.eps>
File: ./RDF_Logo.eps Graphic file (type eps)
<./RDF_Logo.eps>
File: ./RDF_Logo.eps Graphic file (type eps)
<./RDF_Logo.eps>
File: ./RDF_Logo.eps Graphic file (type eps)
<./RDF_Logo.eps>
File: ./RDF_Logo.eps Graphic file (type eps)
<./RDF_Logo.eps>
File: ./RDF_Logo.eps Graphic file (type eps)
<./RDF_Logo.eps>
> Step: build the whole table.
File: ./RDF_Logo.eps Graphic file (type eps)
<./RDF_Logo.eps>
File: ./RDF_Logo.eps Graphic file (type eps)
<./RDF_Logo.eps>
 [40



]
\openout2 = `src/BPM-A.2.aux'.


(src/BPM-A.2.tex
Underfull \hbox (badness 10000) in paragraph at lines 13--15

 []

)
> Step: init table outer spec.
> Step: parse table options.
> Step: split table.
> Step: init table inner spec.
> Step: parse table inner spec.
> Step: execute table commands.
> Step: calculate cell and line sizes.
File: ./RDF_Logo.eps Graphic file (type eps)
<./RDF_Logo.eps>
File: ./RDF_Logo.eps Graphic file (type eps)
<./RDF_Logo.eps>
File: ./RDF_Logo.eps Graphic file (type eps)
<./RDF_Logo.eps>
File: ./RDF_Logo.eps Graphic file (type eps)
<./RDF_Logo.eps>
File: ./RDF_Logo.eps Graphic file (type eps)
<./RDF_Logo.eps>
File: ./RDF_Logo.eps Graphic file (type eps)
<./RDF_Logo.eps>
> Step: build the whole table.
File: ./RDF_Logo.eps Graphic file (type eps)
<./RDF_Logo.eps>
File: ./RDF_Logo.eps Graphic file (type eps)
<./RDF_Logo.eps>
 [41



] (1-BPM-2023.gls

Package hyperref Warning: Token not allowed in a PDF string (Unicode):
(hyperref)                removing `\textspanish' on input line 1.

LaTeX Info: Redefining \rmfamily on input line 1.
LaTeX Info: Redefining \sffamily on input line 1.
LaTeX Info: Redefining \ttfamily on input line 1.
LaTeX Info: Redefining \lim on input line 1.
LaTeX Info: Redefining \limsup on input line 1.
LaTeX Info: Redefining \liminf on input line 1.
LaTeX Info: Redefining \max on input line 1.
LaTeX Info: Redefining \min on input line 1.
LaTeX Info: Redefining \inf on input line 1.
LaTeX Info: Redefining \bmod on input line 1.
LaTeX Info: Redefining \pmod on input line 1.
LaTeX Info: Redefining \arccos on input line 1.
LaTeX Info: Redefining \arcsin on input line 1.
LaTeX Info: Redefining \arctan on input line 1.
LaTeX Info: Redefining \sin on input line 1.
LaTeX Info: Redefining \tan on input line 1.
LaTeX Info: Redefining \sinh on input line 1.
LaTeX Info: Redefining \tanh on input line 1.
[42


]) [43]
runsystem(makeindex 1-BPM-2023.idx)...executed safely (allowed).

 (1-BPM-2023.ind)
The property list \polyglossia@langsetup contains the pairs (without outer
braces):
>  {latex/script}  =>  {latin}
>  {latex/lcscript}  =>  {latin}
>  {latex/scripttag}  =>  {}
>  {latex/language}  =>  {Latex}
>  {latex/langtag}  =>  {ENG}
>  {latex/bcp47}  =>  {}
>  {latex/hyphennames}  =>  {english}
>  {latex/direction}  =>  {LR}
>  {latex/hyphenmins}  =>  {2,3}
>  {latex/frenchspacing}  =>  {false}
>  {latex/indentfirst}  =>  {false}
>  {latex/fontsetup}  =>  {true}
>  {latex/envname}  =>  {latex}
>  {latex/babelname}  =>  {latex}
>  {latex/localnumeral}  =>  {polyglossia@C@localnumeral}
>  {latex/Localnumeral}  =>  {polyglossia@C@localnumeral}
>  {latex/DefineCommandsCmd}  =>  {use_none:n}
>  {spanish/script}  =>  {latin}
>  {spanish/lcscript}  =>  {latin}
>  {spanish/scripttag}  =>  {}
>  {spanish/language}  =>  {Spanish}
>  {spanish/langtag}  =>  {ESP}
>  {spanish/bcp47}  =>  {es-MX}
>  {spanish/hyphennames}  =>  {spanish}
>  {spanish/direction}  =>  {LR}
>  {spanish/hyphenmins}  =>  {2,2}
>  {spanish/frenchspacing}  =>  {true}
>  {spanish/indentfirst}  =>  {true}
>  {spanish/fontsetup}  =>  {true}
>  {spanish/envname}  =>  {spanish}
>  {spanish/babelname}  =>  {spanishmx}
>  {spanish/localnumeral}  =>  {polyglossia@C@localnumeral}
>  {spanish/Localnumeral}  =>  {polyglossia@C@localnumeral}
>  {spanish/DefineCommandsCmd}  =>  {xpg_define_language_commands:e}
>  {spanish/totalhyphenmin}  =>  {5}.
The property list \__xpg_alias contains the pairs (without outer braces):
>  {latex/target}  =>  {latex}
>  {spanish/target}  =>  {spanish}
>  {es/target}  =>  {spanish}
>  {es-MX/target}  =>  {spanish}
>  {es-MX/variant}  =>  {mexican}
>  {es-MX/options}  =>  {variant=mexican}
>  {es-ES/target}  =>  {spanish}
>  {es-ES/variant}  =>  {spanish}
>  {es-ES/options}  =>  {variant=spanish}
>  {spanishmx/target}  =>  {spanish}
>  {spanishmx/variant}  =>  {mexican}
>  {spanishmx/options}  =>  {variant=mexican}.
 
AED: lastpage setting LastPage
[44

] (1-BPM-2023.aux (src/ToC.aux)
Package polyglossia Info: Option: spanish, variant=mexican.
Package polyglossia Info: Option: Spanish, spanishoperators=all.
Package polyglossia Info: Option: spanish, variant=mexican.
Package polyglossia Info: Option: Spanish, spanishoperators=all.
LaTeX Info: Redefining \rmfamily on input line 25.
LaTeX Info: Redefining \sffamily on input line 25.
LaTeX Info: Redefining \ttfamily on input line 25.
Package polyglossia Info: Option: spanish, variant=mexican.
Package polyglossia Info: Option: Spanish, spanishoperators=all.
LaTeX Info: Redefining \lim on input line 25.
LaTeX Info: Redefining \limsup on input line 25.
LaTeX Info: Redefining \liminf on input line 25.
LaTeX Info: Redefining \max on input line 25.
LaTeX Info: Redefining \min on input line 25.
LaTeX Info: Redefining \inf on input line 25.
LaTeX Info: Redefining \bmod on input line 25.
LaTeX Info: Redefining \pmod on input line 25.
LaTeX Info: Redefining \arccos on input line 25.
LaTeX Info: Redefining \arcsin on input line 25.
LaTeX Info: Redefining \arctan on input line 25.
LaTeX Info: Redefining \sin on input line 25.
LaTeX Info: Redefining \tan on input line 25.
LaTeX Info: Redefining \sinh on input line 25.
LaTeX Info: Redefining \tanh on input line 25.
Package polyglossia Info: Option: spanish, variant=mexican.
Package polyglossia Info: Option: Spanish, spanishoperators=all.
 (src/G-1.aux) (src/BPM-1.1.aux) (src/BPM-1.2.aux) (src/BPM-1.3.aux) (src/BPM-1.4.aux) (src/BPM-1.5.aux) (src/BPM-1.6.aux) (src/BPM-1.7.aux) (src/BPM-1.8.aux)
(src/BPM-1.9.aux) (src/BPM-1.10.aux) (src/BPM-1.11.aux) (src/BPM-A.1.aux) (src/BPM-A.2.aux))

LaTeX Warning: Label(s) may have changed. Rerun to get cross-references right.

Package rerunfilecheck Info: File `1-BPM-2023.out' has not changed.
(rerunfilecheck)             Checksum: B1A39D51BEDBEE3713E40E00E29625CF;25946.
 ) 
Here is how much of TeX's memory you used:
 33662 strings out of 411566
 743948 string characters out of 2824447
 1882973 words of memory out of 3000000
 53336 multiletter control sequences out of 15000+600000
 564259 words of font info for 205 fonts, out of 8000000 for 9000
 1348 hyphenation exceptions out of 8191
 106i,18n,130p,2286b,1323s stack positions out of 10000i,1000n,20000p,200000b,80000s

Output written on 1-BPM-2023.pdf (44 pages).
