\BOOKMARK [1][-]{section.1}{\376\377\000P\000o\000l\000i\000t\000i\000c\000a\000\040\000d\000e\000\040\000c\000a\000l\000i\000d\000a\000d}{}% 1
\BOOKMARK [1][-]{section.2}{\376\377\000P\000r\000o\000g\000r\000a\000m\000a\000\040\000d\000e\000\040\000b\000u\000e\000n\000a\000s\000\040\000p\000r\000\341\000c\000t\000i\000c\000a\000s\000\040\000d\000e\000\040\000d\000i\000s\000t\000r\000i\000b\000u\000c\000i\000\363\000n\000\040\000\050\000B\000P\000D\000\051}{}% 2
\BOOKMARK [2][-]{subsection.2.1}{\376\377\000O\000b\000j\000e\000t\000i\000v\000o}{section.2}% 3
\BOOKMARK [2][-]{subsection.2.2}{\376\377\000A\000l\000c\000a\000n\000c\000e}{section.2}% 4
\BOOKMARK [2][-]{subsection.2.3}{\376\377\000R\000e\000s\000p\000o\000n\000s\000a\000b\000l\000e\000s}{section.2}% 5
\BOOKMARK [2][-]{subsection.2.4}{\376\377\000M\000e\000t\000o\000d\000o\000l\000o\000g\000\355\000a}{section.2}% 6
\BOOKMARK [3][-]{subsubsection.2.4.1}{\376\377\000I\000n\000t\000r\000o\000d\000u\000c\000c\000i\000\363\000n}{subsection.2.4}% 7
\BOOKMARK [3][-]{subsubsection.2.4.2}{\376\377\000P\000r\000o\000g\000r\000a\000m\000a\000s}{subsection.2.4}% 8
\BOOKMARK [1][-]{section.3}{\376\377\000M\000a\000n\000u\000a\000l\000\040\000d\000e\000\040\000c\000a\000l\000i\000d\000a\000d\000\040\000y\000\040\000B\000u\000e\000n\000a\000s\000\040\000P\000r\000\341\000c\000t\000i\000c\000a\000s\000\040\000d\000e\000\040\000D\000i\000s\000t\000r\000i\000b\000u\000c\000i\000\363\000n}{}% 9
\BOOKMARK [2][-]{subsection.3.1}{\376\377\000O\000b\000j\000e\000t\000i\000v\000o\000s}{section.3}% 10
\BOOKMARK [2][-]{subsection.3.2}{\376\377\000A\000l\000c\000a\000n\000c\000e}{section.3}% 11
\BOOKMARK [2][-]{subsection.3.3}{\376\377\000P\000r\000o\000p\000\363\000s\000i\000t\000o\000\040\000d\000e\000l\000\040\000m\000a\000n\000u\000a\000l\000\040\000d\000e\000\040\000b\000u\000e\000n\000a\000s\000\040\000p\000r\000\341\000c\000t\000i\000c\000a\000s\000\040\000d\000e\000\040\000d\000i\000s\000t\000r\000i\000b\000u\000c\000i\000\363\000n}{section.3}% 12
\BOOKMARK [2][-]{subsection.3.4}{\376\377\000I\000n\000t\000r\000o\000d\000u\000c\000c\000i\000\363\000n}{section.3}% 13
\BOOKMARK [2][-]{subsection.3.5}{\376\377\000P\000r\000o\000t\000e\000c\000c\000i\000\363\000n\000\040\000a\000l\000\040\000p\000r\000o\000d\000u\000c\000t\000o}{section.3}% 14
\BOOKMARK [2][-]{subsection.3.6}{\376\377\000C\000o\000n\000t\000r\000o\000l\000\040\000d\000e\000\040\000p\000l\000a\000g\000a\000s}{section.3}% 15
\BOOKMARK [2][-]{subsection.3.7}{\376\377\000P\000r\000\341\000c\000t\000i\000c\000a\000\040\000d\000e\000\040\000e\000m\000p\000l\000e\000a\000d\000o\000s}{section.3}% 16
\BOOKMARK [2][-]{subsection.3.8}{\376\377\000L\000i\000m\000p\000i\000e\000z\000a\000\040\000d\000e\000\040\000e\000q\000u\000i\000p\000o\000s}{section.3}% 17
\BOOKMARK [2][-]{subsection.3.9}{\376\377\000M\000a\000n\000t\000e\000n\000i\000m\000i\000e\000n\000t\000o\000\040\000d\000e\000\040\000e\000q\000u\000i\000p\000o\000s\000\040\000y\000\040\000e\000d\000i\000f\000i\000c\000i\000o}{section.3}% 18
\BOOKMARK [2][-]{subsection.3.10}{\376\377\000H\000i\000g\000i\000e\000n\000e\000\040\000y\000\040\000s\000a\000n\000i\000d\000a\000d}{section.3}% 19
\BOOKMARK [2][-]{subsection.3.11}{\376\377\000D\000i\000s\000e\000\361\000o\000,\000\040\000c\000o\000n\000s\000t\000r\000u\000c\000c\000i\000\363\000n\000\040\000y\000\040\000m\000a\000n\000t\000e\000n\000i\000m\000i\000e\000n\000t\000o}{section.3}% 20
\BOOKMARK [2][-]{subsection.3.12}{\376\377\000E\000x\000t\000e\000r\000i\000o\000r\000e\000s}{section.3}% 21
\BOOKMARK [3][-]{subsubsection.3.12.1}{\376\377\000I\000n\000t\000e\000r\000i\000o\000r\000e\000s}{subsection.3.12}% 22
\BOOKMARK [3][-]{subsubsection.3.12.2}{\376\377\000I\000l\000u\000m\000i\000n\000a\000c\000i\000\363\000n}{subsection.3.12}% 23
\BOOKMARK [3][-]{subsubsection.3.12.3}{\376\377\000V\000e\000n\000t\000i\000l\000a\000c\000i\000\363\000n}{subsection.3.12}% 24
\BOOKMARK [3][-]{subsubsection.3.12.4}{\376\377\000B\000a\000s\000u\000r\000a}{subsection.3.12}% 25
\BOOKMARK [2][-]{subsection.3.13}{\376\377\000I\000n\000s\000t\000a\000l\000a\000c\000i\000o\000n\000e\000s\000\040\000s\000a\000n\000i\000t\000a\000r\000i\000a\000s}{section.3}% 26
\BOOKMARK [3][-]{subsubsection.3.13.1}{\376\377\000I\000n\000s\000t\000a\000l\000a\000c\000i\000o\000n\000e\000s\000\040\000p\000a\000r\000a\000\040\000e\000l\000\040\000p\000e\000r\000s\000o\000n\000a\000l}{subsection.3.13}% 27
\BOOKMARK [2][-]{subsection.3.14}{\376\377\000L\000a\000v\000a\000d\000o\000\040\000d\000e\000\040\000e\000q\000u\000i\000p\000o\000\040\000e\000\040\000i\000n\000s\000t\000a\000l\000a\000c\000i\000o\000n\000e\000s\000\040\000s\000a\000n\000i\000t\000a\000r\000i\000a\000s\000:}{section.3}% 28
\BOOKMARK [2][-]{subsection.3.15}{\376\377\000O\000p\000e\000r\000a\000c\000i\000o\000n\000e\000s\000\040\000s\000a\000n\000i\000t\000a\000r\000i\000a\000s}{section.3}% 29
\BOOKMARK [2][-]{subsection.3.16}{\376\377\000C\000a\000l\000i\000d\000a\000d\000\040\000y\000\040\000a\000b\000a\000s\000t\000e\000c\000i\000m\000i\000e\000n\000t\000o\000\040\000d\000e\000\040\000a\000g\000u\000a}{section.3}% 30
\BOOKMARK [3][-]{subsubsection.3.16.1}{\376\377\000C\000o\000n\000t\000r\000o\000l\000e\000s}{subsection.3.16}% 31
\BOOKMARK [2][-]{subsection.3.17}{\376\377\000T\000r\000a\000n\000s\000p\000o\000r\000t\000e}{section.3}% 32
\BOOKMARK [2][-]{subsection.3.18}{\376\377\000A\000l\000m\000a\000c\000e\000n\000a\000m\000i\000e\000n\000t\000o}{section.3}% 33
\BOOKMARK [2][-]{subsection.3.19}{\376\377\000R\000e\000c\000e\000p\000c\000i\000\363\000n\000\040\000y\000\040\000a\000l\000m\000a\000c\000e\000n\000a\000m\000i\000e\000n\000t\000o\000\040\000d\000e\000\040\000p\000r\000o\000d\000u\000c\000t\000o\000s}{section.3}% 34
\BOOKMARK [2][-]{subsection.3.20}{\376\377\000R\000e\000c\000e\000p\000c\000i\000\363\000n\000\040\000y\000\040\000a\000l\000m\000a\000c\000e\000n\000a\000m\000i\000e\000n\000t\000o\000\040\000d\000e\000\040\000p\000r\000o\000d\000u\000c\000t\000o\000s\000\040\000n\000o\000-\000c\000o\000m\000e\000s\000t\000i\000b\000l\000e\000s}{section.3}% 35
\BOOKMARK [2][-]{subsection.3.21}{\376\377\000E\000q\000u\000i\000p\000o}{section.3}% 36
\BOOKMARK [3][-]{subsubsection.3.21.1}{\376\377\000D\000i\000s\000e\000\361\000o\000\040\000e\000\040\000i\000n\000s\000t\000a\000l\000a\000c\000i\000\363\000n}{subsection.3.21}% 37
\BOOKMARK [3][-]{subsubsection.3.21.2}{\376\377\000S\000u\000p\000e\000r\000f\000i\000c\000i\000e\000s\000\040\000e\000n\000\040\000c\000o\000n\000t\000a\000c\000t\000o\000\040\000c\000o\000n\000\040\000a\000l\000i\000e\000m\000e\000n\000t\000o\000s}{subsection.3.21}% 38
\BOOKMARK [3][-]{subsubsection.3.21.3}{\376\377\000C\000a\000l\000i\000b\000r\000a\000c\000i\000\363\000n\000\040\000y\000\040\000m\000a\000n\000t\000e\000n\000i\000m\000i\000e\000n\000t\000o\000\040\000d\000e\000\040\000e\000q\000u\000i\000p\000o\000s}{subsection.3.21}% 39
\BOOKMARK [2][-]{subsection.3.22}{\376\377\000C\000o\000n\000t\000r\000o\000l\000e\000s\000\040\000e\000s\000c\000r\000i\000t\000o\000s\000\040\000d\000e\000\040\000m\000a\000n\000t\000e\000n\000i\000m\000i\000e\000n\000t\000o}{section.3}% 40
\BOOKMARK [2][-]{subsection.3.23}{\376\377\000C\000o\000n\000t\000r\000o\000l\000\040\000d\000e\000\040\000c\000a\000l\000i\000b\000r\000a\000c\000i\000\363\000n}{section.3}% 41
\BOOKMARK [2][-]{subsection.3.24}{\376\377\000P\000e\000r\000s\000o\000n\000a\000l}{section.3}% 42
\BOOKMARK [3][-]{subsubsection.3.24.1}{\376\377\000C\000a\000p\000a\000c\000i\000t\000a\000c\000i\000o\000n\000e\000s}{subsection.3.24}% 43
\BOOKMARK [4][-]{paragraph.3.24.1.1}{\376\377\000E\000n\000t\000r\000e\000n\000a\000m\000i\000e\000n\000t\000o\000\040\000e\000n\000\040\000h\000i\000g\000i\000e\000n\000e\000\040\000a\000l\000i\000m\000e\000n\000t\000a\000r\000i\000a}{subsubsection.3.24.1}% 44
\BOOKMARK [4][-]{paragraph.3.24.1.2}{\376\377\000E\000n\000t\000r\000e\000n\000a\000m\000i\000e\000n\000t\000o\000\040\000t\000\351\000c\000n\000i\000c\000o}{subsubsection.3.24.1}% 45
\BOOKMARK [3][-]{subsubsection.3.24.2}{\376\377\000R\000e\000q\000u\000i\000s\000i\000t\000o\000s\000\040\000d\000e\000\040\000s\000e\000g\000u\000r\000i\000d\000a\000d\000\040\000e\000\040\000h\000i\000g\000i\000e\000n\000e}{subsection.3.24}% 46
\BOOKMARK [3][-]{subsubsection.3.24.3}{\376\377\000E\000n\000f\000e\000r\000m\000e\000d\000a\000d\000e\000s\000\040\000c\000o\000n\000t\000a\000g\000i\000o\000s\000a\000s\000\040\000y\000\040\000h\000e\000r\000i\000d\000a\000s}{subsection.3.24}% 47
\BOOKMARK [2][-]{subsection.3.25}{\376\377\000V\000i\000s\000i\000t\000a\000n\000t\000e\000s}{section.3}% 48
\BOOKMARK [2][-]{subsection.3.26}{\376\377\000P\000r\000e\000v\000e\000n\000c\000i\000\363\000n\000\040\000d\000e\000\040\000l\000a\000\040\000c\000o\000n\000t\000a\000m\000i\000n\000a\000c\000i\000\363\000n\000\040\000c\000r\000u\000z\000a\000d\000a}{section.3}% 49
\BOOKMARK [2][-]{subsection.3.27}{\376\377\000P\000r\000o\000g\000r\000a\000m\000a\000\040\000d\000e\000\040\000l\000i\000m\000p\000i\000e\000z\000a}{section.3}% 50
\BOOKMARK [2][-]{subsection.3.28}{\376\377\000C\000o\000n\000t\000r\000o\000l\000e\000s\000\040\000s\000a\000n\000i\000t\000a\000r\000i\000o\000s}{section.3}% 51
\BOOKMARK [2][-]{subsection.3.29}{\376\377\000P\000r\000o\000g\000r\000a\000m\000a\000\040\000d\000e\000\040\000c\000o\000n\000t\000r\000o\000l\000\040\000d\000e\000\040\000p\000l\000a\000g\000a\000s}{section.3}% 52
\BOOKMARK [2][-]{subsection.3.30}{\376\377\000C\000o\000n\000t\000r\000o\000l\000e\000s\000\040\000d\000e\000l\000\040\000p\000r\000o\000g\000r\000a\000m\000a\000\040\000d\000e\000\040\000c\000o\000n\000t\000r\000o\000l\000\040\000d\000e\000\040\000p\000l\000a\000g\000a\000s}{section.3}% 53
\BOOKMARK [2][-]{subsection.3.31}{\376\377\000R\000a\000s\000t\000r\000e\000o}{section.3}% 54
\BOOKMARK [2][-]{subsection.3.32}{\376\377\000C\000o\000d\000i\000f\000i\000c\000a\000c\000i\000\363\000n\000\040\000d\000e\000\040\000p\000r\000o\000d\000u\000c\000t\000o\000s}{section.3}% 55
\BOOKMARK [2][-]{subsection.3.33}{\376\377\000R\000e\000g\000i\000s\000t\000r\000o\000s}{section.3}% 56
\BOOKMARK [1][-]{section.4}{\376\377\000R\000e\000g\000l\000a\000m\000e\000n\000t\000o\000\040\000d\000e\000\040\000i\000n\000g\000r\000e\000s\000o\000\040\000a\000\040\000l\000a\000s\000\040\000i\000n\000s\000t\000a\000l\000a\000c\000i\000o\000n\000e\000s}{}% 57
\BOOKMARK [2][-]{subsection.4.1}{\376\377\000O\000b\000j\000e\000t\000i\000v\000o\000s}{section.4}% 58
\BOOKMARK [2][-]{subsection.4.2}{\376\377\000A\000l\000c\000a\000n\000c\000e}{section.4}% 59
\BOOKMARK [2][-]{subsection.4.3}{\376\377\000T\000e\000r\000m\000i\000n\000o\000l\000o\000g\000\355\000a\000\040\000y\000\040\000d\000e\000f\000i\000n\000i\000c\000i\000o\000n\000e\000s}{section.4}% 60
\BOOKMARK [2][-]{subsection.4.4}{\376\377\000D\000o\000c\000u\000m\000e\000n\000t\000o\000s\000\040\000y\000/\000o\000\040\000n\000o\000r\000m\000a\000s\000\040\000r\000e\000l\000a\000c\000i\000o\000n\000a\000d\000o\000s}{section.4}% 61
\BOOKMARK [2][-]{subsection.4.5}{\376\377\000R\000e\000g\000l\000a\000m\000e\000n\000t\000o\000\040\000d\000e\000\040\000i\000n\000g\000r\000e\000s\000o\000\040\000a\000l\000\040\000a\000l\000m\000a\000c\000\351\000n}{section.4}% 62
\BOOKMARK [3][-]{subsubsection.4.5.1}{\376\377\000D\000i\000s\000p\000o\000s\000i\000c\000i\000o\000n\000e\000s\000\040\000g\000e\000n\000e\000r\000a\000l\000e\000s}{subsection.4.5}% 63
\BOOKMARK [3][-]{subsubsection.4.5.2}{\376\377\000I\000n\000g\000r\000e\000s\000o\000\040\000d\000e\000\040\000p\000e\000r\000s\000o\000n\000a\000l\000\040\000i\000n\000t\000e\000r\000n\000o}{subsection.4.5}% 64
\BOOKMARK [3][-]{subsubsection.4.5.3}{\376\377\000I\000n\000g\000r\000e\000s\000o\000\040\000d\000e\000\040\000v\000i\000s\000i\000t\000a\000n\000t\000e\000s\000\040\000o\000\040\000p\000e\000r\000s\000o\000n\000a\000l\000\040\000c\000o\000n\000t\000r\000a\000t\000a\000d\000o\000\040\000p\000o\000r\000\040\000c\000l\000i\000e\000n\000t\000e\000s\000\040\000d\000e\000\040\000R\000D\000F\000\040\000\050\000P\000C\000P\000C\000\051}{subsection.4.5}% 65
\BOOKMARK [2][-]{subsection.4.6}{\376\377\000R\000e\000s\000p\000o\000n\000s\000a\000b\000l\000e\000\050\000s\000\051\000\040\000d\000e\000\040\000l\000a\000\040\000a\000c\000t\000i\000v\000i\000d\000a\000d}{section.4}% 66
\BOOKMARK [2][-]{subsection.4.7}{\376\377\000A\000c\000c\000i\000o\000n\000e\000s\000\040\000p\000r\000e\000v\000e\000n\000t\000i\000v\000a\000s}{section.4}% 67
\BOOKMARK [2][-]{subsection.4.8}{\376\377\000A\000c\000c\000i\000o\000n\000e\000s\000\040\000c\000o\000r\000r\000e\000c\000t\000i\000v\000a\000s}{section.4}% 68
\BOOKMARK [1][-]{section.5}{\376\377\000R\000e\000g\000l\000a\000m\000e\000n\000t\000o\000\040\000d\000e\000\040\000a\000l\000m\000a\000c\000\351\000n}{}% 69
\BOOKMARK [1][-]{section.6}{\376\377\000S\000a\000n\000c\000i\000\363\000n\000\040\000p\000o\000r\000\040\000n\000o\000\040\000c\000u\000m\000p\000l\000i\000r\000\040\000e\000l\000\040\000r\000e\000g\000l\000a\000m\000e\000n\000t\000o\000\040\000d\000e\000\040\000B\000P\000D}{}% 70
\BOOKMARK [2][-]{subsection.6.1}{\376\377\000O\000b\000j\000e\000t\000i\000v\000o}{section.6}% 71
\BOOKMARK [2][-]{subsection.6.2}{\376\377\000A\000l\000c\000a\000n\000c\000e}{section.6}% 72
\BOOKMARK [2][-]{subsection.6.3}{\376\377\000D\000o\000c\000u\000m\000e\000n\000t\000o\000s\000\040\000y\000/\000o\000\040\000n\000o\000r\000m\000a\000s\000\040\000r\000e\000l\000a\000c\000i\000o\000n\000a\000d\000o\000s}{section.6}% 73
\BOOKMARK [2][-]{subsection.6.4}{\376\377\000P\000r\000o\000c\000e\000d\000i\000m\000i\000e\000n\000t\000o}{section.6}% 74
\BOOKMARK [3][-]{subsubsection.6.4.1}{\376\377\000I\000n\000s\000t\000r\000u\000c\000c\000i\000o\000n\000e\000s}{subsection.6.4}% 75
\BOOKMARK [2][-]{subsection.6.5}{\376\377\000R\000e\000s\000p\000o\000n\000s\000a\000b\000l\000e\000\040\000d\000e\000\040\000l\000a\000\040\000a\000c\000t\000i\000v\000i\000d\000a\000d}{section.6}% 76
\BOOKMARK [2][-]{subsection.6.6}{\376\377\000A\000c\000c\000i\000o\000n\000e\000s\000\040\000p\000r\000e\000v\000e\000n\000t\000i\000v\000a\000s}{section.6}% 77
\BOOKMARK [2][-]{subsection.6.7}{\376\377\000A\000c\000c\000i\000o\000n\000e\000s\000\040\000c\000o\000r\000r\000e\000c\000t\000i\000v\000a\000s}{section.6}% 78
\BOOKMARK [2][-]{subsection.6.8}{\376\377\000F\000r\000e\000c\000u\000e\000n\000c\000i\000a}{section.6}% 79
\BOOKMARK [1][-]{section.7}{\376\377\000A\000n\000\341\000l\000i\000s\000i\000s\000\040\000c\000l\000\355\000n\000i\000c\000o\000s\000\040\000d\000e\000l\000\040\000p\000e\000r\000s\000o\000n\000a\000l}{}% 80
\BOOKMARK [2][-]{subsection.7.1}{\376\377\000O\000b\000j\000e\000t\000i\000v\000o}{section.7}% 81
\BOOKMARK [2][-]{subsection.7.2}{\376\377\000A\000l\000c\000a\000n\000c\000e}{section.7}% 82
\BOOKMARK [2][-]{subsection.7.3}{\376\377\000T\000e\000r\000m\000i\000n\000o\000l\000o\000g\000\355\000a\000\040\000y\000\040\000d\000e\000f\000i\000n\000i\000c\000i\000o\000n\000e\000s}{section.7}% 83
\BOOKMARK [2][-]{subsection.7.4}{\376\377\000D\000o\000c\000u\000m\000e\000n\000t\000o\000s\000\040\000y\000/\000o\000\040\000n\000o\000r\000m\000a\000s\000\040\000r\000e\000l\000a\000c\000i\000o\000n\000a\000d\000o\000s}{section.7}% 84
\BOOKMARK [2][-]{subsection.7.5}{\376\377\000P\000r\000o\000c\000e\000d\000i\000m\000i\000e\000n\000t\000o}{section.7}% 85
\BOOKMARK [3][-]{subsubsection.7.5.1}{\376\377\000P\000r\000o\000g\000r\000a\000m\000a\000\040\000d\000e\000\040\000a\000n\000\341\000l\000i\000s\000i\000s\000\040\000c\000l\000\355\000n\000i\000c\000o\000\040\000e\000x\000t\000e\000r\000n\000o}{subsection.7.5}% 86
\BOOKMARK [2][-]{subsection.7.6}{\376\377\000R\000e\000s\000p\000o\000n\000s\000a\000b\000l\000e\000\040\000d\000e\000\040\000l\000a\000\040\000a\000c\000t\000i\000v\000i\000d\000a\000d}{section.7}% 87
\BOOKMARK [2][-]{subsection.7.7}{\376\377\000A\000c\000c\000i\000o\000n\000e\000s\000\040\000c\000o\000r\000r\000e\000c\000t\000i\000v\000a\000s}{section.7}% 88
\BOOKMARK [2][-]{subsection.7.8}{\376\377\000F\000r\000e\000c\000u\000e\000n\000c\000i\000a}{section.7}% 89
\BOOKMARK [2][-]{subsection.7.9}{\376\377\000H\000i\000s\000t\000o\000r\000i\000a\000l\000\040\000d\000e\000\040\000m\000o\000d\000i\000f\000i\000c\000a\000c\000i\000o\000n\000e\000s}{section.7}% 90
\BOOKMARK [2][-]{subsection.7.10}{\376\377\000O\000b\000j\000e\000t\000i\000v\000o}{section.7}% 91
\BOOKMARK [2][-]{subsection.7.11}{\376\377\000A\000l\000c\000a\000n\000c\000e}{section.7}% 92
\BOOKMARK [2][-]{subsection.7.12}{\376\377\000P\000r\000o\000c\000e\000d\000i\000m\000i\000e\000n\000t\000o}{section.7}% 93
\BOOKMARK [3][-]{subsubsection.7.12.1}{\376\377\000P\000e\000r\000s\000o\000n\000a\000l\000\040\000c\000o\000n\000\040\000h\000e\000r\000i\000d\000a\000s}{subsection.7.12}% 94
\BOOKMARK [3][-]{subsubsection.7.12.2}{\376\377\000P\000e\000r\000s\000o\000n\000a\000l\000\040\000c\000o\000n\000\040\000e\000n\000f\000e\000r\000m\000e\000d\000a\000d\000e\000s\000\040\000i\000n\000f\000e\000c\000t\000o\000-\000c\000o\000n\000t\000a\000g\000i\000o\000s\000a\000s\000\040\000o\000\040\000a\000f\000e\000c\000c\000i\000o\000n\000e\000s\000\040\000e\000n\000\040\000l\000a\000\040\000p\000i\000e\000l}{subsection.7.12}% 95
\BOOKMARK [2][-]{subsection.7.13}{\376\377\000F\000r\000e\000c\000u\000e\000n\000c\000i\000a}{section.7}% 96
\BOOKMARK [2][-]{subsection.7.14}{\376\377\000R\000e\000s\000p\000o\000n\000s\000a\000b\000l\000e\000s}{section.7}% 97
\BOOKMARK [2][-]{subsection.7.15}{\376\377\000A\000c\000c\000i\000o\000n\000e\000s\000\040\000p\000r\000e\000v\000e\000n\000t\000i\000v\000a\000s}{section.7}% 98
\BOOKMARK [2][-]{subsection.7.16}{\376\377\000A\000c\000c\000i\000o\000n\000e\000s\000\040\000c\000o\000r\000r\000e\000c\000t\000i\000v\000a\000s}{section.7}% 99
\BOOKMARK [2][-]{subsection.7.17}{\376\377\000H\000i\000s\000t\000o\000r\000i\000a\000l\000\040\000d\000e\000\040\000m\000o\000d\000i\000f\000i\000c\000a\000c\000i\000o\000n\000e\000s}{section.7}% 100
\BOOKMARK [1][-]{section.8}{\376\377\000P\000o\000l\000\355\000t\000i\000c\000a\000\040\000d\000e\000\040\000i\000g\000u\000a\000l\000d\000a\000d\000\040\000l\000a\000b\000o\000r\000a\000l}{}% 101
\BOOKMARK [2][-]{subsection.8.1}{\376\377\000O\000b\000j\000e\000t\000i\000v\000o}{section.8}% 102
\BOOKMARK [2][-]{subsection.8.2}{\376\377\000A\000l\000c\000a\000n\000c\000e}{section.8}% 103
\BOOKMARK [2][-]{subsection.8.3}{\376\377\000D\000o\000c\000u\000m\000e\000n\000t\000o\000s\000\040\000y\000/\000o\000\040\000n\000o\000r\000m\000a\000s\000\040\000r\000e\000l\000a\000c\000i\000o\000n\000a\000d\000a\000s}{section.8}% 104
\BOOKMARK [2][-]{subsection.8.4}{\376\377\000P\000o\000l\000\355\000t\000i\000c\000a\000\040\000d\000e\000\040\000i\000g\000u\000a\000l\000d\000a\000d\000\040\000l\000a\000b\000o\000r\000a\000l}{section.8}% 105
\BOOKMARK [2][-]{subsection.8.5}{\376\377\000H\000i\000s\000t\000o\000r\000i\000a\000l\000\040\000d\000e\000\040\000m\000o\000d\000i\000f\000i\000c\000a\000c\000i\000o\000n\000e\000s}{section.8}% 106
\BOOKMARK [1][-]{section.9}{\376\377\000C\000o\000m\000p\000r\000a\000\040\000d\000e\000\040\000r\000e\000c\000u\000r\000s\000o\000s}{}% 107
\BOOKMARK [2][-]{subsection.9.1}{\376\377\000O\000b\000j\000e\000t\000i\000v\000o}{section.9}% 108
\BOOKMARK [2][-]{subsection.9.2}{\376\377\000A\000l\000c\000a\000n\000c\000e}{section.9}% 109
\BOOKMARK [2][-]{subsection.9.3}{\376\377\000T\000e\000r\000m\000i\000n\000o\000l\000o\000g\000\355\000a\000\040\000y\000\040\000d\000e\000f\000i\000n\000i\000c\000i\000o\000n\000e\000s}{section.9}% 110
\BOOKMARK [2][-]{subsection.9.4}{\376\377\000D\000o\000c\000u\000m\000e\000n\000t\000o\000s\000\040\000y\000/\000o\000\040\000n\000o\000r\000m\000a\000s\000\040\000r\000e\000l\000a\000c\000i\000o\000n\000a\000d\000a\000s}{section.9}% 111
\BOOKMARK [2][-]{subsection.9.5}{\376\377\000P\000r\000o\000c\000e\000d\000i\000m\000i\000e\000n\000t\000o}{section.9}% 112
\BOOKMARK [3][-]{subsubsection.9.5.1}{\376\377\000C\000o\000m\000p\000r\000a\000\040\000d\000e\000\040\000i\000n\000s\000u\000m\000o\000s\000\040\000f\000r\000e\000c\000u\000e\000n\000t\000e\000s}{subsection.9.5}% 113
\BOOKMARK [3][-]{subsubsection.9.5.2}{\376\377\000C\000o\000m\000p\000r\000a\000\040\000d\000e\000\040\000r\000e\000c\000u\000r\000s\000o\000s\000\040\000f\000u\000e\000r\000a\000\040\000d\000e\000\040\000l\000a\000\040\000l\000i\000s\000t\000a\000\040\000d\000e\000\040\000p\000r\000o\000v\000e\000e\000d\000o\000r\000e\000s\000\040\000a\000u\000t\000o\000r\000i\000z\000a\000d\000o\000s}{subsection.9.5}% 114
\BOOKMARK [2][-]{subsection.9.6}{\376\377\000F\000r\000e\000c\000u\000e\000n\000c\000i\000a}{section.9}% 115
\BOOKMARK [2][-]{subsection.9.7}{\376\377\000H\000i\000s\000t\000o\000r\000i\000a\000l\000\040\000d\000e\000\040\000m\000o\000d\000i\000f\000i\000c\000a\000c\000i\000o\000n\000e\000s}{section.9}% 116
\BOOKMARK [1][-]{section.10}{\376\377\000L\000l\000e\000n\000a\000d\000o\000\040\000d\000e\000\040\000f\000o\000r\000m\000u\000l\000a\000r\000i\000o\000s\000\040\000d\000e\000\040\000o\000r\000d\000e\000n\000\040\000d\000e\000\040\000s\000a\000l\000i\000d\000a}{}% 117
\BOOKMARK [2][-]{subsection.10.1}{\376\377\000O\000b\000j\000e\000t\000i\000v\000o}{section.10}% 118
\BOOKMARK [2][-]{subsection.10.2}{\376\377\000A\000l\000c\000a\000n\000c\000e}{section.10}% 119
\BOOKMARK [2][-]{subsection.10.3}{\376\377\000T\000e\000r\000m\000i\000n\000o\000l\000o\000g\000\355\000a\000\040\000y\000\040\000d\000e\000f\000i\000n\000i\000c\000i\000o\000n\000e\000s}{section.10}% 120
\BOOKMARK [2][-]{subsection.10.4}{\376\377\000D\000o\000c\000u\000m\000e\000n\000t\000o\000s\000\040\000y\000/\000o\000\040\000n\000o\000r\000m\000a\000s\000\040\000r\000e\000l\000a\000c\000i\000o\000n\000a\000d\000a\000s}{section.10}% 121
\BOOKMARK [2][-]{subsection.10.5}{\376\377\000I\000n\000s\000t\000r\000u\000c\000c\000i\000o\000n\000e\000s}{section.10}% 122
\BOOKMARK [3][-]{subsubsection.10.5.1}{\376\377\000M\000a\000t\000e\000r\000i\000a\000l\000e\000s}{subsection.10.5}% 123
\BOOKMARK [3][-]{subsubsection.10.5.2}{\376\377\000I\000n\000s\000t\000r\000u\000c\000c\000i\000o\000n\000e\000s}{subsection.10.5}% 124
\BOOKMARK [4][-]{paragraph.10.5.2.1}{\376\377\000\247\000A\000\040\000-\000\040\000D\000a\000t\000o\000s\000\040\000d\000e\000\040\000i\000d\000e\000n\000t\000i\000f\000i\000c\000a\000c\000i\000\363\000n}{subsubsection.10.5.2}% 125
\BOOKMARK [4][-]{paragraph.10.5.2.2}{\376\377\000\247\000B\000\040\000-\000\040\000C\000o\000n\000d\000i\000c\000i\000o\000n\000e\000s\000\040\000d\000e\000l\000\040\000p\000r\000o\000d\000u\000c\000t\000o}{subsubsection.10.5.2}% 126
\BOOKMARK [4][-]{paragraph.10.5.2.3}{\376\377\000\247\000C\000\040\000-\000\040\000S\000e\000r\000v\000i\000c\000i\000o\000s}{subsubsection.10.5.2}% 127
\BOOKMARK [4][-]{paragraph.10.5.2.4}{\376\377\000\247\000D\000\040\000-\000\040\000O\000b\000s\000e\000r\000v\000a\000c\000i\000o\000n\000e\000s}{subsubsection.10.5.2}% 128
\BOOKMARK [2][-]{subsection.10.6}{\376\377\000R\000e\000s\000p\000o\000n\000s\000a\000b\000l\000e\000s\000\040\000d\000e\000\040\000l\000a\000\040\000a\000c\000t\000i\000v\000i\000d\000a\000d}{section.10}% 129
\BOOKMARK [2][-]{subsection.10.7}{\376\377\000A\000c\000c\000i\000o\000n\000e\000s\000\040\000p\000r\000e\000v\000e\000n\000t\000i\000v\000a\000s}{section.10}% 130
\BOOKMARK [2][-]{subsection.10.8}{\376\377\000A\000c\000c\000i\000o\000n\000e\000s\000\040\000c\000o\000r\000r\000e\000c\000t\000i\000v\000a\000s}{section.10}% 131
\BOOKMARK [2][-]{subsection.10.9}{\376\377\000F\000r\000e\000c\000u\000e\000n\000c\000i\000a}{section.10}% 132
\BOOKMARK [2][-]{subsection.10.10}{\376\377\000H\000i\000s\000t\000o\000r\000i\000a\000l\000\040\000d\000e\000\040\000m\000o\000d\000i\000f\000i\000c\000a\000c\000i\000o\000n\000e\000s}{section.10}% 133
\BOOKMARK [1][-]{appendix.A}{\376\377\000B\000P\000D\000\040\040\024\000\040\000A\000p\000\351\000n\000d\000i\000c\000e\000\040\0001}{}% 134
\BOOKMARK [1][-]{appendix.B}{\376\377\000C\000a\000r\000t\000a\000\040\000c\000o\000m\000p\000r\000o\000m\000i\000s\000o\000\040\000d\000e\000\040\000c\000u\000m\000p\000l\000i\000m\000i\000e\000n\000t\000o\000\040\000d\000e\000l\000\040\000r\000e\000g\000l\000a\000m\000e\000n\000t\000o\000\040\000i\000n\000t\000e\000r\000n\000o}{}% 135
