26 Jan 2023 12:16:40.284 INFO  - 
Welcome to arara 7.0.4!
-----------------------------------------------------------------
26 Jan 2023 12:16:40.304 DEBUG - 
::: arara @ C:\Program Files\MiKTeX\scripts\arara
::: Java 19, Eclipse Adoptium
::: C:\Program Files\Eclipse Adoptium\jdk-19.0.0.36-hotspot
::: Windows 10, amd64, 10.0
::: user.home @ C:\Users\Usuario
::: CF @ [none]
-----------------------------------------------------------------
26 Jan 2023 12:16:40.343 INFO  - Processing "1-BPM-2023.tex" (size: 3.1 kB, last modified: 2023-01-26 18:13:52), please wait.
26 Jan 2023 12:16:40.391 INFO  - I found a potential pattern in line 1: xelatex: {
26 Jan 2023 12:16:40.392 INFO  - I found a potential pattern in line 2: --> interaction: nonstopmode,
26 Jan 2023 12:16:40.393 INFO  - I found a potential pattern in line 3: --> options: ['-file-line-error','-max-print-line=200'],
26 Jan 2023 12:16:40.393 INFO  - I found a potential pattern in line 4: --> shell: yes,
26 Jan 2023 12:16:40.393 INFO  - I found a potential pattern in line 5: --> synctex: yes,
26 Jan 2023 12:16:40.394 INFO  - I found a potential pattern in line 6: --> }
26 Jan 2023 12:16:40.394 INFO  - I found a potential pattern in line 7: makeglossaries
26 Jan 2023 12:16:40.394 INFO  - I found a potential pattern in line 8: xindy
26 Jan 2023 12:16:42.744 INFO  -                     All directives were validated. We are good to go.
                    -------------------------- DIRECTIVES ---------------------------
                    Directive(identifier='xelatex', parameters={interaction=nonstopmode, options=[-file-line-error, -max-print-line=200], shell=yes, synctex=yes, reference=c:\Users\Usuario\Desktop\2023-SGC-2\BPD\1-BPM-2023.tex},conditional={ NONE }, lineNumbers=[1, 2, 3, 4, 5, 6])
Directive(identifier='makeglossaries', parameters={reference=c:\Users\Usuario\Desktop\2023-SGC-2\BPD\1-BPM-2023.tex},conditional={ NONE }, lineNumbers=[7])
Directive(identifier='xindy', parameters={reference=c:\Users\Usuario\Desktop\2023-SGC-2\BPD\1-BPM-2023.tex},conditional={ NONE }, lineNumbers=[8])
                    -----------------------------------------------------------------
26 Jan 2023 12:16:42.752 INFO  - I am ready to interpret rule "xelatex".
26 Jan 2023 12:16:42.763 INFO  - Rule location: "C:\Program Files\MiKTeX\scripts\arara\rules"
26 Jan 2023 12:16:43.744 INFO  - I am ready to interpret task "XeLaTeX engine" from rule "XeLaTeX".
26 Jan 2023 12:16:43.748 INFO  - System command: [xelatex, --interaction=nonstopmode, --shell-escape, --synctex=1, -file-line-error, -max-print-line=200, 1-BPM-2023.tex] @ c:\Users\Usuario\Desktop\2023-SGC-2\BPD
26 Jan 2023 12:18:05.719 INFO  -                 ---------------------- BEGIN OUTPUT BUFFER ----------------------
                This is XeTeX, Version 3.141592653-2.6-0.999994 (MiKTeX 22.12) (preloaded format=xelatex.fmt)
 \write18 enabled.
entering extended mode
(1-BPM-2023.tex
LaTeX2e <2022-11-01> patch level 1
L3 programming layer <2022-12-17> (C:\Program Files\MiKTeX\tex/latex/base\article.cls
Document Class: article 2022/07/02 v1.4n Standard LaTeX document class
(C:\Program Files\MiKTeX\tex/latex/base\size10.clo)) (C:\Users\Usuario\AppData\Roaming\MiKTeX\tex/latex/changelog\changelog.sty (C:\Program Files\MiKTeX\tex/latex/l3packages/xparse\xparse.sty
(C:\Program Files\MiKTeX\tex/latex/l3kernel\expl3.sty (C:\Program Files\MiKTeX\tex/latex/l3backend\l3backend-xetex.def))) (C:\Program Files\MiKTeX\tex/latex/xkeyval\xkeyval.sty
(C:\Program Files\MiKTeX\tex/generic/xkeyval\xkeyval.tex (C:\Program Files\MiKTeX\tex/generic/xkeyval\xkvutils.tex (C:\Program Files\MiKTeX\tex/generic/xkeyval\keyval.tex))))
(C:\Users\Usuario\AppData\Roaming\MiKTeX\tex/latex/translations\translations.sty (C:\Program Files\MiKTeX\tex/latex/etoolbox\etoolbox.sty)
(C:\Program Files\MiKTeX\tex/generic/pdftexcmds\pdftexcmds.sty (C:\Users\Usuario\AppData\Roaming\MiKTeX\tex/generic/infwarerr\infwarerr.sty) (C:\Program Files\MiKTeX\tex/generic/iftex\iftex.sty)
(C:\Users\Usuario\AppData\Roaming\MiKTeX\tex/generic/ltxcmds\ltxcmds.sty)))) (C:\Program Files\MiKTeX\tex/latex/fontspec\fontspec.sty (C:\Program Files\MiKTeX\tex/latex/fontspec\fontspec-xetex.sty
(C:\Program Files\MiKTeX\tex/latex/base\fontenc.sty) (C:\Program Files\MiKTeX\tex/latex/fontspec\fontspec.cfg))) (C:\Users\Usuario\AppData\Roaming\MiKTeX\tex/latex/polyglossia\polyglossia.sty
(C:\Users\Usuario\AppData\Roaming\MiKTeX\tex/latex/makecmds\makecmds.sty) (C:\Program Files\MiKTeX\tex/latex/l3packages/l3keys2e\l3keys2e.sty)
(C:\Users\Usuario\AppData\Roaming\MiKTeX\tex/latex/polyglossia\gloss-latex.lde)) (C:\Users\Usuario\AppData\Roaming\MiKTeX\tex/latex/polyglossia\gloss-spanish.ldf)
(C:\Program Files\MiKTeX\tex/latex/glossaries-extra\glossaries-extra.sty (C:\Program Files\MiKTeX\tex/latex/glossaries/base\glossaries.sty (C:\Program Files\MiKTeX\tex/latex/base\ifthen.sty)
(C:\Program Files\MiKTeX\tex/latex/mfirstuc\mfirstuc.sty) (C:\Program Files\MiKTeX\tex/latex/xfor\xfor.sty) (C:\Program Files\MiKTeX\tex/latex/datatool\datatool-base.sty
(C:\Program Files\MiKTeX\tex/latex/amsmath\amsmath.sty
For additional information on amsmath, use the `?' option.
(C:\Program Files\MiKTeX\tex/latex/amsmath\amstext.sty (C:\Program Files\MiKTeX\tex/latex/amsmath\amsgen.sty)) (C:\Program Files\MiKTeX\tex/latex/amsmath\amsbsy.sty)
(C:\Program Files\MiKTeX\tex/latex/amsmath\amsopn.sty)) (C:\Program Files\MiKTeX\tex/latex/substr\substr.sty) (C:\Program Files\MiKTeX\tex/latex/datatool\datatool-fp.sty
(C:\Program Files\MiKTeX\tex/latex/fp\fp.sty `Fixed Point Package', Version 0.8, April 2, 1995 (C) Michael Mehlich (C:\Program Files\MiKTeX\tex/latex/fp\defpattern.sty)
(C:\Program Files\MiKTeX\tex/latex/fp\fp-basic.sty) (C:\Program Files\MiKTeX\tex/latex/fp\fp-addons.sty) (C:\Program Files\MiKTeX\tex/latex/fp\fp-snap.sty)
(C:\Program Files\MiKTeX\tex/latex/fp\fp-exp.sty) (C:\Program Files\MiKTeX\tex/latex/fp\fp-trigo.sty) (C:\Program Files\MiKTeX\tex/latex/fp\fp-pas.sty)
(C:\Program Files\MiKTeX\tex/latex/fp\fp-random.sty) (C:\Program Files\MiKTeX\tex/latex/fp\fp-eqn.sty) (C:\Program Files\MiKTeX\tex/latex/fp\fp-upn.sty)
(C:\Program Files\MiKTeX\tex/latex/fp\fp-eval.sty)))) (C:\Users\Usuario\AppData\Roaming\MiKTeX\tex/latex/tracklang\tracklang.sty
(C:\Users\Usuario\AppData\Roaming\MiKTeX\tex/generic/tracklang\tracklang.tex)) (C:\Program Files\MiKTeX\tex/latex/glossaries-spanish\glossaries-spanish.ldf
(C:\Program Files\MiKTeX\tex/latex/glossaries-spanish\glossaries-spanish-utf8.ldf)) (C:\Program Files\MiKTeX\tex/latex/glossaries/styles\glossary-hypernav.sty)
(C:\Program Files\MiKTeX\tex/latex/glossaries/styles\glossary-list.sty) (C:\Program Files\MiKTeX\tex/latex/glossaries/styles\glossary-long.sty (C:\Program Files\MiKTeX\tex/latex/tools\longtable.sty))
(C:\Program Files\MiKTeX\tex/latex/glossaries/styles\glossary-super.sty (C:\Program Files\MiKTeX\tex/latex/supertabular\supertabular.sty))
(C:\Program Files\MiKTeX\tex/latex/glossaries/styles\glossary-tree.sty)) (C:\Program Files\MiKTeX\tex/latex/glossaries-extra\glossaries-extra-abbrstyles.def))This is makeindex, version 2.16 [MiKTeX 22.12].
Scanning style file ./1-BPM-2023.ist.............................done (29 attributes redefined, 0 ignored).
Scanning input file 1-BPM-2023.glo...done (0 entries accepted, 0 rejected).
Nothing written in 1-BPM-2023.gls.
Transcript written in 1-BPM-2023.glg.
 (glosario-def.tex)
(C:\Program Files\MiKTeX\tex/latex/base\makeidx.sty)
Writing index file 1-BPM-2023.idx
(C:\Users\Usuario\AppData\Roaming\MiKTeX\tex/latex/tabularray\tabularray.sty) (C:\Program Files\MiKTeX\tex/latex/graphics\graphicx.sty (C:\Program Files\MiKTeX\tex/latex/graphics\graphics.sty
(C:\Program Files\MiKTeX\tex/latex/graphics\trig.sty) (C:\Program Files\MiKTeX\tex/latex/graphics-cfg\graphics.cfg) (C:\Program Files\MiKTeX\tex/latex/graphics-def\xetex.def)))
(C:\Program Files\MiKTeX\tex/latex/hyperref\hyperref.sty (C:\Users\Usuario\AppData\Roaming\MiKTeX\tex/latex/kvsetkeys\kvsetkeys.sty)
(C:\Users\Usuario\AppData\Roaming\MiKTeX\tex/generic/kvdefinekeys\kvdefinekeys.sty) (C:\Users\Usuario\AppData\Roaming\MiKTeX\tex/generic/pdfescape\pdfescape.sty)
(C:\Users\Usuario\AppData\Roaming\MiKTeX\tex/latex/hycolor\hycolor.sty) (C:\Users\Usuario\AppData\Roaming\MiKTeX\tex/latex/letltxmacro\letltxmacro.sty)
(C:\Users\Usuario\AppData\Roaming\MiKTeX\tex/latex/auxhook\auxhook.sty) (C:\Program Files\MiKTeX\tex/latex/hyperref\nameref.sty (C:\Users\Usuario\AppData\Roaming\MiKTeX\tex/latex/refcount\refcount.sty
) (C:\Users\Usuario\AppData\Roaming\MiKTeX\tex/generic/gettitlestring\gettitlestring.sty (C:\Users\Usuario\AppData\Roaming\MiKTeX\tex/latex/kvoptions\kvoptions.sty)))
(C:\Program Files\MiKTeX\tex/latex/hyperref\pd1enc.def) (C:\Users\Usuario\AppData\Roaming\MiKTeX\tex/generic/intcalc\intcalc.sty)
(C:\Users\Usuario\AppData\Roaming\MiKTeX\tex/generic/etexcmds\etexcmds.sty) (C:\Program Files\MiKTeX\tex/latex/hyperref\puenc.def) (C:\Program Files\MiKTeX\tex/latex/url\url.sty)
(C:\Users\Usuario\AppData\Roaming\MiKTeX\tex/generic/bitset\bitset.sty (C:\Users\Usuario\AppData\Roaming\MiKTeX\tex/generic/bigintcalc\bigintcalc.sty))
(C:\Program Files\MiKTeX\tex/latex/base\atbegshi-ltx.sty)) (C:\Program Files\MiKTeX\tex/latex/hyperref\hxetex.def (C:\Users\Usuario\AppData\Roaming\MiKTeX\tex/generic/stringenc\stringenc.sty)
(C:\Users\Usuario\AppData\Roaming\MiKTeX\tex/latex/rerunfilecheck\rerunfilecheck.sty (C:\Program Files\MiKTeX\tex/latex/base\atveryend-ltx.sty)
(C:\Users\Usuario\AppData\Roaming\MiKTeX\tex/generic/uniquecounter\uniquecounter.sty))) (C:\Users\Usuario\AppData\Roaming\MiKTeX\tex/latex/cleveref\cleveref.sty)
(C:\Program Files\MiKTeX\tex/latex/tools\array.sty) (C:\Users\Usuario\AppData\Roaming\MiKTeX\tex/latex/lastpage\lastpage.sty) (C:\Users\Usuario\AppData\Roaming\MiKTeX\tex/latex/siunitx\siunitx.sty)
(C:\Program Files\MiKTeX\tex/latex/graphics\color.sty (C:\Program Files\MiKTeX\tex/latex/graphics-cfg\color.cfg) (C:\Program Files\MiKTeX\tex/latex/graphics\mathcolor.ltx))
(C:\Users\Usuario\AppData\Roaming\MiKTeX\tex/latex/booktabs\booktabs.sty) (C:\Users\Usuario\AppData\Roaming\MiKTeX\tex/latex/geometry\geometry.sty (C:\Program Files\MiKTeX\tex/generic/iftex\ifvtex.sty
) (C:\Users\Usuario\AppData\Roaming\MiKTeX\tex/latex/geometry\geometry.cfg)) (C:\Users\Usuario\AppData\Roaming\MiKTeX\tex/latex/enumitem\enumitem.sty)
(C:\Users\Usuario\AppData\Roaming\MiKTeX\tex/latex/fancyhdr\fancyhdr.sty) (1-BPM-2023.aux) (C:\Program Files\MiKTeX\tex/latex/base\ts1cmr.fd)

Package hyperref Warning: Rerun to get /PageLabels entry.

*geometry* driver: auto-detecting
*geometry* detected driver: xetex
(src/ToC.tex
No file 1-BPM-2023.toc.

LaTeX Font Warning: Font shape `TU/Carlito(0)/m/sc' undefined
(Font)              using `TU/Carlito(0)/m/n' instead on input line 8.


LaTeX Warning: Reference `LastPage' on page 1 undefined on input line 8.

[1]) (src/BPM-1.1.tex)

LaTeX Warning: Reference `LastPage' on page 2 undefined on input line 91.

[2] (src/BPM-1.2.tex

LaTeX Warning: Reference `LastPage' on page 3 undefined on input line 59.

[3])

LaTeX Warning: Reference `LastPage' on page 4 undefined on input line 92.

[4] (src/BPM-1.3.tex

LaTeX Warning: Reference `LastPage' on page 5 undefined on input line 50.

[5]

LaTeX Warning: Reference `LastPage' on page 6 undefined on input line 82.

[6]

LaTeX Warning: Reference `LastPage' on page 7 undefined on input line 120.

[7]

LaTeX Warning: Reference `LastPage' on page 8 undefined on input line 168.

[8]

LaTeX Warning: Reference `LastPage' on page 9 undefined on input line 215.

[9]

LaTeX Warning: Reference `LastPage' on page 10 undefined on input line 256.

[10]

LaTeX Warning: Reference `LastPage' on page 11 undefined on input line 322.

[11]

LaTeX Warning: Reference `LastPage' on page 12 undefined on input line 360.

[12]

LaTeX Warning: Reference `LastPage' on page 13 undefined on input line 403.

[13]

LaTeX Warning: Reference `LastPage' on page 14 undefined on input line 441.

[14]

LaTeX Warning: Reference `LastPage' on page 15 undefined on input line 487.

[15]

LaTeX Warning: Reference `LastPage' on page 16 undefined on input line 526.

[16])

LaTeX Warning: Reference `LastPage' on page 17 undefined on input line 93.

[17] (src/BPM-1.4.tex

LaTeX Warning: Reference `LastPage' on page 18 undefined on input line 59.

[18]

LaTeX Warning: Reference `PCPC-reglamento' on page 1 undefined on input line 86.


LaTeX Warning: Reference `LastPage' on page 19 undefined on input line 108.

[19]

LaTeX Warning: Reference `carta.compromiso' on page 1 undefined on input line 135.

)

LaTeX Warning: Reference `LastPage' on page 20 undefined on input line 94.

[20] (src/BPM-1.5.tex)

LaTeX Warning: Reference `LastPage' on page 21 undefined on input line 95.

[21] (src/BPM-1.6.tex

LaTeX Warning: Reference `LastPage' on page 22 undefined on input line 68.

[22]

LaTeX Warning: Reference `AP1' on page 1 undefined on input line 84.

)

LaTeX Warning: Reference `LastPage' on page 23 undefined on input line 96.

[23] (src/BPM-1.7.tex

LaTeX Warning: Reference `LastPage' on page 24 undefined on input line 63.

[24])

LaTeX Warning: Reference `LastPage' on page 25 undefined on input line 97.

[25] (src/BPM-1.8.tex

LaTeX Warning: Reference `LastPage' on page 26 undefined on input line 84.

[26])

LaTeX Warning: Reference `LastPage' on page 27 undefined on input line 98.

[27] (src/BPM-1.9.tex)

LaTeX Warning: Reference `LastPage' on page 28 undefined on input line 99.

[28] (src/BPM-1.10.tex

LaTeX Warning: Reference `LastPage' on page 29 undefined on input line 67.

[29])

LaTeX Warning: Reference `LastPage' on page 30 undefined on input line 100.

[30] (src/BPM-1.11.tex

LaTeX Warning: Reference `LastPage' on page 31 undefined on input line 68.

[31]

LaTeX Warning: Reference `LastPage' on page 32 undefined on input line 128.

[32]

LaTeX Warning: Reference `LastPage' on page 33 undefined on input line 202.

[33])

LaTeX Warning: Reference `LastPage' on page 34 undefined on input line 101.

[34] (src/BPM-A.1.tex)

LaTeX Warning: Reference `LastPage' on page 35 undefined on input line 102.

[35] (src/BPM-A.2.tex
Underfull \hbox (badness 10000) in paragraph at lines 12--14

)

LaTeX Warning: Reference `LastPage' on page 36 undefined on input line 103.

[36] (src/glosario.tex (1-BPM-2023.gls)) (src/indice.tex
No file 1-BPM-2023.ind.
) 
AED: lastpage setting LastPage
(1-BPM-2023.aux (src/ToC.aux) (src/BPM-1.1.aux) (src/BPM-1.2.aux) (src/BPM-1.3.aux) (src/BPM-1.4.aux) (src/BPM-1.5.aux) (src/BPM-1.6.aux) (src/BPM-1.7.aux) (src/BPM-1.8.aux) (src/BPM-1.9.aux)
(src/BPM-1.10.aux) (src/BPM-1.11.aux) (src/BPM-A.1.aux) (src/BPM-A.2.aux) (src/glosario.aux) (src/indice.aux))miktex-dvipdfmx: major issue: User/administrator updates are out-of-sync.
xelatex

LaTeX Font Warning: Some font shapes were not available, defaults substituted.


LaTeX Warning: There were undefined references.


LaTeX Warning: Label(s) may have changed. Rerun to get cross-references right.


Package rerunfilecheck Warning: File `1-BPM-2023.out' has changed.
(rerunfilecheck)                Rerun to get outlines right
(rerunfilecheck)                or use package `bookmark'.

 )
(see the transcript file for additional information)
Output written on 1-BPM-2023.pdf (36 pages).
SyncTeX written on 1-BPM-2023.synctex.gz.
Transcript written on 1-BPM-2023.log.
: major issue: User/administrator updates are out-of-sync.

                ----------------------- END OUTPUT BUFFER -----------------------
26 Jan 2023 12:18:05.726 INFO  - Task result: SUCCESS
26 Jan 2023 12:18:05.727 INFO  - I am ready to interpret rule "makeglossaries".
26 Jan 2023 12:18:05.733 INFO  - Rule location: "C:\Program Files\MiKTeX\scripts\arara\rules"
26 Jan 2023 12:18:05.923 INFO  - I am ready to interpret task "The MakeGlossaries software" from rule "MakeGlossaries".
26 Jan 2023 12:18:05.933 INFO  - System command: [makeglossaries, 1-BPM-2023] @ c:\Users\Usuario\Desktop\2023-SGC-2\BPD
26 Jan 2023 12:18:14.475 INFO  -                 ---------------------- BEGIN OUTPUT BUFFER ----------------------
                makeglossaries version 4.51 (2022-11-02)
added glossary type 'main' (glg,gls,glo)
makeindex  -s "1-BPM-2023.ist" -t "1-BPM-2023.glg" -o "1-BPM-2023.gls" "1-BPM-2023.glo"
This is makeindex, version 2.16 [MiKTeX 22.12].
Scanning style file ./1-BPM-2023.ist...........................done (27 attributes redefined, 0 ignored).
Scanning input file 1-BPM-2023.glo....done (11 entries accepted, 0 rejected).
Sorting entries....done (44 comparisons).
Generating output file 1-BPM-2023.gls....done (18 lines written, 0 warnings).
Output written in 1-BPM-2023.gls.
Transcript written in 1-BPM-2023.glg.
makeglossaries: major issue: User/administrator updates are out-of-sync.

                ----------------------- END OUTPUT BUFFER -----------------------
26 Jan 2023 12:18:14.478 INFO  - Task result: SUCCESS
26 Jan 2023 12:18:14.483 INFO  - I am ready to interpret rule "xindy".
26 Jan 2023 12:18:14.502 INFO  - Rule location: "C:\Program Files\MiKTeX\scripts\arara\rules"
26 Jan 2023 12:18:14.667 INFO  - I am ready to interpret task "The Xindy software" from rule "Xindy".
26 Jan 2023 12:18:14.672 INFO  - System command: [xindy, -t, 1-BPM-2023.ilg, -o, 1-BPM-2023.ind, 1-BPM-2023.idx] @ c:\Users\Usuario\Desktop\2023-SGC-2\BPD
26 Jan 2023 12:18:18.910 INFO  -                 ---------------------- BEGIN OUTPUT BUFFER ----------------------
                tex2xindy: major issue: User/administrator updates are out-of-sync.
*** - PROGN: variable LANG/GENERAL/LATIN9-LANG.XDY has no value

xindy: major issue: User/administrator updates are out-of-sync.

                ----------------------- END OUTPUT BUFFER -----------------------
26 Jan 2023 12:18:18.911 INFO  - Task result: FAILURE
26 Jan 2023 12:18:18.919 INFO  - Total: 99.966 seconds
