\BOOKMARK [1][-]{section.1}{\376\377\000I\000n\000s\000p\000e\000c\000c\000i\000\363\000n\000\040\000e\000n\000\040\000l\000a\000\040\000r\000e\000c\000e\000p\000c\000i\000\363\000n\000\040\000d\000e\000\040\000p\000r\000o\000d\000u\000c\000t\000o\000s}{}% 1
\BOOKMARK [2][-]{subsection.1.1}{\376\377\000O\000b\000j\000e\000t\000i\000v\000o}{section.1}% 2
\BOOKMARK [2][-]{subsection.1.2}{\376\377\000A\000l\000c\000a\000n\000c\000e}{section.1}% 3
\BOOKMARK [2][-]{subsection.1.3}{\376\377\000T\000\351\000r\000m\000i\000n\000o\000s\000\040\000y\000\040\000d\000e\000f\000i\000n\000i\000c\000i\000o\000n\000e\000s}{section.1}% 4
\BOOKMARK [2][-]{subsection.1.4}{\376\377\000D\000o\000c\000u\000m\000e\000n\000t\000o\000s\000\040\000y\000/\000o\000\040\000n\000o\000r\000m\000a\000s\000\040\000r\000e\000l\000a\000c\000i\000o\000n\000a\000d\000a\000s}{section.1}% 5
\BOOKMARK [2][-]{subsection.1.5}{\376\377\000P\000r\000o\000c\000e\000d\000i\000m\000i\000e\000n\000t\000o}{section.1}% 6
\BOOKMARK [3][-]{subsubsection.1.5.1}{\376\377\000M\000a\000t\000e\000r\000i\000a\000l\000e\000s}{subsection.1.5}% 7
\BOOKMARK [3][-]{subsubsection.1.5.2}{\376\377\000P\000r\000e\000c\000a\000u\000c\000i\000o\000n\000e\000s\000\040\000d\000e\000\040\000s\000e\000g\000u\000r\000i\000d\000a\000d}{subsection.1.5}% 8
\BOOKMARK [3][-]{subsubsection.1.5.3}{\376\377\000I\000n\000s\000t\000r\000u\000c\000c\000i\000o\000n\000e\000s}{subsection.1.5}% 9
\BOOKMARK [4][-]{paragraph.1.5.3.1}{\376\377\000I\000n\000s\000p\000e\000c\000c\000i\000\363\000n\000\040\000f\000\355\000s\000i\000c\000a\000\040\000d\000e\000l\000\040\000p\000r\000o\000d\000u\000c\000t\000o}{subsubsection.1.5.3}% 10
\BOOKMARK [4][-]{paragraph.1.5.3.2}{\376\377\000I\000d\000e\000n\000t\000i\000f\000i\000c\000a\000c\000i\000\363\000n\000\040\000d\000e\000l\000\040\000p\000r\000o\000d\000u\000c\000t\000o}{subsubsection.1.5.3}% 11
\BOOKMARK [4][-]{paragraph.1.5.3.3}{\376\377\000R\000e\000g\000l\000a\000m\000e\000n\000t\000o\000\040\000d\000e\000\040\000p\000e\000r\000m\000a\000n\000e\000n\000c\000i\000a\000\040\000d\000e\000\040\000p\000r\000o\000d\000u\000c\000t\000o\000\040\000e\000n\000\040\000a\000n\000d\000\351\000n\000\040\000d\000e\000\040\000c\000a\000r\000g\000a}{subsubsection.1.5.3}% 12
\BOOKMARK [3][-]{subsubsection.1.5.4}{\376\377\000R\000e\000s\000p\000o\000n\000s\000a\000b\000l\000e\000s\000\040\000d\000e\000\040\000l\000a\000\040\000a\000c\000t\000i\000v\000i\000d\000a\000d}{subsection.1.5}% 13
\BOOKMARK [3][-]{subsubsection.1.5.5}{\376\377\000A\000c\000c\000i\000o\000n\000e\000s\000\040\000p\000r\000e\000v\000e\000n\000t\000i\000v\000a\000s}{subsection.1.5}% 14
\BOOKMARK [3][-]{subsubsection.1.5.6}{\376\377\000A\000c\000c\000i\000o\000n\000e\000s\000\040\000c\000o\000r\000r\000e\000c\000t\000i\000v\000a\000s}{subsection.1.5}% 15
\BOOKMARK [3][-]{subsubsection.1.5.7}{\376\377\000F\000r\000e\000c\000u\000e\000n\000c\000i\000a}{subsection.1.5}% 16
\BOOKMARK [1][-]{section.2}{\376\377\000P\000r\000o\000c\000e\000d\000i\000m\000i\000e\000n\000t\000o\000\040\000d\000e\000\040\000l\000o\000t\000i\000f\000i\000c\000a\000c\000i\000\363\000n\000\040\000d\000e\000\040\000p\000r\000o\000d\000u\000c\000t\000o\000s\000\040\000p\000a\000r\000a\000\040\000s\000u\000\040\000a\000l\000m\000a\000c\000e\000n\000a\000m\000i\000e\000n\000t\000o}{}% 17
\BOOKMARK [2][-]{subsection.2.1}{\376\377\000O\000b\000j\000e\000t\000i\000v\000o}{section.2}% 18
\BOOKMARK [2][-]{subsection.2.2}{\376\377\000A\000l\000c\000a\000n\000c\000e}{section.2}% 19
\BOOKMARK [2][-]{subsection.2.3}{\376\377\000T\000\351\000r\000m\000i\000n\000o\000s\000\040\000y\000\040\000d\000e\000f\000i\000n\000i\000c\000i\000o\000n\000e\000s}{section.2}% 20
\BOOKMARK [2][-]{subsection.2.4}{\376\377\000P\000r\000o\000c\000e\000d\000i\000m\000i\000e\000n\000t\000o}{section.2}% 21
\BOOKMARK [3][-]{subsubsection.2.4.1}{\376\377\000F\000u\000n\000d\000a\000m\000e\000n\000t\000o}{subsection.2.4}% 22
\BOOKMARK [2][-]{subsection.2.5}{\376\377\000M\000a\000t\000e\000r\000i\000a\000l\000e\000s}{section.2}% 23
\BOOKMARK [2][-]{subsection.2.6}{\376\377\000I\000n\000s\000t\000r\000u\000c\000c\000i\000o\000n\000e\000s}{section.2}% 24
\BOOKMARK [2][-]{subsection.2.7}{\376\377\000R\000e\000s\000p\000o\000n\000s\000a\000b\000l\000e\000s\000\040\000d\000e\000\040\000l\000a\000\040\000a\000c\000t\000i\000v\000i\000d\000a\000d}{section.2}% 25
\BOOKMARK [2][-]{subsection.2.8}{\376\377\000A\000c\000c\000i\000o\000n\000e\000s\000\040\000p\000r\000e\000v\000e\000n\000t\000i\000v\000a\000s}{section.2}% 26
\BOOKMARK [2][-]{subsection.2.9}{\376\377\000A\000c\000c\000i\000o\000n\000e\000s\000\040\000c\000o\000r\000r\000e\000c\000t\000i\000v\000a\000s}{section.2}% 27
\BOOKMARK [2][-]{subsection.2.10}{\376\377\000F\000r\000e\000c\000u\000e\000n\000c\000i\000a}{section.2}% 28
\BOOKMARK [1][-]{section.3}{\376\377\000I\000n\000s\000p\000e\000c\000c\000i\000\363\000n\000\040\000d\000e\000\040\000p\000r\000o\000d\000u\000c\000t\000o\000\040\000d\000u\000r\000a\000n\000t\000e\000\040\000s\000u\000\040\000a\000l\000m\000a\000c\000e\000n\000a\000m\000i\000e\000n\000t\000o}{}% 29
\BOOKMARK [2][-]{subsection.3.1}{\376\377\000O\000b\000j\000e\000t\000i\000v\000o}{section.3}% 30
\BOOKMARK [2][-]{subsection.3.2}{\376\377\000A\000l\000c\000a\000n\000c\000e}{section.3}% 31
\BOOKMARK [2][-]{subsection.3.3}{\376\377\000T\000\351\000r\000m\000i\000n\000o\000s\000\040\000y\000\040\000d\000e\000f\000i\000n\000i\000c\000i\000o\000n\000e\000s}{section.3}% 32
\BOOKMARK [2][-]{subsection.3.4}{\376\377\000D\000o\000c\000u\000m\000e\000n\000t\000o\000s\000\040\000y\000/\000o\000\040\000n\000o\000r\000m\000a\000s\000\040\000r\000e\000l\000a\000c\000i\000o\000n\000a\000d\000o\000s}{section.3}% 33
\BOOKMARK [2][-]{subsection.3.5}{\376\377\000P\000r\000o\000c\000e\000d\000i\000m\000i\000e\000n\000t\000o}{section.3}% 34
\BOOKMARK [3][-]{subsubsection.3.5.1}{\376\377\000M\000a\000t\000e\000r\000i\000a\000l\000e\000s}{subsection.3.5}% 35
\BOOKMARK [3][-]{subsubsection.3.5.2}{\376\377\000P\000r\000e\000c\000a\000u\000c\000i\000o\000n\000e\000s\000\040\000d\000e\000\040\000S\000e\000g\000u\000r\000i\000d\000a\000d}{subsection.3.5}% 36
\BOOKMARK [2][-]{subsection.3.6}{\376\377\000I\000n\000s\000t\000r\000u\000c\000c\000i\000o\000n\000e\000s}{section.3}% 37
\BOOKMARK [3][-]{subsubsection.3.6.1}{\376\377\000T\000e\000m\000p\000e\000r\000a\000t\000u\000r\000a\000\040\000d\000e\000\040\000a\000l\000m\000a\000c\000e\000n\000a\000m\000i\000e\000n\000t\000o\000\040\000d\000e\000\040\000a\000l\000i\000m\000e\000n\000t\000o\000s\000\040\000r\000e\000f\000r\000i\000g\000e\000r\000a\000d\000o\000s\000\040\000y\000\040\000c\000o\000n\000g\000e\000l\000a\000d\000o\000s}{subsection.3.6}% 38
\BOOKMARK [3][-]{subsubsection.3.6.2}{\376\377\000A\000l\000m\000a\000c\000e\000n\000a\000j\000e\000\040\000y\000\040\000m\000a\000n\000e\000j\000o\000\040\000d\000e\000\040\000P\000r\000o\000d\000u\000c\000t\000o\000s\000\040\000S\000e\000c\000o\000s\000\040\000/\000\040\000A\000m\000b\000i\000e\000n\000t\000e\000,\000\040\000R\000e\000f\000r\000i\000g\000e\000r\000a\000d\000o\000s\000\040\000y\000\040\000C\000o\000n\000g\000e\000l\000a\000d\000o\000s}{subsection.3.6}% 39
\BOOKMARK [3][-]{subsubsection.3.6.3}{\376\377\000C\000o\000n\000t\000r\000o\000l\000\040\000y\000\040\000m\000a\000n\000t\000e\000n\000i\000m\000i\000e\000n\000t\000o\000\040\000d\000e\000\040\000t\000e\000m\000p\000e\000r\000a\000t\000u\000r\000a}{subsection.3.6}% 40
\BOOKMARK [3][-]{subsubsection.3.6.4}{\376\377\000P\000l\000a\000n\000\040\000d\000e\000\040\000c\000o\000n\000t\000i\000n\000g\000e\000n\000c\000i\000a\000\040\000e\000n\000\040\000c\000a\000s\000o\000\040\000d\000e\000\040\000a\000v\000e\000r\000\355\000a\000\040\000d\000e\000\040\000e\000q\000u\000i\000p\000o\000s\000\040\000d\000e\000\040\000r\000e\000f\000r\000i\000g\000e\000r\000a\000c\000i\000\363\000n}{subsection.3.6}% 41
\BOOKMARK [2][-]{subsection.3.7}{\376\377\000R\000e\000s\000p\000o\000n\000s\000a\000b\000l\000e\000s\000\040\000d\000e\000\040\000l\000a\000\040\000a\000c\000t\000i\000v\000i\000d\000a\000d}{section.3}% 42
\BOOKMARK [2][-]{subsection.3.8}{\376\377\000A\000c\000c\000i\000o\000n\000e\000s\000\040\000p\000r\000e\000v\000e\000n\000t\000i\000v\000a\000s}{section.3}% 43
\BOOKMARK [2][-]{subsection.3.9}{\376\377\000A\000c\000c\000i\000o\000n\000e\000s\000\040\000c\000o\000r\000r\000e\000c\000t\000i\000v\000a\000s}{section.3}% 44
\BOOKMARK [2][-]{subsection.3.10}{\376\377\000F\000r\000e\000c\000u\000e\000n\000c\000i\000a}{section.3}% 45
\BOOKMARK [1][-]{section.4}{\376\377\000P\000E\000P\000S\000\040\000o\000\040\000V\000E\000N\000C\000E\000R}{}% 46
\BOOKMARK [2][-]{subsection.4.1}{\376\377\000O\000b\000j\000e\000t\000i\000v\000o}{section.4}% 47
\BOOKMARK [2][-]{subsection.4.2}{\376\377\000A\000l\000c\000a\000n\000c\000e}{section.4}% 48
\BOOKMARK [2][-]{subsection.4.3}{\376\377\000T\000\351\000r\000m\000i\000n\000o\000s\000\040\000y\000\040\000d\000e\000f\000i\000n\000i\000c\000i\000o\000n\000e\000s}{section.4}% 49
\BOOKMARK [2][-]{subsection.4.4}{\376\377\000D\000o\000c\000u\000m\000e\000n\000t\000o\000s\000\040\000y\000/\000o\000\040\000n\000o\000r\000m\000a\000s\000\040\000r\000e\000l\000a\000c\000i\000o\000n\000a\000d\000a\000s}{section.4}% 50
\BOOKMARK [2][-]{subsection.4.5}{\376\377\000P\000r\000o\000c\000e\000d\000i\000m\000i\000e\000n\000t\000o}{section.4}% 51
\BOOKMARK [3][-]{subsubsection.4.5.1}{\376\377\000I\000n\000s\000t\000r\000u\000c\000c\000i\000o\000n\000e\000s}{subsection.4.5}% 52
\BOOKMARK [4][-]{paragraph.4.5.1.1}{\376\377\000P\000r\000i\000m\000e\000r\000a\000s\000\040\000e\000n\000t\000r\000a\000d\000a\000s\000,\000\040\000p\000r\000i\000m\000e\000r\000a\000s\000\040\000s\000a\000l\000i\000d\000a\000s\000\040\000\050\000P\000E\000P\000S\000\051\000\040\000o\000\040\000V\000E\000N\000C\000E\000R}{subsubsection.4.5.1}% 53
\BOOKMARK [2][-]{subsection.4.6}{\376\377\000R\000e\000s\000p\000o\000n\000s\000a\000b\000l\000e\000s\000\040\000d\000e\000\040\000l\000a\000\040\000a\000c\000t\000i\000v\000i\000d\000a\000d}{section.4}% 54
\BOOKMARK [2][-]{subsection.4.7}{\376\377\000A\000c\000c\000i\000o\000n\000e\000s\000\040\000p\000r\000e\000v\000e\000n\000t\000i\000v\000a\000s}{section.4}% 55
\BOOKMARK [2][-]{subsection.4.8}{\376\377\000A\000c\000c\000i\000o\000n\000e\000s\000\040\000c\000o\000r\000r\000e\000c\000t\000i\000v\000a\000s}{section.4}% 56
\BOOKMARK [2][-]{subsection.4.9}{\376\377\000F\000r\000e\000c\000u\000e\000n\000c\000i\000a}{section.4}% 57
\BOOKMARK [1][-]{section.5}{\376\377\000P\000r\000o\000c\000e\000d\000i\000m\000i\000e\000n\000t\000o\000\040\000p\000a\000r\000a\000\040\000s\000o\000l\000i\000c\000i\000t\000u\000d\000\040\000d\000e\000\040\000c\000i\000t\000a\000s}{}% 58
\BOOKMARK [2][-]{subsection.5.1}{\376\377\000C\000o\000n\000t\000a\000c\000t\000o\000s\000\040\000R\000e\000d\000\040\000d\000e\000\040\000F\000r\000\355\000o\000s}{section.5}% 59
\BOOKMARK [1][-]{section.6}{\376\377\000P\000o\000l\000\355\000t\000i\000c\000a\000\040\000d\000e\000\040\000d\000e\000v\000o\000l\000u\000c\000i\000o\000n\000e\000s}{}% 60
\BOOKMARK [2][-]{subsection.6.1}{\376\377\000O\000b\000j\000e\000t\000i\000v\000o}{section.6}% 61
\BOOKMARK [2][-]{subsection.6.2}{\376\377\000A\000l\000c\000a\000n\000c\000e}{section.6}% 62
\BOOKMARK [2][-]{subsection.6.3}{\376\377\000T\000\351\000r\000m\000i\000n\000o\000s\000\040\000y\000\040\000d\000e\000f\000i\000n\000i\000c\000i\000o\000n\000e\000s}{section.6}% 63
\BOOKMARK [2][-]{subsection.6.4}{\376\377\000D\000o\000c\000u\000m\000e\000n\000t\000o\000s\000\040\000y\000/\000o\000\040\000n\000o\000r\000m\000a\000s\000\040\000r\000e\000l\000a\000c\000i\000o\000n\000a\000d\000a\000s}{section.6}% 64
\BOOKMARK [2][-]{subsection.6.5}{\376\377\000P\000o\000l\000\355\000t\000i\000c\000a\000\040\000d\000e\000\040\000d\000e\000v\000o\000l\000u\000c\000i\000o\000n\000e\000s}{section.6}% 65
\BOOKMARK [2][-]{subsection.6.6}{\376\377\000H\000i\000s\000t\000o\000r\000i\000a\000l\000\040\000d\000e\000\040\000m\000o\000d\000i\000f\000i\000c\000a\000c\000i\000o\000n\000e\000s}{section.6}% 66
\BOOKMARK [1][-]{section.7}{\376\377\000P\000o\000l\000\355\000t\000i\000c\000a\000\040\000d\000e\000\040\000a\000p\000r\000o\000b\000a\000c\000i\000\363\000n\000\040\000d\000e\000\040\000p\000r\000o\000v\000e\000e\000d\000o\000r\000e\000s}{}% 67
\BOOKMARK [2][-]{subsection.7.1}{\376\377\000O\000b\000j\000e\000t\000i\000v\000o}{section.7}% 68
\BOOKMARK [2][-]{subsection.7.2}{\376\377\000A\000l\000c\000a\000n\000c\000e}{section.7}% 69
\BOOKMARK [2][-]{subsection.7.3}{\376\377\000T\000\351\000r\000m\000i\000n\000o\000s\000\040\000y\000\040\000d\000e\000f\000i\000n\000i\000c\000i\000o\000n\000e\000s}{section.7}% 70
\BOOKMARK [2][-]{subsection.7.4}{\376\377\000D\000o\000c\000u\000m\000e\000n\000t\000o\000s\000\040\000y\000/\000o\000\040\000n\000o\000r\000m\000a\000s\000\040\000r\000e\000l\000a\000c\000i\000o\000n\000a\000d\000a\000s}{section.7}% 71
\BOOKMARK [2][-]{subsection.7.5}{\376\377\000P\000r\000o\000c\000e\000d\000i\000m\000i\000e\000n\000t\000o}{section.7}% 72
\BOOKMARK [1][-]{section.8}{\376\377\000E\000s\000p\000e\000c\000i\000f\000i\000c\000a\000c\000i\000\363\000n\000\040\000g\000e\000n\000\351\000r\000i\000c\000a\000\040\000d\000e\000\040\000s\000e\000r\000v\000i\000c\000i\000o\000s\000\040\000d\000e\000\040\000a\000l\000m\000a\000c\000e\000n\000a\000m\000i\000e\000n\000t\000o}{}% 73
\BOOKMARK [2][-]{subsection.8.1}{\376\377\000O\000b\000j\000e\000t\000i\000v\000o\000s}{section.8}% 74
\BOOKMARK [2][-]{subsection.8.2}{\376\377\000A\000l\000c\000a\000n\000c\000e}{section.8}% 75
\BOOKMARK [2][-]{subsection.8.3}{\376\377\000T\000\351\000r\000m\000i\000n\000o\000s\000\040\000y\000\040\000d\000e\000f\000i\000n\000i\000c\000i\000o\000n\000e\000s}{section.8}% 76
\BOOKMARK [2][-]{subsection.8.4}{\376\377\000D\000i\000s\000p\000o\000s\000i\000c\000i\000o\000n\000e\000s\000\040\000g\000e\000n\000e\000r\000a\000l\000e\000s}{section.8}% 77
\BOOKMARK [3][-]{subsubsection.8.4.1}{\376\377\000A\000l\000m\000a\000c\000e\000n\000a\000m\000i\000e\000n\000t\000o\000\040\000e\000n\000\040\000c\000\341\000m\000a\000r\000a\000s\000\040\000d\000e\000\040\000r\000e\000f\000r\000i\000g\000e\000r\000a\000c\000i\000\363\000n}{subsection.8.4}% 78
\BOOKMARK [3][-]{subsubsection.8.4.2}{\376\377\000A\000l\000m\000a\000c\000e\000n\000a\000m\000i\000e\000n\000t\000o\000\040\000e\000n\000\040\000c\000\341\000m\000a\000r\000a\000s\000\040\000d\000e\000\040\000c\000o\000n\000g\000e\000l\000a\000c\000i\000\363\000n}{subsection.8.4}% 79
\BOOKMARK [2][-]{subsection.8.5}{\376\377\000D\000o\000c\000u\000m\000e\000n\000t\000o\000s\000\040\000r\000e\000l\000a\000c\000i\000o\000n\000a\000d\000o\000s}{section.8}% 80
\BOOKMARK [2][-]{subsection.8.6}{\376\377\000R\000e\000s\000p\000o\000n\000s\000a\000b\000l\000e\000s}{section.8}% 81
\BOOKMARK [1][-]{section.9}{\376\377\000I\000n\000s\000p\000e\000c\000c\000i\000\363\000n\000\040\000d\000e\000\040\000t\000r\000a\000n\000s\000p\000o\000r\000t\000e\000\040\000a\000l\000\040\000e\000m\000b\000a\000r\000q\000u\000e\000\040\000d\000e\000\040\000p\000r\000o\000d\000u\000c\000t\000o}{}% 82
\BOOKMARK [2][-]{subsection.9.1}{\376\377\000O\000b\000j\000e\000t\000i\000v\000o}{section.9}% 83
\BOOKMARK [2][-]{subsection.9.2}{\376\377\000A\000l\000c\000a\000n\000c\000e}{section.9}% 84
\BOOKMARK [2][-]{subsection.9.3}{\376\377\000T\000\351\000r\000m\000i\000n\000o\000s\000\040\000y\000\040\000d\000e\000f\000i\000n\000i\000c\000i\000o\000n\000e\000s}{section.9}% 85
\BOOKMARK [2][-]{subsection.9.4}{\376\377\000D\000o\000c\000u\000m\000e\000n\000t\000o\000s\000\040\000y\000/\000o\000\040\000n\000o\000r\000m\000a\000s\000\040\000r\000e\000l\000a\000c\000i\000o\000n\000a\000d\000a\000s}{section.9}% 86
\BOOKMARK [2][-]{subsection.9.5}{\376\377\000P\000r\000o\000c\000e\000d\000i\000m\000i\000e\000n\000t\000o}{section.9}% 87
\BOOKMARK [3][-]{subsubsection.9.5.1}{\376\377\000M\000a\000t\000e\000r\000i\000a\000l\000e\000s}{subsection.9.5}% 88
\BOOKMARK [3][-]{subsubsection.9.5.2}{\376\377\000P\000r\000e\000c\000a\000u\000c\000i\000o\000n\000e\000s\000\040\000d\000e\000\040\000s\000e\000g\000u\000r\000i\000d\000a\000d}{subsection.9.5}% 89
\BOOKMARK [3][-]{subsubsection.9.5.3}{\376\377\000I\000n\000s\000t\000r\000u\000c\000c\000i\000o\000n\000e\000s}{subsection.9.5}% 90
\BOOKMARK [4][-]{paragraph.9.5.3.1}{\376\377\000E\000n\000v\000\355\000o\000\040\000d\000e\000\040\000p\000r\000o\000d\000u\000c\000t\000o\000s}{subsubsection.9.5.3}% 91
\BOOKMARK [4][-]{paragraph.9.5.3.2}{\376\377\000P\000o\000l\000\355\000t\000i\000c\000a\000s\000\040\000d\000e\000\040\000e\000m\000b\000a\000r\000q\000u\000e}{subsubsection.9.5.3}% 92
\BOOKMARK [4][-]{paragraph.9.5.3.3}{\376\377\000R\000a\000n\000g\000o\000\040\000d\000e\000\040\000t\000e\000m\000p\000e\000r\000a\000t\000u\000r\000a\000s\000\040\000d\000e\000\040\000c\000u\000a\000r\000t\000o\000\040\000d\000o\000n\000d\000e\000\040\000s\000e\000\040\000a\000l\000m\000a\000c\000e\000n\000a\000\040\000e\000l\000\040\000p\000r\000o\000d\000u\000c\000t\000o}{subsubsection.9.5.3}% 93
\BOOKMARK [4][-]{paragraph.9.5.3.4}{\376\377\000P\000r\000o\000c\000e\000d\000i\000m\000i\000e\000n\000t\000o\000\040\000d\000e\000\040\000p\000r\000e\000-\000e\000n\000f\000r\000i\000a\000m\000i\000e\000n\000t\000o\000\040\000d\000e\000\040\000u\000n\000i\000d\000a\000d\000e\000s}{subsubsection.9.5.3}% 94
\BOOKMARK [2][-]{subsection.9.6}{\376\377\000R\000e\000s\000p\000o\000n\000s\000a\000b\000l\000e\000s\000\040\000d\000e\000\040\000l\000a\000\040\000a\000c\000t\000i\000v\000i\000d\000a\000d}{section.9}% 95
\BOOKMARK [2][-]{subsection.9.7}{\376\377\000A\000c\000c\000i\000o\000n\000e\000s\000\040\000p\000r\000e\000v\000e\000n\000t\000i\000v\000a\000s}{section.9}% 96
\BOOKMARK [2][-]{subsection.9.8}{\376\377\000A\000c\000c\000i\000o\000n\000e\000s\000\040\000c\000o\000r\000r\000e\000c\000t\000i\000v\000a\000s}{section.9}% 97
\BOOKMARK [2][-]{subsection.9.9}{\376\377\000F\000r\000e\000c\000u\000e\000n\000c\000i\000a}{section.9}% 98
\BOOKMARK [1][-]{section.10}{\376\377\000A\000c\000c\000i\000o\000n\000e\000s\000\040\000e\000n\000\040\000c\000a\000s\000o\000\040\000d\000e\000\040\000c\000o\000r\000t\000e\000\040\000d\000e\000\040\000e\000n\000e\000r\000g\000\355\000a\000\040\000o\000\040\000d\000e\000s\000a\000s\000t\000r\000e}{}% 99
\BOOKMARK [2][-]{subsection.10.1}{\376\377\000O\000b\000j\000e\000t\000i\000v\000o}{section.10}% 100
\BOOKMARK [2][-]{subsection.10.2}{\376\377\000A\000l\000c\000a\000n\000c\000e}{section.10}% 101
\BOOKMARK [2][-]{subsection.10.3}{\376\377\000T\000\351\000r\000m\000i\000n\000o\000s\000\040\000y\000\040\000d\000e\000f\000i\000n\000i\000c\000i\000o\000n\000e\000s}{section.10}% 102
\BOOKMARK [2][-]{subsection.10.4}{\376\377\000D\000o\000c\000u\000m\000e\000n\000t\000o\000s\000\040\000y\000/\000o\000\040\000n\000o\000r\000m\000a\000s\000\040\000r\000e\000l\000a\000c\000i\000o\000n\000a\000d\000a\000s}{section.10}% 103
\BOOKMARK [2][-]{subsection.10.5}{\376\377\000P\000r\000o\000c\000e\000d\000i\000m\000i\000e\000n\000t\000o}{section.10}% 104
\BOOKMARK [3][-]{subsubsection.10.5.1}{\376\377\000I\000n\000s\000t\000r\000u\000c\000c\000i\000o\000n\000e\000s}{subsection.10.5}% 105
\BOOKMARK [4][-]{paragraph.10.5.1.1}{\376\377\000P\000r\000o\000c\000e\000d\000i\000m\000i\000e\000n\000t\000o\000\040\000d\000e\000\040\000E\000m\000e\000r\000g\000e\000n\000c\000i\000a\000\040\000y\000\040\000C\000r\000i\000s\000i\000s\000\040\000a\000n\000t\000e\000\040\000D\000e\000s\000a\000s\000t\000r\000e\000s\000\040\000N\000a\000t\000u\000r\000a\000l\000e\000s}{subsubsection.10.5.1}% 106
\BOOKMARK [4][-]{paragraph.10.5.1.2}{\376\377\000C\000o\000r\000t\000e\000\040\000d\000e\000\040\000e\000n\000e\000r\000g\000\355\000a\000\040\000e\000l\000\351\000c\000t\000r\000i\000c\000a}{subsubsection.10.5.1}% 107
\BOOKMARK [4][-]{paragraph.10.5.1.3}{\376\377\000F\000a\000l\000l\000a\000\040\000e\000n\000\040\000l\000o\000s\000\040\000e\000q\000u\000i\000p\000o\000s\000\040\000d\000e\000\040\000e\000n\000f\000r\000i\000a\000m\000i\000e\000n\000t\000o}{subsubsection.10.5.1}% 108
\BOOKMARK [4][-]{paragraph.10.5.1.4}{\376\377\000S\000e\000g\000u\000r\000i\000d\000a\000d\000\040\000y\000\040\000a\000c\000c\000e\000s\000o\000\040\000a\000\040\000l\000a\000\040\000i\000n\000s\000t\000a\000l\000a\000c\000i\000\363\000n}{subsubsection.10.5.1}% 109
\BOOKMARK [1][-]{section.11}{\376\377\000L\000i\000s\000t\000a\000\040\000d\000e\000\040\000c\000o\000n\000t\000a\000c\000t\000o\000s\000\040\000d\000e\000\040\000e\000m\000e\000r\000g\000e\000n\000c\000i\000a}{}% 110
\BOOKMARK [2][-]{subsection.11.1}{\376\377\000O\000b\000j\000e\000t\000i\000v\000o}{section.11}% 111
\BOOKMARK [2][-]{subsection.11.2}{\376\377\000A\000l\000c\000a\000n\000c\000e}{section.11}% 112
\BOOKMARK [2][-]{subsection.11.3}{\376\377\000T\000\351\000r\000m\000i\000n\000o\000s\000\040\000y\000\040\000d\000e\000f\000i\000n\000i\000c\000i\000o\000n\000e\000s}{section.11}% 113
\BOOKMARK [2][-]{subsection.11.4}{\376\377\000D\000o\000c\000u\000m\000e\000n\000t\000o\000s\000\040\000y\000/\000o\000\040\000n\000o\000r\000m\000a\000s\000\040\000r\000e\000l\000a\000c\000i\000o\000n\000a\000d\000a\000s}{section.11}% 114
\BOOKMARK [2][-]{subsection.11.5}{\376\377\000P\000r\000o\000c\000e\000d\000i\000m\000i\000e\000n\000t\000o}{section.11}% 115
\BOOKMARK [3][-]{subsubsection.11.5.1}{\376\377\000I\000n\000s\000t\000r\000u\000c\000c\000i\000o\000n\000e\000s}{subsection.11.5}% 116
\BOOKMARK [4][-]{paragraph.11.5.1.1}{\376\377\000E\000q\000u\000i\000p\000o\000\040\000d\000e\000\040\000E\000m\000e\000r\000g\000e\000n\000c\000i\000a\000s\000:}{subsubsection.11.5.1}% 117
\BOOKMARK [3][-]{subsubsection.11.5.2}{\376\377\000H\000i\000s\000t\000o\000r\000i\000a\000l\000\040\000d\000e\000\040\000m\000o\000d\000i\000f\000i\000c\000a\000c\000i\000o\000n\000e\000s}{subsection.11.5}% 118
\BOOKMARK [2][-]{subsection.11.6}{\376\377\000A\000n\000e\000x\000o\000s}{section.11}% 119
\BOOKMARK [1][-]{section.12}{\376\377\000M\000a\000n\000e\000j\000o\000\040\000d\000e\000\040\000p\000r\000o\000d\000u\000c\000t\000o\000\040\000r\000e\000t\000e\000n\000i\000d\000o}{}% 120
\BOOKMARK [2][-]{subsection.12.1}{\376\377\000O\000b\000j\000e\000t\000i\000v\000o}{section.12}% 121
\BOOKMARK [2][-]{subsection.12.2}{\376\377\000A\000l\000c\000a\000n\000c\000e}{section.12}% 122
\BOOKMARK [2][-]{subsection.12.3}{\376\377\000T\000\351\000r\000m\000i\000n\000o\000s\000\040\000y\000\040\000d\000e\000f\000i\000n\000i\000c\000i\000o\000n\000e\000s}{section.12}% 123
\BOOKMARK [2][-]{subsection.12.4}{\376\377\000D\000o\000c\000u\000m\000e\000n\000t\000o\000s\000\040\000y\000/\000o\000\040\000n\000o\000r\000m\000a\000s\000\040\000r\000e\000l\000a\000c\000i\000o\000n\000a\000d\000a\000s}{section.12}% 124
\BOOKMARK [2][-]{subsection.12.5}{\376\377\000P\000r\000o\000c\000e\000d\000i\000m\000i\000e\000n\000t\000o}{section.12}% 125
\BOOKMARK [3][-]{subsubsection.12.5.1}{\376\377\000M\000a\000t\000e\000r\000i\000a\000l\000e\000s}{subsection.12.5}% 126
\BOOKMARK [3][-]{subsubsection.12.5.2}{\376\377\000P\000r\000e\000c\000a\000u\000c\000i\000o\000n\000e\000s\000\040\000d\000e\000\040\000s\000e\000g\000u\000r\000i\000d\000a\000d}{subsection.12.5}% 127
\BOOKMARK [3][-]{subsubsection.12.5.3}{\376\377\000I\000n\000s\000t\000r\000u\000c\000c\000i\000o\000n\000e\000s}{subsection.12.5}% 128
\BOOKMARK [4][-]{paragraph.12.5.3.1}{\376\377\000P\000r\000o\000c\000e\000d\000i\000m\000i\000e\000n\000t\000o\000s\000\040\000d\000e\000\040\000P\000r\000o\000d\000u\000c\000t\000o\000\040\000D\000e\000t\000e\000n\000i\000d\000o\000\040\000p\000o\000r\000\040\000p\000a\000r\000t\000e\000\040\000d\000e\000\040}{subsubsection.12.5.3}% 129
\BOOKMARK [4][-]{paragraph.12.5.3.2}{\376\377\000P\000r\000o\000c\000e\000d\000i\000m\000i\000e\000n\000t\000o\000s\000\040\000d\000e\000\040\000P\000r\000o\000d\000u\000c\000t\000o\000\040\000D\000e\000t\000e\000n\000i\000d\000o\000\040\000p\000o\000r\000\040\000c\000a\000l\000i\000d\000a\000d\000\040\000d\000e\000l\000\040\000c\000l\000i\000e\000n\000t\000e}{subsubsection.12.5.3}% 130
\BOOKMARK [4][-]{paragraph.12.5.3.3}{\376\377\000P\000r\000o\000c\000e\000d\000i\000m\000i\000e\000n\000t\000o\000\040\000p\000a\000r\000a\000\040\000d\000e\000s\000t\000r\000u\000c\000c\000i\000\363\000n\000\040\000d\000e\000\040\000p\000r\000o\000d\000u\000c\000t\000o\000s}{subsubsection.12.5.3}% 131
\BOOKMARK [2][-]{subsection.12.6}{\376\377\000R\000e\000s\000p\000o\000n\000s\000a\000b\000l\000e\000s\000\040\000d\000e\000\040\000l\000a\000\040\000a\000c\000t\000i\000v\000i\000d\000a\000d}{section.12}% 132
\BOOKMARK [2][-]{subsection.12.7}{\376\377\000A\000c\000c\000i\000o\000n\000e\000s\000\040\000p\000r\000e\000v\000e\000n\000t\000i\000v\000a\000s}{section.12}% 133
\BOOKMARK [2][-]{subsection.12.8}{\376\377\000A\000c\000c\000i\000o\000n\000e\000s\000\040\000c\000o\000r\000r\000e\000c\000t\000i\000v\000a\000s}{section.12}% 134
\BOOKMARK [2][-]{subsection.12.9}{\376\377\000F\000r\000e\000c\000u\000e\000n\000c\000i\000a}{section.12}% 135
\BOOKMARK [2][-]{subsection.12.10}{\376\377\000H\000i\000s\000t\000o\000r\000i\000a\000l\000\040\000d\000e\000\040\000m\000o\000d\000i\000f\000i\000c\000a\000c\000i\000o\000n\000e\000s}{section.12}% 136
\BOOKMARK [1][-]{section.13}{\376\377\000P\000o\000l\000\355\000t\000i\000c\000a\000\040\000d\000e\000\040\000r\000e\000-\000e\000m\000p\000a\000q\000u\000e\000,\000\040\000r\000e\000-\000e\000t\000i\000q\000u\000e\000t\000a\000d\000o\000,\000\040\000y\000\040\000u\000s\000o\000\040\000d\000e\000\040\000a\000d\000i\000t\000i\000v\000o\000s}{}% 137
\BOOKMARK [2][-]{subsection.13.1}{\376\377\000O\000b\000j\000e\000t\000i\000v\000o}{section.13}% 138
\BOOKMARK [2][-]{subsection.13.2}{\376\377\000A\000l\000c\000a\000n\000c\000e}{section.13}% 139
\BOOKMARK [2][-]{subsection.13.3}{\376\377\000T\000\351\000r\000m\000i\000n\000o\000s\000\040\000y\000\040\000d\000e\000f\000i\000n\000i\000c\000i\000o\000n\000e\000s}{section.13}% 140
\BOOKMARK [2][-]{subsection.13.4}{\376\377\000D\000o\000c\000u\000m\000e\000n\000t\000o\000s\000\040\000y\000/\000o\000\040\000n\000o\000r\000m\000a\000s\000\040\000r\000e\000l\000a\000c\000i\000o\000n\000a\000d\000a\000s}{section.13}% 141
\BOOKMARK [2][-]{subsection.13.5}{\376\377\000P\000r\000o\000c\000e\000d\000i\000m\000i\000e\000n\000t\000o}{section.13}% 142
\BOOKMARK [3][-]{subsubsection.13.5.1}{\376\377\000M\000a\000t\000e\000r\000i\000a\000l\000e\000s}{subsection.13.5}% 143
\BOOKMARK [3][-]{subsubsection.13.5.2}{\376\377\000P\000r\000e\000c\000a\000u\000c\000i\000o\000n\000e\000s\000\040\000d\000e\000\040\000s\000e\000g\000u\000r\000i\000d\000a\000d}{subsection.13.5}% 144
\BOOKMARK [3][-]{subsubsection.13.5.3}{\376\377\000I\000n\000s\000t\000r\000u\000c\000c\000i\000o\000n\000e\000s}{subsection.13.5}% 145
\BOOKMARK [4][-]{paragraph.13.5.3.1}{\376\377\000P\000o\000l\000\355\000t\000i\000c\000a\000\040\000d\000e\000\040\000r\000e\000-\000e\000m\000p\000a\000c\000a\000d\000o\000.}{subsubsection.13.5.3}% 146
\BOOKMARK [2][-]{subsection.13.6}{\376\377\000F\000r\000e\000c\000u\000e\000n\000c\000i\000a}{section.13}% 147
\BOOKMARK [2][-]{subsection.13.7}{\376\377\000H\000i\000s\000t\000o\000r\000i\000a\000l\000\040\000d\000e\000\040\000m\000o\000d\000i\000f\000i\000c\000a\000c\000i\000o\000n\000e\000s}{section.13}% 148
\BOOKMARK [1][-]{section.14}{\376\377\000R\000e\000s\000g\000u\000a\000r\000d\000o\000\040\000d\000e\000\040\000r\000e\000g\000i\000s\000t\000r\000o\000s}{}% 149
\BOOKMARK [2][-]{subsection.14.1}{\376\377\000O\000b\000j\000e\000t\000i\000v\000o}{section.14}% 150
\BOOKMARK [2][-]{subsection.14.2}{\376\377\000A\000l\000c\000a\000n\000c\000e}{section.14}% 151
\BOOKMARK [2][-]{subsection.14.3}{\376\377\000T\000\351\000r\000m\000i\000n\000o\000s\000\040\000y\000\040\000d\000e\000f\000i\000n\000i\000c\000i\000o\000n\000e\000s}{section.14}% 152
\BOOKMARK [2][-]{subsection.14.4}{\376\377\000D\000o\000c\000u\000m\000e\000n\000t\000o\000s\000\040\000y\000/\000o\000\040\000n\000o\000r\000m\000a\000s\000\040\000r\000e\000l\000a\000c\000i\000o\000n\000a\000d\000a\000s}{section.14}% 153
\BOOKMARK [2][-]{subsection.14.5}{\376\377\000P\000r\000o\000c\000e\000d\000i\000m\000i\000e\000n\000t\000o}{section.14}% 154
\BOOKMARK [3][-]{subsubsection.14.5.1}{\376\377\000I\000n\000s\000t\000r\000u\000c\000c\000i\000o\000n\000e\000s}{subsection.14.5}% 155
\BOOKMARK [4][-]{paragraph.14.5.1.1}{\376\377\000R\000e\000g\000i\000s\000t\000r\000o\000s\000\040\000y\000\040\000m\000a\000n\000e\000j\000o\000\040\000d\000e\000\040\000D\000o\000c\000u\000m\000e\000n\000t\000o\000s}{subsubsection.14.5.1}% 156
\BOOKMARK [2][-]{subsection.14.6}{\376\377\000R\000e\000s\000p\000o\000n\000s\000a\000b\000l\000e\000s\000\040\000d\000e\000\040\000l\000a\000\040\000a\000c\000t\000i\000v\000i\000d\000a\000d}{section.14}% 157
\BOOKMARK [2][-]{subsection.14.7}{\376\377\000A\000c\000c\000i\000o\000n\000e\000s\000\040\000p\000r\000e\000v\000e\000n\000t\000i\000v\000a\000s}{section.14}% 158
\BOOKMARK [2][-]{subsection.14.8}{\376\377\000A\000c\000c\000i\000o\000n\000e\000s\000\040\000c\000o\000r\000r\000e\000c\000t\000i\000v\000a\000s}{section.14}% 159
\BOOKMARK [2][-]{subsection.14.9}{\376\377\000F\000r\000e\000c\000u\000e\000n\000c\000i\000a}{section.14}% 160
\BOOKMARK [2][-]{subsection.14.10}{\376\377\000H\000i\000s\000t\000o\000r\000i\000a\000l\000\040\000d\000e\000\040\000m\000o\000d\000i\000f\000i\000c\000a\000c\000i\000o\000n\000e\000s}{section.14}% 161
\BOOKMARK [1][-]{section.15}{\376\377\000A\000p\000r\000o\000b\000a\000c\000i\000\363\000n\000\040\000d\000e\000\040\000c\000a\000m\000b\000i\000o\000s\000\040\000a\000\040\000p\000r\000o\000c\000e\000d\000i\000m\000i\000e\000n\000t\000o\000s}{}% 162
\BOOKMARK [2][-]{subsection.15.1}{\376\377\000O\000b\000j\000e\000t\000i\000v\000o}{section.15}% 163
\BOOKMARK [2][-]{subsection.15.2}{\376\377\000A\000l\000c\000a\000n\000c\000e}{section.15}% 164
\BOOKMARK [2][-]{subsection.15.3}{\376\377\000T\000\351\000r\000m\000i\000n\000o\000s\000\040\000y\000\040\000d\000e\000f\000i\000n\000i\000c\000i\000o\000n\000e\000s}{section.15}% 165
\BOOKMARK [2][-]{subsection.15.4}{\376\377\000D\000o\000c\000u\000m\000e\000n\000t\000o\000s\000\040\000y\000/\000o\000\040\000n\000o\000r\000m\000a\000s\000\040\000r\000e\000l\000a\000c\000i\000o\000n\000a\000d\000a\000s}{section.15}% 166
\BOOKMARK [2][-]{subsection.15.5}{\376\377\000P\000r\000o\000c\000e\000d\000i\000m\000i\000e\000n\000t\000o}{section.15}% 167
\BOOKMARK [3][-]{subsubsection.15.5.1}{\376\377\000I\000n\000s\000t\000r\000u\000c\000c\000i\000o\000n\000e\000s}{subsection.15.5}% 168
\BOOKMARK [4][-]{paragraph.15.5.1.1}{\376\377\000C\000a\000m\000b\000i\000o\000s\000\040\000e\000n\000\040\000l\000o\000s\000\040\000p\000r\000o\000c\000e\000s\000o\000s\000\040\000d\000e\000\040\000R\000e\000c\000e\000p\000c\000i\000\363\000n\000,\000\040\000A\000l\000m\000a\000c\000e\000n\000a\000m\000i\000e\000n\000t\000o\000\040\000y\000\040\000E\000m\000b\000a\000r\000q\000u\000e}{subsubsection.15.5.1}% 169
\BOOKMARK [4][-]{paragraph.15.5.1.2}{\376\377\000C\000a\000m\000b\000i\000o\000s\000\040\000d\000e\000\040\000p\000r\000o\000c\000e\000d\000i\000m\000i\000e\000n\000t\000o\000s\000\040\000y\000\040\000p\000o\000l\000\355\000t\000i\000c\000a\000s}{subsubsection.15.5.1}% 170
\BOOKMARK [4][-]{paragraph.15.5.1.3}{\376\377\000A\000d\000m\000i\000n\000i\000s\000t\000r\000a\000c\000i\000\363\000n\000\040\000d\000e\000\040\000C\000a\000m\000b\000i\000o\000s\000\040\000-\000\040\000G\000e\000n\000e\000r\000a\000l}{subsubsection.15.5.1}% 171
\BOOKMARK [4][-]{paragraph.15.5.1.4}{\376\377\000R\000e\000v\000i\000s\000i\000o\000n\000e\000s}{subsubsection.15.5.1}% 172
\BOOKMARK [2][-]{subsection.15.6}{\376\377\000A\000c\000c\000i\000o\000n\000e\000s\000\040\000c\000o\000r\000r\000e\000c\000t\000i\000v\000a\000s}{section.15}% 173
\BOOKMARK [2][-]{subsection.15.7}{\376\377\000F\000r\000e\000c\000u\000e\000n\000c\000i\000a}{section.15}% 174
\BOOKMARK [2][-]{subsection.15.8}{\376\377\000H\000i\000s\000t\000o\000r\000i\000a\000l\000\040\000d\000e\000\040\000m\000o\000d\000i\000f\000i\000c\000a\000c\000i\000o\000n\000e\000s}{section.15}% 175
\BOOKMARK [2][-]{subsection.15.9}{\376\377\000L\000i\000s\000t\000a\000d\000o\000\040\000d\000e\000\040\000d\000i\000s\000t\000r\000i\000b\000u\000c\000i\000\363\000n}{section.15}% 176
\BOOKMARK [1][-]{section.16}{\376\377\000M\000a\000n\000e\000j\000o\000\040\000d\000e\000\040\000p\000r\000o\000t\000e\000\355\000n\000a\000\040\000c\000r\000u\000d\000a\000\040\000f\000r\000e\000s\000c\000a}{}% 177
\BOOKMARK [2][-]{subsection.16.1}{\376\377\000O\000b\000j\000e\000t\000i\000v\000o}{section.16}% 178
\BOOKMARK [2][-]{subsection.16.2}{\376\377\000A\000l\000c\000a\000n\000c\000e}{section.16}% 179
\BOOKMARK [2][-]{subsection.16.3}{\376\377\000T\000\351\000r\000m\000i\000n\000o\000s\000\040\000y\000\040\000d\000e\000f\000i\000n\000i\000c\000i\000o\000n\000e\000s}{section.16}% 180
\BOOKMARK [2][-]{subsection.16.4}{\376\377\000D\000o\000c\000u\000m\000e\000n\000t\000o\000s\000\040\000y\000/\000o\000\040\000n\000o\000r\000m\000a\000s\000\040\000r\000e\000l\000a\000c\000i\000o\000n\000a\000d\000a\000s}{section.16}% 181
\BOOKMARK [2][-]{subsection.16.5}{\376\377\000P\000r\000o\000c\000e\000d\000i\000m\000i\000e\000n\000t\000o}{section.16}% 182
\BOOKMARK [3][-]{subsubsection.16.5.1}{\376\377\000P\000r\000e\000c\000a\000u\000c\000i\000o\000n\000e\000s\000\040\000d\000e\000\040\000s\000e\000g\000u\000r\000i\000d\000a\000d}{subsection.16.5}% 183
\BOOKMARK [3][-]{subsubsection.16.5.2}{\376\377\000I\000n\000s\000t\000r\000u\000c\000c\000i\000o\000n\000e\000s}{subsection.16.5}% 184
\BOOKMARK [4][-]{paragraph.16.5.2.1}{\376\377\000A\000l\000m\000a\000c\000e\000n\000a\000j\000e\000\040\000d\000e\000\040\000p\000r\000o\000t\000e\000\355\000n\000a\000\040\000c\000r\000u\000d\000a}{subsubsection.16.5.2}% 185
\BOOKMARK [4][-]{paragraph.16.5.2.2}{\376\377\000E\000m\000b\000a\000r\000q\000u\000e\000\040\000d\000e\000\040\000p\000r\000o\000t\000e\000\355\000n\000a\000\040\000c\000r\000u\000d\000a}{subsubsection.16.5.2}% 186
\BOOKMARK [4][-]{paragraph.16.5.2.3}{\376\377\000A\000l\000\351\000r\000g\000e\000n\000o\000s}{subsubsection.16.5.2}% 187
\BOOKMARK [2][-]{subsection.16.6}{\376\377\000R\000e\000s\000p\000o\000n\000s\000a\000b\000l\000e\000s\000\040\000d\000e\000\040\000l\000a\000\040\000a\000c\000t\000i\000v\000i\000d\000a\000d}{section.16}% 188
\BOOKMARK [2][-]{subsection.16.7}{\376\377\000A\000c\000c\000i\000o\000n\000e\000s\000\040\000p\000r\000e\000v\000e\000n\000t\000i\000v\000a\000s}{section.16}% 189
\BOOKMARK [2][-]{subsection.16.8}{\376\377\000A\000c\000c\000i\000o\000n\000e\000s\000\040\000c\000o\000r\000r\000e\000c\000t\000i\000v\000a\000s}{section.16}% 190
\BOOKMARK [2][-]{subsection.16.9}{\376\377\000F\000r\000e\000c\000u\000e\000n\000c\000i\000a}{section.16}% 191
\BOOKMARK [2][-]{subsection.16.10}{\376\377\000H\000i\000s\000t\000o\000r\000i\000a\000l\000\040\000d\000e\000\040\000m\000o\000d\000i\000f\000i\000c\000a\000c\000i\000o\000n\000e\000s}{section.16}% 192
\BOOKMARK [2][-]{subsection.16.11}{\376\377\000L\000i\000s\000t\000a\000d\000o\000\040\000d\000e\000\040\000d\000i\000s\000t\000r\000i\000b\000u\000c\000i\000\363\000n}{section.16}% 193
\BOOKMARK [1][-]{section.17}{\376\377\000L\000i\000s\000t\000a\000\040\000d\000e\000\040\000p\000r\000o\000v\000e\000e\000d\000o\000r\000e\000s\000\040\000a\000u\000t\000o\000r\000i\000z\000a\000d\000o\000s}{}% 194
\BOOKMARK [1][-]{section.18}{\376\377\000C\000o\000n\000t\000r\000o\000l\000\040\000d\000e\000\040\000e\000s\000t\000i\000b\000a\000s\000\040\000y\000\040\000c\000u\000i\000d\000a\000d\000o\000\040\000d\000e\000\040\000p\000r\000o\000d\000u\000c\000t\000o}{}% 195
\BOOKMARK [2][-]{subsection.18.1}{\376\377\000O\000b\000j\000e\000t\000i\000v\000o}{section.18}% 196
\BOOKMARK [2][-]{subsection.18.2}{\376\377\000A\000l\000c\000a\000n\000c\000e}{section.18}% 197
\BOOKMARK [2][-]{subsection.18.3}{\376\377\000T\000\351\000r\000m\000i\000n\000o\000s\000\040\000y\000\040\000d\000e\000f\000i\000n\000i\000c\000i\000o\000n\000e\000s}{section.18}% 198
\BOOKMARK [2][-]{subsection.18.4}{\376\377\000D\000o\000c\000u\000m\000e\000n\000t\000o\000s\000\040\000y\000/\000o\000\040\000n\000o\000r\000m\000a\000s\000\040\000r\000e\000l\000a\000c\000i\000o\000n\000a\000d\000a\000s}{section.18}% 199
\BOOKMARK [2][-]{subsection.18.5}{\376\377\000P\000r\000o\000c\000e\000d\000i\000m\000i\000e\000n\000t\000o}{section.18}% 200
\BOOKMARK [2][-]{subsection.18.6}{\376\377\000R\000e\000s\000p\000o\000n\000s\000a\000b\000l\000e\000s\000\040\000d\000e\000\040\000l\000a\000\040\000a\000c\000t\000i\000v\000i\000d\000a\000d}{section.18}% 201
\BOOKMARK [2][-]{subsection.18.7}{\376\377\000A\000c\000c\000i\000o\000n\000e\000s\000\040\000p\000r\000e\000v\000e\000n\000t\000i\000v\000a\000s}{section.18}% 202
\BOOKMARK [2][-]{subsection.18.8}{\376\377\000A\000c\000c\000i\000o\000n\000e\000s\000\040\000c\000o\000r\000r\000e\000c\000t\000i\000v\000a\000s}{section.18}% 203
\BOOKMARK [2][-]{subsection.18.9}{\376\377\000F\000r\000e\000c\000u\000e\000n\000c\000i\000a}{section.18}% 204
\BOOKMARK [2][-]{subsection.18.10}{\376\377\000H\000i\000s\000t\000o\000r\000i\000a\000l\000\040\000d\000e\000\040\000m\000o\000d\000i\000f\000i\000c\000a\000c\000i\000o\000n\000e\000s}{section.18}% 205
\BOOKMARK [2][-]{subsection.18.11}{\376\377\000L\000i\000s\000t\000a\000d\000o\000\040\000d\000e\000\040\000d\000i\000s\000t\000r\000i\000b\000u\000c\000i\000\363\000n}{section.18}% 206
\BOOKMARK [1][-]{section.19}{\376\377\000I\000n\000s\000t\000r\000u\000c\000t\000i\000v\000o\000\040\000p\000a\000r\000a\000\040\000s\000e\000l\000e\000c\000c\000i\000\363\000n\000\040\000d\000e\000\040\000t\000a\000r\000i\000m\000a\000s\000\040\000d\000e\000\040\000m\000a\000d\000e\000r\000a}{}% 207
\BOOKMARK [2][-]{subsection.19.1}{\376\377\000O\000b\000j\000e\000t\000i\000v\000o}{section.19}% 208
\BOOKMARK [2][-]{subsection.19.2}{\376\377\000A\000l\000c\000a\000n\000c\000e}{section.19}% 209
\BOOKMARK [2][-]{subsection.19.3}{\376\377\000T\000\351\000r\000m\000i\000n\000o\000s\000\040\000y\000\040\000d\000e\000f\000i\000n\000i\000c\000i\000o\000n\000e\000s}{section.19}% 210
\BOOKMARK [2][-]{subsection.19.4}{\376\377\000D\000o\000c\000u\000m\000e\000n\000t\000o\000s\000\040\000y\000/\000o\000\040\000n\000o\000r\000m\000a\000s\000\040\000r\000e\000l\000a\000c\000i\000o\000n\000a\000d\000a\000s}{section.19}% 211
\BOOKMARK [2][-]{subsection.19.5}{\376\377\000A\000c\000t\000i\000v\000i\000d\000a\000d\000e\000s}{section.19}% 212
\BOOKMARK [3][-]{subsubsection.19.5.1}{\376\377\000D\000e\000s\000c\000a\000r\000t\000a\000r\000\040\000t\000a\000r\000i\000m\000a\000s\000\040\000q\000u\000e\000\040\000p\000r\000e\000s\000e\000n\000t\000e\000n\000:}{subsection.19.5}% 213
\BOOKMARK [2][-]{subsection.19.6}{\376\377\000L\000i\000s\000t\000a\000d\000o\000\040\000d\000e\000\040\000d\000i\000s\000t\000r\000i\000b\000u\000c\000i\000\363\000n}{section.19}% 214
\BOOKMARK [1][-]{section.20}{\376\377\000E\000l\000i\000m\000i\000n\000a\000c\000i\000\363\000n\000\040\000d\000e\000\040\000h\000u\000m\000e\000d\000a\000d\000\040\000y\000\040\000e\000s\000c\000a\000r\000c\000h\000a}{}% 215
\BOOKMARK [2][-]{subsection.20.1}{\376\377\000O\000b\000j\000e\000t\000i\000v\000o}{section.20}% 216
\BOOKMARK [2][-]{subsection.20.2}{\376\377\000A\000l\000c\000a\000n\000c\000e}{section.20}% 217
\BOOKMARK [2][-]{subsection.20.3}{\376\377\000T\000\351\000r\000m\000i\000n\000o\000s\000\040\000y\000\040\000d\000e\000f\000i\000n\000i\000c\000i\000o\000n\000e\000s}{section.20}% 218
\BOOKMARK [2][-]{subsection.20.4}{\376\377\000D\000o\000c\000u\000m\000e\000n\000t\000o\000s\000\040\000y\000/\000o\000\040\000n\000o\000r\000m\000a\000s\000\040\000r\000e\000l\000a\000c\000i\000o\000n\000a\000d\000a\000s}{section.20}% 219
\BOOKMARK [2][-]{subsection.20.5}{\376\377\000P\000r\000o\000c\000e\000d\000i\000m\000i\000e\000n\000t\000o}{section.20}% 220
\BOOKMARK [3][-]{subsubsection.20.5.1}{\376\377\000M\000a\000t\000e\000r\000i\000a\000l\000e\000s}{subsection.20.5}% 221
\BOOKMARK [3][-]{subsubsection.20.5.2}{\376\377\000P\000r\000e\000c\000a\000u\000c\000i\000o\000n\000e\000s\000\040\000d\000e\000\040\000s\000e\000g\000u\000r\000i\000d\000a\000d}{subsection.20.5}% 222
\BOOKMARK [3][-]{subsubsection.20.5.3}{\376\377\000I\000n\000s\000t\000r\000u\000c\000c\000i\000o\000n\000e\000s}{subsection.20.5}% 223
\BOOKMARK [4][-]{paragraph.20.5.3.1}{\376\377\000H\000u\000m\000e\000d\000a\000d}{subsubsection.20.5.3}% 224
\BOOKMARK [4][-]{paragraph.20.5.3.2}{\376\377\000E\000s\000c\000a\000r\000c\000h\000a}{subsubsection.20.5.3}% 225
\BOOKMARK [2][-]{subsection.20.6}{\376\377\000R\000e\000s\000p\000o\000n\000s\000a\000b\000l\000e\000s\000\040\000d\000e\000\040\000l\000a\000\040\000a\000c\000t\000i\000v\000i\000d\000a\000d}{section.20}% 226
\BOOKMARK [2][-]{subsection.20.7}{\376\377\000A\000c\000c\000i\000o\000n\000e\000s\000\040\000p\000r\000e\000v\000e\000n\000t\000i\000v\000a\000s}{section.20}% 227
\BOOKMARK [2][-]{subsection.20.8}{\376\377\000A\000c\000c\000i\000o\000n\000e\000s\000\040\000c\000o\000r\000r\000e\000c\000t\000i\000v\000a\000s}{section.20}% 228
\BOOKMARK [2][-]{subsection.20.9}{\376\377\000F\000r\000e\000c\000u\000e\000n\000c\000i\000a}{section.20}% 229
\BOOKMARK [2][-]{subsection.20.10}{\376\377\000H\000i\000s\000t\000o\000r\000i\000a\000l\000\040\000d\000e\000\040\000m\000o\000d\000i\000f\000i\000c\000a\000c\000i\000o\000n\000e\000s}{section.20}% 230
\BOOKMARK [2][-]{subsection.20.11}{\376\377\000L\000i\000s\000t\000a\000d\000o\000\040\000d\000e\000\040\000d\000i\000s\000t\000r\000i\000b\000u\000c\000i\000\363\000n}{section.20}% 231
\BOOKMARK [1][-]{section.21}{\376\377\000A\000t\000e\000n\000c\000i\000\363\000n\000\040\000d\000e\000\040\000q\000u\000e\000j\000a\000s}{}% 232
\BOOKMARK [2][-]{subsection.21.1}{\376\377\000O\000b\000j\000e\000t\000i\000v\000o\000s}{section.21}% 233
\BOOKMARK [2][-]{subsection.21.2}{\376\377\000A\000l\000c\000a\000n\000c\000e}{section.21}% 234
\BOOKMARK [2][-]{subsection.21.3}{\376\377\000T\000\351\000r\000m\000i\000n\000o\000s\000\040\000y\000\040\000d\000e\000f\000i\000n\000i\000c\000i\000o\000n\000e\000s}{section.21}% 235
\BOOKMARK [2][-]{subsection.21.4}{\376\377\000D\000o\000c\000u\000m\000e\000n\000t\000o\000s\000\040\000y\000/\000o\000\040\000n\000o\000r\000m\000a\000s\000\040\000r\000e\000l\000a\000c\000i\000o\000n\000a\000d\000a\000s}{section.21}% 236
\BOOKMARK [2][-]{subsection.21.5}{\376\377\000P\000r\000o\000c\000e\000d\000i\000m\000i\000e\000n\000t\000o}{section.21}% 237
\BOOKMARK [3][-]{subsubsection.21.5.1}{\376\377\000R\000e\000c\000e\000p\000c\000i\000\363\000n\000\040\000d\000e\000\040\000Q\000u\000e\000j\000a\000s\000\040\000d\000e\000\040\000C\000a\000l\000i\000d\000a\000d\000\040\000y\000/\000o\000\040\000I\000n\000o\000c\000u\000i\000d\000a\000d\000\040\000o\000\040\000S\000e\000r\000v\000i\000c\000i\000o}{subsection.21.5}% 238
\BOOKMARK [3][-]{subsubsection.21.5.2}{\376\377\000R\000e\000p\000o\000r\000t\000e\000s\000\040\000d\000e\000\040\000C\000a\000s\000o\000s\000\040\000c\000o\000n\000\040\000R\000i\000e\000s\000g\000o\000\040\000d\000e\000\040\000C\000r\000i\000s\000i\000s}{subsection.21.5}% 239
\BOOKMARK [3][-]{subsubsection.21.5.3}{\376\377\000D\000a\000\361\000o\000s\000,\000\040\000f\000a\000l\000t\000a\000n\000t\000e\000s\000\040\000o\000\040\000s\000o\000b\000r\000a\000n\000t\000e\000s\000\040\000e\000n\000\040\000l\000o\000s\000\040\000p\000r\000o\000d\000u\000c\000t\000o\000s\000\040\000e\000m\000b\000a\000r\000c\000a\000d\000o\000s}{subsection.21.5}% 240
\BOOKMARK [2][-]{subsection.21.6}{\376\377\000F\000r\000e\000c\000u\000e\000n\000c\000i\000a}{section.21}% 241
\BOOKMARK [2][-]{subsection.21.7}{\376\377\000H\000i\000s\000t\000o\000r\000i\000a\000l\000\040\000d\000e\000\040\000m\000o\000d\000i\000f\000i\000c\000a\000c\000i\000o\000n\000e\000s}{section.21}% 242
\BOOKMARK [2][-]{subsection.21.8}{\376\377\000L\000i\000s\000t\000a\000d\000o\000\040\000d\000e\000\040\000d\000i\000s\000t\000r\000i\000b\000u\000c\000i\000\363\000n}{section.21}% 243
\BOOKMARK [2][-]{subsection.21.9}{\376\377\000A\000n\000e\000x\000o\000s}{section.21}% 244
\BOOKMARK [1][-]{section.22}{\376\377\000B\000\341\000s\000c\000u\000l\000a\000s\000\040\000e\000n\000\040\000e\000l\000\040\000a\000l\000m\000a\000c\000\351\000n}{}% 245
\BOOKMARK [2][-]{subsection.22.1}{\376\377\000O\000b\000j\000e\000t\000i\000v\000o}{section.22}% 246
\BOOKMARK [2][-]{subsection.22.2}{\376\377\000A\000l\000c\000a\000n\000c\000e}{section.22}% 247
\BOOKMARK [2][-]{subsection.22.3}{\376\377\000P\000r\000o\000c\000e\000d\000i\000m\000i\000e\000n\000t\000o}{section.22}% 248
\BOOKMARK [1][-]{section.23}{\376\377\000A\000c\000c\000i\000o\000n\000e\000s\000\040\000c\000o\000r\000r\000e\000c\000t\000i\000v\000a\000s\000\040\000y\000\040\000p\000r\000e\000v\000e\000n\000t\000i\000v\000a\000s}{}% 249
\BOOKMARK [1][-]{section.24}{\376\377\000A\000c\000c\000i\000o\000n\000e\000s\000\040\000c\000o\000r\000r\000e\000c\000t\000i\000v\000a\000s\000\040\000y\000\040\000p\000r\000e\000v\000e\000n\000t\000i\000v\000a\000s}{}% 250
\BOOKMARK [2][-]{subsection.24.1}{\376\377\000O\000b\000j\000e\000t\000i\000v\000o}{section.24}% 251
\BOOKMARK [2][-]{subsection.24.2}{\376\377\000A\000l\000c\000a\000n\000c\000e}{section.24}% 252
\BOOKMARK [2][-]{subsection.24.3}{\376\377\000T\000\351\000r\000m\000i\000n\000o\000s\000\040\000y\000\040\000d\000e\000f\000i\000n\000i\000c\000i\000o\000n\000e\000s}{section.24}% 253
\BOOKMARK [2][-]{subsection.24.4}{\376\377\000D\000o\000c\000u\000m\000e\000n\000t\000o\000s\000\040\000y\000/\000o\000\040\000n\000o\000r\000m\000a\000s\000\040\000r\000e\000l\000a\000c\000i\000o\000n\000a\000d\000a\000s}{section.24}% 254
\BOOKMARK [2][-]{subsection.24.5}{\376\377\000P\000r\000o\000c\000e\000d\000i\000m\000i\000e\000n\000t\000o}{section.24}% 255
\BOOKMARK [3][-]{subsubsection.24.5.1}{\376\377\000A\000c\000c\000i\000\363\000n\000\040\000P\000r\000e\000v\000e\000n\000t\000i\000v\000a}{subsection.24.5}% 256
\BOOKMARK [3][-]{subsubsection.24.5.2}{\376\377\000A\000c\000c\000i\000\363\000n\000\040\000C\000o\000r\000r\000e\000c\000t\000i\000v\000a}{subsection.24.5}% 257
\BOOKMARK [3][-]{subsubsection.24.5.3}{\376\377\000A\000c\000c\000i\000o\000n\000e\000s\000\040\000c\000o\000r\000r\000e\000c\000t\000i\000v\000a\000s\000\040\000g\000e\000n\000e\000r\000a\000d\000a\000s\000\040\000d\000e\000\040\000A\000u\000d\000i\000t\000o\000r\000i\000a\000s\000\040\000I\000n\000t\000e\000r\000n\000a\000\040\000o\000\040\000E\000x\000t\000e\000r\000n\000a\000s}{subsection.24.5}% 258
\BOOKMARK [3][-]{subsubsection.24.5.4}{\376\377\000S\000e\000g\000u\000i\000m\000i\000e\000n\000t\000o\000\040\000y\000\040\000V\000a\000l\000i\000d\000a\000c\000i\000\363\000n\000\040\000d\000e\000\040\000l\000a\000\040\000A\000c\000c\000i\000\363\000n\000\040\000C\000o\000r\000r\000e\000c\000t\000i\000v\000a\000\040\000d\000e\000\040\000A\000u\000d\000i\000t\000o\000r\000\355\000a\000\040\000I\000n\000t\000e\000r\000n\000a}{subsection.24.5}% 259
\BOOKMARK [3][-]{subsubsection.24.5.5}{\376\377\000R\000e\000g\000i\000s\000t\000r\000o\000s}{subsection.24.5}% 260
\BOOKMARK [2][-]{subsection.24.6}{\376\377\000F\000r\000e\000c\000u\000e\000n\000c\000i\000a}{section.24}% 261
\BOOKMARK [2][-]{subsection.24.7}{\376\377\000H\000i\000s\000t\000o\000r\000i\000a\000l\000\040\000d\000e\000\040\000m\000o\000d\000i\000f\000i\000c\000a\000c\000i\000o\000n\000e\000s}{section.24}% 262
\BOOKMARK [2][-]{subsection.24.8}{\376\377\000L\000i\000s\000t\000a\000d\000o\000\040\000d\000e\000\040\000d\000i\000s\000t\000r\000i\000b\000u\000c\000i\000\363\000n}{section.24}% 263
\BOOKMARK [1][-]{section.25}{\376\377\000E\000l\000a\000b\000o\000r\000a\000c\000i\000\363\000n\000\040\000y\000\040\000c\000o\000n\000t\000r\000o\000l\000\040\000d\000e\000\040\000d\000o\000c\000u\000m\000e\000n\000t\000o\000s}{}% 264
\BOOKMARK [2][-]{subsection.25.1}{\376\377\000O\000b\000j\000e\000t\000i\000v\000o}{section.25}% 265
\BOOKMARK [2][-]{subsection.25.2}{\376\377\000A\000l\000c\000a\000n\000c\000e}{section.25}% 266
\BOOKMARK [2][-]{subsection.25.3}{\376\377\000T\000\351\000r\000m\000i\000n\000o\000s\000\040\000y\000\040\000d\000e\000f\000i\000n\000i\000c\000i\000o\000n\000e\000s}{section.25}% 267
\BOOKMARK [2][-]{subsection.25.4}{\376\377\000R\000e\000s\000p\000o\000n\000s\000a\000b\000l\000e\000s\000\040\000d\000e\000\040\000l\000a\000\040\000a\000c\000t\000i\000v\000i\000d\000a\000d}{section.25}% 268
\BOOKMARK [3][-]{subsubsection.25.4.1}{\376\377\000A\000s\000e\000g\000u\000r\000a\000m\000i\000e\000n\000t\000o\000\040\000d\000e\000\040\000C\000a\000l\000i\000d\000a\000d}{subsection.25.4}% 269
\BOOKMARK [3][-]{subsubsection.25.4.2}{\376\377\000G\000e\000r\000e\000n\000t\000e\000\040\000d\000e\000\040\000M\000a\000n\000t\000e\000n\000i\000m\000i\000e\000n\000t\000o}{subsection.25.4}% 270
\BOOKMARK [3][-]{subsubsection.25.4.3}{\376\377\000G\000e\000r\000e\000n\000t\000e\000\040\000d\000e\000\040\000O\000p\000e\000r\000a\000c\000i\000o\000n\000e\000s}{subsection.25.4}% 271
\BOOKMARK [2][-]{subsection.25.5}{\376\377\000P\000r\000o\000c\000e\000d\000i\000m\000i\000e\000n\000t\000o}{section.25}% 272
\BOOKMARK [3][-]{subsubsection.25.5.1}{\376\377\000G\000e\000n\000e\000r\000a\000c\000i\000\363\000n\000\040\000d\000e\000\040\000D\000o\000c\000u\000m\000e\000n\000t\000o\000s}{subsection.25.5}% 273
\BOOKMARK [4][-]{paragraph.25.5.1.1}{\376\377\000E\000s\000t\000r\000u\000c\000t\000u\000r\000a}{subsubsection.25.5.1}% 274
\BOOKMARK [4][-]{paragraph.25.5.1.2}{\376\377\000E\000d\000i\000c\000i\000\363\000n}{subsubsection.25.5.1}% 275
\BOOKMARK [4][-]{paragraph.25.5.1.3}{\376\377\000F\000e\000c\000h\000a\000\040\000d\000e\000\040\000P\000u\000b\000l\000i\000c\000a\000c\000i\000\363\000n}{subsubsection.25.5.1}% 276
\BOOKMARK [4][-]{paragraph.25.5.1.4}{\376\377\000C\000o\000n\000t\000e\000n\000i\000d\000o}{subsubsection.25.5.1}% 277
\BOOKMARK [4][-]{paragraph.25.5.1.5}{\376\377\000T\000i\000p\000o\000\040\000d\000e\000\040\000l\000e\000t\000r\000a}{subsubsection.25.5.1}% 278
\BOOKMARK [4][-]{paragraph.25.5.1.6}{\376\377\000N\000u\000m\000e\000r\000a\000c\000i\000\363\000n}{subsubsection.25.5.1}% 279
\BOOKMARK [4][-]{paragraph.25.5.1.7}{\376\377\000R\000e\000v\000i\000s\000i\000\363\000n\000\040\000y\000\040\000a\000p\000r\000o\000b\000a\000c\000i\000\363\000n\000\040\000d\000e\000\040\000D\000o\000c\000u\000m\000e\000n\000t\000o\000s}{subsubsection.25.5.1}% 280
\BOOKMARK [4][-]{paragraph.25.5.1.8}{\376\377\000D\000i\000s\000t\000r\000i\000b\000u\000c\000i\000\363\000n\000,\000\040\000i\000m\000p\000l\000e\000m\000e\000n\000t\000a\000c\000i\000\363\000n\000\040\000y\000\040\000c\000o\000n\000t\000r\000o\000l\000\040\000d\000e\000\040\000D\000o\000c\000u\000m\000e\000n\000t\000o\000s}{subsubsection.25.5.1}% 281
\BOOKMARK [4][-]{paragraph.25.5.1.9}{\376\377\000C\000a\000m\000b\000i\000o\000s\000,\000\040\000a\000l\000t\000a\000\040\000o\000\040\000b\000a\000j\000a\000\040\000d\000e\000\040\000d\000o\000c\000u\000m\000e\000n\000t\000o\000s}{subsubsection.25.5.1}% 282
\BOOKMARK [4][-]{paragraph.25.5.1.10}{\376\377\000C\000o\000n\000t\000r\000o\000l\000\040\000d\000e\000\040\000d\000o\000c\000u\000m\000e\000n\000t\000o\000s\000\040\000o\000b\000s\000o\000l\000e\000t\000o\000s\000:}{subsubsection.25.5.1}% 283
\BOOKMARK [3][-]{subsubsection.25.5.2}{\376\377\000R\000e\000s\000p\000a\000l\000d\000o\000\040\000d\000e\000\040\000l\000a\000\040\000i\000n\000f\000o\000r\000m\000a\000c\000i\000\363\000n}{subsection.25.5}% 284
\BOOKMARK [2][-]{subsection.25.6}{\376\377\000F\000r\000e\000c\000u\000e\000n\000c\000i\000a}{section.25}% 285
\BOOKMARK [2][-]{subsection.25.7}{\376\377\000H\000i\000s\000t\000o\000r\000i\000a\000l\000\040\000d\000e\000\040\000m\000o\000d\000i\000f\000i\000c\000a\000c\000i\000o\000n\000e\000s}{section.25}% 286
\BOOKMARK [2][-]{subsection.25.8}{\376\377\000L\000i\000s\000t\000a\000d\000o\000\040\000d\000e\000\040\000d\000i\000s\000t\000r\000i\000b\000u\000c\000i\000\363\000n}{section.25}% 287
\BOOKMARK [2][-]{subsection.25.9}{\376\377\000A\000n\000e\000x\000o\000s}{section.25}% 288
\BOOKMARK [1][-]{section.26}{\376\377\000E\000n\000t\000r\000e\000g\000a\000\040\000d\000e\000\040\000p\000e\000q\000u\000e\000\361\000a\000s\000\040\000c\000a\000n\000t\000i\000d\000a\000d\000e\000s}{}% 289
\BOOKMARK [2][-]{subsection.26.1}{\376\377\000O\000b\000j\000e\000t\000i\000v\000o\000s}{section.26}% 290
\BOOKMARK [2][-]{subsection.26.2}{\376\377\000A\000l\000c\000a\000n\000c\000e}{section.26}% 291
\BOOKMARK [2][-]{subsection.26.3}{\376\377\000T\000\351\000r\000m\000i\000n\000o\000s\000\040\000y\000\040\000d\000e\000f\000i\000n\000i\000c\000i\000o\000n\000e\000s}{section.26}% 292
\BOOKMARK [2][-]{subsection.26.4}{\376\377\000D\000o\000c\000u\000m\000e\000n\000t\000o\000s\000\040\000y\000/\000o\000\040\000n\000o\000r\000m\000a\000s\000\040\000r\000e\000l\000a\000c\000i\000o\000n\000a\000d\000a\000s}{section.26}% 293
\BOOKMARK [2][-]{subsection.26.5}{\376\377\000P\000r\000o\000c\000e\000d\000i\000m\000i\000e\000n\000t\000o}{section.26}% 294
\BOOKMARK [3][-]{subsubsection.26.5.1}{\376\377\000P\000r\000e\000c\000a\000u\000c\000i\000o\000n\000e\000s\000\040\000d\000e\000\040\000s\000e\000g\000u\000r\000i\000d\000a\000d}{subsection.26.5}% 295
\BOOKMARK [3][-]{subsubsection.26.5.2}{\376\377\000I\000n\000s\000t\000r\000u\000c\000c\000i\000o\000n\000e\000s}{subsection.26.5}% 296
\BOOKMARK [2][-]{subsection.26.6}{\376\377\000R\000e\000s\000p\000o\000n\000s\000a\000b\000l\000e\000s\000\040\000d\000e\000\040\000l\000a\000\040\000a\000c\000t\000i\000v\000i\000d\000a\000d}{section.26}% 297
\BOOKMARK [2][-]{subsection.26.7}{\376\377\000A\000c\000c\000i\000o\000n\000e\000s\000\040\000p\000r\000e\000v\000e\000n\000t\000i\000v\000a\000s}{section.26}% 298
\BOOKMARK [2][-]{subsection.26.8}{\376\377\000A\000c\000c\000i\000o\000n\000e\000s\000\040\000c\000o\000r\000r\000e\000c\000t\000i\000v\000a\000s}{section.26}% 299
\BOOKMARK [2][-]{subsection.26.9}{\376\377\000F\000r\000e\000c\000u\000e\000n\000c\000i\000a}{section.26}% 300
\BOOKMARK [2][-]{subsection.26.10}{\376\377\000H\000i\000s\000t\000o\000r\000i\000a\000l\000\040\000d\000e\000\040\000m\000o\000d\000i\000f\000i\000c\000a\000c\000i\000o\000n\000e\000s}{section.26}% 301
\BOOKMARK [1][-]{section*.28}{\376\377\000G\000l\000o\000s\000a\000r\000i\000o}{}% 302
