20 Feb 2023 16:11:39.552 INFO  - 
Welcome to arara 7.0.4!
-----------------------------------------------------------------
20 Feb 2023 16:11:39.574 DEBUG - 
::: arara @ C:\Program Files\MiKTeX\scripts\arara
::: Java 19, Eclipse Adoptium
::: C:\Program Files\Eclipse Adoptium\jdk-19.0.0.36-hotspot
::: Windows 10, amd64, 10.0
::: user.home @ C:\Users\Usuario
::: CF @ [none]
-----------------------------------------------------------------
20 Feb 2023 16:11:39.604 INFO  - Processing "2-PSA-2023.tex" (size: 6.0 kB, last modified: 2023-02-20 21:54:09), please wait.
20 Feb 2023 16:11:39.675 INFO  - I found a potential pattern in line 7: lualatex: {
20 Feb 2023 16:11:39.675 INFO  - I found a potential pattern in line 8: --> interaction: nonstopmode,
20 Feb 2023 16:11:39.676 INFO  - I found a potential pattern in line 9: --> options: ['-file-line-error'],
20 Feb 2023 16:11:39.676 INFO  - I found a potential pattern in line 10: --> shell: yes,
20 Feb 2023 16:11:39.677 INFO  - I found a potential pattern in line 11: --> synctex: yes,
20 Feb 2023 16:11:39.677 INFO  - I found a potential pattern in line 12: --> }
20 Feb 2023 16:11:39.678 INFO  - I found a potential pattern in line 13: makeglossaries
20 Feb 2023 16:11:40.721 INFO  -                     All directives were validated. We are good to go.
                    -------------------------- DIRECTIVES ---------------------------
                    Directive(identifier='lualatex', parameters={interaction=nonstopmode, options=[-file-line-error], shell=yes, synctex=yes, reference=c:\Users\Usuario\Documents\SISTEMA DE GESTION DE CALIDAD\2023-SGC-2\2 - PSA\2-PSA-2023.tex},conditional={ NONE }, lineNumbers=[7, 8, 9, 10, 11, 12])
Directive(identifier='makeglossaries', parameters={reference=c:\Users\Usuario\Documents\SISTEMA DE GESTION DE CALIDAD\2023-SGC-2\2 - PSA\2-PSA-2023.tex},conditional={ NONE }, lineNumbers=[13])
                    -----------------------------------------------------------------
20 Feb 2023 16:11:40.729 INFO  - I am ready to interpret rule "lualatex".
20 Feb 2023 16:11:40.740 INFO  - Rule location: "C:\Program Files\MiKTeX\scripts\arara\rules"
20 Feb 2023 16:11:41.466 INFO  - I am ready to interpret task "LuaLaTeX engine" from rule "LuaLaTeX".
20 Feb 2023 16:11:41.475 INFO  - System command: [lualatex, --interaction=nonstopmode, --shell-escape, --synctex=1, -file-line-error, 2-PSA-2023.tex] @ c:\Users\Usuario\Documents\SISTEMA DE GESTION DE CALIDAD\2023-SGC-2\2 - PSA
20 Feb 2023 16:12:10.458 INFO  -                 ---------------------- BEGIN OUTPUT BUFFER ----------------------
                This is LuaHBTeX, Version 1.15.1 (MiKTeX 22.12)
 system commands enabled.
(./2-PSA-2023.tex
LaTeX2e <2022-11-01> patch level 1
 L3 programming layer <2022-12-17>
("C:/Program Files/MiKTeX/tex/latex/base/article.cls"
Document Class: article 2022/07/02 v1.4n Standard LaTeX document class
("C:/Program Files/MiKTeX/tex/latex/base/size10.clo"))
(../VariablesEstaticas.tex)
(C:/Users/Usuario/AppData/Roaming/MiKTeX/tex/latex/changelog/changelog.sty
("C:/Program Files/MiKTeX/tex/latex/l3packages/xparse/xparse.sty"
("C:/Program Files/MiKTeX/tex/latex/l3kernel/expl3.sty"
("C:/Program Files/MiKTeX/tex/latex/l3backend/l3backend-luatex.def")))
("C:/Program Files/MiKTeX/tex/latex/xkeyval/xkeyval.sty"
("C:/Program Files/MiKTeX/tex/generic/xkeyval/xkeyval.tex"
("C:/Program Files/MiKTeX/tex/generic/xkeyval/xkvutils.tex"
("C:/Program Files/MiKTeX/tex/generic/xkeyval/keyval.tex"))))
(C:/Users/Usuario/AppData/Roaming/MiKTeX/tex/latex/translations/translations.st
y ("C:/Program Files/MiKTeX/tex/latex/etoolbox/etoolbox.sty")
("C:/Program Files/MiKTeX/tex/generic/pdftexcmds/pdftexcmds.sty"
(C:/Users/Usuario/AppData/Roaming/MiKTeX/tex/generic/infwarerr/infwarerr.sty)
("C:/Program Files/MiKTeX/tex/generic/iftex/iftex.sty")
(C:/Users/Usuario/AppData/Roaming/MiKTeX/tex/generic/ltxcmds/ltxcmds.sty))))
("C:/Program Files/MiKTeX/tex/latex/carlito/carlito.sty"
("C:/Program Files/MiKTeX/tex/generic/iftex/ifxetex.sty")
("C:/Program Files/MiKTeX/tex/generic/iftex/ifluatex.sty")
("C:/Program Files/MiKTeX/tex/latex/base/textcomp.sty")
("C:/Program Files/MiKTeX/tex/latex/fontspec/fontspec.sty"
("C:/Program Files/MiKTeX/tex/latex/fontspec/fontspec-luatex.sty"
("C:/Program Files/MiKTeX/tex/latex/base/fontenc.sty")
("C:/Program Files/MiKTeX/tex/latex/fontspec/fontspec.cfg"))))
("C:/Program Files/MiKTeX/tex/latex/phonenumbers/phonenumbers.sty"
("C:/Program Files/MiKTeX/tex/latex/l3packages/l3keys2e/l3keys2e.sty")
("C:/Program Files/MiKTeX/tex/latex/phonenumbers/phonenumbers-AT.def")
("C:/Program Files/MiKTeX/tex/latex/phonenumbers/phonenumbers-DE.def")
("C:/Program Files/MiKTeX/tex/latex/phonenumbers/phonenumbers-FR.def")
("C:/Program Files/MiKTeX/tex/latex/phonenumbers/phonenumbers-UK.def")
("C:/Program Files/MiKTeX/tex/latex/phonenumbers/phonenumbers-US.def"))
(C:/Users/Usuario/AppData/Roaming/MiKTeX/tex/latex/polyglossia/polyglossia.sty
(C:/Users/Usuario/AppData/Roaming/MiKTeX/tex/latex/makecmds/makecmds.sty)
(C:/Users/Usuario/AppData/Roaming/MiKTeX/tex/luatex/luatexbase/luatexbase.sty
(C:/Users/Usuario/AppData/Roaming/MiKTeX/tex/luatex/ctablestack/ctablestack.sty
))
(C:/Users/Usuario/AppData/Roaming/MiKTeX/tex/latex/polyglossia/gloss-latex.lde)
)
(C:/Users/Usuario/AppData/Roaming/MiKTeX/tex/latex/polyglossia/gloss-spanish.ld
f) ("C:/Program Files/MiKTeX/tex/latex/glossaries-extra/glossaries-extra.sty"
("C:/Program Files/MiKTeX/tex/latex/glossaries/base/glossaries.sty"
("C:/Program Files/MiKTeX/tex/latex/base/ifthen.sty")
("C:/Program Files/MiKTeX/tex/latex/mfirstuc/mfirstuc.sty")
("C:/Program Files/MiKTeX/tex/latex/xfor/xfor.sty")
("C:/Program Files/MiKTeX/tex/latex/datatool/datatool-base.sty"
("C:/Program Files/MiKTeX/tex/latex/amsmath/amsmath.sty"
For additional information on amsmath, use the `?' option.
("C:/Program Files/MiKTeX/tex/latex/amsmath/amstext.sty"
("C:/Program Files/MiKTeX/tex/latex/amsmath/amsgen.sty"))
("C:/Program Files/MiKTeX/tex/latex/amsmath/amsbsy.sty")
("C:/Program Files/MiKTeX/tex/latex/amsmath/amsopn.sty"))
("C:/Program Files/MiKTeX/tex/latex/substr/substr.sty")
("C:/Program Files/MiKTeX/tex/latex/datatool/datatool-fp.sty"
("C:/Program Files/MiKTeX/tex/latex/fp/fp.sty"
`Fixed Point Package', Version 0.8, April 2, 1995 (C) Michael Mehlich
("C:/Program Files/MiKTeX/tex/latex/fp/defpattern.sty")
("C:/Program Files/MiKTeX/tex/latex/fp/fp-basic.sty")
("C:/Program Files/MiKTeX/tex/latex/fp/fp-addons.sty")
("C:/Program Files/MiKTeX/tex/latex/fp/fp-snap.sty")
("C:/Program Files/MiKTeX/tex/latex/fp/fp-exp.sty")
("C:/Program Files/MiKTeX/tex/latex/fp/fp-trigo.sty")
("C:/Program Files/MiKTeX/tex/latex/fp/fp-pas.sty")
("C:/Program Files/MiKTeX/tex/latex/fp/fp-random.sty")
("C:/Program Files/MiKTeX/tex/latex/fp/fp-eqn.sty")
("C:/Program Files/MiKTeX/tex/latex/fp/fp-upn.sty")
("C:/Program Files/MiKTeX/tex/latex/fp/fp-eval.sty"))))
(C:/Users/Usuario/AppData/Roaming/MiKTeX/tex/latex/tracklang/tracklang.sty
(C:/Users/Usuario/AppData/Roaming/MiKTeX/tex/generic/tracklang/tracklang.tex))
("C:/Program Files/MiKTeX/tex/latex/glossaries-spanish/glossaries-spanish.ldf"
("C:/Program Files/MiKTeX/tex/latex/glossaries-spanish/glossaries-spanish-noenc
.ldf"))
("C:/Program Files/MiKTeX/tex/latex/glossaries/styles/glossary-hypernav.sty")
("C:/Program Files/MiKTeX/tex/latex/glossaries/styles/glossary-list.sty")
("C:/Program Files/MiKTeX/tex/latex/glossaries/styles/glossary-long.sty"
("C:/Program Files/MiKTeX/tex/latex/tools/longtable.sty"))
("C:/Program Files/MiKTeX/tex/latex/glossaries/styles/glossary-super.sty"
("C:/Program Files/MiKTeX/tex/latex/supertabular/supertabular.sty"))
("C:/Program Files/MiKTeX/tex/latex/glossaries/styles/glossary-tree.sty"))
("C:/Program Files/MiKTeX/tex/latex/glossaries-extra/glossaries-extra-abbrstyle
s.def")) (../glosario-def.tex)
("C:/Program Files/MiKTeX/tex/latex/imakeidx/imakeidx.sty"
("C:/Program Files/MiKTeX/tex/latex/tools/multicol.sty"))
Writing index file 2-PSA-2023.idx
(C:/Users/Usuario/AppData/Roaming/MiKTeX/tex/latex/mdframed/mdframed.sty
(C:/Users/Usuario/AppData/Roaming/MiKTeX/tex/latex/kvoptions/kvoptions.sty
(C:/Users/Usuario/AppData/Roaming/MiKTeX/tex/latex/kvsetkeys/kvsetkeys.sty))
(C:/Users/Usuario/AppData/Roaming/MiKTeX/tex/latex/zref/zref-abspage.sty
(C:/Users/Usuario/AppData/Roaming/MiKTeX/tex/latex/zref/zref-base.sty
(C:/Users/Usuario/AppData/Roaming/MiKTeX/tex/generic/kvdefinekeys/kvdefinekeys.
sty) (C:/Users/Usuario/AppData/Roaming/MiKTeX/tex/generic/etexcmds/etexcmds.sty
) (C:/Users/Usuario/AppData/Roaming/MiKTeX/tex/latex/auxhook/auxhook.sty))
("C:/Program Files/MiKTeX/tex/latex/base/atbegshi-ltx.sty"))
(C:/Users/Usuario/AppData/Roaming/MiKTeX/tex/latex/needspace/needspace.sty)
("C:/Program Files/MiKTeX/tex/latex/graphics/color.sty"
("C:/Program Files/MiKTeX/tex/latex/graphics-cfg/color.cfg")
("C:/Program Files/MiKTeX/tex/latex/graphics-def/luatex.def")
("C:/Program Files/MiKTeX/tex/latex/graphics/mathcolor.ltx"))
("C:/Program Files/MiKTeX/tex/latex/pgf/frontendlayer/tikz.sty"
("C:/Program Files/MiKTeX/tex/latex/pgf/basiclayer/pgf.sty"
("C:/Program Files/MiKTeX/tex/latex/pgf/utilities/pgfrcs.sty"
("C:/Program Files/MiKTeX/tex/generic/pgf/utilities/pgfutil-common.tex"
("C:/Program Files/MiKTeX/tex/generic/pgf/utilities/pgfutil-common-lists.tex"))
 ("C:/Program Files/MiKTeX/tex/generic/pgf/utilities/pgfutil-latex.def")
("C:/Program Files/MiKTeX/tex/generic/pgf/utilities/pgfrcs.code.tex"
("C:/Program Files/MiKTeX/tex/generic/pgf/pgf.revision.tex")))
("C:/Program Files/MiKTeX/tex/latex/pgf/basiclayer/pgfcore.sty"
("C:/Program Files/MiKTeX/tex/latex/graphics/graphicx.sty"
("C:/Program Files/MiKTeX/tex/latex/graphics/graphics.sty"
("C:/Program Files/MiKTeX/tex/latex/graphics/trig.sty")
("C:/Program Files/MiKTeX/tex/latex/graphics-cfg/graphics.cfg")))
("C:/Program Files/MiKTeX/tex/latex/pgf/systemlayer/pgfsys.sty"
("C:/Program Files/MiKTeX/tex/generic/pgf/systemlayer/pgfsys.code.tex"
("C:/Program Files/MiKTeX/tex/generic/pgf/utilities/pgfkeys.code.tex"
("C:/Program Files/MiKTeX/tex/generic/pgf/utilities/pgfkeysfiltered.code.tex"))
("C:/Program Files/MiKTeX/tex/generic/pgf/systemlayer/pgf.cfg")
("C:/Program Files/MiKTeX/tex/generic/pgf/systemlayer/pgfsys-luatex.def"
("C:/Program Files/MiKTeX/tex/generic/pgf/systemlayer/pgfsys-common-pdf.def")))
 ("C:/Program Files/MiKTeX/tex/generic/pgf/systemlayer/pgfsyssoftpath.code.tex"
) ("C:/Program Files/MiKTeX/tex/generic/pgf/systemlayer/pgfsysprotocol.code.tex
")) ("C:/Program Files/MiKTeX/tex/latex/xcolor/xcolor.sty"
("C:/Program Files/MiKTeX/tex/latex/graphics-cfg/color.cfg")
("C:/Program Files/MiKTeX/tex/latex/graphics/mathcolor.ltx"))
("C:/Program Files/MiKTeX/tex/generic/pgf/basiclayer/pgfcore.code.tex"
("C:/Program Files/MiKTeX/tex/generic/pgf/math/pgfmath.code.tex"
("C:/Program Files/MiKTeX/tex/generic/pgf/math/pgfmathcalc.code.tex"
("C:/Program Files/MiKTeX/tex/generic/pgf/math/pgfmathutil.code.tex")
("C:/Program Files/MiKTeX/tex/generic/pgf/math/pgfmathparser.code.tex")
("C:/Program Files/MiKTeX/tex/generic/pgf/math/pgfmathfunctions.code.tex"
("C:/Program Files/MiKTeX/tex/generic/pgf/math/pgfmathfunctions.basic.code.tex"
)
("C:/Program Files/MiKTeX/tex/generic/pgf/math/pgfmathfunctions.trigonometric.c
ode.tex")
("C:/Program Files/MiKTeX/tex/generic/pgf/math/pgfmathfunctions.random.code.tex
")
("C:/Program Files/MiKTeX/tex/generic/pgf/math/pgfmathfunctions.comparison.code
.tex")
("C:/Program Files/MiKTeX/tex/generic/pgf/math/pgfmathfunctions.base.code.tex")
 ("C:/Program Files/MiKTeX/tex/generic/pgf/math/pgfmathfunctions.round.code.tex
") ("C:/Program Files/MiKTeX/tex/generic/pgf/math/pgfmathfunctions.misc.code.te
x")
("C:/Program Files/MiKTeX/tex/generic/pgf/math/pgfmathfunctions.integerarithmet
ics.code.tex")))
("C:/Program Files/MiKTeX/tex/generic/pgf/math/pgfmathfloat.code.tex"))
("C:/Program Files/MiKTeX/tex/generic/pgf/math/pgfint.code.tex")
("C:/Program Files/MiKTeX/tex/generic/pgf/basiclayer/pgfcorepoints.code.tex")
("C:/Program Files/MiKTeX/tex/generic/pgf/basiclayer/pgfcorepathconstruct.code.
tex")
("C:/Program Files/MiKTeX/tex/generic/pgf/basiclayer/pgfcorepathusage.code.tex"
) ("C:/Program Files/MiKTeX/tex/generic/pgf/basiclayer/pgfcorescopes.code.tex")

("C:/Program Files/MiKTeX/tex/generic/pgf/basiclayer/pgfcoregraphicstate.code.t
ex")
("C:/Program Files/MiKTeX/tex/generic/pgf/basiclayer/pgfcoretransformations.cod
e.tex")
("C:/Program Files/MiKTeX/tex/generic/pgf/basiclayer/pgfcorequick.code.tex")
("C:/Program Files/MiKTeX/tex/generic/pgf/basiclayer/pgfcoreobjects.code.tex")
("C:/Program Files/MiKTeX/tex/generic/pgf/basiclayer/pgfcorepathprocessing.code
.tex")
("C:/Program Files/MiKTeX/tex/generic/pgf/basiclayer/pgfcorearrows.code.tex")
("C:/Program Files/MiKTeX/tex/generic/pgf/basiclayer/pgfcoreshade.code.tex")
("C:/Program Files/MiKTeX/tex/generic/pgf/basiclayer/pgfcoreimage.code.tex"
("C:/Program Files/MiKTeX/tex/generic/pgf/basiclayer/pgfcoreexternal.code.tex")
) ("C:/Program Files/MiKTeX/tex/generic/pgf/basiclayer/pgfcorelayers.code.tex")

("C:/Program Files/MiKTeX/tex/generic/pgf/basiclayer/pgfcoretransparency.code.t
ex")
("C:/Program Files/MiKTeX/tex/generic/pgf/basiclayer/pgfcorepatterns.code.tex")
 ("C:/Program Files/MiKTeX/tex/generic/pgf/basiclayer/pgfcorerdf.code.tex")))
("C:/Program Files/MiKTeX/tex/generic/pgf/modules/pgfmoduleshapes.code.tex")
("C:/Program Files/MiKTeX/tex/generic/pgf/modules/pgfmoduleplot.code.tex")
("C:/Program Files/MiKTeX/tex/latex/pgf/compatibility/pgfcomp-version-0-65.sty"
) ("C:/Program Files/MiKTeX/tex/latex/pgf/compatibility/pgfcomp-version-1-18.st
y")) ("C:/Program Files/MiKTeX/tex/latex/pgf/utilities/pgffor.sty"
("C:/Program Files/MiKTeX/tex/latex/pgf/utilities/pgfkeys.sty"
("C:/Program Files/MiKTeX/tex/generic/pgf/utilities/pgfkeys.code.tex"))
("C:/Program Files/MiKTeX/tex/latex/pgf/math/pgfmath.sty"
("C:/Program Files/MiKTeX/tex/generic/pgf/math/pgfmath.code.tex"))
("C:/Program Files/MiKTeX/tex/generic/pgf/utilities/pgffor.code.tex"
("C:/Program Files/MiKTeX/tex/generic/pgf/math/pgfmath.code.tex")))
("C:/Program Files/MiKTeX/tex/generic/pgf/frontendlayer/tikz/tikz.code.tex"
("C:/Program Files/MiKTeX/tex/generic/pgf/libraries/pgflibraryplothandlers.code
.tex")
("C:/Program Files/MiKTeX/tex/generic/pgf/modules/pgfmodulematrix.code.tex")
("C:/Program Files/MiKTeX/tex/generic/pgf/frontendlayer/tikz/libraries/tikzlibr
arytopaths.code.tex")))
(C:/Users/Usuario/AppData/Roaming/MiKTeX/tex/latex/mdframed/md-frame-1.mdf))
(C:/Users/Usuario/AppData/Roaming/MiKTeX/tex/latex/footmisc/footmisc.sty)
(C:/Users/Usuario/AppData/Roaming/MiKTeX/tex/latex/microtype/microtype.sty
(C:/Users/Usuario/AppData/Roaming/MiKTeX/tex/latex/microtype/microtype-luatex.d
ef) (C:/Users/Usuario/AppData/Roaming/MiKTeX/tex/latex/microtype/microtype.cfg)
) (C:/Users/Usuario/AppData/Roaming/MiKTeX/tex/latex/tabularray/tabularray.sty)
 ("C:/Program Files/MiKTeX/tex/latex/hyperref/hyperref.sty"
(C:/Users/Usuario/AppData/Roaming/MiKTeX/tex/generic/pdfescape/pdfescape.sty)
(C:/Users/Usuario/AppData/Roaming/MiKTeX/tex/latex/hycolor/hycolor.sty)
(C:/Users/Usuario/AppData/Roaming/MiKTeX/tex/latex/letltxmacro/letltxmacro.sty)
 ("C:/Program Files/MiKTeX/tex/latex/hyperref/nameref.sty"
(C:/Users/Usuario/AppData/Roaming/MiKTeX/tex/latex/refcount/refcount.sty)
(C:/Users/Usuario/AppData/Roaming/MiKTeX/tex/generic/gettitlestring/gettitlestr
ing.sty)) ("C:/Program Files/MiKTeX/tex/latex/hyperref/pd1enc.def")
(C:/Users/Usuario/AppData/Roaming/MiKTeX/tex/generic/intcalc/intcalc.sty)
("C:/Program Files/MiKTeX/tex/latex/hyperref/puenc.def")
("C:/Program Files/MiKTeX/tex/latex/url/url.sty")
(C:/Users/Usuario/AppData/Roaming/MiKTeX/tex/generic/bitset/bitset.sty
(C:/Users/Usuario/AppData/Roaming/MiKTeX/tex/generic/bigintcalc/bigintcalc.sty)
)) ("C:/Program Files/MiKTeX/tex/latex/hyperref/hluatex.def"
(C:/Users/Usuario/AppData/Roaming/MiKTeX/tex/generic/stringenc/stringenc.sty)
("C:/Program Files/MiKTeX/tex/latex/base/atveryend-ltx.sty")
(C:/Users/Usuario/AppData/Roaming/MiKTeX/tex/latex/rerunfilecheck/rerunfilechec
k.sty
(C:/Users/Usuario/AppData/Roaming/MiKTeX/tex/generic/uniquecounter/uniquecounte
r.sty)))
(C:/Users/Usuario/AppData/Roaming/MiKTeX/tex/latex/cleveref/cleveref.sty)
("C:/Program Files/MiKTeX/tex/latex/tools/array.sty")
(C:/Users/Usuario/AppData/Roaming/MiKTeX/tex/latex/lastpage/lastpage.sty)
(C:/Users/Usuario/AppData/Roaming/MiKTeX/tex/latex/siunitx/siunitx.sty)
(C:/Users/Usuario/AppData/Roaming/MiKTeX/tex/latex/booktabs/booktabs.sty)
("C:/Program Files/MiKTeX/tex/latex/xhfill/xhfill.sty"
("C:/Program Files/MiKTeX/tex/latex/tools/calc.sty")
("C:/Program Files/MiKTeX/tex/latex/tools/xspace.sty"))
(C:/Users/Usuario/AppData/Roaming/MiKTeX/tex/latex/geometry/geometry.sty
("C:/Program Files/MiKTeX/tex/generic/iftex/ifvtex.sty")
(C:/Users/Usuario/AppData/Roaming/MiKTeX/tex/latex/geometry/geometry.cfg))
(C:/Users/Usuario/AppData/Roaming/MiKTeX/tex/latex/enumitem/enumitem.sty)
(C:/Users/Usuario/AppData/Roaming/MiKTeX/tex/latex/fancyhdr/fancyhdr.sty)
(./2-PSA-2023.aux (./src/PSA-ToC.aux) (./src/PSA-2.1.aux) (./src/PSA-2.2.aux)
(./src/PSA-2.3.aux) (./src/PSA-2.4.aux) (./src/PSA-2.6.aux) (./src/PSA-2.7.aux

LaTeX Warning: Label `changelog-2.3' multiply defined.


LaTeX Warning: Label `changelog-2.3@cref' multiply defined.

) (./src/PSA-2.8.aux) (./src/PSA-2.9.aux) (./src/PSA-2.10.aux)
(./src/PSA-2.11.aux) (./src/PSA-2.12.aux) (./src/PSA-2.13.aux)
(./src/PSA-2.14.aux) (./src/PSA-2.15.aux) (./src/PSA-2.16.aux)
(./src/PSA-2.17.aux) (./src/PSA-2.18.aux) (./src/PSA-2.19.aux)
(./src/PSA-2.20.aux) (./src/PSA-2.21.aux) (./src/PSA-2.22.aux)
(./src/PSA-2.23.aux) (./src/PSA-2.24.aux) (./src/PSA-2.25.aux)
(./src/PSA-2.26.aux) (./src/PSA-Gloss.aux) (./src/PSA-Ind.aux))
("C:/Program Files/MiKTeX/tex/latex/base/ts1cmr.fd")
(C:/Users/Usuario/AppData/Roaming/MiKTeX/tex/latex/translations/dicts/translati
ons-basic-dictionary-spanish.trsl)
("C:/Program Files/MiKTeX/tex/context/base/mkii/supp-pdf.mkii"
[Loading MPS to PDF converter (version 2006.09.02).]
) ("C:/Program Files/MiKTeX/tex/latex/epstopdf-pkg/epstopdf-base.sty"
("C:/Program Files/MiKTeX/tex/latex/00miktex/epstopdf-sys.cfg"))
("C:/Program Files/MiKTeX/tex/latex/ninecolors/ninecolors.sty")
(./2-PSA-2023.out) (./2-PSA-2023.out)
*geometry* driver: auto-detecting
*geometry* detected driver: luatex
(./src/PSA-2.10.tex
(C:/Users/Usuario/AppData/Roaming/MiKTeX/tex/latex/microtype/mt-LatinModernRoma
n.cfg) (C:/Users/Usuario/AppData/Roaming/MiKTeX/tex/latex/microtype/mt-cmr.cfg)
[23{C:/Users/Usuario/AppData/Local/MiKTeX/fonts/map/pdftex/pdftex.map}<./RDF_Lo
go-eps-converted-to.pdf>] [24]) [25]

Package glossaries Warning: No \printglossary or \printglossaries found. 
(Remove \makeglossaries if you don't want any glossaries.) 
This document will not have a glossary.


AED: lastpage setting LastPage
(./2-PSA-2023.aux (./src/PSA-ToC.aux) (./src/PSA-2.1.aux) (./src/PSA-2.2.aux)
(./src/PSA-2.3.aux) (./src/PSA-2.4.aux) (./src/PSA-2.6.aux) (./src/PSA-2.7.aux)
 (./src/PSA-2.8.aux) (./src/PSA-2.9.aux) (./src/PSA-2.10.aux)
(./src/PSA-2.11.aux) (./src/PSA-2.12.aux) (./src/PSA-2.13.aux)
(./src/PSA-2.14.aux) (./src/PSA-2.15.aux) (./src/PSA-2.16.aux)
(./src/PSA-2.17.aux) (./src/PSA-2.18.aux) (./src/PSA-2.19.aux)
(./src/PSA-2.20.aux) (./src/PSA-2.21.aux) (./src/PSA-2.22.aux)
(./src/PSA-2.23.aux) (./src/PSA-2.24.aux) (./src/PSA-2.25.aux)
(./src/PSA-2.26.aux) (./src/PSA-Gloss.aux) (./src/PSA-Ind.aux))

LaTeX Warning: There were multiply-defined labels.

)
 1034 words of node memory still in use:
   7 hlist, 2 vlist, 2 rule, 1 local_par, 10 glue, 4 kern, 1 penalty, 3 glyph, 
35 attribute, 108 glue_spec, 35 attribute_list, 23 write nodes
   avail lists: 1:1,2:1564,3:1022,4:152,5:1273,6:134,7:11341,8:82,9:1332,10:7,1
1:1371

warning  (pdf backend): unreferenced destination with name 'page.64'
<//?/c:/users/usuario/appdata/local/microsoft/windows/fonts/carlito-italic.ttf>
<//?/c:/users/usuario/appdata/local/microsoft/windows/fonts/carlito-bold.ttf></
/?/c:/users/usuario/appdata/local/microsoft/windows/fonts/carlito-regular.ttf><
C:/Program Files/MiKTeX/fonts/type1/public/amsfonts/cm/cmsy10.pfb><C:/Program F
iles/MiKTeX/fonts/type1/public/amsfonts/cm/cmsy8.pfb>
Output written on 2-PSA-2023.pdf (3 pages, 100438 bytes).
SyncTeX written on 2-PSA-2023.synctex.gz.
Transcript written on 2-PSA-2023.log.
lualatex: major issue: User/administrator updates are out-of-sync.

                ----------------------- END OUTPUT BUFFER -----------------------
20 Feb 2023 16:12:10.466 INFO  - Task result: SUCCESS
20 Feb 2023 16:12:10.469 INFO  - I am ready to interpret rule "makeglossaries".
20 Feb 2023 16:12:10.479 INFO  - Rule location: "C:\Program Files\MiKTeX\scripts\arara\rules"
20 Feb 2023 16:12:10.601 INFO  - I am ready to interpret task "The MakeGlossaries software" from rule "MakeGlossaries".
20 Feb 2023 16:12:10.605 INFO  - System command: [makeglossaries, 2-PSA-2023] @ c:\Users\Usuario\Documents\SISTEMA DE GESTION DE CALIDAD\2023-SGC-2\2 - PSA
20 Feb 2023 16:12:15.979 INFO  -                 ---------------------- BEGIN OUTPUT BUFFER ----------------------
                Use of uninitialized value $codepage in string eq at C:/Program Files/MiKTeX/scripts/glossaries/makeglossaries line 1444.
makeglossaries version 4.51 (2022-11-02)
added glossary type 'main' (glg,gls,glo)
xindy    -I xindy -M "2-PSA-2023" -t "2-PSA-2023.glg" -o "2-PSA-2023.gls" "2-PSA-2023.glo"
Opening logfile "2-PSA-2023.glg" (done)
Reading indexstyle...
Loading module "C:\\Users\\Usuario\\Documents\\SISTEMA DE GESTION DE CALIDAD\\2023-SGC-2\\2 - PSA\\UMTonnR6Hp"...
Loading module "lang/general/latin9-lang.xdy"...
Loading module "lang/general/latin9.xdy"...
Finished loading module "lang/general/latin9.xdy".
Finished loading module "lang/general/latin9-lang.xdy".
Loading module "2-PSA-2023.xdy"...
Loading module "tex.xdy"...
Finished loading module "tex.xdy".
Finished loading module "2-PSA-2023.xdy".
Finished loading module "C:\\Users\\Usuario\\Documents\\SISTEMA DE GESTION DE CALIDAD\\2023-SGC-2\\2 - PSA\\UMTonnR6Hp".
Finished reading indexstyle.
Finalizing indexstyle... (done)

Reading raw-index "C:\\Users\\Usuario\\Documents\\SISTEMA DE GESTION DE CALIDAD\\2023-SGC-2\\2 - PSA\\apmiUbSROm"...
Finished reading raw-index.

Processing index... [10%] [20%] [30%] [40%] [50%] [60%] [70%] [80%] [90%] [100%]
Finished processing index.

Writing markup... [10%] [20%] [30%] [40%] [50%] [60%] [70%] [80%] [90%] [100%]
Markup written into file "2-PSA-2023.gls".
xindy: major issue: User/administrator updates are out-of-sync.
makeglossaries: major issue: User/administrator updates are out-of-sync.

                ----------------------- END OUTPUT BUFFER -----------------------
20 Feb 2023 16:12:15.981 INFO  - Task result: SUCCESS
20 Feb 2023 16:12:16.002 INFO  - Total: 37.489 seconds
