\BOOKMARK [1][-]{section.1}{\376\377\000M\000a\000n\000u\000a\000l\000\040\000d\000e\000\040\000D\000e\000f\000e\000n\000s\000a\000\040\000A\000l\000i\000m\000e\000n\000t\000a\000r\000i\000a}{}% 1
\BOOKMARK [2][-]{subsection.1.1}{\376\377\000O\000b\000j\000e\000t\000i\000v\000o}{section.1}% 2
\BOOKMARK [2][-]{subsection.1.2}{\376\377\000A\000l\000c\000a\000n\000c\000e}{section.1}% 3
\BOOKMARK [2][-]{subsection.1.3}{\376\377\000T\000e\000r\000m\000i\000n\000o\000l\000o\000g\000\355\000a\000\040\000y\000\040\000d\000e\000f\000i\000n\000i\000c\000i\000o\000n\000e\000s}{section.1}% 4
\BOOKMARK [2][-]{subsection.1.4}{\376\377\000I\000n\000t\000r\000o\000d\000u\000c\000c\000i\000\363\000n}{section.1}% 5
\BOOKMARK [3][-]{subsubsection.1.4.1}{\376\377\000R\000e\000g\000i\000s\000t\000r\000o\000s}{subsection.1.4}% 6
\BOOKMARK [2][-]{subsection.1.5}{\376\377\000D\000o\000c\000u\000m\000e\000n\000t\000o\000s\000\040\000y\000/\000o\000\040\000n\000o\000r\000m\000a\000s\000\040\000r\000e\000l\000a\000c\000i\000o\000n\000a\000d\000o\000s}{section.1}% 7
\BOOKMARK [2][-]{subsection.1.6}{\376\377\000P\000r\000o\000c\000e\000d\000i\000m\000i\000e\000n\000t\000o}{section.1}% 8
\BOOKMARK [3][-]{subsubsection.1.6.1}{\376\377\000R\000e\000q\000u\000i\000s\000i\000t\000o\000s\000\040\000d\000e\000\040\000i\000n\000g\000r\000e\000s\000o\000\040\000p\000a\000r\000a\000\040\000e\000l\000\040\000p\000e\000r\000s\000o\000n\000a\000l}{subsection.1.6}% 9
\BOOKMARK [3][-]{subsubsection.1.6.2}{\376\377\000S\000u\000p\000e\000r\000v\000i\000s\000i\000\363\000n\000\040\000d\000e\000\040\000e\000m\000p\000l\000e\000a\000d\000o\000s\000\040\000s\000u\000b\000c\000o\000n\000t\000r\000a\000t\000a\000d\000o\000s}{subsection.1.6}% 10
\BOOKMARK [3][-]{subsubsection.1.6.3}{\376\377\000C\000o\000n\000t\000r\000a\000t\000a\000c\000i\000\363\000n\000\040\000d\000e\000\040\000p\000e\000r\000s\000o\000n\000a\000l}{subsection.1.6}% 11
\BOOKMARK [3][-]{subsubsection.1.6.4}{\376\377\000N\000o\000t\000i\000f\000i\000c\000a\000c\000i\000\363\000n\000\040\000d\000e\000\040\000b\000a\000j\000a\000\040\000d\000e\000l\000\040\000p\000e\000r\000s\000o\000n\000a\000l}{subsection.1.6}% 12
\BOOKMARK [3][-]{subsubsection.1.6.5}{\376\377\000C\000a\000p\000a\000c\000i\000t\000a\000c\000i\000\363\000n\000\040\000y\000\040\000e\000n\000t\000r\000e\000n\000a\000m\000i\000e\000n\000t\000o\000\040\000d\000e\000l\000\040\000p\000e\000r\000s\000o\000n\000a\000l}{subsection.1.6}% 13
\BOOKMARK [3][-]{subsubsection.1.6.6}{\376\377\000S\000i\000s\000t\000e\000m\000a\000\040\000d\000e\000\040\000m\000o\000n\000i\000t\000o\000r\000e\000o\000\040\000a\000l\000a\000r\000m\000a\000s}{subsection.1.6}% 14
\BOOKMARK [3][-]{subsubsection.1.6.7}{\376\377\000V\000i\000g\000i\000l\000a\000n\000c\000i\000a\000\040\000d\000e\000\040\000a\000c\000t\000i\000v\000i\000d\000a\000d\000\040\000d\000e\000l\000\040\000p\000e\000r\000s\000o\000n\000a\000l}{subsection.1.6}% 15
\BOOKMARK [3][-]{subsubsection.1.6.8}{\376\377\000C\000o\000n\000t\000r\000o\000l\000\040\000d\000e\000\040\000l\000l\000a\000v\000e\000s\000\040\000d\000e\000\040\000i\000n\000g\000r\000e\000s\000o\000\040\000a\000l\000\040\000a\000l\000m\000a\000c\000\351\000n}{subsection.1.6}% 16
\BOOKMARK [3][-]{subsubsection.1.6.9}{\376\377\000S\000e\000g\000u\000r\000i\000d\000a\000d\000\040\000e\000n\000\040\000p\000r\000o\000c\000e\000s\000o}{subsection.1.6}% 17
\BOOKMARK [3][-]{subsubsection.1.6.10}{\376\377\000\301\000r\000e\000a\000s\000\040\000r\000e\000s\000t\000r\000i\000n\000g\000i\000d\000a\000s}{subsection.1.6}% 18
\BOOKMARK [4][-]{paragraph.1.6.10.1}{\376\377\000P\000l\000a\000n\000t\000a\000\040\000b\000a\000j\000a}{subsubsection.1.6.10}% 19
\BOOKMARK [4][-]{paragraph.1.6.10.2}{\376\377\000P\000l\000a\000n\000t\000a\000\040\000a\000l\000t\000a}{subsubsection.1.6.10}% 20
\BOOKMARK [3][-]{subsubsection.1.6.11}{\376\377\000C\000o\000n\000t\000r\000o\000l\000\040\000d\000e\000\040\000a\000c\000c\000e\000s\000o\000\040\000p\000a\000r\000a\000\040\000s\000i\000s\000t\000e\000m\000a\000\040\000d\000e\000\040\000o\000p\000e\000r\000a\000c\000i\000\363\000n\000\040\000P\000R\000O\000T\000H\000E\000U\000S}{subsection.1.6}% 21
\BOOKMARK [3][-]{subsubsection.1.6.12}{\376\377\000E\000n\000t\000r\000a\000d\000a\000\040\000d\000e\000\040\000P\000r\000o\000d\000u\000c\000t\000o}{subsection.1.6}% 22
\BOOKMARK [3][-]{subsubsection.1.6.13}{\376\377\000A\000\351\000r\000e\000a\000s\000\040\000d\000e\000\040\000p\000r\000o\000d\000u\000c\000t\000o\000s\000\040\000d\000e\000\040\000l\000i\000m\000p\000i\000e\000z\000a}{subsection.1.6}% 23
\BOOKMARK [3][-]{subsubsection.1.6.14}{\376\377\000S\000a\000l\000i\000d\000a\000\040\000d\000e\000\040\000p\000r\000o\000d\000u\000c\000t\000o}{subsection.1.6}% 24
\BOOKMARK [2][-]{subsection.1.7}{\376\377\000A\000c\000c\000i\000o\000n\000e\000s\000\040\000c\000o\000r\000r\000e\000c\000t\000i\000v\000a\000s}{section.1}% 25
\BOOKMARK [2][-]{subsection.1.8}{\376\377\000F\000r\000e\000c\000u\000e\000n\000c\000i\000a}{section.1}% 26
\BOOKMARK [1][-]{section.2}{\376\377\000E\000q\000u\000i\000p\000o\000\040\000m\000u\000l\000t\000i\000d\000i\000s\000c\000i\000p\000l\000i\000n\000a\000r\000i\000o\000\040\000d\000e\000\040\000F\000D}{}% 27
\BOOKMARK [2][-]{subsection.2.1}{\376\377\000O\000b\000j\000e\000t\000i\000v\000o}{section.2}% 28
\BOOKMARK [2][-]{subsection.2.2}{\376\377\000A\000l\000c\000a\000n\000c\000e}{section.2}% 29
\BOOKMARK [2][-]{subsection.2.3}{\376\377\000T\000e\000r\000m\000i\000n\000o\000l\000o\000g\000\355\000a\000\040\000y\000\040\000d\000e\000f\000i\000n\000i\000c\000i\000o\000n\000e\000s}{section.2}% 30
\BOOKMARK [2][-]{subsection.2.4}{\376\377\000D\000o\000c\000u\000m\000e\000n\000t\000o\000s\000\040\000y\000/\000o\000\040\000n\000o\000r\000m\000a\000s\000\040\000r\000e\000l\000a\000c\000i\000o\000n\000a\000d\000a\000s}{section.2}% 31
\BOOKMARK [2][-]{subsection.2.5}{\376\377\000P\000r\000o\000c\000e\000d\000i\000m\000i\000e\000n\000t\000o}{section.2}% 32
\BOOKMARK [3][-]{subsubsection.2.5.1}{\376\377\000R\000e\000u\000n\000i\000o\000n\000e\000s\000\040\000d\000e\000l\000\040\000e\000q\000u\000i\000p\000o}{subsection.2.5}% 33
\BOOKMARK [3][-]{subsubsection.2.5.2}{\376\377\000R\000e\000g\000i\000s\000t\000r\000o\000s}{subsection.2.5}% 34
\BOOKMARK [2][-]{subsection.2.6}{\376\377\000F\000r\000e\000c\000u\000e\000n\000c\000i\000a}{section.2}% 35
\BOOKMARK [1][-]{section.3}{\376\377\000R\000e\000g\000l\000a\000m\000e\000n\000t\000o\000\040\000d\000e\000\040\000i\000n\000g\000r\000e\000s\000o\000\040\000a\000\040\000l\000a\000s\000\040\000i\000n\000s\000t\000a\000l\000a\000c\000i\000o\000n\000e\000s}{}% 36
\BOOKMARK [2][-]{subsection.3.1}{\376\377\000O\000b\000j\000e\000t\000i\000v\000o\000s}{section.3}% 37
\BOOKMARK [2][-]{subsection.3.2}{\376\377\000A\000l\000c\000a\000n\000c\000e}{section.3}% 38
\BOOKMARK [2][-]{subsection.3.3}{\376\377\000T\000\351\000r\000m\000i\000n\000o\000s\000\040\000y\000\040\000d\000e\000f\000i\000n\000i\000c\000i\000o\000n\000e\000s}{section.3}% 39
\BOOKMARK [2][-]{subsection.3.4}{\376\377\000D\000o\000c\000u\000m\000e\000n\000t\000o\000s\000\040\000y\000/\000o\000\040\000n\000o\000r\000m\000a\000s\000\040\000r\000e\000l\000a\000c\000i\000o\000n\000a\000d\000o\000s}{section.3}% 40
\BOOKMARK [2][-]{subsection.3.5}{\376\377\000R\000e\000g\000l\000a\000m\000e\000n\000t\000o\000\040\000d\000e\000\040\000i\000n\000g\000r\000e\000s\000o\000\040\000a\000l\000\040\000a\000l\000m\000a\000c\000\351\000n}{section.3}% 41
\BOOKMARK [3][-]{subsubsection.3.5.1}{\376\377\000D\000i\000s\000p\000o\000s\000i\000c\000i\000o\000n\000e\000s\000\040\000g\000e\000n\000e\000r\000a\000l\000e\000s}{subsection.3.5}% 42
\BOOKMARK [3][-]{subsubsection.3.5.2}{\376\377\000I\000n\000g\000r\000e\000s\000o\000\040\000d\000e\000\040\000p\000e\000r\000s\000o\000n\000a\000l\000\040\000i\000n\000t\000e\000r\000n\000o}{subsection.3.5}% 43
\BOOKMARK [3][-]{subsubsection.3.5.3}{\376\377\000I\000n\000g\000r\000e\000s\000o\000\040\000d\000e\000\040\000v\000i\000s\000i\000t\000a\000n\000t\000e\000s\000\040\000o\000\040\000p\000e\000r\000s\000o\000n\000a\000l\000\040\000c\000o\000n\000t\000r\000a\000t\000a\000d\000o\000\040\000p\000o\000r\000\040\000c\000l\000i\000e\000n\000t\000e\000s\000\040\000d\000e\000\040\000R\000D\000F\000\040\000\050\000P\000C\000P\000C\000\051}{subsection.3.5}% 44
\BOOKMARK [2][-]{subsection.3.6}{\376\377\000R\000e\000s\000p\000o\000n\000s\000a\000b\000l\000e\000\050\000s\000\051\000\040\000d\000e\000\040\000l\000a\000\040\000a\000c\000t\000i\000v\000i\000d\000a\000d}{section.3}% 45
\BOOKMARK [2][-]{subsection.3.7}{\376\377\000A\000c\000c\000i\000o\000n\000e\000s\000\040\000p\000r\000e\000v\000e\000n\000t\000i\000v\000a\000s}{section.3}% 46
\BOOKMARK [2][-]{subsection.3.8}{\376\377\000A\000c\000c\000i\000o\000n\000e\000s\000\040\000c\000o\000r\000r\000e\000c\000t\000i\000v\000a\000s}{section.3}% 47
\BOOKMARK [1][-]{section.4}{\376\377\000R\000e\000g\000l\000a\000m\000e\000n\000t\000o\000\040\000d\000e\000\040\000a\000l\000m\000a\000c\000\351\000n}{}% 48
\BOOKMARK [1][-]{section.5}{\376\377\000S\000a\000n\000c\000i\000\363\000n\000\040\000p\000o\000r\000\040\000n\000o\000\040\000c\000u\000m\000p\000l\000i\000r\000\040\000e\000l\000\040\000r\000e\000g\000l\000a\000m\000e\000n\000t\000o\000\040\000d\000e\000\040\000B\000P\000D}{}% 49
\BOOKMARK [2][-]{subsection.5.1}{\376\377\000O\000b\000j\000e\000t\000i\000v\000o}{section.5}% 50
\BOOKMARK [2][-]{subsection.5.2}{\376\377\000A\000l\000c\000a\000n\000c\000e}{section.5}% 51
\BOOKMARK [2][-]{subsection.5.3}{\376\377\000D\000o\000c\000u\000m\000e\000n\000t\000o\000s\000\040\000y\000/\000o\000\040\000n\000o\000r\000m\000a\000s\000\040\000r\000e\000l\000a\000c\000i\000o\000n\000a\000d\000o\000s}{section.5}% 52
\BOOKMARK [2][-]{subsection.5.4}{\376\377\000P\000r\000o\000c\000e\000d\000i\000m\000i\000e\000n\000t\000o}{section.5}% 53
\BOOKMARK [3][-]{subsubsection.5.4.1}{\376\377\000I\000n\000s\000t\000r\000u\000c\000c\000i\000o\000n\000e\000s}{subsection.5.4}% 54
\BOOKMARK [2][-]{subsection.5.5}{\376\377\000R\000e\000s\000p\000o\000n\000s\000a\000b\000l\000e\000\040\000d\000e\000\040\000l\000a\000\040\000a\000c\000t\000i\000v\000i\000d\000a\000d}{section.5}% 55
\BOOKMARK [2][-]{subsection.5.6}{\376\377\000A\000c\000c\000i\000o\000n\000e\000s\000\040\000p\000r\000e\000v\000e\000n\000t\000i\000v\000a\000s}{section.5}% 56
\BOOKMARK [2][-]{subsection.5.7}{\376\377\000A\000c\000c\000i\000o\000n\000e\000s\000\040\000c\000o\000r\000r\000e\000c\000t\000i\000v\000a\000s}{section.5}% 57
\BOOKMARK [2][-]{subsection.5.8}{\376\377\000F\000r\000e\000c\000u\000e\000n\000c\000i\000a}{section.5}% 58
\BOOKMARK [1][-]{section.6}{\376\377\000P\000E\000P\000S\000\040\000o\000\040\000V\000E\000N\000C\000E\000R}{}% 59
\BOOKMARK [2][-]{subsection.6.1}{\376\377\000O\000b\000j\000e\000t\000i\000v\000o}{section.6}% 60
\BOOKMARK [2][-]{subsection.6.2}{\376\377\000A\000l\000c\000a\000n\000c\000e}{section.6}% 61
\BOOKMARK [2][-]{subsection.6.3}{\376\377\000T\000\351\000r\000m\000i\000n\000o\000s\000\040\000y\000\040\000d\000e\000f\000i\000n\000i\000c\000i\000o\000n\000e\000s}{section.6}% 62
\BOOKMARK [2][-]{subsection.6.4}{\376\377\000D\000o\000c\000u\000m\000e\000n\000t\000o\000s\000\040\000y\000/\000o\000\040\000n\000o\000r\000m\000a\000s\000\040\000r\000e\000l\000a\000c\000i\000o\000n\000a\000d\000a\000s}{section.6}% 63
\BOOKMARK [2][-]{subsection.6.5}{\376\377\000P\000r\000o\000c\000e\000d\000i\000m\000i\000e\000n\000t\000o}{section.6}% 64
\BOOKMARK [3][-]{subsubsection.6.5.1}{\376\377\000I\000n\000s\000t\000r\000u\000c\000c\000i\000o\000n\000e\000s}{subsection.6.5}% 65
\BOOKMARK [4][-]{paragraph.6.5.1.1}{\376\377\000P\000r\000i\000m\000e\000r\000a\000s\000\040\000e\000n\000t\000r\000a\000d\000a\000s\000,\000\040\000p\000r\000i\000m\000e\000r\000a\000s\000\040\000s\000a\000l\000i\000d\000a\000s\000\040\000\050\000P\000E\000P\000S\000\051\000\040\000o\000\040\000V\000E\000N\000C\000E\000R}{subsubsection.6.5.1}% 66
\BOOKMARK [2][-]{subsection.6.6}{\376\377\000R\000e\000s\000p\000o\000n\000s\000a\000b\000l\000e\000s\000\040\000d\000e\000\040\000l\000a\000\040\000a\000c\000t\000i\000v\000i\000d\000a\000d}{section.6}% 67
\BOOKMARK [2][-]{subsection.6.7}{\376\377\000A\000c\000c\000i\000o\000n\000e\000s\000\040\000p\000r\000e\000v\000e\000n\000t\000i\000v\000a\000s}{section.6}% 68
\BOOKMARK [2][-]{subsection.6.8}{\376\377\000A\000c\000c\000i\000o\000n\000e\000s\000\040\000c\000o\000r\000r\000e\000c\000t\000i\000v\000a\000s}{section.6}% 69
\BOOKMARK [2][-]{subsection.6.9}{\376\377\000F\000r\000e\000c\000u\000e\000n\000c\000i\000a}{section.6}% 70
\BOOKMARK [1][-]{section.7}{\376\377\000P\000r\000o\000c\000e\000d\000i\000m\000i\000e\000n\000t\000o\000\040\000d\000e\000\040\000l\000o\000t\000i\000f\000i\000c\000a\000c\000i\000\363\000n\000\040\000d\000e\000\040\000p\000r\000o\000d\000u\000c\000t\000o\000s\000\040\000p\000a\000r\000a\000\040\000s\000u\000\040\000a\000l\000m\000a\000c\000e\000n\000a\000m\000i\000e\000n\000t\000o}{}% 71
\BOOKMARK [2][-]{subsection.7.1}{\376\377\000O\000b\000j\000e\000t\000i\000v\000o}{section.7}% 72
\BOOKMARK [2][-]{subsection.7.2}{\376\377\000A\000l\000c\000a\000n\000c\000e}{section.7}% 73
\BOOKMARK [2][-]{subsection.7.3}{\376\377\000T\000\351\000r\000m\000i\000n\000o\000s\000\040\000y\000\040\000d\000e\000f\000i\000n\000i\000c\000i\000o\000n\000e\000s}{section.7}% 74
\BOOKMARK [2][-]{subsection.7.4}{\376\377\000P\000r\000o\000c\000e\000d\000i\000m\000i\000e\000n\000t\000o}{section.7}% 75
\BOOKMARK [3][-]{subsubsection.7.4.1}{\376\377\000F\000u\000n\000d\000a\000m\000e\000n\000t\000o}{subsection.7.4}% 76
\BOOKMARK [2][-]{subsection.7.5}{\376\377\000M\000a\000t\000e\000r\000i\000a\000l\000e\000s}{section.7}% 77
\BOOKMARK [2][-]{subsection.7.6}{\376\377\000I\000n\000s\000t\000r\000u\000c\000c\000i\000o\000n\000e\000s}{section.7}% 78
\BOOKMARK [2][-]{subsection.7.7}{\376\377\000R\000e\000s\000p\000o\000n\000s\000a\000b\000l\000e\000s\000\040\000d\000e\000\040\000l\000a\000\040\000a\000c\000t\000i\000v\000i\000d\000a\000d}{section.7}% 79
\BOOKMARK [2][-]{subsection.7.8}{\376\377\000A\000c\000c\000i\000o\000n\000e\000s\000\040\000p\000r\000e\000v\000e\000n\000t\000i\000v\000a\000s}{section.7}% 80
\BOOKMARK [2][-]{subsection.7.9}{\376\377\000A\000c\000c\000i\000o\000n\000e\000s\000\040\000c\000o\000r\000r\000e\000c\000t\000i\000v\000a\000s}{section.7}% 81
\BOOKMARK [2][-]{subsection.7.10}{\376\377\000F\000r\000e\000c\000u\000e\000n\000c\000i\000a}{section.7}% 82
\BOOKMARK [1][-]{section.8}{\376\377\000I\000n\000s\000p\000e\000c\000c\000i\000\363\000n\000\040\000d\000e\000\040\000p\000r\000o\000d\000u\000c\000t\000o\000\040\000d\000u\000r\000a\000n\000t\000e\000\040\000s\000u\000\040\000a\000l\000m\000a\000c\000e\000n\000a\000m\000i\000e\000n\000t\000o}{}% 83
\BOOKMARK [2][-]{subsection.8.1}{\376\377\000O\000b\000j\000e\000t\000i\000v\000o}{section.8}% 84
\BOOKMARK [2][-]{subsection.8.2}{\376\377\000A\000l\000c\000a\000n\000c\000e}{section.8}% 85
\BOOKMARK [2][-]{subsection.8.3}{\376\377\000T\000\351\000r\000m\000i\000n\000o\000s\000\040\000y\000\040\000d\000e\000f\000i\000n\000i\000c\000i\000o\000n\000e\000s}{section.8}% 86
\BOOKMARK [2][-]{subsection.8.4}{\376\377\000D\000o\000c\000u\000m\000e\000n\000t\000o\000s\000\040\000y\000/\000o\000\040\000n\000o\000r\000m\000a\000s\000\040\000r\000e\000l\000a\000c\000i\000o\000n\000a\000d\000o\000s}{section.8}% 87
\BOOKMARK [2][-]{subsection.8.5}{\376\377\000P\000r\000o\000c\000e\000d\000i\000m\000i\000e\000n\000t\000o}{section.8}% 88
\BOOKMARK [3][-]{subsubsection.8.5.1}{\376\377\000M\000a\000t\000e\000r\000i\000a\000l\000e\000s}{subsection.8.5}% 89
\BOOKMARK [3][-]{subsubsection.8.5.2}{\376\377\000P\000r\000e\000c\000a\000u\000c\000i\000o\000n\000e\000s\000\040\000d\000e\000\040\000S\000e\000g\000u\000r\000i\000d\000a\000d}{subsection.8.5}% 90
\BOOKMARK [2][-]{subsection.8.6}{\376\377\000I\000n\000s\000t\000r\000u\000c\000c\000i\000o\000n\000e\000s}{section.8}% 91
\BOOKMARK [3][-]{subsubsection.8.6.1}{\376\377\000T\000e\000m\000p\000e\000r\000a\000t\000u\000r\000a\000\040\000d\000e\000\040\000a\000l\000m\000a\000c\000e\000n\000a\000m\000i\000e\000n\000t\000o\000\040\000d\000e\000\040\000a\000l\000i\000m\000e\000n\000t\000o\000s\000\040\000r\000e\000f\000r\000i\000g\000e\000r\000a\000d\000o\000s\000\040\000y\000\040\000c\000o\000n\000g\000e\000l\000a\000d\000o\000s}{subsection.8.6}% 92
\BOOKMARK [3][-]{subsubsection.8.6.2}{\376\377\000A\000l\000m\000a\000c\000e\000n\000a\000j\000e\000\040\000y\000\040\000m\000a\000n\000e\000j\000o\000\040\000d\000e\000\040\000P\000r\000o\000d\000u\000c\000t\000o\000s\000\040\000S\000e\000c\000o\000s\000\040\000/\000\040\000A\000m\000b\000i\000e\000n\000t\000e\000,\000\040\000R\000e\000f\000r\000i\000g\000e\000r\000a\000d\000o\000s\000\040\000y\000\040\000C\000o\000n\000g\000e\000l\000a\000d\000o\000s}{subsection.8.6}% 93
\BOOKMARK [3][-]{subsubsection.8.6.3}{\376\377\000C\000o\000n\000t\000r\000o\000l\000\040\000y\000\040\000m\000a\000n\000t\000e\000n\000i\000m\000i\000e\000n\000t\000o\000\040\000d\000e\000\040\000t\000e\000m\000p\000e\000r\000a\000t\000u\000r\000a}{subsection.8.6}% 94
\BOOKMARK [3][-]{subsubsection.8.6.4}{\376\377\000P\000l\000a\000n\000\040\000d\000e\000\040\000c\000o\000n\000t\000i\000n\000g\000e\000n\000c\000i\000a\000\040\000e\000n\000\040\000c\000a\000s\000o\000\040\000d\000e\000\040\000a\000v\000e\000r\000\355\000a\000\040\000d\000e\000\040\000e\000q\000u\000i\000p\000o\000s\000\040\000d\000e\000\040\000r\000e\000f\000r\000i\000g\000e\000r\000a\000c\000i\000\363\000n}{subsection.8.6}% 95
\BOOKMARK [2][-]{subsection.8.7}{\376\377\000R\000e\000s\000p\000o\000n\000s\000a\000b\000l\000e\000s\000\040\000d\000e\000\040\000l\000a\000\040\000a\000c\000t\000i\000v\000i\000d\000a\000d}{section.8}% 96
\BOOKMARK [2][-]{subsection.8.8}{\376\377\000A\000c\000c\000i\000o\000n\000e\000s\000\040\000p\000r\000e\000v\000e\000n\000t\000i\000v\000a\000s}{section.8}% 97
\BOOKMARK [2][-]{subsection.8.9}{\376\377\000A\000c\000c\000i\000o\000n\000e\000s\000\040\000c\000o\000r\000r\000e\000c\000t\000i\000v\000a\000s}{section.8}% 98
\BOOKMARK [2][-]{subsection.8.10}{\376\377\000F\000r\000e\000c\000u\000e\000n\000c\000i\000a}{section.8}% 99
\BOOKMARK [1][-]{section.9}{\376\377\000L\000i\000s\000t\000a\000\040\000d\000e\000\040\000c\000o\000n\000t\000a\000c\000t\000o\000s\000\040\000d\000e\000\040\000e\000m\000e\000r\000g\000e\000n\000c\000i\000a}{}% 100
\BOOKMARK [2][-]{subsection.9.1}{\376\377\000O\000b\000j\000e\000t\000i\000v\000o}{section.9}% 101
\BOOKMARK [2][-]{subsection.9.2}{\376\377\000A\000l\000c\000a\000n\000c\000e}{section.9}% 102
\BOOKMARK [2][-]{subsection.9.3}{\376\377\000T\000\351\000r\000m\000i\000n\000o\000s\000\040\000y\000\040\000d\000e\000f\000i\000n\000i\000c\000i\000o\000n\000e\000s}{section.9}% 103
\BOOKMARK [2][-]{subsection.9.4}{\376\377\000D\000o\000c\000u\000m\000e\000n\000t\000o\000s\000\040\000y\000/\000o\000\040\000n\000o\000r\000m\000a\000s\000\040\000r\000e\000l\000a\000c\000i\000o\000n\000a\000d\000a\000s}{section.9}% 104
\BOOKMARK [2][-]{subsection.9.5}{\376\377\000P\000r\000o\000c\000e\000d\000i\000m\000i\000e\000n\000t\000o}{section.9}% 105
\BOOKMARK [3][-]{subsubsection.9.5.1}{\376\377\000E\000q\000u\000i\000p\000o\000\040\000d\000e\000\040\000E\000m\000e\000r\000g\000e\000n\000c\000i\000a\000s\000:}{subsection.9.5}% 106
\BOOKMARK [4][-]{paragraph.9.5.1.1}{\376\377\000C\000o\000o\000r\000d\000i\000n\000a\000d\000o\000r\000\040\0001}{subsubsection.9.5.1}% 107
\BOOKMARK [4][-]{paragraph.9.5.1.2}{\376\377\000C\000o\000o\000r\000d\000i\000n\000a\000d\000o\000r\000\040\0002}{subsubsection.9.5.1}% 108
\BOOKMARK [4][-]{paragraph.9.5.1.3}{\376\377\000C\000o\000o\000r\000d\000i\000n\000a\000d\000o\000r\000\040\0003}{subsubsection.9.5.1}% 109
\BOOKMARK [4][-]{paragraph.9.5.1.4}{\376\377\000C\000o\000o\000r\000d\000i\000n\000a\000d\000o\000r\000\040\0004}{subsubsection.9.5.1}% 110
\BOOKMARK [4][-]{paragraph.9.5.1.5}{\376\377\000V\000i\000g\000i\000l\000a\000n\000c\000i\000a}{subsubsection.9.5.1}% 111
\BOOKMARK [4][-]{paragraph.9.5.1.6}{\376\377\000N\000\372\000m\000e\000r\000o\000s\000\040\000d\000e\000\040\000C\000o\000n\000t\000a\000c\000t\000o\000\040\000d\000e\000\040\000E\000m\000e\000r\000g\000e\000n\000c\000i\000a}{subsubsection.9.5.1}% 112
\BOOKMARK [1][-]{section*.15}{\376\377\000S\000i\000g\000l\000a\000s}{}% 113
\BOOKMARK [1][-]{section*.17}{\376\377\000G\000l\000o\000s\000a\000r\000i\000o}{}% 114
